Drill report for /projects/synth/MiniADSR/Fabrication/MiniADSR v1.0.1/MiniADSR 1.0.1 - Control.kicad_pcb
Created on Wednesday, 02 February, 2022 02:00:56 PM PST

Copper Layer Stackup:
    =============================================================
    L1 :  F.Cu                      front
    L2 :  B.Cu                      back


Drill file 'MiniADSR 1.0.1 - Control.drl' contains
    plated through holes:
    =============================================================
    T1  0.40mm  0.016"  (24 holes)
    T2  0.80mm  0.031"  (4 holes)
    T3  0.90mm  0.035"  (4 holes)
    T4  1.00mm  0.039"  (26 holes)
    T5  1.10mm  0.043"  (8 holes)  (with 8 slots)
    T6  1.22mm  0.048"  (2 holes)
    T7  1.42mm  0.056"  (2 holes)
    T8  1.43mm  0.056"  (2 holes)

    Total plated holes count 72


Not plated through holes are merged with plated holes
    unplated through holes:
    =============================================================
    T9  3.20mm  0.126"  (1 hole)

    Total unplated holes count 1
