ARM GAS  C:\Users\DGILLI~1\AppData\Local\Temp\ccbtJYmk.s 			page 1


   1              		.syntax unified
   2              		.cpu cortex-m3
   3              		.fpu softvfp
   4              		.eabi_attribute 20, 1
   5              		.eabi_attribute 21, 1
   6              		.eabi_attribute 23, 3
   7              		.eabi_attribute 24, 1
   8              		.eabi_attribute 25, 1
   9              		.eabi_attribute 26, 1
  10              		.eabi_attribute 30, 1
  11              		.eabi_attribute 34, 1
  12              		.eabi_attribute 18, 4
  13              		.thumb
  14              		.file	"ADC_SAR_1_IRQ.c"
  15              		.text
  16              	.Ltext0:
  17              		.cfi_sections	.debug_frame
  18              		.section	.text.ADC_SAR_1_IRQ_Interrupt,"ax",%progbits
  19              		.align	2
  20              		.global	ADC_SAR_1_IRQ_Interrupt
  21              		.thumb
  22              		.thumb_func
  23              		.type	ADC_SAR_1_IRQ_Interrupt, %function
  24              	ADC_SAR_1_IRQ_Interrupt:
  25              	.LFB3:
  26              		.file 1 ".\\Generated_Source\\PSoC5\\ADC_SAR_1_IRQ.c"
   1:.\Generated_Source\PSoC5/ADC_SAR_1_IRQ.c **** /*******************************************************************************
   2:.\Generated_Source\PSoC5/ADC_SAR_1_IRQ.c **** * File Name: ADC_SAR_1_IRQ.c  
   3:.\Generated_Source\PSoC5/ADC_SAR_1_IRQ.c **** * Version 1.70
   4:.\Generated_Source\PSoC5/ADC_SAR_1_IRQ.c **** *
   5:.\Generated_Source\PSoC5/ADC_SAR_1_IRQ.c **** *  Description:
   6:.\Generated_Source\PSoC5/ADC_SAR_1_IRQ.c **** *   API for controlling the state of an interrupt.
   7:.\Generated_Source\PSoC5/ADC_SAR_1_IRQ.c **** *
   8:.\Generated_Source\PSoC5/ADC_SAR_1_IRQ.c **** *
   9:.\Generated_Source\PSoC5/ADC_SAR_1_IRQ.c **** *  Note:
  10:.\Generated_Source\PSoC5/ADC_SAR_1_IRQ.c **** *
  11:.\Generated_Source\PSoC5/ADC_SAR_1_IRQ.c **** ********************************************************************************
  12:.\Generated_Source\PSoC5/ADC_SAR_1_IRQ.c **** * Copyright 2008-2015, Cypress Semiconductor Corporation.  All rights reserved.
  13:.\Generated_Source\PSoC5/ADC_SAR_1_IRQ.c **** * You may use this file only in accordance with the license, terms, conditions, 
  14:.\Generated_Source\PSoC5/ADC_SAR_1_IRQ.c **** * disclaimers, and limitations in the end user license agreement accompanying 
  15:.\Generated_Source\PSoC5/ADC_SAR_1_IRQ.c **** * the software package with which this file was provided.
  16:.\Generated_Source\PSoC5/ADC_SAR_1_IRQ.c **** *******************************************************************************/
  17:.\Generated_Source\PSoC5/ADC_SAR_1_IRQ.c **** 
  18:.\Generated_Source\PSoC5/ADC_SAR_1_IRQ.c **** 
  19:.\Generated_Source\PSoC5/ADC_SAR_1_IRQ.c **** #include <cydevice_trm.h>
  20:.\Generated_Source\PSoC5/ADC_SAR_1_IRQ.c **** #include <CyLib.h>
  21:.\Generated_Source\PSoC5/ADC_SAR_1_IRQ.c **** #include <ADC_SAR_1_IRQ.h>
  22:.\Generated_Source\PSoC5/ADC_SAR_1_IRQ.c **** #include "cyapicallbacks.h"
  23:.\Generated_Source\PSoC5/ADC_SAR_1_IRQ.c **** 
  24:.\Generated_Source\PSoC5/ADC_SAR_1_IRQ.c **** #if !defined(ADC_SAR_1_IRQ__REMOVED) /* Check for removal by optimization */
  25:.\Generated_Source\PSoC5/ADC_SAR_1_IRQ.c **** 
  26:.\Generated_Source\PSoC5/ADC_SAR_1_IRQ.c **** /*******************************************************************************
  27:.\Generated_Source\PSoC5/ADC_SAR_1_IRQ.c **** *  Place your includes, defines and code here 
  28:.\Generated_Source\PSoC5/ADC_SAR_1_IRQ.c **** ********************************************************************************/
  29:.\Generated_Source\PSoC5/ADC_SAR_1_IRQ.c **** /* `#START ADC_SAR_1_IRQ_intc` */
  30:.\Generated_Source\PSoC5/ADC_SAR_1_IRQ.c **** 
  31:.\Generated_Source\PSoC5/ADC_SAR_1_IRQ.c **** /* `#END` */
ARM GAS  C:\Users\DGILLI~1\AppData\Local\Temp\ccbtJYmk.s 			page 2


  32:.\Generated_Source\PSoC5/ADC_SAR_1_IRQ.c **** 
  33:.\Generated_Source\PSoC5/ADC_SAR_1_IRQ.c **** #ifndef CYINT_IRQ_BASE
  34:.\Generated_Source\PSoC5/ADC_SAR_1_IRQ.c **** #define CYINT_IRQ_BASE      16
  35:.\Generated_Source\PSoC5/ADC_SAR_1_IRQ.c **** #endif /* CYINT_IRQ_BASE */
  36:.\Generated_Source\PSoC5/ADC_SAR_1_IRQ.c **** #ifndef CYINT_VECT_TABLE
  37:.\Generated_Source\PSoC5/ADC_SAR_1_IRQ.c **** #define CYINT_VECT_TABLE    ((cyisraddress **) CYREG_NVIC_VECT_OFFSET)
  38:.\Generated_Source\PSoC5/ADC_SAR_1_IRQ.c **** #endif /* CYINT_VECT_TABLE */
  39:.\Generated_Source\PSoC5/ADC_SAR_1_IRQ.c **** 
  40:.\Generated_Source\PSoC5/ADC_SAR_1_IRQ.c **** /* Declared in startup, used to set unused interrupts to. */
  41:.\Generated_Source\PSoC5/ADC_SAR_1_IRQ.c **** CY_ISR_PROTO(IntDefaultHandler);
  42:.\Generated_Source\PSoC5/ADC_SAR_1_IRQ.c **** 
  43:.\Generated_Source\PSoC5/ADC_SAR_1_IRQ.c **** 
  44:.\Generated_Source\PSoC5/ADC_SAR_1_IRQ.c **** /*******************************************************************************
  45:.\Generated_Source\PSoC5/ADC_SAR_1_IRQ.c **** * Function Name: ADC_SAR_1_IRQ_Start
  46:.\Generated_Source\PSoC5/ADC_SAR_1_IRQ.c **** ********************************************************************************
  47:.\Generated_Source\PSoC5/ADC_SAR_1_IRQ.c **** *
  48:.\Generated_Source\PSoC5/ADC_SAR_1_IRQ.c **** * Summary:
  49:.\Generated_Source\PSoC5/ADC_SAR_1_IRQ.c **** *  Set up the interrupt and enable it. This function disables the interrupt, 
  50:.\Generated_Source\PSoC5/ADC_SAR_1_IRQ.c **** *  sets the default interrupt vector, sets the priority from the value in the
  51:.\Generated_Source\PSoC5/ADC_SAR_1_IRQ.c **** *  Design Wide Resources Interrupt Editor, then enables the interrupt to the 
  52:.\Generated_Source\PSoC5/ADC_SAR_1_IRQ.c **** *  interrupt controller.
  53:.\Generated_Source\PSoC5/ADC_SAR_1_IRQ.c **** *
  54:.\Generated_Source\PSoC5/ADC_SAR_1_IRQ.c **** * Parameters:  
  55:.\Generated_Source\PSoC5/ADC_SAR_1_IRQ.c **** *   None
  56:.\Generated_Source\PSoC5/ADC_SAR_1_IRQ.c **** *
  57:.\Generated_Source\PSoC5/ADC_SAR_1_IRQ.c **** * Return:
  58:.\Generated_Source\PSoC5/ADC_SAR_1_IRQ.c **** *   None
  59:.\Generated_Source\PSoC5/ADC_SAR_1_IRQ.c **** *
  60:.\Generated_Source\PSoC5/ADC_SAR_1_IRQ.c **** *******************************************************************************/
  61:.\Generated_Source\PSoC5/ADC_SAR_1_IRQ.c **** void ADC_SAR_1_IRQ_Start(void)
  62:.\Generated_Source\PSoC5/ADC_SAR_1_IRQ.c **** {
  63:.\Generated_Source\PSoC5/ADC_SAR_1_IRQ.c ****     /* For all we know the interrupt is active. */
  64:.\Generated_Source\PSoC5/ADC_SAR_1_IRQ.c ****     ADC_SAR_1_IRQ_Disable();
  65:.\Generated_Source\PSoC5/ADC_SAR_1_IRQ.c **** 
  66:.\Generated_Source\PSoC5/ADC_SAR_1_IRQ.c ****     /* Set the ISR to point to the ADC_SAR_1_IRQ Interrupt. */
  67:.\Generated_Source\PSoC5/ADC_SAR_1_IRQ.c ****     ADC_SAR_1_IRQ_SetVector(&ADC_SAR_1_IRQ_Interrupt);
  68:.\Generated_Source\PSoC5/ADC_SAR_1_IRQ.c **** 
  69:.\Generated_Source\PSoC5/ADC_SAR_1_IRQ.c ****     /* Set the priority. */
  70:.\Generated_Source\PSoC5/ADC_SAR_1_IRQ.c ****     ADC_SAR_1_IRQ_SetPriority((uint8)ADC_SAR_1_IRQ_INTC_PRIOR_NUMBER);
  71:.\Generated_Source\PSoC5/ADC_SAR_1_IRQ.c **** 
  72:.\Generated_Source\PSoC5/ADC_SAR_1_IRQ.c ****     /* Enable it. */
  73:.\Generated_Source\PSoC5/ADC_SAR_1_IRQ.c ****     ADC_SAR_1_IRQ_Enable();
  74:.\Generated_Source\PSoC5/ADC_SAR_1_IRQ.c **** }
  75:.\Generated_Source\PSoC5/ADC_SAR_1_IRQ.c **** 
  76:.\Generated_Source\PSoC5/ADC_SAR_1_IRQ.c **** 
  77:.\Generated_Source\PSoC5/ADC_SAR_1_IRQ.c **** /*******************************************************************************
  78:.\Generated_Source\PSoC5/ADC_SAR_1_IRQ.c **** * Function Name: ADC_SAR_1_IRQ_StartEx
  79:.\Generated_Source\PSoC5/ADC_SAR_1_IRQ.c **** ********************************************************************************
  80:.\Generated_Source\PSoC5/ADC_SAR_1_IRQ.c **** *
  81:.\Generated_Source\PSoC5/ADC_SAR_1_IRQ.c **** * Summary:
  82:.\Generated_Source\PSoC5/ADC_SAR_1_IRQ.c **** *  Sets up the interrupt and enables it. This function disables the interrupt,
  83:.\Generated_Source\PSoC5/ADC_SAR_1_IRQ.c **** *  sets the interrupt vector based on the address passed in, sets the priority 
  84:.\Generated_Source\PSoC5/ADC_SAR_1_IRQ.c **** *  from the value in the Design Wide Resources Interrupt Editor, then enables 
  85:.\Generated_Source\PSoC5/ADC_SAR_1_IRQ.c **** *  the interrupt to the interrupt controller.
  86:.\Generated_Source\PSoC5/ADC_SAR_1_IRQ.c **** *  
  87:.\Generated_Source\PSoC5/ADC_SAR_1_IRQ.c **** *  When defining ISR functions, the CY_ISR and CY_ISR_PROTO macros should be 
  88:.\Generated_Source\PSoC5/ADC_SAR_1_IRQ.c **** *  used to provide consistent definition across compilers:
ARM GAS  C:\Users\DGILLI~1\AppData\Local\Temp\ccbtJYmk.s 			page 3


  89:.\Generated_Source\PSoC5/ADC_SAR_1_IRQ.c **** *  
  90:.\Generated_Source\PSoC5/ADC_SAR_1_IRQ.c **** *  Function definition example:
  91:.\Generated_Source\PSoC5/ADC_SAR_1_IRQ.c **** *   CY_ISR(MyISR)
  92:.\Generated_Source\PSoC5/ADC_SAR_1_IRQ.c **** *   {
  93:.\Generated_Source\PSoC5/ADC_SAR_1_IRQ.c **** *   }
  94:.\Generated_Source\PSoC5/ADC_SAR_1_IRQ.c **** *   Function prototype example:
  95:.\Generated_Source\PSoC5/ADC_SAR_1_IRQ.c **** *   CY_ISR_PROTO(MyISR);
  96:.\Generated_Source\PSoC5/ADC_SAR_1_IRQ.c **** *
  97:.\Generated_Source\PSoC5/ADC_SAR_1_IRQ.c **** * Parameters:  
  98:.\Generated_Source\PSoC5/ADC_SAR_1_IRQ.c **** *   address: Address of the ISR to set in the interrupt vector table.
  99:.\Generated_Source\PSoC5/ADC_SAR_1_IRQ.c **** *
 100:.\Generated_Source\PSoC5/ADC_SAR_1_IRQ.c **** * Return:
 101:.\Generated_Source\PSoC5/ADC_SAR_1_IRQ.c **** *   None
 102:.\Generated_Source\PSoC5/ADC_SAR_1_IRQ.c **** *
 103:.\Generated_Source\PSoC5/ADC_SAR_1_IRQ.c **** *******************************************************************************/
 104:.\Generated_Source\PSoC5/ADC_SAR_1_IRQ.c **** void ADC_SAR_1_IRQ_StartEx(cyisraddress address)
 105:.\Generated_Source\PSoC5/ADC_SAR_1_IRQ.c **** {
 106:.\Generated_Source\PSoC5/ADC_SAR_1_IRQ.c ****     /* For all we know the interrupt is active. */
 107:.\Generated_Source\PSoC5/ADC_SAR_1_IRQ.c ****     ADC_SAR_1_IRQ_Disable();
 108:.\Generated_Source\PSoC5/ADC_SAR_1_IRQ.c **** 
 109:.\Generated_Source\PSoC5/ADC_SAR_1_IRQ.c ****     /* Set the ISR to point to the ADC_SAR_1_IRQ Interrupt. */
 110:.\Generated_Source\PSoC5/ADC_SAR_1_IRQ.c ****     ADC_SAR_1_IRQ_SetVector(address);
 111:.\Generated_Source\PSoC5/ADC_SAR_1_IRQ.c **** 
 112:.\Generated_Source\PSoC5/ADC_SAR_1_IRQ.c ****     /* Set the priority. */
 113:.\Generated_Source\PSoC5/ADC_SAR_1_IRQ.c ****     ADC_SAR_1_IRQ_SetPriority((uint8)ADC_SAR_1_IRQ_INTC_PRIOR_NUMBER);
 114:.\Generated_Source\PSoC5/ADC_SAR_1_IRQ.c **** 
 115:.\Generated_Source\PSoC5/ADC_SAR_1_IRQ.c ****     /* Enable it. */
 116:.\Generated_Source\PSoC5/ADC_SAR_1_IRQ.c ****     ADC_SAR_1_IRQ_Enable();
 117:.\Generated_Source\PSoC5/ADC_SAR_1_IRQ.c **** }
 118:.\Generated_Source\PSoC5/ADC_SAR_1_IRQ.c **** 
 119:.\Generated_Source\PSoC5/ADC_SAR_1_IRQ.c **** 
 120:.\Generated_Source\PSoC5/ADC_SAR_1_IRQ.c **** /*******************************************************************************
 121:.\Generated_Source\PSoC5/ADC_SAR_1_IRQ.c **** * Function Name: ADC_SAR_1_IRQ_Stop
 122:.\Generated_Source\PSoC5/ADC_SAR_1_IRQ.c **** ********************************************************************************
 123:.\Generated_Source\PSoC5/ADC_SAR_1_IRQ.c **** *
 124:.\Generated_Source\PSoC5/ADC_SAR_1_IRQ.c **** * Summary:
 125:.\Generated_Source\PSoC5/ADC_SAR_1_IRQ.c **** *   Disables and removes the interrupt.
 126:.\Generated_Source\PSoC5/ADC_SAR_1_IRQ.c **** *
 127:.\Generated_Source\PSoC5/ADC_SAR_1_IRQ.c **** * Parameters:  
 128:.\Generated_Source\PSoC5/ADC_SAR_1_IRQ.c **** *   None
 129:.\Generated_Source\PSoC5/ADC_SAR_1_IRQ.c **** *
 130:.\Generated_Source\PSoC5/ADC_SAR_1_IRQ.c **** * Return:
 131:.\Generated_Source\PSoC5/ADC_SAR_1_IRQ.c **** *   None
 132:.\Generated_Source\PSoC5/ADC_SAR_1_IRQ.c **** *
 133:.\Generated_Source\PSoC5/ADC_SAR_1_IRQ.c **** *******************************************************************************/
 134:.\Generated_Source\PSoC5/ADC_SAR_1_IRQ.c **** void ADC_SAR_1_IRQ_Stop(void)
 135:.\Generated_Source\PSoC5/ADC_SAR_1_IRQ.c **** {
 136:.\Generated_Source\PSoC5/ADC_SAR_1_IRQ.c ****     /* Disable this interrupt. */
 137:.\Generated_Source\PSoC5/ADC_SAR_1_IRQ.c ****     ADC_SAR_1_IRQ_Disable();
 138:.\Generated_Source\PSoC5/ADC_SAR_1_IRQ.c **** 
 139:.\Generated_Source\PSoC5/ADC_SAR_1_IRQ.c ****     /* Set the ISR to point to the passive one. */
 140:.\Generated_Source\PSoC5/ADC_SAR_1_IRQ.c ****     ADC_SAR_1_IRQ_SetVector(&IntDefaultHandler);
 141:.\Generated_Source\PSoC5/ADC_SAR_1_IRQ.c **** }
 142:.\Generated_Source\PSoC5/ADC_SAR_1_IRQ.c **** 
 143:.\Generated_Source\PSoC5/ADC_SAR_1_IRQ.c **** 
 144:.\Generated_Source\PSoC5/ADC_SAR_1_IRQ.c **** /*******************************************************************************
 145:.\Generated_Source\PSoC5/ADC_SAR_1_IRQ.c **** * Function Name: ADC_SAR_1_IRQ_Interrupt
ARM GAS  C:\Users\DGILLI~1\AppData\Local\Temp\ccbtJYmk.s 			page 4


 146:.\Generated_Source\PSoC5/ADC_SAR_1_IRQ.c **** ********************************************************************************
 147:.\Generated_Source\PSoC5/ADC_SAR_1_IRQ.c **** *
 148:.\Generated_Source\PSoC5/ADC_SAR_1_IRQ.c **** * Summary:
 149:.\Generated_Source\PSoC5/ADC_SAR_1_IRQ.c **** *   The default Interrupt Service Routine for ADC_SAR_1_IRQ.
 150:.\Generated_Source\PSoC5/ADC_SAR_1_IRQ.c **** *
 151:.\Generated_Source\PSoC5/ADC_SAR_1_IRQ.c **** *   Add custom code between the coments to keep the next version of this file
 152:.\Generated_Source\PSoC5/ADC_SAR_1_IRQ.c **** *   from over writting your code.
 153:.\Generated_Source\PSoC5/ADC_SAR_1_IRQ.c **** *
 154:.\Generated_Source\PSoC5/ADC_SAR_1_IRQ.c **** * Parameters:  
 155:.\Generated_Source\PSoC5/ADC_SAR_1_IRQ.c **** *
 156:.\Generated_Source\PSoC5/ADC_SAR_1_IRQ.c **** * Return:
 157:.\Generated_Source\PSoC5/ADC_SAR_1_IRQ.c **** *   None
 158:.\Generated_Source\PSoC5/ADC_SAR_1_IRQ.c **** *
 159:.\Generated_Source\PSoC5/ADC_SAR_1_IRQ.c **** *******************************************************************************/
 160:.\Generated_Source\PSoC5/ADC_SAR_1_IRQ.c **** CY_ISR(ADC_SAR_1_IRQ_Interrupt)
 161:.\Generated_Source\PSoC5/ADC_SAR_1_IRQ.c **** {
  27              		.loc 1 161 0
  28              		.cfi_startproc
  29              		@ args = 0, pretend = 0, frame = 0
  30              		@ frame_needed = 0, uses_anonymous_args = 0
  31              		@ link register save eliminated.
  32 0000 7047     		bx	lr
  33              		.cfi_endproc
  34              	.LFE3:
  35              		.size	ADC_SAR_1_IRQ_Interrupt, .-ADC_SAR_1_IRQ_Interrupt
  36 0002 00BF     		.section	.text.ADC_SAR_1_IRQ_SetVector,"ax",%progbits
  37              		.align	2
  38              		.global	ADC_SAR_1_IRQ_SetVector
  39              		.thumb
  40              		.thumb_func
  41              		.type	ADC_SAR_1_IRQ_SetVector, %function
  42              	ADC_SAR_1_IRQ_SetVector:
  43              	.LFB4:
 162:.\Generated_Source\PSoC5/ADC_SAR_1_IRQ.c ****     #ifdef ADC_SAR_1_IRQ_INTERRUPT_INTERRUPT_CALLBACK
 163:.\Generated_Source\PSoC5/ADC_SAR_1_IRQ.c ****         ADC_SAR_1_IRQ_Interrupt_InterruptCallback();
 164:.\Generated_Source\PSoC5/ADC_SAR_1_IRQ.c ****     #endif /* ADC_SAR_1_IRQ_INTERRUPT_INTERRUPT_CALLBACK */ 
 165:.\Generated_Source\PSoC5/ADC_SAR_1_IRQ.c **** 
 166:.\Generated_Source\PSoC5/ADC_SAR_1_IRQ.c ****     /*  Place your Interrupt code here. */
 167:.\Generated_Source\PSoC5/ADC_SAR_1_IRQ.c ****     /* `#START ADC_SAR_1_IRQ_Interrupt` */
 168:.\Generated_Source\PSoC5/ADC_SAR_1_IRQ.c **** 
 169:.\Generated_Source\PSoC5/ADC_SAR_1_IRQ.c ****     /* `#END` */
 170:.\Generated_Source\PSoC5/ADC_SAR_1_IRQ.c **** }
 171:.\Generated_Source\PSoC5/ADC_SAR_1_IRQ.c **** 
 172:.\Generated_Source\PSoC5/ADC_SAR_1_IRQ.c **** 
 173:.\Generated_Source\PSoC5/ADC_SAR_1_IRQ.c **** /*******************************************************************************
 174:.\Generated_Source\PSoC5/ADC_SAR_1_IRQ.c **** * Function Name: ADC_SAR_1_IRQ_SetVector
 175:.\Generated_Source\PSoC5/ADC_SAR_1_IRQ.c **** ********************************************************************************
 176:.\Generated_Source\PSoC5/ADC_SAR_1_IRQ.c **** *
 177:.\Generated_Source\PSoC5/ADC_SAR_1_IRQ.c **** * Summary:
 178:.\Generated_Source\PSoC5/ADC_SAR_1_IRQ.c **** *   Change the ISR vector for the Interrupt. Note calling ADC_SAR_1_IRQ_Start
 179:.\Generated_Source\PSoC5/ADC_SAR_1_IRQ.c **** *   will override any effect this method would have had. To set the vector 
 180:.\Generated_Source\PSoC5/ADC_SAR_1_IRQ.c **** *   before the component has been started use ADC_SAR_1_IRQ_StartEx instead.
 181:.\Generated_Source\PSoC5/ADC_SAR_1_IRQ.c **** * 
 182:.\Generated_Source\PSoC5/ADC_SAR_1_IRQ.c **** *   When defining ISR functions, the CY_ISR and CY_ISR_PROTO macros should be 
 183:.\Generated_Source\PSoC5/ADC_SAR_1_IRQ.c **** *   used to provide consistent definition across compilers:
 184:.\Generated_Source\PSoC5/ADC_SAR_1_IRQ.c **** *
 185:.\Generated_Source\PSoC5/ADC_SAR_1_IRQ.c **** *   Function definition example:
ARM GAS  C:\Users\DGILLI~1\AppData\Local\Temp\ccbtJYmk.s 			page 5


 186:.\Generated_Source\PSoC5/ADC_SAR_1_IRQ.c **** *   CY_ISR(MyISR)
 187:.\Generated_Source\PSoC5/ADC_SAR_1_IRQ.c **** *   {
 188:.\Generated_Source\PSoC5/ADC_SAR_1_IRQ.c **** *   }
 189:.\Generated_Source\PSoC5/ADC_SAR_1_IRQ.c **** *
 190:.\Generated_Source\PSoC5/ADC_SAR_1_IRQ.c **** *   Function prototype example:
 191:.\Generated_Source\PSoC5/ADC_SAR_1_IRQ.c **** *     CY_ISR_PROTO(MyISR);
 192:.\Generated_Source\PSoC5/ADC_SAR_1_IRQ.c **** *
 193:.\Generated_Source\PSoC5/ADC_SAR_1_IRQ.c **** * Parameters:
 194:.\Generated_Source\PSoC5/ADC_SAR_1_IRQ.c **** *   address: Address of the ISR to set in the interrupt vector table.
 195:.\Generated_Source\PSoC5/ADC_SAR_1_IRQ.c **** *
 196:.\Generated_Source\PSoC5/ADC_SAR_1_IRQ.c **** * Return:
 197:.\Generated_Source\PSoC5/ADC_SAR_1_IRQ.c **** *   None
 198:.\Generated_Source\PSoC5/ADC_SAR_1_IRQ.c **** *
 199:.\Generated_Source\PSoC5/ADC_SAR_1_IRQ.c **** *******************************************************************************/
 200:.\Generated_Source\PSoC5/ADC_SAR_1_IRQ.c **** void ADC_SAR_1_IRQ_SetVector(cyisraddress address)
 201:.\Generated_Source\PSoC5/ADC_SAR_1_IRQ.c **** {
  44              		.loc 1 201 0
  45              		.cfi_startproc
  46              		@ args = 0, pretend = 0, frame = 0
  47              		@ frame_needed = 0, uses_anonymous_args = 0
  48              		@ link register save eliminated.
  49              	.LVL0:
 202:.\Generated_Source\PSoC5/ADC_SAR_1_IRQ.c ****     cyisraddress * ramVectorTable;
 203:.\Generated_Source\PSoC5/ADC_SAR_1_IRQ.c **** 
 204:.\Generated_Source\PSoC5/ADC_SAR_1_IRQ.c ****     ramVectorTable = (cyisraddress *) *CYINT_VECT_TABLE;
  50              		.loc 1 204 0
  51 0000 014B     		ldr	r3, .L3
  52 0002 1B68     		ldr	r3, [r3]
  53              	.LVL1:
 205:.\Generated_Source\PSoC5/ADC_SAR_1_IRQ.c **** 
 206:.\Generated_Source\PSoC5/ADC_SAR_1_IRQ.c ****     ramVectorTable[CYINT_IRQ_BASE + (uint32)ADC_SAR_1_IRQ__INTC_NUMBER] = address;
  54              		.loc 1 206 0
  55 0004 1864     		str	r0, [r3, #64]
  56 0006 7047     		bx	lr
  57              	.L4:
  58              		.align	2
  59              	.L3:
  60 0008 08ED00E0 		.word	-536810232
  61              		.cfi_endproc
  62              	.LFE4:
  63              		.size	ADC_SAR_1_IRQ_SetVector, .-ADC_SAR_1_IRQ_SetVector
  64              		.section	.text.ADC_SAR_1_IRQ_GetVector,"ax",%progbits
  65              		.align	2
  66              		.global	ADC_SAR_1_IRQ_GetVector
  67              		.thumb
  68              		.thumb_func
  69              		.type	ADC_SAR_1_IRQ_GetVector, %function
  70              	ADC_SAR_1_IRQ_GetVector:
  71              	.LFB5:
 207:.\Generated_Source\PSoC5/ADC_SAR_1_IRQ.c **** }
 208:.\Generated_Source\PSoC5/ADC_SAR_1_IRQ.c **** 
 209:.\Generated_Source\PSoC5/ADC_SAR_1_IRQ.c **** 
 210:.\Generated_Source\PSoC5/ADC_SAR_1_IRQ.c **** /*******************************************************************************
 211:.\Generated_Source\PSoC5/ADC_SAR_1_IRQ.c **** * Function Name: ADC_SAR_1_IRQ_GetVector
 212:.\Generated_Source\PSoC5/ADC_SAR_1_IRQ.c **** ********************************************************************************
 213:.\Generated_Source\PSoC5/ADC_SAR_1_IRQ.c **** *
 214:.\Generated_Source\PSoC5/ADC_SAR_1_IRQ.c **** * Summary:
ARM GAS  C:\Users\DGILLI~1\AppData\Local\Temp\ccbtJYmk.s 			page 6


 215:.\Generated_Source\PSoC5/ADC_SAR_1_IRQ.c **** *   Gets the "address" of the current ISR vector for the Interrupt.
 216:.\Generated_Source\PSoC5/ADC_SAR_1_IRQ.c **** *
 217:.\Generated_Source\PSoC5/ADC_SAR_1_IRQ.c **** * Parameters:
 218:.\Generated_Source\PSoC5/ADC_SAR_1_IRQ.c **** *   None
 219:.\Generated_Source\PSoC5/ADC_SAR_1_IRQ.c **** *
 220:.\Generated_Source\PSoC5/ADC_SAR_1_IRQ.c **** * Return:
 221:.\Generated_Source\PSoC5/ADC_SAR_1_IRQ.c **** *   Address of the ISR in the interrupt vector table.
 222:.\Generated_Source\PSoC5/ADC_SAR_1_IRQ.c **** *
 223:.\Generated_Source\PSoC5/ADC_SAR_1_IRQ.c **** *******************************************************************************/
 224:.\Generated_Source\PSoC5/ADC_SAR_1_IRQ.c **** cyisraddress ADC_SAR_1_IRQ_GetVector(void)
 225:.\Generated_Source\PSoC5/ADC_SAR_1_IRQ.c **** {
  72              		.loc 1 225 0
  73              		.cfi_startproc
  74              		@ args = 0, pretend = 0, frame = 0
  75              		@ frame_needed = 0, uses_anonymous_args = 0
  76              		@ link register save eliminated.
 226:.\Generated_Source\PSoC5/ADC_SAR_1_IRQ.c ****     cyisraddress * ramVectorTable;
 227:.\Generated_Source\PSoC5/ADC_SAR_1_IRQ.c **** 
 228:.\Generated_Source\PSoC5/ADC_SAR_1_IRQ.c ****     ramVectorTable = (cyisraddress *) *CYINT_VECT_TABLE;
  77              		.loc 1 228 0
  78 0000 014B     		ldr	r3, .L6
  79 0002 1B68     		ldr	r3, [r3]
  80              	.LVL2:
 229:.\Generated_Source\PSoC5/ADC_SAR_1_IRQ.c **** 
 230:.\Generated_Source\PSoC5/ADC_SAR_1_IRQ.c ****     return ramVectorTable[CYINT_IRQ_BASE + (uint32)ADC_SAR_1_IRQ__INTC_NUMBER];
 231:.\Generated_Source\PSoC5/ADC_SAR_1_IRQ.c **** }
  81              		.loc 1 231 0
  82 0004 186C     		ldr	r0, [r3, #64]
  83 0006 7047     		bx	lr
  84              	.L7:
  85              		.align	2
  86              	.L6:
  87 0008 08ED00E0 		.word	-536810232
  88              		.cfi_endproc
  89              	.LFE5:
  90              		.size	ADC_SAR_1_IRQ_GetVector, .-ADC_SAR_1_IRQ_GetVector
  91              		.section	.text.ADC_SAR_1_IRQ_SetPriority,"ax",%progbits
  92              		.align	2
  93              		.global	ADC_SAR_1_IRQ_SetPriority
  94              		.thumb
  95              		.thumb_func
  96              		.type	ADC_SAR_1_IRQ_SetPriority, %function
  97              	ADC_SAR_1_IRQ_SetPriority:
  98              	.LFB6:
 232:.\Generated_Source\PSoC5/ADC_SAR_1_IRQ.c **** 
 233:.\Generated_Source\PSoC5/ADC_SAR_1_IRQ.c **** 
 234:.\Generated_Source\PSoC5/ADC_SAR_1_IRQ.c **** /*******************************************************************************
 235:.\Generated_Source\PSoC5/ADC_SAR_1_IRQ.c **** * Function Name: ADC_SAR_1_IRQ_SetPriority
 236:.\Generated_Source\PSoC5/ADC_SAR_1_IRQ.c **** ********************************************************************************
 237:.\Generated_Source\PSoC5/ADC_SAR_1_IRQ.c **** *
 238:.\Generated_Source\PSoC5/ADC_SAR_1_IRQ.c **** * Summary:
 239:.\Generated_Source\PSoC5/ADC_SAR_1_IRQ.c **** *   Sets the Priority of the Interrupt. 
 240:.\Generated_Source\PSoC5/ADC_SAR_1_IRQ.c **** *
 241:.\Generated_Source\PSoC5/ADC_SAR_1_IRQ.c **** *   Note calling ADC_SAR_1_IRQ_Start or ADC_SAR_1_IRQ_StartEx will 
 242:.\Generated_Source\PSoC5/ADC_SAR_1_IRQ.c **** *   override any effect this API would have had. This API should only be called
 243:.\Generated_Source\PSoC5/ADC_SAR_1_IRQ.c **** *   after ADC_SAR_1_IRQ_Start or ADC_SAR_1_IRQ_StartEx has been called. 
 244:.\Generated_Source\PSoC5/ADC_SAR_1_IRQ.c **** *   To set the initial priority for the component, use the Design-Wide Resources
ARM GAS  C:\Users\DGILLI~1\AppData\Local\Temp\ccbtJYmk.s 			page 7


 245:.\Generated_Source\PSoC5/ADC_SAR_1_IRQ.c **** *   Interrupt Editor.
 246:.\Generated_Source\PSoC5/ADC_SAR_1_IRQ.c **** *
 247:.\Generated_Source\PSoC5/ADC_SAR_1_IRQ.c **** *   Note This API has no effect on Non-maskable interrupt NMI).
 248:.\Generated_Source\PSoC5/ADC_SAR_1_IRQ.c **** *
 249:.\Generated_Source\PSoC5/ADC_SAR_1_IRQ.c **** * Parameters:
 250:.\Generated_Source\PSoC5/ADC_SAR_1_IRQ.c **** *   priority: Priority of the interrupt, 0 being the highest priority
 251:.\Generated_Source\PSoC5/ADC_SAR_1_IRQ.c **** *             PSoC 3 and PSoC 5LP: Priority is from 0 to 7.
 252:.\Generated_Source\PSoC5/ADC_SAR_1_IRQ.c **** *             PSoC 4: Priority is from 0 to 3.
 253:.\Generated_Source\PSoC5/ADC_SAR_1_IRQ.c **** *
 254:.\Generated_Source\PSoC5/ADC_SAR_1_IRQ.c **** * Return:
 255:.\Generated_Source\PSoC5/ADC_SAR_1_IRQ.c **** *   None
 256:.\Generated_Source\PSoC5/ADC_SAR_1_IRQ.c **** *
 257:.\Generated_Source\PSoC5/ADC_SAR_1_IRQ.c **** *******************************************************************************/
 258:.\Generated_Source\PSoC5/ADC_SAR_1_IRQ.c **** void ADC_SAR_1_IRQ_SetPriority(uint8 priority)
 259:.\Generated_Source\PSoC5/ADC_SAR_1_IRQ.c **** {
  99              		.loc 1 259 0
 100              		.cfi_startproc
 101              		@ args = 0, pretend = 0, frame = 0
 102              		@ frame_needed = 0, uses_anonymous_args = 0
 103              		@ link register save eliminated.
 104              	.LVL3:
 260:.\Generated_Source\PSoC5/ADC_SAR_1_IRQ.c ****     *ADC_SAR_1_IRQ_INTC_PRIOR = priority << 5;
 105              		.loc 1 260 0
 106 0000 4001     		lsls	r0, r0, #5
 107              	.LVL4:
 108 0002 C0B2     		uxtb	r0, r0
 109 0004 014B     		ldr	r3, .L9
 110 0006 1870     		strb	r0, [r3]
 111 0008 7047     		bx	lr
 112              	.L10:
 113 000a 00BF     		.align	2
 114              	.L9:
 115 000c 00E400E0 		.word	-536812544
 116              		.cfi_endproc
 117              	.LFE6:
 118              		.size	ADC_SAR_1_IRQ_SetPriority, .-ADC_SAR_1_IRQ_SetPriority
 119              		.section	.text.ADC_SAR_1_IRQ_GetPriority,"ax",%progbits
 120              		.align	2
 121              		.global	ADC_SAR_1_IRQ_GetPriority
 122              		.thumb
 123              		.thumb_func
 124              		.type	ADC_SAR_1_IRQ_GetPriority, %function
 125              	ADC_SAR_1_IRQ_GetPriority:
 126              	.LFB7:
 261:.\Generated_Source\PSoC5/ADC_SAR_1_IRQ.c **** }
 262:.\Generated_Source\PSoC5/ADC_SAR_1_IRQ.c **** 
 263:.\Generated_Source\PSoC5/ADC_SAR_1_IRQ.c **** 
 264:.\Generated_Source\PSoC5/ADC_SAR_1_IRQ.c **** /*******************************************************************************
 265:.\Generated_Source\PSoC5/ADC_SAR_1_IRQ.c **** * Function Name: ADC_SAR_1_IRQ_GetPriority
 266:.\Generated_Source\PSoC5/ADC_SAR_1_IRQ.c **** ********************************************************************************
 267:.\Generated_Source\PSoC5/ADC_SAR_1_IRQ.c **** *
 268:.\Generated_Source\PSoC5/ADC_SAR_1_IRQ.c **** * Summary:
 269:.\Generated_Source\PSoC5/ADC_SAR_1_IRQ.c **** *   Gets the Priority of the Interrupt.
 270:.\Generated_Source\PSoC5/ADC_SAR_1_IRQ.c **** *
 271:.\Generated_Source\PSoC5/ADC_SAR_1_IRQ.c **** * Parameters:
 272:.\Generated_Source\PSoC5/ADC_SAR_1_IRQ.c **** *   None
 273:.\Generated_Source\PSoC5/ADC_SAR_1_IRQ.c **** *
ARM GAS  C:\Users\DGILLI~1\AppData\Local\Temp\ccbtJYmk.s 			page 8


 274:.\Generated_Source\PSoC5/ADC_SAR_1_IRQ.c **** * Return:
 275:.\Generated_Source\PSoC5/ADC_SAR_1_IRQ.c **** *   Priority of the interrupt, 0 being the highest priority
 276:.\Generated_Source\PSoC5/ADC_SAR_1_IRQ.c **** *    PSoC 3 and PSoC 5LP: Priority is from 0 to 7.
 277:.\Generated_Source\PSoC5/ADC_SAR_1_IRQ.c **** *    PSoC 4: Priority is from 0 to 3.
 278:.\Generated_Source\PSoC5/ADC_SAR_1_IRQ.c **** *
 279:.\Generated_Source\PSoC5/ADC_SAR_1_IRQ.c **** *******************************************************************************/
 280:.\Generated_Source\PSoC5/ADC_SAR_1_IRQ.c **** uint8 ADC_SAR_1_IRQ_GetPriority(void)
 281:.\Generated_Source\PSoC5/ADC_SAR_1_IRQ.c **** {
 127              		.loc 1 281 0
 128              		.cfi_startproc
 129              		@ args = 0, pretend = 0, frame = 0
 130              		@ frame_needed = 0, uses_anonymous_args = 0
 131              		@ link register save eliminated.
 282:.\Generated_Source\PSoC5/ADC_SAR_1_IRQ.c ****     uint8 priority;
 283:.\Generated_Source\PSoC5/ADC_SAR_1_IRQ.c **** 
 284:.\Generated_Source\PSoC5/ADC_SAR_1_IRQ.c **** 
 285:.\Generated_Source\PSoC5/ADC_SAR_1_IRQ.c ****     priority = *ADC_SAR_1_IRQ_INTC_PRIOR >> 5;
 132              		.loc 1 285 0
 133 0000 014B     		ldr	r3, .L12
 134 0002 1878     		ldrb	r0, [r3]	@ zero_extendqisi2
 135              	.LVL5:
 286:.\Generated_Source\PSoC5/ADC_SAR_1_IRQ.c **** 
 287:.\Generated_Source\PSoC5/ADC_SAR_1_IRQ.c ****     return priority;
 288:.\Generated_Source\PSoC5/ADC_SAR_1_IRQ.c **** }
 136              		.loc 1 288 0
 137 0004 4009     		lsrs	r0, r0, #5
 138              	.LVL6:
 139 0006 7047     		bx	lr
 140              	.L13:
 141              		.align	2
 142              	.L12:
 143 0008 00E400E0 		.word	-536812544
 144              		.cfi_endproc
 145              	.LFE7:
 146              		.size	ADC_SAR_1_IRQ_GetPriority, .-ADC_SAR_1_IRQ_GetPriority
 147              		.section	.text.ADC_SAR_1_IRQ_Enable,"ax",%progbits
 148              		.align	2
 149              		.global	ADC_SAR_1_IRQ_Enable
 150              		.thumb
 151              		.thumb_func
 152              		.type	ADC_SAR_1_IRQ_Enable, %function
 153              	ADC_SAR_1_IRQ_Enable:
 154              	.LFB8:
 289:.\Generated_Source\PSoC5/ADC_SAR_1_IRQ.c **** 
 290:.\Generated_Source\PSoC5/ADC_SAR_1_IRQ.c **** 
 291:.\Generated_Source\PSoC5/ADC_SAR_1_IRQ.c **** /*******************************************************************************
 292:.\Generated_Source\PSoC5/ADC_SAR_1_IRQ.c **** * Function Name: ADC_SAR_1_IRQ_Enable
 293:.\Generated_Source\PSoC5/ADC_SAR_1_IRQ.c **** ********************************************************************************
 294:.\Generated_Source\PSoC5/ADC_SAR_1_IRQ.c **** *
 295:.\Generated_Source\PSoC5/ADC_SAR_1_IRQ.c **** * Summary:
 296:.\Generated_Source\PSoC5/ADC_SAR_1_IRQ.c **** *   Enables the interrupt to the interrupt controller. Do not call this function
 297:.\Generated_Source\PSoC5/ADC_SAR_1_IRQ.c **** *   unless ISR_Start() has been called or the functionality of the ISR_Start() 
 298:.\Generated_Source\PSoC5/ADC_SAR_1_IRQ.c **** *   function, which sets the vector and the priority, has been called.
 299:.\Generated_Source\PSoC5/ADC_SAR_1_IRQ.c **** *
 300:.\Generated_Source\PSoC5/ADC_SAR_1_IRQ.c **** * Parameters:
 301:.\Generated_Source\PSoC5/ADC_SAR_1_IRQ.c **** *   None
 302:.\Generated_Source\PSoC5/ADC_SAR_1_IRQ.c **** *
ARM GAS  C:\Users\DGILLI~1\AppData\Local\Temp\ccbtJYmk.s 			page 9


 303:.\Generated_Source\PSoC5/ADC_SAR_1_IRQ.c **** * Return:
 304:.\Generated_Source\PSoC5/ADC_SAR_1_IRQ.c **** *   None
 305:.\Generated_Source\PSoC5/ADC_SAR_1_IRQ.c **** *
 306:.\Generated_Source\PSoC5/ADC_SAR_1_IRQ.c **** *******************************************************************************/
 307:.\Generated_Source\PSoC5/ADC_SAR_1_IRQ.c **** void ADC_SAR_1_IRQ_Enable(void)
 308:.\Generated_Source\PSoC5/ADC_SAR_1_IRQ.c **** {
 155              		.loc 1 308 0
 156              		.cfi_startproc
 157              		@ args = 0, pretend = 0, frame = 0
 158              		@ frame_needed = 0, uses_anonymous_args = 0
 159              		@ link register save eliminated.
 309:.\Generated_Source\PSoC5/ADC_SAR_1_IRQ.c ****     /* Enable the general interrupt. */
 310:.\Generated_Source\PSoC5/ADC_SAR_1_IRQ.c ****     *ADC_SAR_1_IRQ_INTC_SET_EN = ADC_SAR_1_IRQ__INTC_MASK;
 160              		.loc 1 310 0
 161 0000 0122     		movs	r2, #1
 162 0002 014B     		ldr	r3, .L15
 163 0004 1A60     		str	r2, [r3]
 164 0006 7047     		bx	lr
 165              	.L16:
 166              		.align	2
 167              	.L15:
 168 0008 00E100E0 		.word	-536813312
 169              		.cfi_endproc
 170              	.LFE8:
 171              		.size	ADC_SAR_1_IRQ_Enable, .-ADC_SAR_1_IRQ_Enable
 172              		.section	.text.ADC_SAR_1_IRQ_GetState,"ax",%progbits
 173              		.align	2
 174              		.global	ADC_SAR_1_IRQ_GetState
 175              		.thumb
 176              		.thumb_func
 177              		.type	ADC_SAR_1_IRQ_GetState, %function
 178              	ADC_SAR_1_IRQ_GetState:
 179              	.LFB9:
 311:.\Generated_Source\PSoC5/ADC_SAR_1_IRQ.c **** }
 312:.\Generated_Source\PSoC5/ADC_SAR_1_IRQ.c **** 
 313:.\Generated_Source\PSoC5/ADC_SAR_1_IRQ.c **** 
 314:.\Generated_Source\PSoC5/ADC_SAR_1_IRQ.c **** /*******************************************************************************
 315:.\Generated_Source\PSoC5/ADC_SAR_1_IRQ.c **** * Function Name: ADC_SAR_1_IRQ_GetState
 316:.\Generated_Source\PSoC5/ADC_SAR_1_IRQ.c **** ********************************************************************************
 317:.\Generated_Source\PSoC5/ADC_SAR_1_IRQ.c **** *
 318:.\Generated_Source\PSoC5/ADC_SAR_1_IRQ.c **** * Summary:
 319:.\Generated_Source\PSoC5/ADC_SAR_1_IRQ.c **** *   Gets the state (enabled, disabled) of the Interrupt.
 320:.\Generated_Source\PSoC5/ADC_SAR_1_IRQ.c **** *
 321:.\Generated_Source\PSoC5/ADC_SAR_1_IRQ.c **** * Parameters:
 322:.\Generated_Source\PSoC5/ADC_SAR_1_IRQ.c **** *   None
 323:.\Generated_Source\PSoC5/ADC_SAR_1_IRQ.c **** *
 324:.\Generated_Source\PSoC5/ADC_SAR_1_IRQ.c **** * Return:
 325:.\Generated_Source\PSoC5/ADC_SAR_1_IRQ.c **** *   1 if enabled, 0 if disabled.
 326:.\Generated_Source\PSoC5/ADC_SAR_1_IRQ.c **** *
 327:.\Generated_Source\PSoC5/ADC_SAR_1_IRQ.c **** *******************************************************************************/
 328:.\Generated_Source\PSoC5/ADC_SAR_1_IRQ.c **** uint8 ADC_SAR_1_IRQ_GetState(void)
 329:.\Generated_Source\PSoC5/ADC_SAR_1_IRQ.c **** {
 180              		.loc 1 329 0
 181              		.cfi_startproc
 182              		@ args = 0, pretend = 0, frame = 0
 183              		@ frame_needed = 0, uses_anonymous_args = 0
 184              		@ link register save eliminated.
ARM GAS  C:\Users\DGILLI~1\AppData\Local\Temp\ccbtJYmk.s 			page 10


 330:.\Generated_Source\PSoC5/ADC_SAR_1_IRQ.c ****     /* Get the state of the general interrupt. */
 331:.\Generated_Source\PSoC5/ADC_SAR_1_IRQ.c ****     return ((*ADC_SAR_1_IRQ_INTC_SET_EN & (uint32)ADC_SAR_1_IRQ__INTC_MASK) != 0u) ? 1u:0u;
 185              		.loc 1 331 0
 186 0000 024B     		ldr	r3, .L18
 187 0002 1868     		ldr	r0, [r3]
 332:.\Generated_Source\PSoC5/ADC_SAR_1_IRQ.c **** }
 188              		.loc 1 332 0
 189 0004 00F00100 		and	r0, r0, #1
 190 0008 7047     		bx	lr
 191              	.L19:
 192 000a 00BF     		.align	2
 193              	.L18:
 194 000c 00E100E0 		.word	-536813312
 195              		.cfi_endproc
 196              	.LFE9:
 197              		.size	ADC_SAR_1_IRQ_GetState, .-ADC_SAR_1_IRQ_GetState
 198              		.section	.text.ADC_SAR_1_IRQ_Disable,"ax",%progbits
 199              		.align	2
 200              		.global	ADC_SAR_1_IRQ_Disable
 201              		.thumb
 202              		.thumb_func
 203              		.type	ADC_SAR_1_IRQ_Disable, %function
 204              	ADC_SAR_1_IRQ_Disable:
 205              	.LFB10:
 333:.\Generated_Source\PSoC5/ADC_SAR_1_IRQ.c **** 
 334:.\Generated_Source\PSoC5/ADC_SAR_1_IRQ.c **** 
 335:.\Generated_Source\PSoC5/ADC_SAR_1_IRQ.c **** /*******************************************************************************
 336:.\Generated_Source\PSoC5/ADC_SAR_1_IRQ.c **** * Function Name: ADC_SAR_1_IRQ_Disable
 337:.\Generated_Source\PSoC5/ADC_SAR_1_IRQ.c **** ********************************************************************************
 338:.\Generated_Source\PSoC5/ADC_SAR_1_IRQ.c **** *
 339:.\Generated_Source\PSoC5/ADC_SAR_1_IRQ.c **** * Summary:
 340:.\Generated_Source\PSoC5/ADC_SAR_1_IRQ.c **** *   Disables the Interrupt in the interrupt controller.
 341:.\Generated_Source\PSoC5/ADC_SAR_1_IRQ.c **** *
 342:.\Generated_Source\PSoC5/ADC_SAR_1_IRQ.c **** * Parameters:
 343:.\Generated_Source\PSoC5/ADC_SAR_1_IRQ.c **** *   None
 344:.\Generated_Source\PSoC5/ADC_SAR_1_IRQ.c **** *
 345:.\Generated_Source\PSoC5/ADC_SAR_1_IRQ.c **** * Return:
 346:.\Generated_Source\PSoC5/ADC_SAR_1_IRQ.c **** *   None
 347:.\Generated_Source\PSoC5/ADC_SAR_1_IRQ.c **** *
 348:.\Generated_Source\PSoC5/ADC_SAR_1_IRQ.c **** *******************************************************************************/
 349:.\Generated_Source\PSoC5/ADC_SAR_1_IRQ.c **** void ADC_SAR_1_IRQ_Disable(void)
 350:.\Generated_Source\PSoC5/ADC_SAR_1_IRQ.c **** {
 206              		.loc 1 350 0
 207              		.cfi_startproc
 208              		@ args = 0, pretend = 0, frame = 0
 209              		@ frame_needed = 0, uses_anonymous_args = 0
 210              		@ link register save eliminated.
 351:.\Generated_Source\PSoC5/ADC_SAR_1_IRQ.c ****     /* Disable the general interrupt. */
 352:.\Generated_Source\PSoC5/ADC_SAR_1_IRQ.c ****     *ADC_SAR_1_IRQ_INTC_CLR_EN = ADC_SAR_1_IRQ__INTC_MASK;
 211              		.loc 1 352 0
 212 0000 0122     		movs	r2, #1
 213 0002 014B     		ldr	r3, .L21
 214 0004 1A60     		str	r2, [r3]
 215 0006 7047     		bx	lr
 216              	.L22:
 217              		.align	2
 218              	.L21:
ARM GAS  C:\Users\DGILLI~1\AppData\Local\Temp\ccbtJYmk.s 			page 11


 219 0008 80E100E0 		.word	-536813184
 220              		.cfi_endproc
 221              	.LFE10:
 222              		.size	ADC_SAR_1_IRQ_Disable, .-ADC_SAR_1_IRQ_Disable
 223              		.section	.text.ADC_SAR_1_IRQ_Start,"ax",%progbits
 224              		.align	2
 225              		.global	ADC_SAR_1_IRQ_Start
 226              		.thumb
 227              		.thumb_func
 228              		.type	ADC_SAR_1_IRQ_Start, %function
 229              	ADC_SAR_1_IRQ_Start:
 230              	.LFB0:
  62:.\Generated_Source\PSoC5/ADC_SAR_1_IRQ.c ****     /* For all we know the interrupt is active. */
 231              		.loc 1 62 0
 232              		.cfi_startproc
 233              		@ args = 0, pretend = 0, frame = 0
 234              		@ frame_needed = 0, uses_anonymous_args = 0
 235 0000 08B5     		push	{r3, lr}
 236              		.cfi_def_cfa_offset 8
 237              		.cfi_offset 3, -8
 238              		.cfi_offset 14, -4
  64:.\Generated_Source\PSoC5/ADC_SAR_1_IRQ.c **** 
 239              		.loc 1 64 0
 240 0002 FFF7FEFF 		bl	ADC_SAR_1_IRQ_Disable
 241              	.LVL7:
  67:.\Generated_Source\PSoC5/ADC_SAR_1_IRQ.c **** 
 242              		.loc 1 67 0
 243 0006 0448     		ldr	r0, .L25
 244 0008 FFF7FEFF 		bl	ADC_SAR_1_IRQ_SetVector
 245              	.LVL8:
  70:.\Generated_Source\PSoC5/ADC_SAR_1_IRQ.c **** 
 246              		.loc 1 70 0
 247 000c 0720     		movs	r0, #7
 248 000e FFF7FEFF 		bl	ADC_SAR_1_IRQ_SetPriority
 249              	.LVL9:
  73:.\Generated_Source\PSoC5/ADC_SAR_1_IRQ.c **** }
 250              		.loc 1 73 0
 251 0012 FFF7FEFF 		bl	ADC_SAR_1_IRQ_Enable
 252              	.LVL10:
 253 0016 08BD     		pop	{r3, pc}
 254              	.L26:
 255              		.align	2
 256              	.L25:
 257 0018 00000000 		.word	ADC_SAR_1_IRQ_Interrupt
 258              		.cfi_endproc
 259              	.LFE0:
 260              		.size	ADC_SAR_1_IRQ_Start, .-ADC_SAR_1_IRQ_Start
 261              		.section	.text.ADC_SAR_1_IRQ_StartEx,"ax",%progbits
 262              		.align	2
 263              		.global	ADC_SAR_1_IRQ_StartEx
 264              		.thumb
 265              		.thumb_func
 266              		.type	ADC_SAR_1_IRQ_StartEx, %function
 267              	ADC_SAR_1_IRQ_StartEx:
 268              	.LFB1:
 105:.\Generated_Source\PSoC5/ADC_SAR_1_IRQ.c ****     /* For all we know the interrupt is active. */
 269              		.loc 1 105 0
ARM GAS  C:\Users\DGILLI~1\AppData\Local\Temp\ccbtJYmk.s 			page 12


 270              		.cfi_startproc
 271              		@ args = 0, pretend = 0, frame = 0
 272              		@ frame_needed = 0, uses_anonymous_args = 0
 273              	.LVL11:
 274 0000 10B5     		push	{r4, lr}
 275              		.cfi_def_cfa_offset 8
 276              		.cfi_offset 4, -8
 277              		.cfi_offset 14, -4
 278 0002 0446     		mov	r4, r0
 107:.\Generated_Source\PSoC5/ADC_SAR_1_IRQ.c **** 
 279              		.loc 1 107 0
 280 0004 FFF7FEFF 		bl	ADC_SAR_1_IRQ_Disable
 281              	.LVL12:
 110:.\Generated_Source\PSoC5/ADC_SAR_1_IRQ.c **** 
 282              		.loc 1 110 0
 283 0008 2046     		mov	r0, r4
 284 000a FFF7FEFF 		bl	ADC_SAR_1_IRQ_SetVector
 285              	.LVL13:
 113:.\Generated_Source\PSoC5/ADC_SAR_1_IRQ.c **** 
 286              		.loc 1 113 0
 287 000e 0720     		movs	r0, #7
 288 0010 FFF7FEFF 		bl	ADC_SAR_1_IRQ_SetPriority
 289              	.LVL14:
 116:.\Generated_Source\PSoC5/ADC_SAR_1_IRQ.c **** }
 290              		.loc 1 116 0
 291 0014 FFF7FEFF 		bl	ADC_SAR_1_IRQ_Enable
 292              	.LVL15:
 293 0018 10BD     		pop	{r4, pc}
 294              		.cfi_endproc
 295              	.LFE1:
 296              		.size	ADC_SAR_1_IRQ_StartEx, .-ADC_SAR_1_IRQ_StartEx
 297 001a 00BF     		.section	.text.ADC_SAR_1_IRQ_Stop,"ax",%progbits
 298              		.align	2
 299              		.global	ADC_SAR_1_IRQ_Stop
 300              		.thumb
 301              		.thumb_func
 302              		.type	ADC_SAR_1_IRQ_Stop, %function
 303              	ADC_SAR_1_IRQ_Stop:
 304              	.LFB2:
 135:.\Generated_Source\PSoC5/ADC_SAR_1_IRQ.c ****     /* Disable this interrupt. */
 305              		.loc 1 135 0
 306              		.cfi_startproc
 307              		@ args = 0, pretend = 0, frame = 0
 308              		@ frame_needed = 0, uses_anonymous_args = 0
 309 0000 08B5     		push	{r3, lr}
 310              		.cfi_def_cfa_offset 8
 311              		.cfi_offset 3, -8
 312              		.cfi_offset 14, -4
 137:.\Generated_Source\PSoC5/ADC_SAR_1_IRQ.c **** 
 313              		.loc 1 137 0
 314 0002 FFF7FEFF 		bl	ADC_SAR_1_IRQ_Disable
 315              	.LVL16:
 140:.\Generated_Source\PSoC5/ADC_SAR_1_IRQ.c **** }
 316              		.loc 1 140 0
 317 0006 0248     		ldr	r0, .L31
 318 0008 FFF7FEFF 		bl	ADC_SAR_1_IRQ_SetVector
 319              	.LVL17:
ARM GAS  C:\Users\DGILLI~1\AppData\Local\Temp\ccbtJYmk.s 			page 13


 320 000c 08BD     		pop	{r3, pc}
 321              	.L32:
 322 000e 00BF     		.align	2
 323              	.L31:
 324 0010 00000000 		.word	IntDefaultHandler
 325              		.cfi_endproc
 326              	.LFE2:
 327              		.size	ADC_SAR_1_IRQ_Stop, .-ADC_SAR_1_IRQ_Stop
 328              		.section	.text.ADC_SAR_1_IRQ_SetPending,"ax",%progbits
 329              		.align	2
 330              		.global	ADC_SAR_1_IRQ_SetPending
 331              		.thumb
 332              		.thumb_func
 333              		.type	ADC_SAR_1_IRQ_SetPending, %function
 334              	ADC_SAR_1_IRQ_SetPending:
 335              	.LFB11:
 353:.\Generated_Source\PSoC5/ADC_SAR_1_IRQ.c **** }
 354:.\Generated_Source\PSoC5/ADC_SAR_1_IRQ.c **** 
 355:.\Generated_Source\PSoC5/ADC_SAR_1_IRQ.c **** 
 356:.\Generated_Source\PSoC5/ADC_SAR_1_IRQ.c **** /*******************************************************************************
 357:.\Generated_Source\PSoC5/ADC_SAR_1_IRQ.c **** * Function Name: ADC_SAR_1_IRQ_SetPending
 358:.\Generated_Source\PSoC5/ADC_SAR_1_IRQ.c **** ********************************************************************************
 359:.\Generated_Source\PSoC5/ADC_SAR_1_IRQ.c **** *
 360:.\Generated_Source\PSoC5/ADC_SAR_1_IRQ.c **** * Summary:
 361:.\Generated_Source\PSoC5/ADC_SAR_1_IRQ.c **** *   Causes the Interrupt to enter the pending state, a software method of
 362:.\Generated_Source\PSoC5/ADC_SAR_1_IRQ.c **** *   generating the interrupt.
 363:.\Generated_Source\PSoC5/ADC_SAR_1_IRQ.c **** *
 364:.\Generated_Source\PSoC5/ADC_SAR_1_IRQ.c **** * Parameters:
 365:.\Generated_Source\PSoC5/ADC_SAR_1_IRQ.c **** *   None
 366:.\Generated_Source\PSoC5/ADC_SAR_1_IRQ.c **** *
 367:.\Generated_Source\PSoC5/ADC_SAR_1_IRQ.c **** * Return:
 368:.\Generated_Source\PSoC5/ADC_SAR_1_IRQ.c **** *   None
 369:.\Generated_Source\PSoC5/ADC_SAR_1_IRQ.c **** *
 370:.\Generated_Source\PSoC5/ADC_SAR_1_IRQ.c **** * Side Effects:
 371:.\Generated_Source\PSoC5/ADC_SAR_1_IRQ.c **** *   If interrupts are enabled and the interrupt is set up properly, the ISR is
 372:.\Generated_Source\PSoC5/ADC_SAR_1_IRQ.c **** *   entered (depending on the priority of this interrupt and other pending 
 373:.\Generated_Source\PSoC5/ADC_SAR_1_IRQ.c **** *   interrupts).
 374:.\Generated_Source\PSoC5/ADC_SAR_1_IRQ.c **** *
 375:.\Generated_Source\PSoC5/ADC_SAR_1_IRQ.c **** *******************************************************************************/
 376:.\Generated_Source\PSoC5/ADC_SAR_1_IRQ.c **** void ADC_SAR_1_IRQ_SetPending(void)
 377:.\Generated_Source\PSoC5/ADC_SAR_1_IRQ.c **** {
 336              		.loc 1 377 0
 337              		.cfi_startproc
 338              		@ args = 0, pretend = 0, frame = 0
 339              		@ frame_needed = 0, uses_anonymous_args = 0
 340              		@ link register save eliminated.
 378:.\Generated_Source\PSoC5/ADC_SAR_1_IRQ.c ****     *ADC_SAR_1_IRQ_INTC_SET_PD = ADC_SAR_1_IRQ__INTC_MASK;
 341              		.loc 1 378 0
 342 0000 0122     		movs	r2, #1
 343 0002 014B     		ldr	r3, .L34
 344 0004 1A60     		str	r2, [r3]
 345 0006 7047     		bx	lr
 346              	.L35:
 347              		.align	2
 348              	.L34:
 349 0008 00E200E0 		.word	-536813056
 350              		.cfi_endproc
ARM GAS  C:\Users\DGILLI~1\AppData\Local\Temp\ccbtJYmk.s 			page 14


 351              	.LFE11:
 352              		.size	ADC_SAR_1_IRQ_SetPending, .-ADC_SAR_1_IRQ_SetPending
 353              		.section	.text.ADC_SAR_1_IRQ_ClearPending,"ax",%progbits
 354              		.align	2
 355              		.global	ADC_SAR_1_IRQ_ClearPending
 356              		.thumb
 357              		.thumb_func
 358              		.type	ADC_SAR_1_IRQ_ClearPending, %function
 359              	ADC_SAR_1_IRQ_ClearPending:
 360              	.LFB12:
 379:.\Generated_Source\PSoC5/ADC_SAR_1_IRQ.c **** }
 380:.\Generated_Source\PSoC5/ADC_SAR_1_IRQ.c **** 
 381:.\Generated_Source\PSoC5/ADC_SAR_1_IRQ.c **** 
 382:.\Generated_Source\PSoC5/ADC_SAR_1_IRQ.c **** /*******************************************************************************
 383:.\Generated_Source\PSoC5/ADC_SAR_1_IRQ.c **** * Function Name: ADC_SAR_1_IRQ_ClearPending
 384:.\Generated_Source\PSoC5/ADC_SAR_1_IRQ.c **** ********************************************************************************
 385:.\Generated_Source\PSoC5/ADC_SAR_1_IRQ.c **** *
 386:.\Generated_Source\PSoC5/ADC_SAR_1_IRQ.c **** * Summary:
 387:.\Generated_Source\PSoC5/ADC_SAR_1_IRQ.c **** *   Clears a pending interrupt in the interrupt controller.
 388:.\Generated_Source\PSoC5/ADC_SAR_1_IRQ.c **** *
 389:.\Generated_Source\PSoC5/ADC_SAR_1_IRQ.c **** *   Note Some interrupt sources are clear-on-read and require the block 
 390:.\Generated_Source\PSoC5/ADC_SAR_1_IRQ.c **** *   interrupt/status register to be read/cleared with the appropriate block API 
 391:.\Generated_Source\PSoC5/ADC_SAR_1_IRQ.c **** *   (GPIO, UART, and so on). Otherwise the ISR will continue to remain in 
 392:.\Generated_Source\PSoC5/ADC_SAR_1_IRQ.c **** *   pending state even though the interrupt itself is cleared using this API.
 393:.\Generated_Source\PSoC5/ADC_SAR_1_IRQ.c **** *
 394:.\Generated_Source\PSoC5/ADC_SAR_1_IRQ.c **** * Parameters:
 395:.\Generated_Source\PSoC5/ADC_SAR_1_IRQ.c **** *   None
 396:.\Generated_Source\PSoC5/ADC_SAR_1_IRQ.c **** *
 397:.\Generated_Source\PSoC5/ADC_SAR_1_IRQ.c **** * Return:
 398:.\Generated_Source\PSoC5/ADC_SAR_1_IRQ.c **** *   None
 399:.\Generated_Source\PSoC5/ADC_SAR_1_IRQ.c **** *
 400:.\Generated_Source\PSoC5/ADC_SAR_1_IRQ.c **** *******************************************************************************/
 401:.\Generated_Source\PSoC5/ADC_SAR_1_IRQ.c **** void ADC_SAR_1_IRQ_ClearPending(void)
 402:.\Generated_Source\PSoC5/ADC_SAR_1_IRQ.c **** {
 361              		.loc 1 402 0
 362              		.cfi_startproc
 363              		@ args = 0, pretend = 0, frame = 0
 364              		@ frame_needed = 0, uses_anonymous_args = 0
 365              		@ link register save eliminated.
 403:.\Generated_Source\PSoC5/ADC_SAR_1_IRQ.c ****     *ADC_SAR_1_IRQ_INTC_CLR_PD = ADC_SAR_1_IRQ__INTC_MASK;
 366              		.loc 1 403 0
 367 0000 0122     		movs	r2, #1
 368 0002 014B     		ldr	r3, .L37
 369 0004 1A60     		str	r2, [r3]
 370 0006 7047     		bx	lr
 371              	.L38:
 372              		.align	2
 373              	.L37:
 374 0008 80E200E0 		.word	-536812928
 375              		.cfi_endproc
 376              	.LFE12:
 377              		.size	ADC_SAR_1_IRQ_ClearPending, .-ADC_SAR_1_IRQ_ClearPending
 378              		.text
 379              	.Letext0:
 380              		.file 2 "Generated_Source\\PSoC5/cytypes.h"
 381              		.section	.debug_info,"",%progbits
 382              	.Ldebug_info0:
ARM GAS  C:\Users\DGILLI~1\AppData\Local\Temp\ccbtJYmk.s 			page 15


 383 0000 C5020000 		.4byte	0x2c5
 384 0004 0400     		.2byte	0x4
 385 0006 00000000 		.4byte	.Ldebug_abbrev0
 386 000a 04       		.byte	0x4
 387 000b 01       		.uleb128 0x1
 388 000c 1A010000 		.4byte	.LASF33
 389 0010 01       		.byte	0x1
 390 0011 D6000000 		.4byte	.LASF34
 391 0015 A8010000 		.4byte	.LASF35
 392 0019 00000000 		.4byte	.Ldebug_ranges0+0
 393 001d 00000000 		.4byte	0
 394 0021 00000000 		.4byte	.Ldebug_line0
 395 0025 02       		.uleb128 0x2
 396 0026 04       		.byte	0x4
 397 0027 05       		.byte	0x5
 398 0028 696E7400 		.ascii	"int\000"
 399 002c 03       		.uleb128 0x3
 400 002d 04       		.byte	0x4
 401 002e 07       		.byte	0x7
 402 002f 68000000 		.4byte	.LASF0
 403 0033 03       		.uleb128 0x3
 404 0034 01       		.byte	0x1
 405 0035 06       		.byte	0x6
 406 0036 EA020000 		.4byte	.LASF1
 407 003a 03       		.uleb128 0x3
 408 003b 01       		.byte	0x1
 409 003c 08       		.byte	0x8
 410 003d 91000000 		.4byte	.LASF2
 411 0041 03       		.uleb128 0x3
 412 0042 02       		.byte	0x2
 413 0043 05       		.byte	0x5
 414 0044 CC000000 		.4byte	.LASF3
 415 0048 03       		.uleb128 0x3
 416 0049 02       		.byte	0x2
 417 004a 07       		.byte	0x7
 418 004b 55000000 		.4byte	.LASF4
 419 004f 03       		.uleb128 0x3
 420 0050 04       		.byte	0x4
 421 0051 05       		.byte	0x5
 422 0052 E1020000 		.4byte	.LASF5
 423 0056 03       		.uleb128 0x3
 424 0057 04       		.byte	0x4
 425 0058 07       		.byte	0x7
 426 0059 A4000000 		.4byte	.LASF6
 427 005d 03       		.uleb128 0x3
 428 005e 08       		.byte	0x8
 429 005f 05       		.byte	0x5
 430 0060 00000000 		.4byte	.LASF7
 431 0064 03       		.uleb128 0x3
 432 0065 08       		.byte	0x8
 433 0066 07       		.byte	0x7
 434 0067 0F020000 		.4byte	.LASF8
 435 006b 03       		.uleb128 0x3
 436 006c 04       		.byte	0x4
 437 006d 07       		.byte	0x7
 438 006e 33020000 		.4byte	.LASF9
 439 0072 04       		.uleb128 0x4
ARM GAS  C:\Users\DGILLI~1\AppData\Local\Temp\ccbtJYmk.s 			page 16


 440 0073 04       		.byte	0x4
 441 0074 78000000 		.4byte	0x78
 442 0078 05       		.uleb128 0x5
 443 0079 03       		.uleb128 0x3
 444 007a 01       		.byte	0x1
 445 007b 08       		.byte	0x8
 446 007c 51020000 		.4byte	.LASF10
 447 0080 06       		.uleb128 0x6
 448 0081 B6000000 		.4byte	.LASF11
 449 0085 02       		.byte	0x2
 450 0086 C2       		.byte	0xc2
 451 0087 3A000000 		.4byte	0x3a
 452 008b 06       		.uleb128 0x6
 453 008c 13010000 		.4byte	.LASF12
 454 0090 02       		.byte	0x2
 455 0091 C4       		.byte	0xc4
 456 0092 56000000 		.4byte	0x56
 457 0096 03       		.uleb128 0x3
 458 0097 04       		.byte	0x4
 459 0098 04       		.byte	0x4
 460 0099 75000000 		.4byte	.LASF13
 461 009d 03       		.uleb128 0x3
 462 009e 08       		.byte	0x8
 463 009f 04       		.byte	0x4
 464 00a0 C5000000 		.4byte	.LASF14
 465 00a4 07       		.uleb128 0x7
 466 00a5 9F000000 		.4byte	.LASF15
 467 00a9 02       		.byte	0x2
 468 00aa 6C01     		.2byte	0x16c
 469 00ac B0000000 		.4byte	0xb0
 470 00b0 08       		.uleb128 0x8
 471 00b1 80000000 		.4byte	0x80
 472 00b5 07       		.uleb128 0x7
 473 00b6 0E000000 		.4byte	.LASF16
 474 00ba 02       		.byte	0x2
 475 00bb 6E01     		.2byte	0x16e
 476 00bd C1000000 		.4byte	0xc1
 477 00c1 08       		.uleb128 0x8
 478 00c2 8B000000 		.4byte	0x8b
 479 00c6 07       		.uleb128 0x7
 480 00c7 26020000 		.4byte	.LASF17
 481 00cb 02       		.byte	0x2
 482 00cc 7E01     		.2byte	0x17e
 483 00ce 72000000 		.4byte	0x72
 484 00d2 09       		.uleb128 0x9
 485 00d3 7D020000 		.4byte	.LASF25
 486 00d7 01       		.byte	0x1
 487 00d8 A0       		.byte	0xa0
 488 00d9 00000000 		.4byte	.LFB3
 489 00dd 02000000 		.4byte	.LFE3-.LFB3
 490 00e1 01       		.uleb128 0x1
 491 00e2 9C       		.byte	0x9c
 492 00e3 0A       		.uleb128 0xa
 493 00e4 2A000000 		.4byte	.LASF19
 494 00e8 01       		.byte	0x1
 495 00e9 C8       		.byte	0xc8
 496 00ea 00000000 		.4byte	.LFB4
ARM GAS  C:\Users\DGILLI~1\AppData\Local\Temp\ccbtJYmk.s 			page 17


 497 00ee 0C000000 		.4byte	.LFE4-.LFB4
 498 00f2 01       		.uleb128 0x1
 499 00f3 9C       		.byte	0x9c
 500 00f4 13010000 		.4byte	0x113
 501 00f8 0B       		.uleb128 0xb
 502 00f9 07020000 		.4byte	.LASF21
 503 00fd 01       		.byte	0x1
 504 00fe C8       		.byte	0xc8
 505 00ff C6000000 		.4byte	0xc6
 506 0103 01       		.uleb128 0x1
 507 0104 50       		.byte	0x50
 508 0105 0C       		.uleb128 0xc
 509 0106 56020000 		.4byte	.LASF18
 510 010a 01       		.byte	0x1
 511 010b CA       		.byte	0xca
 512 010c 13010000 		.4byte	0x113
 513 0110 01       		.uleb128 0x1
 514 0111 53       		.byte	0x53
 515 0112 00       		.byte	0
 516 0113 04       		.uleb128 0x4
 517 0114 04       		.byte	0x4
 518 0115 C6000000 		.4byte	0xc6
 519 0119 0D       		.uleb128 0xd
 520 011a 65020000 		.4byte	.LASF23
 521 011e 01       		.byte	0x1
 522 011f E0       		.byte	0xe0
 523 0120 C6000000 		.4byte	0xc6
 524 0124 00000000 		.4byte	.LFB5
 525 0128 0C000000 		.4byte	.LFE5-.LFB5
 526 012c 01       		.uleb128 0x1
 527 012d 9C       		.byte	0x9c
 528 012e 40010000 		.4byte	0x140
 529 0132 0C       		.uleb128 0xc
 530 0133 56020000 		.4byte	.LASF18
 531 0137 01       		.byte	0x1
 532 0138 E2       		.byte	0xe2
 533 0139 13010000 		.4byte	0x113
 534 013d 01       		.uleb128 0x1
 535 013e 53       		.byte	0x53
 536 013f 00       		.byte	0
 537 0140 0E       		.uleb128 0xe
 538 0141 AC020000 		.4byte	.LASF20
 539 0145 01       		.byte	0x1
 540 0146 0201     		.2byte	0x102
 541 0148 00000000 		.4byte	.LFB6
 542 014c 10000000 		.4byte	.LFE6-.LFB6
 543 0150 01       		.uleb128 0x1
 544 0151 9C       		.byte	0x9c
 545 0152 67010000 		.4byte	0x167
 546 0156 0F       		.uleb128 0xf
 547 0157 BC000000 		.4byte	.LASF22
 548 015b 01       		.byte	0x1
 549 015c 0201     		.2byte	0x102
 550 015e 80000000 		.4byte	0x80
 551 0162 00000000 		.4byte	.LLST0
 552 0166 00       		.byte	0
 553 0167 10       		.uleb128 0x10
ARM GAS  C:\Users\DGILLI~1\AppData\Local\Temp\ccbtJYmk.s 			page 18


 554 0168 ED010000 		.4byte	.LASF24
 555 016c 01       		.byte	0x1
 556 016d 1801     		.2byte	0x118
 557 016f 80000000 		.4byte	0x80
 558 0173 00000000 		.4byte	.LFB7
 559 0177 0C000000 		.4byte	.LFE7-.LFB7
 560 017b 01       		.uleb128 0x1
 561 017c 9C       		.byte	0x9c
 562 017d 92010000 		.4byte	0x192
 563 0181 11       		.uleb128 0x11
 564 0182 BC000000 		.4byte	.LASF22
 565 0186 01       		.byte	0x1
 566 0187 1A01     		.2byte	0x11a
 567 0189 80000000 		.4byte	0x80
 568 018d 21000000 		.4byte	.LLST1
 569 0191 00       		.byte	0
 570 0192 12       		.uleb128 0x12
 571 0193 3C020000 		.4byte	.LASF26
 572 0197 01       		.byte	0x1
 573 0198 3301     		.2byte	0x133
 574 019a 00000000 		.4byte	.LFB8
 575 019e 0C000000 		.4byte	.LFE8-.LFB8
 576 01a2 01       		.uleb128 0x1
 577 01a3 9C       		.byte	0x9c
 578 01a4 13       		.uleb128 0x13
 579 01a5 95020000 		.4byte	.LASF36
 580 01a9 01       		.byte	0x1
 581 01aa 4801     		.2byte	0x148
 582 01ac 80000000 		.4byte	0x80
 583 01b0 00000000 		.4byte	.LFB9
 584 01b4 10000000 		.4byte	.LFE9-.LFB9
 585 01b8 01       		.uleb128 0x1
 586 01b9 9C       		.byte	0x9c
 587 01ba 12       		.uleb128 0x12
 588 01bb 7B000000 		.4byte	.LASF27
 589 01bf 01       		.byte	0x1
 590 01c0 5D01     		.2byte	0x15d
 591 01c2 00000000 		.4byte	.LFB10
 592 01c6 0C000000 		.4byte	.LFE10-.LFB10
 593 01ca 01       		.uleb128 0x1
 594 01cb 9C       		.byte	0x9c
 595 01cc 0A       		.uleb128 0xa
 596 01cd FF000000 		.4byte	.LASF28
 597 01d1 01       		.byte	0x1
 598 01d2 3D       		.byte	0x3d
 599 01d3 00000000 		.4byte	.LFB0
 600 01d7 1C000000 		.4byte	.LFE0-.LFB0
 601 01db 01       		.uleb128 0x1
 602 01dc 9C       		.byte	0x9c
 603 01dd 1E020000 		.4byte	0x21e
 604 01e1 14       		.uleb128 0x14
 605 01e2 06000000 		.4byte	.LVL7
 606 01e6 BA010000 		.4byte	0x1ba
 607 01ea 15       		.uleb128 0x15
 608 01eb 0C000000 		.4byte	.LVL8
 609 01ef E3000000 		.4byte	0xe3
 610 01f3 01020000 		.4byte	0x201
ARM GAS  C:\Users\DGILLI~1\AppData\Local\Temp\ccbtJYmk.s 			page 19


 611 01f7 16       		.uleb128 0x16
 612 01f8 01       		.uleb128 0x1
 613 01f9 50       		.byte	0x50
 614 01fa 05       		.uleb128 0x5
 615 01fb 03       		.byte	0x3
 616 01fc 00000000 		.4byte	ADC_SAR_1_IRQ_Interrupt
 617 0200 00       		.byte	0
 618 0201 15       		.uleb128 0x15
 619 0202 12000000 		.4byte	.LVL9
 620 0206 40010000 		.4byte	0x140
 621 020a 14020000 		.4byte	0x214
 622 020e 16       		.uleb128 0x16
 623 020f 01       		.uleb128 0x1
 624 0210 50       		.byte	0x50
 625 0211 01       		.uleb128 0x1
 626 0212 37       		.byte	0x37
 627 0213 00       		.byte	0
 628 0214 14       		.uleb128 0x14
 629 0215 16000000 		.4byte	.LVL10
 630 0219 92010000 		.4byte	0x192
 631 021d 00       		.byte	0
 632 021e 0A       		.uleb128 0xa
 633 021f 14000000 		.4byte	.LASF29
 634 0223 01       		.byte	0x1
 635 0224 68       		.byte	0x68
 636 0225 00000000 		.4byte	.LFB1
 637 0229 1A000000 		.4byte	.LFE1-.LFB1
 638 022d 01       		.uleb128 0x1
 639 022e 9C       		.byte	0x9c
 640 022f 7C020000 		.4byte	0x27c
 641 0233 17       		.uleb128 0x17
 642 0234 07020000 		.4byte	.LASF21
 643 0238 01       		.byte	0x1
 644 0239 68       		.byte	0x68
 645 023a C6000000 		.4byte	0xc6
 646 023e 38000000 		.4byte	.LLST2
 647 0242 14       		.uleb128 0x14
 648 0243 08000000 		.4byte	.LVL12
 649 0247 BA010000 		.4byte	0x1ba
 650 024b 15       		.uleb128 0x15
 651 024c 0E000000 		.4byte	.LVL13
 652 0250 E3000000 		.4byte	0xe3
 653 0254 5F020000 		.4byte	0x25f
 654 0258 16       		.uleb128 0x16
 655 0259 01       		.uleb128 0x1
 656 025a 50       		.byte	0x50
 657 025b 02       		.uleb128 0x2
 658 025c 74       		.byte	0x74
 659 025d 00       		.sleb128 0
 660 025e 00       		.byte	0
 661 025f 15       		.uleb128 0x15
 662 0260 14000000 		.4byte	.LVL14
 663 0264 40010000 		.4byte	0x140
 664 0268 72020000 		.4byte	0x272
 665 026c 16       		.uleb128 0x16
 666 026d 01       		.uleb128 0x1
 667 026e 50       		.byte	0x50
ARM GAS  C:\Users\DGILLI~1\AppData\Local\Temp\ccbtJYmk.s 			page 20


 668 026f 01       		.uleb128 0x1
 669 0270 37       		.byte	0x37
 670 0271 00       		.byte	0
 671 0272 14       		.uleb128 0x14
 672 0273 18000000 		.4byte	.LVL15
 673 0277 92010000 		.4byte	0x192
 674 027b 00       		.byte	0
 675 027c 0A       		.uleb128 0xa
 676 027d 42000000 		.4byte	.LASF30
 677 0281 01       		.byte	0x1
 678 0282 86       		.byte	0x86
 679 0283 00000000 		.4byte	.LFB2
 680 0287 14000000 		.4byte	.LFE2-.LFB2
 681 028b 01       		.uleb128 0x1
 682 028c 9C       		.byte	0x9c
 683 028d A4020000 		.4byte	0x2a4
 684 0291 14       		.uleb128 0x14
 685 0292 06000000 		.4byte	.LVL16
 686 0296 BA010000 		.4byte	0x1ba
 687 029a 14       		.uleb128 0x14
 688 029b 0C000000 		.4byte	.LVL17
 689 029f E3000000 		.4byte	0xe3
 690 02a3 00       		.byte	0
 691 02a4 12       		.uleb128 0x12
 692 02a5 F6020000 		.4byte	.LASF31
 693 02a9 01       		.byte	0x1
 694 02aa 7801     		.2byte	0x178
 695 02ac 00000000 		.4byte	.LFB11
 696 02b0 0C000000 		.4byte	.LFE11-.LFB11
 697 02b4 01       		.uleb128 0x1
 698 02b5 9C       		.byte	0x9c
 699 02b6 12       		.uleb128 0x12
 700 02b7 C6020000 		.4byte	.LASF32
 701 02bb 01       		.byte	0x1
 702 02bc 9101     		.2byte	0x191
 703 02be 00000000 		.4byte	.LFB12
 704 02c2 0C000000 		.4byte	.LFE12-.LFB12
 705 02c6 01       		.uleb128 0x1
 706 02c7 9C       		.byte	0x9c
 707 02c8 00       		.byte	0
 708              		.section	.debug_abbrev,"",%progbits
 709              	.Ldebug_abbrev0:
 710 0000 01       		.uleb128 0x1
 711 0001 11       		.uleb128 0x11
 712 0002 01       		.byte	0x1
 713 0003 25       		.uleb128 0x25
 714 0004 0E       		.uleb128 0xe
 715 0005 13       		.uleb128 0x13
 716 0006 0B       		.uleb128 0xb
 717 0007 03       		.uleb128 0x3
 718 0008 0E       		.uleb128 0xe
 719 0009 1B       		.uleb128 0x1b
 720 000a 0E       		.uleb128 0xe
 721 000b 55       		.uleb128 0x55
 722 000c 17       		.uleb128 0x17
 723 000d 11       		.uleb128 0x11
 724 000e 01       		.uleb128 0x1
ARM GAS  C:\Users\DGILLI~1\AppData\Local\Temp\ccbtJYmk.s 			page 21


 725 000f 10       		.uleb128 0x10
 726 0010 17       		.uleb128 0x17
 727 0011 00       		.byte	0
 728 0012 00       		.byte	0
 729 0013 02       		.uleb128 0x2
 730 0014 24       		.uleb128 0x24
 731 0015 00       		.byte	0
 732 0016 0B       		.uleb128 0xb
 733 0017 0B       		.uleb128 0xb
 734 0018 3E       		.uleb128 0x3e
 735 0019 0B       		.uleb128 0xb
 736 001a 03       		.uleb128 0x3
 737 001b 08       		.uleb128 0x8
 738 001c 00       		.byte	0
 739 001d 00       		.byte	0
 740 001e 03       		.uleb128 0x3
 741 001f 24       		.uleb128 0x24
 742 0020 00       		.byte	0
 743 0021 0B       		.uleb128 0xb
 744 0022 0B       		.uleb128 0xb
 745 0023 3E       		.uleb128 0x3e
 746 0024 0B       		.uleb128 0xb
 747 0025 03       		.uleb128 0x3
 748 0026 0E       		.uleb128 0xe
 749 0027 00       		.byte	0
 750 0028 00       		.byte	0
 751 0029 04       		.uleb128 0x4
 752 002a 0F       		.uleb128 0xf
 753 002b 00       		.byte	0
 754 002c 0B       		.uleb128 0xb
 755 002d 0B       		.uleb128 0xb
 756 002e 49       		.uleb128 0x49
 757 002f 13       		.uleb128 0x13
 758 0030 00       		.byte	0
 759 0031 00       		.byte	0
 760 0032 05       		.uleb128 0x5
 761 0033 15       		.uleb128 0x15
 762 0034 00       		.byte	0
 763 0035 27       		.uleb128 0x27
 764 0036 19       		.uleb128 0x19
 765 0037 00       		.byte	0
 766 0038 00       		.byte	0
 767 0039 06       		.uleb128 0x6
 768 003a 16       		.uleb128 0x16
 769 003b 00       		.byte	0
 770 003c 03       		.uleb128 0x3
 771 003d 0E       		.uleb128 0xe
 772 003e 3A       		.uleb128 0x3a
 773 003f 0B       		.uleb128 0xb
 774 0040 3B       		.uleb128 0x3b
 775 0041 0B       		.uleb128 0xb
 776 0042 49       		.uleb128 0x49
 777 0043 13       		.uleb128 0x13
 778 0044 00       		.byte	0
 779 0045 00       		.byte	0
 780 0046 07       		.uleb128 0x7
 781 0047 16       		.uleb128 0x16
ARM GAS  C:\Users\DGILLI~1\AppData\Local\Temp\ccbtJYmk.s 			page 22


 782 0048 00       		.byte	0
 783 0049 03       		.uleb128 0x3
 784 004a 0E       		.uleb128 0xe
 785 004b 3A       		.uleb128 0x3a
 786 004c 0B       		.uleb128 0xb
 787 004d 3B       		.uleb128 0x3b
 788 004e 05       		.uleb128 0x5
 789 004f 49       		.uleb128 0x49
 790 0050 13       		.uleb128 0x13
 791 0051 00       		.byte	0
 792 0052 00       		.byte	0
 793 0053 08       		.uleb128 0x8
 794 0054 35       		.uleb128 0x35
 795 0055 00       		.byte	0
 796 0056 49       		.uleb128 0x49
 797 0057 13       		.uleb128 0x13
 798 0058 00       		.byte	0
 799 0059 00       		.byte	0
 800 005a 09       		.uleb128 0x9
 801 005b 2E       		.uleb128 0x2e
 802 005c 00       		.byte	0
 803 005d 3F       		.uleb128 0x3f
 804 005e 19       		.uleb128 0x19
 805 005f 03       		.uleb128 0x3
 806 0060 0E       		.uleb128 0xe
 807 0061 3A       		.uleb128 0x3a
 808 0062 0B       		.uleb128 0xb
 809 0063 3B       		.uleb128 0x3b
 810 0064 0B       		.uleb128 0xb
 811 0065 27       		.uleb128 0x27
 812 0066 19       		.uleb128 0x19
 813 0067 11       		.uleb128 0x11
 814 0068 01       		.uleb128 0x1
 815 0069 12       		.uleb128 0x12
 816 006a 06       		.uleb128 0x6
 817 006b 40       		.uleb128 0x40
 818 006c 18       		.uleb128 0x18
 819 006d 9742     		.uleb128 0x2117
 820 006f 19       		.uleb128 0x19
 821 0070 00       		.byte	0
 822 0071 00       		.byte	0
 823 0072 0A       		.uleb128 0xa
 824 0073 2E       		.uleb128 0x2e
 825 0074 01       		.byte	0x1
 826 0075 3F       		.uleb128 0x3f
 827 0076 19       		.uleb128 0x19
 828 0077 03       		.uleb128 0x3
 829 0078 0E       		.uleb128 0xe
 830 0079 3A       		.uleb128 0x3a
 831 007a 0B       		.uleb128 0xb
 832 007b 3B       		.uleb128 0x3b
 833 007c 0B       		.uleb128 0xb
 834 007d 27       		.uleb128 0x27
 835 007e 19       		.uleb128 0x19
 836 007f 11       		.uleb128 0x11
 837 0080 01       		.uleb128 0x1
 838 0081 12       		.uleb128 0x12
ARM GAS  C:\Users\DGILLI~1\AppData\Local\Temp\ccbtJYmk.s 			page 23


 839 0082 06       		.uleb128 0x6
 840 0083 40       		.uleb128 0x40
 841 0084 18       		.uleb128 0x18
 842 0085 9742     		.uleb128 0x2117
 843 0087 19       		.uleb128 0x19
 844 0088 01       		.uleb128 0x1
 845 0089 13       		.uleb128 0x13
 846 008a 00       		.byte	0
 847 008b 00       		.byte	0
 848 008c 0B       		.uleb128 0xb
 849 008d 05       		.uleb128 0x5
 850 008e 00       		.byte	0
 851 008f 03       		.uleb128 0x3
 852 0090 0E       		.uleb128 0xe
 853 0091 3A       		.uleb128 0x3a
 854 0092 0B       		.uleb128 0xb
 855 0093 3B       		.uleb128 0x3b
 856 0094 0B       		.uleb128 0xb
 857 0095 49       		.uleb128 0x49
 858 0096 13       		.uleb128 0x13
 859 0097 02       		.uleb128 0x2
 860 0098 18       		.uleb128 0x18
 861 0099 00       		.byte	0
 862 009a 00       		.byte	0
 863 009b 0C       		.uleb128 0xc
 864 009c 34       		.uleb128 0x34
 865 009d 00       		.byte	0
 866 009e 03       		.uleb128 0x3
 867 009f 0E       		.uleb128 0xe
 868 00a0 3A       		.uleb128 0x3a
 869 00a1 0B       		.uleb128 0xb
 870 00a2 3B       		.uleb128 0x3b
 871 00a3 0B       		.uleb128 0xb
 872 00a4 49       		.uleb128 0x49
 873 00a5 13       		.uleb128 0x13
 874 00a6 02       		.uleb128 0x2
 875 00a7 18       		.uleb128 0x18
 876 00a8 00       		.byte	0
 877 00a9 00       		.byte	0
 878 00aa 0D       		.uleb128 0xd
 879 00ab 2E       		.uleb128 0x2e
 880 00ac 01       		.byte	0x1
 881 00ad 3F       		.uleb128 0x3f
 882 00ae 19       		.uleb128 0x19
 883 00af 03       		.uleb128 0x3
 884 00b0 0E       		.uleb128 0xe
 885 00b1 3A       		.uleb128 0x3a
 886 00b2 0B       		.uleb128 0xb
 887 00b3 3B       		.uleb128 0x3b
 888 00b4 0B       		.uleb128 0xb
 889 00b5 27       		.uleb128 0x27
 890 00b6 19       		.uleb128 0x19
 891 00b7 49       		.uleb128 0x49
 892 00b8 13       		.uleb128 0x13
 893 00b9 11       		.uleb128 0x11
 894 00ba 01       		.uleb128 0x1
 895 00bb 12       		.uleb128 0x12
ARM GAS  C:\Users\DGILLI~1\AppData\Local\Temp\ccbtJYmk.s 			page 24


 896 00bc 06       		.uleb128 0x6
 897 00bd 40       		.uleb128 0x40
 898 00be 18       		.uleb128 0x18
 899 00bf 9742     		.uleb128 0x2117
 900 00c1 19       		.uleb128 0x19
 901 00c2 01       		.uleb128 0x1
 902 00c3 13       		.uleb128 0x13
 903 00c4 00       		.byte	0
 904 00c5 00       		.byte	0
 905 00c6 0E       		.uleb128 0xe
 906 00c7 2E       		.uleb128 0x2e
 907 00c8 01       		.byte	0x1
 908 00c9 3F       		.uleb128 0x3f
 909 00ca 19       		.uleb128 0x19
 910 00cb 03       		.uleb128 0x3
 911 00cc 0E       		.uleb128 0xe
 912 00cd 3A       		.uleb128 0x3a
 913 00ce 0B       		.uleb128 0xb
 914 00cf 3B       		.uleb128 0x3b
 915 00d0 05       		.uleb128 0x5
 916 00d1 27       		.uleb128 0x27
 917 00d2 19       		.uleb128 0x19
 918 00d3 11       		.uleb128 0x11
 919 00d4 01       		.uleb128 0x1
 920 00d5 12       		.uleb128 0x12
 921 00d6 06       		.uleb128 0x6
 922 00d7 40       		.uleb128 0x40
 923 00d8 18       		.uleb128 0x18
 924 00d9 9742     		.uleb128 0x2117
 925 00db 19       		.uleb128 0x19
 926 00dc 01       		.uleb128 0x1
 927 00dd 13       		.uleb128 0x13
 928 00de 00       		.byte	0
 929 00df 00       		.byte	0
 930 00e0 0F       		.uleb128 0xf
 931 00e1 05       		.uleb128 0x5
 932 00e2 00       		.byte	0
 933 00e3 03       		.uleb128 0x3
 934 00e4 0E       		.uleb128 0xe
 935 00e5 3A       		.uleb128 0x3a
 936 00e6 0B       		.uleb128 0xb
 937 00e7 3B       		.uleb128 0x3b
 938 00e8 05       		.uleb128 0x5
 939 00e9 49       		.uleb128 0x49
 940 00ea 13       		.uleb128 0x13
 941 00eb 02       		.uleb128 0x2
 942 00ec 17       		.uleb128 0x17
 943 00ed 00       		.byte	0
 944 00ee 00       		.byte	0
 945 00ef 10       		.uleb128 0x10
 946 00f0 2E       		.uleb128 0x2e
 947 00f1 01       		.byte	0x1
 948 00f2 3F       		.uleb128 0x3f
 949 00f3 19       		.uleb128 0x19
 950 00f4 03       		.uleb128 0x3
 951 00f5 0E       		.uleb128 0xe
 952 00f6 3A       		.uleb128 0x3a
ARM GAS  C:\Users\DGILLI~1\AppData\Local\Temp\ccbtJYmk.s 			page 25


 953 00f7 0B       		.uleb128 0xb
 954 00f8 3B       		.uleb128 0x3b
 955 00f9 05       		.uleb128 0x5
 956 00fa 27       		.uleb128 0x27
 957 00fb 19       		.uleb128 0x19
 958 00fc 49       		.uleb128 0x49
 959 00fd 13       		.uleb128 0x13
 960 00fe 11       		.uleb128 0x11
 961 00ff 01       		.uleb128 0x1
 962 0100 12       		.uleb128 0x12
 963 0101 06       		.uleb128 0x6
 964 0102 40       		.uleb128 0x40
 965 0103 18       		.uleb128 0x18
 966 0104 9742     		.uleb128 0x2117
 967 0106 19       		.uleb128 0x19
 968 0107 01       		.uleb128 0x1
 969 0108 13       		.uleb128 0x13
 970 0109 00       		.byte	0
 971 010a 00       		.byte	0
 972 010b 11       		.uleb128 0x11
 973 010c 34       		.uleb128 0x34
 974 010d 00       		.byte	0
 975 010e 03       		.uleb128 0x3
 976 010f 0E       		.uleb128 0xe
 977 0110 3A       		.uleb128 0x3a
 978 0111 0B       		.uleb128 0xb
 979 0112 3B       		.uleb128 0x3b
 980 0113 05       		.uleb128 0x5
 981 0114 49       		.uleb128 0x49
 982 0115 13       		.uleb128 0x13
 983 0116 02       		.uleb128 0x2
 984 0117 17       		.uleb128 0x17
 985 0118 00       		.byte	0
 986 0119 00       		.byte	0
 987 011a 12       		.uleb128 0x12
 988 011b 2E       		.uleb128 0x2e
 989 011c 00       		.byte	0
 990 011d 3F       		.uleb128 0x3f
 991 011e 19       		.uleb128 0x19
 992 011f 03       		.uleb128 0x3
 993 0120 0E       		.uleb128 0xe
 994 0121 3A       		.uleb128 0x3a
 995 0122 0B       		.uleb128 0xb
 996 0123 3B       		.uleb128 0x3b
 997 0124 05       		.uleb128 0x5
 998 0125 27       		.uleb128 0x27
 999 0126 19       		.uleb128 0x19
 1000 0127 11       		.uleb128 0x11
 1001 0128 01       		.uleb128 0x1
 1002 0129 12       		.uleb128 0x12
 1003 012a 06       		.uleb128 0x6
 1004 012b 40       		.uleb128 0x40
 1005 012c 18       		.uleb128 0x18
 1006 012d 9742     		.uleb128 0x2117
 1007 012f 19       		.uleb128 0x19
 1008 0130 00       		.byte	0
 1009 0131 00       		.byte	0
ARM GAS  C:\Users\DGILLI~1\AppData\Local\Temp\ccbtJYmk.s 			page 26


 1010 0132 13       		.uleb128 0x13
 1011 0133 2E       		.uleb128 0x2e
 1012 0134 00       		.byte	0
 1013 0135 3F       		.uleb128 0x3f
 1014 0136 19       		.uleb128 0x19
 1015 0137 03       		.uleb128 0x3
 1016 0138 0E       		.uleb128 0xe
 1017 0139 3A       		.uleb128 0x3a
 1018 013a 0B       		.uleb128 0xb
 1019 013b 3B       		.uleb128 0x3b
 1020 013c 05       		.uleb128 0x5
 1021 013d 27       		.uleb128 0x27
 1022 013e 19       		.uleb128 0x19
 1023 013f 49       		.uleb128 0x49
 1024 0140 13       		.uleb128 0x13
 1025 0141 11       		.uleb128 0x11
 1026 0142 01       		.uleb128 0x1
 1027 0143 12       		.uleb128 0x12
 1028 0144 06       		.uleb128 0x6
 1029 0145 40       		.uleb128 0x40
 1030 0146 18       		.uleb128 0x18
 1031 0147 9742     		.uleb128 0x2117
 1032 0149 19       		.uleb128 0x19
 1033 014a 00       		.byte	0
 1034 014b 00       		.byte	0
 1035 014c 14       		.uleb128 0x14
 1036 014d 898201   		.uleb128 0x4109
 1037 0150 00       		.byte	0
 1038 0151 11       		.uleb128 0x11
 1039 0152 01       		.uleb128 0x1
 1040 0153 31       		.uleb128 0x31
 1041 0154 13       		.uleb128 0x13
 1042 0155 00       		.byte	0
 1043 0156 00       		.byte	0
 1044 0157 15       		.uleb128 0x15
 1045 0158 898201   		.uleb128 0x4109
 1046 015b 01       		.byte	0x1
 1047 015c 11       		.uleb128 0x11
 1048 015d 01       		.uleb128 0x1
 1049 015e 31       		.uleb128 0x31
 1050 015f 13       		.uleb128 0x13
 1051 0160 01       		.uleb128 0x1
 1052 0161 13       		.uleb128 0x13
 1053 0162 00       		.byte	0
 1054 0163 00       		.byte	0
 1055 0164 16       		.uleb128 0x16
 1056 0165 8A8201   		.uleb128 0x410a
 1057 0168 00       		.byte	0
 1058 0169 02       		.uleb128 0x2
 1059 016a 18       		.uleb128 0x18
 1060 016b 9142     		.uleb128 0x2111
 1061 016d 18       		.uleb128 0x18
 1062 016e 00       		.byte	0
 1063 016f 00       		.byte	0
 1064 0170 17       		.uleb128 0x17
 1065 0171 05       		.uleb128 0x5
 1066 0172 00       		.byte	0
ARM GAS  C:\Users\DGILLI~1\AppData\Local\Temp\ccbtJYmk.s 			page 27


 1067 0173 03       		.uleb128 0x3
 1068 0174 0E       		.uleb128 0xe
 1069 0175 3A       		.uleb128 0x3a
 1070 0176 0B       		.uleb128 0xb
 1071 0177 3B       		.uleb128 0x3b
 1072 0178 0B       		.uleb128 0xb
 1073 0179 49       		.uleb128 0x49
 1074 017a 13       		.uleb128 0x13
 1075 017b 02       		.uleb128 0x2
 1076 017c 17       		.uleb128 0x17
 1077 017d 00       		.byte	0
 1078 017e 00       		.byte	0
 1079 017f 00       		.byte	0
 1080              		.section	.debug_loc,"",%progbits
 1081              	.Ldebug_loc0:
 1082              	.LLST0:
 1083 0000 00000000 		.4byte	.LVL3
 1084 0004 02000000 		.4byte	.LVL4
 1085 0008 0100     		.2byte	0x1
 1086 000a 50       		.byte	0x50
 1087 000b 02000000 		.4byte	.LVL4
 1088 000f 10000000 		.4byte	.LFE6
 1089 0013 0400     		.2byte	0x4
 1090 0015 F3       		.byte	0xf3
 1091 0016 01       		.uleb128 0x1
 1092 0017 50       		.byte	0x50
 1093 0018 9F       		.byte	0x9f
 1094 0019 00000000 		.4byte	0
 1095 001d 00000000 		.4byte	0
 1096              	.LLST1:
 1097 0021 04000000 		.4byte	.LVL5
 1098 0025 06000000 		.4byte	.LVL6
 1099 0029 0500     		.2byte	0x5
 1100 002b 70       		.byte	0x70
 1101 002c 00       		.sleb128 0
 1102 002d 35       		.byte	0x35
 1103 002e 25       		.byte	0x25
 1104 002f 9F       		.byte	0x9f
 1105 0030 00000000 		.4byte	0
 1106 0034 00000000 		.4byte	0
 1107              	.LLST2:
 1108 0038 00000000 		.4byte	.LVL11
 1109 003c 07000000 		.4byte	.LVL12-1
 1110 0040 0100     		.2byte	0x1
 1111 0042 50       		.byte	0x50
 1112 0043 07000000 		.4byte	.LVL12-1
 1113 0047 1A000000 		.4byte	.LFE1
 1114 004b 0100     		.2byte	0x1
 1115 004d 54       		.byte	0x54
 1116 004e 00000000 		.4byte	0
 1117 0052 00000000 		.4byte	0
 1118              		.section	.debug_aranges,"",%progbits
 1119 0000 7C000000 		.4byte	0x7c
 1120 0004 0200     		.2byte	0x2
 1121 0006 00000000 		.4byte	.Ldebug_info0
 1122 000a 04       		.byte	0x4
 1123 000b 00       		.byte	0
ARM GAS  C:\Users\DGILLI~1\AppData\Local\Temp\ccbtJYmk.s 			page 28


 1124 000c 0000     		.2byte	0
 1125 000e 0000     		.2byte	0
 1126 0010 00000000 		.4byte	.LFB3
 1127 0014 02000000 		.4byte	.LFE3-.LFB3
 1128 0018 00000000 		.4byte	.LFB4
 1129 001c 0C000000 		.4byte	.LFE4-.LFB4
 1130 0020 00000000 		.4byte	.LFB5
 1131 0024 0C000000 		.4byte	.LFE5-.LFB5
 1132 0028 00000000 		.4byte	.LFB6
 1133 002c 10000000 		.4byte	.LFE6-.LFB6
 1134 0030 00000000 		.4byte	.LFB7
 1135 0034 0C000000 		.4byte	.LFE7-.LFB7
 1136 0038 00000000 		.4byte	.LFB8
 1137 003c 0C000000 		.4byte	.LFE8-.LFB8
 1138 0040 00000000 		.4byte	.LFB9
 1139 0044 10000000 		.4byte	.LFE9-.LFB9
 1140 0048 00000000 		.4byte	.LFB10
 1141 004c 0C000000 		.4byte	.LFE10-.LFB10
 1142 0050 00000000 		.4byte	.LFB0
 1143 0054 1C000000 		.4byte	.LFE0-.LFB0
 1144 0058 00000000 		.4byte	.LFB1
 1145 005c 1A000000 		.4byte	.LFE1-.LFB1
 1146 0060 00000000 		.4byte	.LFB2
 1147 0064 14000000 		.4byte	.LFE2-.LFB2
 1148 0068 00000000 		.4byte	.LFB11
 1149 006c 0C000000 		.4byte	.LFE11-.LFB11
 1150 0070 00000000 		.4byte	.LFB12
 1151 0074 0C000000 		.4byte	.LFE12-.LFB12
 1152 0078 00000000 		.4byte	0
 1153 007c 00000000 		.4byte	0
 1154              		.section	.debug_ranges,"",%progbits
 1155              	.Ldebug_ranges0:
 1156 0000 00000000 		.4byte	.LFB3
 1157 0004 02000000 		.4byte	.LFE3
 1158 0008 00000000 		.4byte	.LFB4
 1159 000c 0C000000 		.4byte	.LFE4
 1160 0010 00000000 		.4byte	.LFB5
 1161 0014 0C000000 		.4byte	.LFE5
 1162 0018 00000000 		.4byte	.LFB6
 1163 001c 10000000 		.4byte	.LFE6
 1164 0020 00000000 		.4byte	.LFB7
 1165 0024 0C000000 		.4byte	.LFE7
 1166 0028 00000000 		.4byte	.LFB8
 1167 002c 0C000000 		.4byte	.LFE8
 1168 0030 00000000 		.4byte	.LFB9
 1169 0034 10000000 		.4byte	.LFE9
 1170 0038 00000000 		.4byte	.LFB10
 1171 003c 0C000000 		.4byte	.LFE10
 1172 0040 00000000 		.4byte	.LFB0
 1173 0044 1C000000 		.4byte	.LFE0
 1174 0048 00000000 		.4byte	.LFB1
 1175 004c 1A000000 		.4byte	.LFE1
 1176 0050 00000000 		.4byte	.LFB2
 1177 0054 14000000 		.4byte	.LFE2
 1178 0058 00000000 		.4byte	.LFB11
 1179 005c 0C000000 		.4byte	.LFE11
 1180 0060 00000000 		.4byte	.LFB12
ARM GAS  C:\Users\DGILLI~1\AppData\Local\Temp\ccbtJYmk.s 			page 29


 1181 0064 0C000000 		.4byte	.LFE12
 1182 0068 00000000 		.4byte	0
 1183 006c 00000000 		.4byte	0
 1184              		.section	.debug_line,"",%progbits
 1185              	.Ldebug_line0:
 1186 0000 4F010000 		.section	.debug_str,"MS",%progbits,1
 1186      02006300 
 1186      00000201 
 1186      FB0E0D00 
 1186      01010101 
 1187              	.LASF7:
 1188 0000 6C6F6E67 		.ascii	"long long int\000"
 1188      206C6F6E 
 1188      6720696E 
 1188      7400
 1189              	.LASF16:
 1190 000e 72656733 		.ascii	"reg32\000"
 1190      3200
 1191              	.LASF29:
 1192 0014 4144435F 		.ascii	"ADC_SAR_1_IRQ_StartEx\000"
 1192      5341525F 
 1192      315F4952 
 1192      515F5374 
 1192      61727445 
 1193              	.LASF19:
 1194 002a 4144435F 		.ascii	"ADC_SAR_1_IRQ_SetVector\000"
 1194      5341525F 
 1194      315F4952 
 1194      515F5365 
 1194      74566563 
 1195              	.LASF30:
 1196 0042 4144435F 		.ascii	"ADC_SAR_1_IRQ_Stop\000"
 1196      5341525F 
 1196      315F4952 
 1196      515F5374 
 1196      6F7000
 1197              	.LASF4:
 1198 0055 73686F72 		.ascii	"short unsigned int\000"
 1198      7420756E 
 1198      7369676E 
 1198      65642069 
 1198      6E7400
 1199              	.LASF0:
 1200 0068 756E7369 		.ascii	"unsigned int\000"
 1200      676E6564 
 1200      20696E74 
 1200      00
 1201              	.LASF13:
 1202 0075 666C6F61 		.ascii	"float\000"
 1202      7400
 1203              	.LASF27:
 1204 007b 4144435F 		.ascii	"ADC_SAR_1_IRQ_Disable\000"
 1204      5341525F 
 1204      315F4952 
 1204      515F4469 
 1204      7361626C 
 1205              	.LASF2:
ARM GAS  C:\Users\DGILLI~1\AppData\Local\Temp\ccbtJYmk.s 			page 30


 1206 0091 756E7369 		.ascii	"unsigned char\000"
 1206      676E6564 
 1206      20636861 
 1206      7200
 1207              	.LASF15:
 1208 009f 72656738 		.ascii	"reg8\000"
 1208      00
 1209              	.LASF6:
 1210 00a4 6C6F6E67 		.ascii	"long unsigned int\000"
 1210      20756E73 
 1210      69676E65 
 1210      6420696E 
 1210      7400
 1211              	.LASF11:
 1212 00b6 75696E74 		.ascii	"uint8\000"
 1212      3800
 1213              	.LASF22:
 1214 00bc 7072696F 		.ascii	"priority\000"
 1214      72697479 
 1214      00
 1215              	.LASF14:
 1216 00c5 646F7562 		.ascii	"double\000"
 1216      6C6500
 1217              	.LASF3:
 1218 00cc 73686F72 		.ascii	"short int\000"
 1218      7420696E 
 1218      7400
 1219              	.LASF34:
 1220 00d6 2E5C4765 		.ascii	".\\Generated_Source\\PSoC5\\ADC_SAR_1_IRQ.c\000"
 1220      6E657261 
 1220      7465645F 
 1220      536F7572 
 1220      63655C50 
 1221              	.LASF28:
 1222 00ff 4144435F 		.ascii	"ADC_SAR_1_IRQ_Start\000"
 1222      5341525F 
 1222      315F4952 
 1222      515F5374 
 1222      61727400 
 1223              	.LASF12:
 1224 0113 75696E74 		.ascii	"uint32\000"
 1224      333200
 1225              	.LASF33:
 1226 011a 474E5520 		.ascii	"GNU C 4.9.3 20150303 (release) [ARM/embedded-4_9-br"
 1226      4320342E 
 1226      392E3320 
 1226      32303135 
 1226      30333033 
 1227 014d 616E6368 		.ascii	"anch revision 221220] -mcpu=cortex-m3 -mthumb -g -O"
 1227      20726576 
 1227      6973696F 
 1227      6E203232 
 1227      31323230 
 1228 0180 67202D66 		.ascii	"g -ffunction-sections -ffat-lto-objects\000"
 1228      66756E63 
 1228      74696F6E 
 1228      2D736563 
ARM GAS  C:\Users\DGILLI~1\AppData\Local\Temp\ccbtJYmk.s 			page 31


 1228      74696F6E 
 1229              	.LASF35:
 1230 01a8 433A5C55 		.ascii	"C:\\Users\\DGilliland\\Desktop\\ThereminPSOC\\There"
 1230      73657273 
 1230      5C444769 
 1230      6C6C696C 
 1230      616E645C 
 1231 01d6 6D696E5C 		.ascii	"min\\ThereminPSOC.cydsn\000"
 1231      54686572 
 1231      656D696E 
 1231      50534F43 
 1231      2E637964 
 1232              	.LASF24:
 1233 01ed 4144435F 		.ascii	"ADC_SAR_1_IRQ_GetPriority\000"
 1233      5341525F 
 1233      315F4952 
 1233      515F4765 
 1233      74507269 
 1234              	.LASF21:
 1235 0207 61646472 		.ascii	"address\000"
 1235      65737300 
 1236              	.LASF8:
 1237 020f 6C6F6E67 		.ascii	"long long unsigned int\000"
 1237      206C6F6E 
 1237      6720756E 
 1237      7369676E 
 1237      65642069 
 1238              	.LASF17:
 1239 0226 63796973 		.ascii	"cyisraddress\000"
 1239      72616464 
 1239      72657373 
 1239      00
 1240              	.LASF9:
 1241 0233 73697A65 		.ascii	"sizetype\000"
 1241      74797065 
 1241      00
 1242              	.LASF26:
 1243 023c 4144435F 		.ascii	"ADC_SAR_1_IRQ_Enable\000"
 1243      5341525F 
 1243      315F4952 
 1243      515F456E 
 1243      61626C65 
 1244              	.LASF10:
 1245 0251 63686172 		.ascii	"char\000"
 1245      00
 1246              	.LASF18:
 1247 0256 72616D56 		.ascii	"ramVectorTable\000"
 1247      6563746F 
 1247      72546162 
 1247      6C6500
 1248              	.LASF23:
 1249 0265 4144435F 		.ascii	"ADC_SAR_1_IRQ_GetVector\000"
 1249      5341525F 
 1249      315F4952 
 1249      515F4765 
 1249      74566563 
 1250              	.LASF25:
ARM GAS  C:\Users\DGILLI~1\AppData\Local\Temp\ccbtJYmk.s 			page 32


 1251 027d 4144435F 		.ascii	"ADC_SAR_1_IRQ_Interrupt\000"
 1251      5341525F 
 1251      315F4952 
 1251      515F496E 
 1251      74657272 
 1252              	.LASF36:
 1253 0295 4144435F 		.ascii	"ADC_SAR_1_IRQ_GetState\000"
 1253      5341525F 
 1253      315F4952 
 1253      515F4765 
 1253      74537461 
 1254              	.LASF20:
 1255 02ac 4144435F 		.ascii	"ADC_SAR_1_IRQ_SetPriority\000"
 1255      5341525F 
 1255      315F4952 
 1255      515F5365 
 1255      74507269 
 1256              	.LASF32:
 1257 02c6 4144435F 		.ascii	"ADC_SAR_1_IRQ_ClearPending\000"
 1257      5341525F 
 1257      315F4952 
 1257      515F436C 
 1257      65617250 
 1258              	.LASF5:
 1259 02e1 6C6F6E67 		.ascii	"long int\000"
 1259      20696E74 
 1259      00
 1260              	.LASF1:
 1261 02ea 7369676E 		.ascii	"signed char\000"
 1261      65642063 
 1261      68617200 
 1262              	.LASF31:
 1263 02f6 4144435F 		.ascii	"ADC_SAR_1_IRQ_SetPending\000"
 1263      5341525F 
 1263      315F4952 
 1263      515F5365 
 1263      7450656E 
 1264              		.ident	"GCC: (GNU Tools for ARM Embedded Processors) 4.9.3 20150303 (release) [ARM/embedded-4_9-br
