ARM GAS  C:\Users\DGILLI~1\AppData\Local\Temp\ccKwPcYq.s 			page 1


   1              		.syntax unified
   2              		.cpu cortex-m3
   3              		.fpu softvfp
   4              		.eabi_attribute 20, 1
   5              		.eabi_attribute 21, 1
   6              		.eabi_attribute 23, 3
   7              		.eabi_attribute 24, 1
   8              		.eabi_attribute 25, 1
   9              		.eabi_attribute 26, 1
  10              		.eabi_attribute 30, 1
  11              		.eabi_attribute 34, 1
  12              		.eabi_attribute 18, 4
  13              		.thumb
  14              		.file	"WaveDAC8_1_VDAC8_PM.c"
  15              		.text
  16              	.Ltext0:
  17              		.cfi_sections	.debug_frame
  18              		.section	.text.WaveDAC8_1_VDAC8_SaveConfig,"ax",%progbits
  19              		.align	2
  20              		.global	WaveDAC8_1_VDAC8_SaveConfig
  21              		.thumb
  22              		.thumb_func
  23              		.type	WaveDAC8_1_VDAC8_SaveConfig, %function
  24              	WaveDAC8_1_VDAC8_SaveConfig:
  25              	.LFB0:
  26              		.file 1 ".\\Generated_Source\\PSoC5\\WaveDAC8_1_VDAC8_PM.c"
   1:.\Generated_Source\PSoC5/WaveDAC8_1_VDAC8_PM.c **** /*******************************************************************************
   2:.\Generated_Source\PSoC5/WaveDAC8_1_VDAC8_PM.c **** * File Name: WaveDAC8_1_VDAC8_PM.c  
   3:.\Generated_Source\PSoC5/WaveDAC8_1_VDAC8_PM.c **** * Version 1.90
   4:.\Generated_Source\PSoC5/WaveDAC8_1_VDAC8_PM.c **** *
   5:.\Generated_Source\PSoC5/WaveDAC8_1_VDAC8_PM.c **** * Description:
   6:.\Generated_Source\PSoC5/WaveDAC8_1_VDAC8_PM.c **** *  This file provides the power management source code to API for the
   7:.\Generated_Source\PSoC5/WaveDAC8_1_VDAC8_PM.c **** *  VDAC8.  
   8:.\Generated_Source\PSoC5/WaveDAC8_1_VDAC8_PM.c **** *
   9:.\Generated_Source\PSoC5/WaveDAC8_1_VDAC8_PM.c **** * Note:
  10:.\Generated_Source\PSoC5/WaveDAC8_1_VDAC8_PM.c **** *  None
  11:.\Generated_Source\PSoC5/WaveDAC8_1_VDAC8_PM.c **** *
  12:.\Generated_Source\PSoC5/WaveDAC8_1_VDAC8_PM.c **** ********************************************************************************
  13:.\Generated_Source\PSoC5/WaveDAC8_1_VDAC8_PM.c **** * Copyright 2008-2012, Cypress Semiconductor Corporation.  All rights reserved.
  14:.\Generated_Source\PSoC5/WaveDAC8_1_VDAC8_PM.c **** * You may use this file only in accordance with the license, terms, conditions, 
  15:.\Generated_Source\PSoC5/WaveDAC8_1_VDAC8_PM.c **** * disclaimers, and limitations in the end user license agreement accompanying 
  16:.\Generated_Source\PSoC5/WaveDAC8_1_VDAC8_PM.c **** * the software package with which this file was provided.
  17:.\Generated_Source\PSoC5/WaveDAC8_1_VDAC8_PM.c **** *******************************************************************************/
  18:.\Generated_Source\PSoC5/WaveDAC8_1_VDAC8_PM.c **** 
  19:.\Generated_Source\PSoC5/WaveDAC8_1_VDAC8_PM.c **** #include "WaveDAC8_1_VDAC8.h"
  20:.\Generated_Source\PSoC5/WaveDAC8_1_VDAC8_PM.c **** 
  21:.\Generated_Source\PSoC5/WaveDAC8_1_VDAC8_PM.c **** static WaveDAC8_1_VDAC8_backupStruct WaveDAC8_1_VDAC8_backup;
  22:.\Generated_Source\PSoC5/WaveDAC8_1_VDAC8_PM.c **** 
  23:.\Generated_Source\PSoC5/WaveDAC8_1_VDAC8_PM.c **** 
  24:.\Generated_Source\PSoC5/WaveDAC8_1_VDAC8_PM.c **** /*******************************************************************************
  25:.\Generated_Source\PSoC5/WaveDAC8_1_VDAC8_PM.c **** * Function Name: WaveDAC8_1_VDAC8_SaveConfig
  26:.\Generated_Source\PSoC5/WaveDAC8_1_VDAC8_PM.c **** ********************************************************************************
  27:.\Generated_Source\PSoC5/WaveDAC8_1_VDAC8_PM.c **** * Summary:
  28:.\Generated_Source\PSoC5/WaveDAC8_1_VDAC8_PM.c **** *  Save the current user configuration
  29:.\Generated_Source\PSoC5/WaveDAC8_1_VDAC8_PM.c **** *
  30:.\Generated_Source\PSoC5/WaveDAC8_1_VDAC8_PM.c **** * Parameters:  
  31:.\Generated_Source\PSoC5/WaveDAC8_1_VDAC8_PM.c **** *  void  
ARM GAS  C:\Users\DGILLI~1\AppData\Local\Temp\ccKwPcYq.s 			page 2


  32:.\Generated_Source\PSoC5/WaveDAC8_1_VDAC8_PM.c **** *
  33:.\Generated_Source\PSoC5/WaveDAC8_1_VDAC8_PM.c **** * Return: 
  34:.\Generated_Source\PSoC5/WaveDAC8_1_VDAC8_PM.c **** *  void
  35:.\Generated_Source\PSoC5/WaveDAC8_1_VDAC8_PM.c **** *
  36:.\Generated_Source\PSoC5/WaveDAC8_1_VDAC8_PM.c **** *******************************************************************************/
  37:.\Generated_Source\PSoC5/WaveDAC8_1_VDAC8_PM.c **** void WaveDAC8_1_VDAC8_SaveConfig(void) 
  38:.\Generated_Source\PSoC5/WaveDAC8_1_VDAC8_PM.c **** {
  27              		.loc 1 38 0
  28              		.cfi_startproc
  29              		@ args = 0, pretend = 0, frame = 0
  30              		@ frame_needed = 0, uses_anonymous_args = 0
  31              		@ link register save eliminated.
  39:.\Generated_Source\PSoC5/WaveDAC8_1_VDAC8_PM.c ****     if (!((WaveDAC8_1_VDAC8_CR1 & WaveDAC8_1_VDAC8_SRC_MASK) == WaveDAC8_1_VDAC8_SRC_UDB))
  32              		.loc 1 39 0
  33 0000 044B     		ldr	r3, .L3
  34 0002 1B78     		ldrb	r3, [r3]	@ zero_extendqisi2
  35 0004 13F0200F 		tst	r3, #32
  36 0008 03D1     		bne	.L1
  40:.\Generated_Source\PSoC5/WaveDAC8_1_VDAC8_PM.c ****     {
  41:.\Generated_Source\PSoC5/WaveDAC8_1_VDAC8_PM.c ****         WaveDAC8_1_VDAC8_backup.data_value = WaveDAC8_1_VDAC8_Data;
  37              		.loc 1 41 0
  38 000a 034B     		ldr	r3, .L3+4
  39 000c 1A78     		ldrb	r2, [r3]	@ zero_extendqisi2
  40 000e 034B     		ldr	r3, .L3+8
  41 0010 5A70     		strb	r2, [r3, #1]
  42              	.L1:
  43 0012 7047     		bx	lr
  44              	.L4:
  45              		.align	2
  46              	.L3:
  47 0014 2D580040 		.word	1073764397
  48 0018 835B0040 		.word	1073765251
  49 001c 00000000 		.word	.LANCHOR0
  50              		.cfi_endproc
  51              	.LFE0:
  52              		.size	WaveDAC8_1_VDAC8_SaveConfig, .-WaveDAC8_1_VDAC8_SaveConfig
  53              		.section	.text.WaveDAC8_1_VDAC8_RestoreConfig,"ax",%progbits
  54              		.align	2
  55              		.global	WaveDAC8_1_VDAC8_RestoreConfig
  56              		.thumb
  57              		.thumb_func
  58              		.type	WaveDAC8_1_VDAC8_RestoreConfig, %function
  59              	WaveDAC8_1_VDAC8_RestoreConfig:
  60              	.LFB1:
  42:.\Generated_Source\PSoC5/WaveDAC8_1_VDAC8_PM.c ****     }
  43:.\Generated_Source\PSoC5/WaveDAC8_1_VDAC8_PM.c **** }
  44:.\Generated_Source\PSoC5/WaveDAC8_1_VDAC8_PM.c **** 
  45:.\Generated_Source\PSoC5/WaveDAC8_1_VDAC8_PM.c **** 
  46:.\Generated_Source\PSoC5/WaveDAC8_1_VDAC8_PM.c **** /*******************************************************************************
  47:.\Generated_Source\PSoC5/WaveDAC8_1_VDAC8_PM.c **** * Function Name: WaveDAC8_1_VDAC8_RestoreConfig
  48:.\Generated_Source\PSoC5/WaveDAC8_1_VDAC8_PM.c **** ********************************************************************************
  49:.\Generated_Source\PSoC5/WaveDAC8_1_VDAC8_PM.c **** *
  50:.\Generated_Source\PSoC5/WaveDAC8_1_VDAC8_PM.c **** * Summary:
  51:.\Generated_Source\PSoC5/WaveDAC8_1_VDAC8_PM.c **** *  Restores the current user configuration.
  52:.\Generated_Source\PSoC5/WaveDAC8_1_VDAC8_PM.c **** *
  53:.\Generated_Source\PSoC5/WaveDAC8_1_VDAC8_PM.c **** * Parameters:  
  54:.\Generated_Source\PSoC5/WaveDAC8_1_VDAC8_PM.c **** *  void
ARM GAS  C:\Users\DGILLI~1\AppData\Local\Temp\ccKwPcYq.s 			page 3


  55:.\Generated_Source\PSoC5/WaveDAC8_1_VDAC8_PM.c **** *
  56:.\Generated_Source\PSoC5/WaveDAC8_1_VDAC8_PM.c **** * Return: 
  57:.\Generated_Source\PSoC5/WaveDAC8_1_VDAC8_PM.c **** *  void
  58:.\Generated_Source\PSoC5/WaveDAC8_1_VDAC8_PM.c **** *
  59:.\Generated_Source\PSoC5/WaveDAC8_1_VDAC8_PM.c **** *******************************************************************************/
  60:.\Generated_Source\PSoC5/WaveDAC8_1_VDAC8_PM.c **** void WaveDAC8_1_VDAC8_RestoreConfig(void) 
  61:.\Generated_Source\PSoC5/WaveDAC8_1_VDAC8_PM.c **** {
  61              		.loc 1 61 0
  62              		.cfi_startproc
  63              		@ args = 0, pretend = 0, frame = 0
  64              		@ frame_needed = 0, uses_anonymous_args = 0
  65              		@ link register save eliminated.
  62:.\Generated_Source\PSoC5/WaveDAC8_1_VDAC8_PM.c ****     if (!((WaveDAC8_1_VDAC8_CR1 & WaveDAC8_1_VDAC8_SRC_MASK) == WaveDAC8_1_VDAC8_SRC_UDB))
  66              		.loc 1 62 0
  67 0000 0E4B     		ldr	r3, .L8
  68 0002 1B78     		ldrb	r3, [r3]	@ zero_extendqisi2
  69 0004 13F0200F 		tst	r3, #32
  70 0008 16D1     		bne	.L5
  63:.\Generated_Source\PSoC5/WaveDAC8_1_VDAC8_PM.c ****     {
  64:.\Generated_Source\PSoC5/WaveDAC8_1_VDAC8_PM.c ****         if((WaveDAC8_1_VDAC8_Strobe & WaveDAC8_1_VDAC8_STRB_MASK) == WaveDAC8_1_VDAC8_STRB_EN)
  71              		.loc 1 64 0
  72 000a 0D4B     		ldr	r3, .L8+4
  73 000c 1B78     		ldrb	r3, [r3]	@ zero_extendqisi2
  74 000e 13F0080F 		tst	r3, #8
  75 0012 0DD0     		beq	.L7
  65:.\Generated_Source\PSoC5/WaveDAC8_1_VDAC8_PM.c ****         {
  66:.\Generated_Source\PSoC5/WaveDAC8_1_VDAC8_PM.c ****             WaveDAC8_1_VDAC8_Strobe &= (uint8)(~WaveDAC8_1_VDAC8_STRB_MASK);
  76              		.loc 1 66 0
  77 0014 0A4B     		ldr	r3, .L8+4
  78 0016 1A78     		ldrb	r2, [r3]	@ zero_extendqisi2
  79 0018 02F0F702 		and	r2, r2, #247
  80 001c 1A70     		strb	r2, [r3]
  67:.\Generated_Source\PSoC5/WaveDAC8_1_VDAC8_PM.c ****             WaveDAC8_1_VDAC8_Data = WaveDAC8_1_VDAC8_backup.data_value;
  81              		.loc 1 67 0
  82 001e 094A     		ldr	r2, .L8+8
  83 0020 5178     		ldrb	r1, [r2, #1]	@ zero_extendqisi2
  84 0022 094A     		ldr	r2, .L8+12
  85 0024 1170     		strb	r1, [r2]
  68:.\Generated_Source\PSoC5/WaveDAC8_1_VDAC8_PM.c ****             WaveDAC8_1_VDAC8_Strobe |= WaveDAC8_1_VDAC8_STRB_EN;
  86              		.loc 1 68 0
  87 0026 1A78     		ldrb	r2, [r3]	@ zero_extendqisi2
  88 0028 42F00802 		orr	r2, r2, #8
  89 002c 1A70     		strb	r2, [r3]
  90 002e 7047     		bx	lr
  91              	.L7:
  69:.\Generated_Source\PSoC5/WaveDAC8_1_VDAC8_PM.c ****         }
  70:.\Generated_Source\PSoC5/WaveDAC8_1_VDAC8_PM.c ****         else
  71:.\Generated_Source\PSoC5/WaveDAC8_1_VDAC8_PM.c ****         {
  72:.\Generated_Source\PSoC5/WaveDAC8_1_VDAC8_PM.c ****             WaveDAC8_1_VDAC8_Data = WaveDAC8_1_VDAC8_backup.data_value;
  92              		.loc 1 72 0
  93 0030 044B     		ldr	r3, .L8+8
  94 0032 5A78     		ldrb	r2, [r3, #1]	@ zero_extendqisi2
  95 0034 044B     		ldr	r3, .L8+12
  96 0036 1A70     		strb	r2, [r3]
  97              	.L5:
  98 0038 7047     		bx	lr
  99              	.L9:
ARM GAS  C:\Users\DGILLI~1\AppData\Local\Temp\ccKwPcYq.s 			page 4


 100 003a 00BF     		.align	2
 101              	.L8:
 102 003c 2D580040 		.word	1073764397
 103 0040 9F5A0040 		.word	1073765023
 104 0044 00000000 		.word	.LANCHOR0
 105 0048 835B0040 		.word	1073765251
 106              		.cfi_endproc
 107              	.LFE1:
 108              		.size	WaveDAC8_1_VDAC8_RestoreConfig, .-WaveDAC8_1_VDAC8_RestoreConfig
 109              		.section	.text.WaveDAC8_1_VDAC8_Sleep,"ax",%progbits
 110              		.align	2
 111              		.global	WaveDAC8_1_VDAC8_Sleep
 112              		.thumb
 113              		.thumb_func
 114              		.type	WaveDAC8_1_VDAC8_Sleep, %function
 115              	WaveDAC8_1_VDAC8_Sleep:
 116              	.LFB2:
  73:.\Generated_Source\PSoC5/WaveDAC8_1_VDAC8_PM.c ****         }
  74:.\Generated_Source\PSoC5/WaveDAC8_1_VDAC8_PM.c ****     }
  75:.\Generated_Source\PSoC5/WaveDAC8_1_VDAC8_PM.c **** }
  76:.\Generated_Source\PSoC5/WaveDAC8_1_VDAC8_PM.c **** 
  77:.\Generated_Source\PSoC5/WaveDAC8_1_VDAC8_PM.c **** 
  78:.\Generated_Source\PSoC5/WaveDAC8_1_VDAC8_PM.c **** /*******************************************************************************
  79:.\Generated_Source\PSoC5/WaveDAC8_1_VDAC8_PM.c **** * Function Name: WaveDAC8_1_VDAC8_Sleep
  80:.\Generated_Source\PSoC5/WaveDAC8_1_VDAC8_PM.c **** ********************************************************************************
  81:.\Generated_Source\PSoC5/WaveDAC8_1_VDAC8_PM.c **** * Summary:
  82:.\Generated_Source\PSoC5/WaveDAC8_1_VDAC8_PM.c **** *  Stop and Save the user configuration
  83:.\Generated_Source\PSoC5/WaveDAC8_1_VDAC8_PM.c **** *
  84:.\Generated_Source\PSoC5/WaveDAC8_1_VDAC8_PM.c **** * Parameters:  
  85:.\Generated_Source\PSoC5/WaveDAC8_1_VDAC8_PM.c **** *  void:  
  86:.\Generated_Source\PSoC5/WaveDAC8_1_VDAC8_PM.c **** *
  87:.\Generated_Source\PSoC5/WaveDAC8_1_VDAC8_PM.c **** * Return: 
  88:.\Generated_Source\PSoC5/WaveDAC8_1_VDAC8_PM.c **** *  void
  89:.\Generated_Source\PSoC5/WaveDAC8_1_VDAC8_PM.c **** *
  90:.\Generated_Source\PSoC5/WaveDAC8_1_VDAC8_PM.c **** * Global variables:
  91:.\Generated_Source\PSoC5/WaveDAC8_1_VDAC8_PM.c **** *  WaveDAC8_1_VDAC8_backup.enableState:  Is modified depending on the enable 
  92:.\Generated_Source\PSoC5/WaveDAC8_1_VDAC8_PM.c **** *  state  of the block before entering sleep mode.
  93:.\Generated_Source\PSoC5/WaveDAC8_1_VDAC8_PM.c **** *
  94:.\Generated_Source\PSoC5/WaveDAC8_1_VDAC8_PM.c **** *******************************************************************************/
  95:.\Generated_Source\PSoC5/WaveDAC8_1_VDAC8_PM.c **** void WaveDAC8_1_VDAC8_Sleep(void) 
  96:.\Generated_Source\PSoC5/WaveDAC8_1_VDAC8_PM.c **** {
 117              		.loc 1 96 0
 118              		.cfi_startproc
 119              		@ args = 0, pretend = 0, frame = 0
 120              		@ frame_needed = 0, uses_anonymous_args = 0
 121 0000 08B5     		push	{r3, lr}
 122              		.cfi_def_cfa_offset 8
 123              		.cfi_offset 3, -8
 124              		.cfi_offset 14, -4
  97:.\Generated_Source\PSoC5/WaveDAC8_1_VDAC8_PM.c ****     /* Save VDAC8's enable state */    
  98:.\Generated_Source\PSoC5/WaveDAC8_1_VDAC8_PM.c ****     if(WaveDAC8_1_VDAC8_ACT_PWR_EN == (WaveDAC8_1_VDAC8_PWRMGR & WaveDAC8_1_VDAC8_ACT_PWR_EN))
 125              		.loc 1 98 0
 126 0002 084B     		ldr	r3, .L14
 127 0004 1B78     		ldrb	r3, [r3]	@ zero_extendqisi2
 128 0006 13F0080F 		tst	r3, #8
 129 000a 03D0     		beq	.L11
  99:.\Generated_Source\PSoC5/WaveDAC8_1_VDAC8_PM.c ****     {
ARM GAS  C:\Users\DGILLI~1\AppData\Local\Temp\ccKwPcYq.s 			page 5


 100:.\Generated_Source\PSoC5/WaveDAC8_1_VDAC8_PM.c ****         /* VDAC8 is enabled */
 101:.\Generated_Source\PSoC5/WaveDAC8_1_VDAC8_PM.c ****         WaveDAC8_1_VDAC8_backup.enableState = 1u;
 130              		.loc 1 101 0
 131 000c 0122     		movs	r2, #1
 132 000e 064B     		ldr	r3, .L14+4
 133 0010 1A70     		strb	r2, [r3]
 134 0012 02E0     		b	.L12
 135              	.L11:
 102:.\Generated_Source\PSoC5/WaveDAC8_1_VDAC8_PM.c ****     }
 103:.\Generated_Source\PSoC5/WaveDAC8_1_VDAC8_PM.c ****     else
 104:.\Generated_Source\PSoC5/WaveDAC8_1_VDAC8_PM.c ****     {
 105:.\Generated_Source\PSoC5/WaveDAC8_1_VDAC8_PM.c ****         /* VDAC8 is disabled */
 106:.\Generated_Source\PSoC5/WaveDAC8_1_VDAC8_PM.c ****         WaveDAC8_1_VDAC8_backup.enableState = 0u;
 136              		.loc 1 106 0
 137 0014 0022     		movs	r2, #0
 138 0016 044B     		ldr	r3, .L14+4
 139 0018 1A70     		strb	r2, [r3]
 140              	.L12:
 107:.\Generated_Source\PSoC5/WaveDAC8_1_VDAC8_PM.c ****     }
 108:.\Generated_Source\PSoC5/WaveDAC8_1_VDAC8_PM.c ****     
 109:.\Generated_Source\PSoC5/WaveDAC8_1_VDAC8_PM.c ****     WaveDAC8_1_VDAC8_Stop();
 141              		.loc 1 109 0
 142 001a FFF7FEFF 		bl	WaveDAC8_1_VDAC8_Stop
 143              	.LVL0:
 110:.\Generated_Source\PSoC5/WaveDAC8_1_VDAC8_PM.c ****     WaveDAC8_1_VDAC8_SaveConfig();
 144              		.loc 1 110 0
 145 001e FFF7FEFF 		bl	WaveDAC8_1_VDAC8_SaveConfig
 146              	.LVL1:
 147 0022 08BD     		pop	{r3, pc}
 148              	.L15:
 149              		.align	2
 150              	.L14:
 151 0024 A8430040 		.word	1073759144
 152 0028 00000000 		.word	.LANCHOR0
 153              		.cfi_endproc
 154              	.LFE2:
 155              		.size	WaveDAC8_1_VDAC8_Sleep, .-WaveDAC8_1_VDAC8_Sleep
 156              		.section	.text.WaveDAC8_1_VDAC8_Wakeup,"ax",%progbits
 157              		.align	2
 158              		.global	WaveDAC8_1_VDAC8_Wakeup
 159              		.thumb
 160              		.thumb_func
 161              		.type	WaveDAC8_1_VDAC8_Wakeup, %function
 162              	WaveDAC8_1_VDAC8_Wakeup:
 163              	.LFB3:
 111:.\Generated_Source\PSoC5/WaveDAC8_1_VDAC8_PM.c **** }
 112:.\Generated_Source\PSoC5/WaveDAC8_1_VDAC8_PM.c **** 
 113:.\Generated_Source\PSoC5/WaveDAC8_1_VDAC8_PM.c **** 
 114:.\Generated_Source\PSoC5/WaveDAC8_1_VDAC8_PM.c **** /*******************************************************************************
 115:.\Generated_Source\PSoC5/WaveDAC8_1_VDAC8_PM.c **** * Function Name: WaveDAC8_1_VDAC8_Wakeup
 116:.\Generated_Source\PSoC5/WaveDAC8_1_VDAC8_PM.c **** ********************************************************************************
 117:.\Generated_Source\PSoC5/WaveDAC8_1_VDAC8_PM.c **** *
 118:.\Generated_Source\PSoC5/WaveDAC8_1_VDAC8_PM.c **** * Summary:
 119:.\Generated_Source\PSoC5/WaveDAC8_1_VDAC8_PM.c **** *  Restores and enables the user configuration
 120:.\Generated_Source\PSoC5/WaveDAC8_1_VDAC8_PM.c **** *  
 121:.\Generated_Source\PSoC5/WaveDAC8_1_VDAC8_PM.c **** * Parameters:  
 122:.\Generated_Source\PSoC5/WaveDAC8_1_VDAC8_PM.c **** *  void
ARM GAS  C:\Users\DGILLI~1\AppData\Local\Temp\ccKwPcYq.s 			page 6


 123:.\Generated_Source\PSoC5/WaveDAC8_1_VDAC8_PM.c **** *
 124:.\Generated_Source\PSoC5/WaveDAC8_1_VDAC8_PM.c **** * Return: 
 125:.\Generated_Source\PSoC5/WaveDAC8_1_VDAC8_PM.c **** *  void
 126:.\Generated_Source\PSoC5/WaveDAC8_1_VDAC8_PM.c **** *
 127:.\Generated_Source\PSoC5/WaveDAC8_1_VDAC8_PM.c **** * Global variables:
 128:.\Generated_Source\PSoC5/WaveDAC8_1_VDAC8_PM.c **** *  WaveDAC8_1_VDAC8_backup.enableState:  Is used to restore the enable state of 
 129:.\Generated_Source\PSoC5/WaveDAC8_1_VDAC8_PM.c **** *  block on wakeup from sleep mode.
 130:.\Generated_Source\PSoC5/WaveDAC8_1_VDAC8_PM.c **** *
 131:.\Generated_Source\PSoC5/WaveDAC8_1_VDAC8_PM.c **** *******************************************************************************/
 132:.\Generated_Source\PSoC5/WaveDAC8_1_VDAC8_PM.c **** void WaveDAC8_1_VDAC8_Wakeup(void) 
 133:.\Generated_Source\PSoC5/WaveDAC8_1_VDAC8_PM.c **** {
 164              		.loc 1 133 0
 165              		.cfi_startproc
 166              		@ args = 0, pretend = 0, frame = 0
 167              		@ frame_needed = 0, uses_anonymous_args = 0
 168 0000 08B5     		push	{r3, lr}
 169              		.cfi_def_cfa_offset 8
 170              		.cfi_offset 3, -8
 171              		.cfi_offset 14, -4
 134:.\Generated_Source\PSoC5/WaveDAC8_1_VDAC8_PM.c ****     WaveDAC8_1_VDAC8_RestoreConfig();
 172              		.loc 1 134 0
 173 0002 FFF7FEFF 		bl	WaveDAC8_1_VDAC8_RestoreConfig
 174              	.LVL2:
 135:.\Generated_Source\PSoC5/WaveDAC8_1_VDAC8_PM.c ****     
 136:.\Generated_Source\PSoC5/WaveDAC8_1_VDAC8_PM.c ****     if(WaveDAC8_1_VDAC8_backup.enableState == 1u)
 175              		.loc 1 136 0
 176 0006 054B     		ldr	r3, .L19
 177 0008 1B78     		ldrb	r3, [r3]	@ zero_extendqisi2
 178 000a 012B     		cmp	r3, #1
 179 000c 05D1     		bne	.L16
 137:.\Generated_Source\PSoC5/WaveDAC8_1_VDAC8_PM.c ****     {
 138:.\Generated_Source\PSoC5/WaveDAC8_1_VDAC8_PM.c ****         /* Enable VDAC8's operation */
 139:.\Generated_Source\PSoC5/WaveDAC8_1_VDAC8_PM.c ****         WaveDAC8_1_VDAC8_Enable();
 180              		.loc 1 139 0
 181 000e FFF7FEFF 		bl	WaveDAC8_1_VDAC8_Enable
 182              	.LVL3:
 140:.\Generated_Source\PSoC5/WaveDAC8_1_VDAC8_PM.c **** 
 141:.\Generated_Source\PSoC5/WaveDAC8_1_VDAC8_PM.c ****         /* Restore the data register */
 142:.\Generated_Source\PSoC5/WaveDAC8_1_VDAC8_PM.c ****         WaveDAC8_1_VDAC8_SetValue(WaveDAC8_1_VDAC8_Data);
 183              		.loc 1 142 0
 184 0012 034B     		ldr	r3, .L19+4
 185 0014 1878     		ldrb	r0, [r3]	@ zero_extendqisi2
 186 0016 FFF7FEFF 		bl	WaveDAC8_1_VDAC8_SetValue
 187              	.LVL4:
 188              	.L16:
 189 001a 08BD     		pop	{r3, pc}
 190              	.L20:
 191              		.align	2
 192              	.L19:
 193 001c 00000000 		.word	.LANCHOR0
 194 0020 835B0040 		.word	1073765251
 195              		.cfi_endproc
 196              	.LFE3:
 197              		.size	WaveDAC8_1_VDAC8_Wakeup, .-WaveDAC8_1_VDAC8_Wakeup
 198              		.bss
 199              		.align	2
 200              		.set	.LANCHOR0,. + 0
ARM GAS  C:\Users\DGILLI~1\AppData\Local\Temp\ccKwPcYq.s 			page 7


 201              		.type	WaveDAC8_1_VDAC8_backup, %object
 202              		.size	WaveDAC8_1_VDAC8_backup, 2
 203              	WaveDAC8_1_VDAC8_backup:
 204 0000 0000     		.space	2
 205 0002 0000     		.text
 206              	.Letext0:
 207              		.file 2 ".\\Generated_Source\\PSoC5\\cytypes.h"
 208              		.file 3 ".\\Generated_Source\\PSoC5\\WaveDAC8_1_VDAC8.h"
 209              		.section	.debug_info,"",%progbits
 210              	.Ldebug_info0:
 211 0000 6C010000 		.4byte	0x16c
 212 0004 0400     		.2byte	0x4
 213 0006 00000000 		.4byte	.Ldebug_abbrev0
 214 000a 04       		.byte	0x4
 215 000b 01       		.uleb128 0x1
 216 000c CD000000 		.4byte	.LASF23
 217 0010 01       		.byte	0x1
 218 0011 4B020000 		.4byte	.LASF24
 219 0015 5B010000 		.4byte	.LASF25
 220 0019 00000000 		.4byte	.Ldebug_ranges0+0
 221 001d 00000000 		.4byte	0
 222 0021 00000000 		.4byte	.Ldebug_line0
 223 0025 02       		.uleb128 0x2
 224 0026 01       		.byte	0x1
 225 0027 06       		.byte	0x6
 226 0028 7A020000 		.4byte	.LASF0
 227 002c 02       		.uleb128 0x2
 228 002d 01       		.byte	0x1
 229 002e 08       		.byte	0x8
 230 002f 76000000 		.4byte	.LASF1
 231 0033 02       		.uleb128 0x2
 232 0034 02       		.byte	0x2
 233 0035 05       		.byte	0x5
 234 0036 26020000 		.4byte	.LASF2
 235 003a 02       		.uleb128 0x2
 236 003b 02       		.byte	0x2
 237 003c 07       		.byte	0x7
 238 003d 9B000000 		.4byte	.LASF3
 239 0041 02       		.uleb128 0x2
 240 0042 04       		.byte	0x4
 241 0043 05       		.byte	0x5
 242 0044 36020000 		.4byte	.LASF4
 243 0048 02       		.uleb128 0x2
 244 0049 04       		.byte	0x4
 245 004a 07       		.byte	0x7
 246 004b 89000000 		.4byte	.LASF5
 247 004f 02       		.uleb128 0x2
 248 0050 08       		.byte	0x8
 249 0051 05       		.byte	0x5
 250 0052 13020000 		.4byte	.LASF6
 251 0056 02       		.uleb128 0x2
 252 0057 08       		.byte	0x8
 253 0058 07       		.byte	0x7
 254 0059 AD010000 		.4byte	.LASF7
 255 005d 03       		.uleb128 0x3
 256 005e 04       		.byte	0x4
 257 005f 05       		.byte	0x5
ARM GAS  C:\Users\DGILLI~1\AppData\Local\Temp\ccKwPcYq.s 			page 8


 258 0060 696E7400 		.ascii	"int\000"
 259 0064 02       		.uleb128 0x2
 260 0065 04       		.byte	0x4
 261 0066 07       		.byte	0x7
 262 0067 A0010000 		.4byte	.LASF8
 263 006b 04       		.uleb128 0x4
 264 006c 30020000 		.4byte	.LASF12
 265 0070 02       		.byte	0x2
 266 0071 C2       		.byte	0xc2
 267 0072 2C000000 		.4byte	0x2c
 268 0076 02       		.uleb128 0x2
 269 0077 04       		.byte	0x4
 270 0078 04       		.byte	0x4
 271 0079 3B000000 		.4byte	.LASF9
 272 007d 02       		.uleb128 0x2
 273 007e 08       		.byte	0x8
 274 007f 04       		.byte	0x4
 275 0080 C6000000 		.4byte	.LASF10
 276 0084 02       		.uleb128 0x2
 277 0085 01       		.byte	0x1
 278 0086 08       		.byte	0x8
 279 0087 21020000 		.4byte	.LASF11
 280 008b 05       		.uleb128 0x5
 281 008c 84000000 		.4byte	.LASF13
 282 0090 02       		.byte	0x2
 283 0091 6C01     		.2byte	0x16c
 284 0093 97000000 		.4byte	0x97
 285 0097 06       		.uleb128 0x6
 286 0098 6B000000 		.4byte	0x6b
 287 009c 07       		.uleb128 0x7
 288 009d 02       		.byte	0x2
 289 009e 03       		.byte	0x3
 290 009f 25       		.byte	0x25
 291 00a0 BD000000 		.4byte	0xbd
 292 00a4 08       		.uleb128 0x8
 293 00a5 3F020000 		.4byte	.LASF14
 294 00a9 03       		.byte	0x3
 295 00aa 27       		.byte	0x27
 296 00ab 6B000000 		.4byte	0x6b
 297 00af 00       		.byte	0
 298 00b0 08       		.uleb128 0x8
 299 00b1 30000000 		.4byte	.LASF15
 300 00b5 03       		.byte	0x3
 301 00b6 28       		.byte	0x28
 302 00b7 6B000000 		.4byte	0x6b
 303 00bb 01       		.byte	0x1
 304 00bc 00       		.byte	0
 305 00bd 04       		.uleb128 0x4
 306 00be 58000000 		.4byte	.LASF16
 307 00c2 03       		.byte	0x3
 308 00c3 29       		.byte	0x29
 309 00c4 9C000000 		.4byte	0x9c
 310 00c8 09       		.uleb128 0x9
 311 00c9 86020000 		.4byte	.LASF17
 312 00cd 01       		.byte	0x1
 313 00ce 25       		.byte	0x25
 314 00cf 00000000 		.4byte	.LFB0
ARM GAS  C:\Users\DGILLI~1\AppData\Local\Temp\ccKwPcYq.s 			page 9


 315 00d3 20000000 		.4byte	.LFE0-.LFB0
 316 00d7 01       		.uleb128 0x1
 317 00d8 9C       		.byte	0x9c
 318 00d9 09       		.uleb128 0x9
 319 00da F4010000 		.4byte	.LASF18
 320 00de 01       		.byte	0x1
 321 00df 3C       		.byte	0x3c
 322 00e0 00000000 		.4byte	.LFB1
 323 00e4 4C000000 		.4byte	.LFE1-.LFB1
 324 00e8 01       		.uleb128 0x1
 325 00e9 9C       		.byte	0x9c
 326 00ea 0A       		.uleb128 0xa
 327 00eb 41000000 		.4byte	.LASF19
 328 00ef 01       		.byte	0x1
 329 00f0 5F       		.byte	0x5f
 330 00f1 00000000 		.4byte	.LFB2
 331 00f5 2C000000 		.4byte	.LFE2-.LFB2
 332 00f9 01       		.uleb128 0x1
 333 00fa 9C       		.byte	0x9c
 334 00fb 12010000 		.4byte	0x112
 335 00ff 0B       		.uleb128 0xb
 336 0100 1E000000 		.4byte	.LVL0
 337 0104 54010000 		.4byte	0x154
 338 0108 0B       		.uleb128 0xb
 339 0109 22000000 		.4byte	.LVL1
 340 010d C8000000 		.4byte	0xc8
 341 0111 00       		.byte	0
 342 0112 0A       		.uleb128 0xa
 343 0113 00000000 		.4byte	.LASF20
 344 0117 01       		.byte	0x1
 345 0118 84       		.byte	0x84
 346 0119 00000000 		.4byte	.LFB3
 347 011d 24000000 		.4byte	.LFE3-.LFB3
 348 0121 01       		.uleb128 0x1
 349 0122 9C       		.byte	0x9c
 350 0123 43010000 		.4byte	0x143
 351 0127 0B       		.uleb128 0xb
 352 0128 06000000 		.4byte	.LVL2
 353 012c D9000000 		.4byte	0xd9
 354 0130 0B       		.uleb128 0xb
 355 0131 12000000 		.4byte	.LVL3
 356 0135 5B010000 		.4byte	0x15b
 357 0139 0B       		.uleb128 0xb
 358 013a 1A000000 		.4byte	.LVL4
 359 013e 62010000 		.4byte	0x162
 360 0142 00       		.byte	0
 361 0143 0C       		.uleb128 0xc
 362 0144 AE000000 		.4byte	.LASF26
 363 0148 01       		.byte	0x1
 364 0149 15       		.byte	0x15
 365 014a BD000000 		.4byte	0xbd
 366 014e 05       		.uleb128 0x5
 367 014f 03       		.byte	0x3
 368 0150 00000000 		.4byte	WaveDAC8_1_VDAC8_backup
 369 0154 0D       		.uleb128 0xd
 370 0155 C4010000 		.4byte	.LASF21
 371 0159 03       		.byte	0x3
ARM GAS  C:\Users\DGILLI~1\AppData\Local\Temp\ccKwPcYq.s 			page 10


 372 015a 34       		.byte	0x34
 373 015b 0D       		.uleb128 0xd
 374 015c 18000000 		.4byte	.LASF22
 375 0160 03       		.byte	0x3
 376 0161 3A       		.byte	0x3a
 377 0162 0E       		.uleb128 0xe
 378 0163 DA010000 		.4byte	.LASF27
 379 0167 03       		.byte	0x3
 380 0168 37       		.byte	0x37
 381 0169 0F       		.uleb128 0xf
 382 016a 6B000000 		.4byte	0x6b
 383 016e 00       		.byte	0
 384 016f 00       		.byte	0
 385              		.section	.debug_abbrev,"",%progbits
 386              	.Ldebug_abbrev0:
 387 0000 01       		.uleb128 0x1
 388 0001 11       		.uleb128 0x11
 389 0002 01       		.byte	0x1
 390 0003 25       		.uleb128 0x25
 391 0004 0E       		.uleb128 0xe
 392 0005 13       		.uleb128 0x13
 393 0006 0B       		.uleb128 0xb
 394 0007 03       		.uleb128 0x3
 395 0008 0E       		.uleb128 0xe
 396 0009 1B       		.uleb128 0x1b
 397 000a 0E       		.uleb128 0xe
 398 000b 55       		.uleb128 0x55
 399 000c 17       		.uleb128 0x17
 400 000d 11       		.uleb128 0x11
 401 000e 01       		.uleb128 0x1
 402 000f 10       		.uleb128 0x10
 403 0010 17       		.uleb128 0x17
 404 0011 00       		.byte	0
 405 0012 00       		.byte	0
 406 0013 02       		.uleb128 0x2
 407 0014 24       		.uleb128 0x24
 408 0015 00       		.byte	0
 409 0016 0B       		.uleb128 0xb
 410 0017 0B       		.uleb128 0xb
 411 0018 3E       		.uleb128 0x3e
 412 0019 0B       		.uleb128 0xb
 413 001a 03       		.uleb128 0x3
 414 001b 0E       		.uleb128 0xe
 415 001c 00       		.byte	0
 416 001d 00       		.byte	0
 417 001e 03       		.uleb128 0x3
 418 001f 24       		.uleb128 0x24
 419 0020 00       		.byte	0
 420 0021 0B       		.uleb128 0xb
 421 0022 0B       		.uleb128 0xb
 422 0023 3E       		.uleb128 0x3e
 423 0024 0B       		.uleb128 0xb
 424 0025 03       		.uleb128 0x3
 425 0026 08       		.uleb128 0x8
 426 0027 00       		.byte	0
 427 0028 00       		.byte	0
 428 0029 04       		.uleb128 0x4
ARM GAS  C:\Users\DGILLI~1\AppData\Local\Temp\ccKwPcYq.s 			page 11


 429 002a 16       		.uleb128 0x16
 430 002b 00       		.byte	0
 431 002c 03       		.uleb128 0x3
 432 002d 0E       		.uleb128 0xe
 433 002e 3A       		.uleb128 0x3a
 434 002f 0B       		.uleb128 0xb
 435 0030 3B       		.uleb128 0x3b
 436 0031 0B       		.uleb128 0xb
 437 0032 49       		.uleb128 0x49
 438 0033 13       		.uleb128 0x13
 439 0034 00       		.byte	0
 440 0035 00       		.byte	0
 441 0036 05       		.uleb128 0x5
 442 0037 16       		.uleb128 0x16
 443 0038 00       		.byte	0
 444 0039 03       		.uleb128 0x3
 445 003a 0E       		.uleb128 0xe
 446 003b 3A       		.uleb128 0x3a
 447 003c 0B       		.uleb128 0xb
 448 003d 3B       		.uleb128 0x3b
 449 003e 05       		.uleb128 0x5
 450 003f 49       		.uleb128 0x49
 451 0040 13       		.uleb128 0x13
 452 0041 00       		.byte	0
 453 0042 00       		.byte	0
 454 0043 06       		.uleb128 0x6
 455 0044 35       		.uleb128 0x35
 456 0045 00       		.byte	0
 457 0046 49       		.uleb128 0x49
 458 0047 13       		.uleb128 0x13
 459 0048 00       		.byte	0
 460 0049 00       		.byte	0
 461 004a 07       		.uleb128 0x7
 462 004b 13       		.uleb128 0x13
 463 004c 01       		.byte	0x1
 464 004d 0B       		.uleb128 0xb
 465 004e 0B       		.uleb128 0xb
 466 004f 3A       		.uleb128 0x3a
 467 0050 0B       		.uleb128 0xb
 468 0051 3B       		.uleb128 0x3b
 469 0052 0B       		.uleb128 0xb
 470 0053 01       		.uleb128 0x1
 471 0054 13       		.uleb128 0x13
 472 0055 00       		.byte	0
 473 0056 00       		.byte	0
 474 0057 08       		.uleb128 0x8
 475 0058 0D       		.uleb128 0xd
 476 0059 00       		.byte	0
 477 005a 03       		.uleb128 0x3
 478 005b 0E       		.uleb128 0xe
 479 005c 3A       		.uleb128 0x3a
 480 005d 0B       		.uleb128 0xb
 481 005e 3B       		.uleb128 0x3b
 482 005f 0B       		.uleb128 0xb
 483 0060 49       		.uleb128 0x49
 484 0061 13       		.uleb128 0x13
 485 0062 38       		.uleb128 0x38
ARM GAS  C:\Users\DGILLI~1\AppData\Local\Temp\ccKwPcYq.s 			page 12


 486 0063 0B       		.uleb128 0xb
 487 0064 00       		.byte	0
 488 0065 00       		.byte	0
 489 0066 09       		.uleb128 0x9
 490 0067 2E       		.uleb128 0x2e
 491 0068 00       		.byte	0
 492 0069 3F       		.uleb128 0x3f
 493 006a 19       		.uleb128 0x19
 494 006b 03       		.uleb128 0x3
 495 006c 0E       		.uleb128 0xe
 496 006d 3A       		.uleb128 0x3a
 497 006e 0B       		.uleb128 0xb
 498 006f 3B       		.uleb128 0x3b
 499 0070 0B       		.uleb128 0xb
 500 0071 27       		.uleb128 0x27
 501 0072 19       		.uleb128 0x19
 502 0073 11       		.uleb128 0x11
 503 0074 01       		.uleb128 0x1
 504 0075 12       		.uleb128 0x12
 505 0076 06       		.uleb128 0x6
 506 0077 40       		.uleb128 0x40
 507 0078 18       		.uleb128 0x18
 508 0079 9742     		.uleb128 0x2117
 509 007b 19       		.uleb128 0x19
 510 007c 00       		.byte	0
 511 007d 00       		.byte	0
 512 007e 0A       		.uleb128 0xa
 513 007f 2E       		.uleb128 0x2e
 514 0080 01       		.byte	0x1
 515 0081 3F       		.uleb128 0x3f
 516 0082 19       		.uleb128 0x19
 517 0083 03       		.uleb128 0x3
 518 0084 0E       		.uleb128 0xe
 519 0085 3A       		.uleb128 0x3a
 520 0086 0B       		.uleb128 0xb
 521 0087 3B       		.uleb128 0x3b
 522 0088 0B       		.uleb128 0xb
 523 0089 27       		.uleb128 0x27
 524 008a 19       		.uleb128 0x19
 525 008b 11       		.uleb128 0x11
 526 008c 01       		.uleb128 0x1
 527 008d 12       		.uleb128 0x12
 528 008e 06       		.uleb128 0x6
 529 008f 40       		.uleb128 0x40
 530 0090 18       		.uleb128 0x18
 531 0091 9742     		.uleb128 0x2117
 532 0093 19       		.uleb128 0x19
 533 0094 01       		.uleb128 0x1
 534 0095 13       		.uleb128 0x13
 535 0096 00       		.byte	0
 536 0097 00       		.byte	0
 537 0098 0B       		.uleb128 0xb
 538 0099 898201   		.uleb128 0x4109
 539 009c 00       		.byte	0
 540 009d 11       		.uleb128 0x11
 541 009e 01       		.uleb128 0x1
 542 009f 31       		.uleb128 0x31
ARM GAS  C:\Users\DGILLI~1\AppData\Local\Temp\ccKwPcYq.s 			page 13


 543 00a0 13       		.uleb128 0x13
 544 00a1 00       		.byte	0
 545 00a2 00       		.byte	0
 546 00a3 0C       		.uleb128 0xc
 547 00a4 34       		.uleb128 0x34
 548 00a5 00       		.byte	0
 549 00a6 03       		.uleb128 0x3
 550 00a7 0E       		.uleb128 0xe
 551 00a8 3A       		.uleb128 0x3a
 552 00a9 0B       		.uleb128 0xb
 553 00aa 3B       		.uleb128 0x3b
 554 00ab 0B       		.uleb128 0xb
 555 00ac 49       		.uleb128 0x49
 556 00ad 13       		.uleb128 0x13
 557 00ae 02       		.uleb128 0x2
 558 00af 18       		.uleb128 0x18
 559 00b0 00       		.byte	0
 560 00b1 00       		.byte	0
 561 00b2 0D       		.uleb128 0xd
 562 00b3 2E       		.uleb128 0x2e
 563 00b4 00       		.byte	0
 564 00b5 3F       		.uleb128 0x3f
 565 00b6 19       		.uleb128 0x19
 566 00b7 03       		.uleb128 0x3
 567 00b8 0E       		.uleb128 0xe
 568 00b9 3A       		.uleb128 0x3a
 569 00ba 0B       		.uleb128 0xb
 570 00bb 3B       		.uleb128 0x3b
 571 00bc 0B       		.uleb128 0xb
 572 00bd 27       		.uleb128 0x27
 573 00be 19       		.uleb128 0x19
 574 00bf 3C       		.uleb128 0x3c
 575 00c0 19       		.uleb128 0x19
 576 00c1 00       		.byte	0
 577 00c2 00       		.byte	0
 578 00c3 0E       		.uleb128 0xe
 579 00c4 2E       		.uleb128 0x2e
 580 00c5 01       		.byte	0x1
 581 00c6 3F       		.uleb128 0x3f
 582 00c7 19       		.uleb128 0x19
 583 00c8 03       		.uleb128 0x3
 584 00c9 0E       		.uleb128 0xe
 585 00ca 3A       		.uleb128 0x3a
 586 00cb 0B       		.uleb128 0xb
 587 00cc 3B       		.uleb128 0x3b
 588 00cd 0B       		.uleb128 0xb
 589 00ce 27       		.uleb128 0x27
 590 00cf 19       		.uleb128 0x19
 591 00d0 3C       		.uleb128 0x3c
 592 00d1 19       		.uleb128 0x19
 593 00d2 00       		.byte	0
 594 00d3 00       		.byte	0
 595 00d4 0F       		.uleb128 0xf
 596 00d5 05       		.uleb128 0x5
 597 00d6 00       		.byte	0
 598 00d7 49       		.uleb128 0x49
 599 00d8 13       		.uleb128 0x13
ARM GAS  C:\Users\DGILLI~1\AppData\Local\Temp\ccKwPcYq.s 			page 14


 600 00d9 00       		.byte	0
 601 00da 00       		.byte	0
 602 00db 00       		.byte	0
 603              		.section	.debug_aranges,"",%progbits
 604 0000 34000000 		.4byte	0x34
 605 0004 0200     		.2byte	0x2
 606 0006 00000000 		.4byte	.Ldebug_info0
 607 000a 04       		.byte	0x4
 608 000b 00       		.byte	0
 609 000c 0000     		.2byte	0
 610 000e 0000     		.2byte	0
 611 0010 00000000 		.4byte	.LFB0
 612 0014 20000000 		.4byte	.LFE0-.LFB0
 613 0018 00000000 		.4byte	.LFB1
 614 001c 4C000000 		.4byte	.LFE1-.LFB1
 615 0020 00000000 		.4byte	.LFB2
 616 0024 2C000000 		.4byte	.LFE2-.LFB2
 617 0028 00000000 		.4byte	.LFB3
 618 002c 24000000 		.4byte	.LFE3-.LFB3
 619 0030 00000000 		.4byte	0
 620 0034 00000000 		.4byte	0
 621              		.section	.debug_ranges,"",%progbits
 622              	.Ldebug_ranges0:
 623 0000 00000000 		.4byte	.LFB0
 624 0004 20000000 		.4byte	.LFE0
 625 0008 00000000 		.4byte	.LFB1
 626 000c 4C000000 		.4byte	.LFE1
 627 0010 00000000 		.4byte	.LFB2
 628 0014 2C000000 		.4byte	.LFE2
 629 0018 00000000 		.4byte	.LFB3
 630 001c 24000000 		.4byte	.LFE3
 631 0020 00000000 		.4byte	0
 632 0024 00000000 		.4byte	0
 633              		.section	.debug_line,"",%progbits
 634              	.Ldebug_line0:
 635 0000 BD000000 		.section	.debug_str,"MS",%progbits,1
 635      02006800 
 635      00000201 
 635      FB0E0D00 
 635      01010101 
 636              	.LASF20:
 637 0000 57617665 		.ascii	"WaveDAC8_1_VDAC8_Wakeup\000"
 637      44414338 
 637      5F315F56 
 637      44414338 
 637      5F57616B 
 638              	.LASF22:
 639 0018 57617665 		.ascii	"WaveDAC8_1_VDAC8_Enable\000"
 639      44414338 
 639      5F315F56 
 639      44414338 
 639      5F456E61 
 640              	.LASF15:
 641 0030 64617461 		.ascii	"data_value\000"
 641      5F76616C 
 641      756500
 642              	.LASF9:
ARM GAS  C:\Users\DGILLI~1\AppData\Local\Temp\ccKwPcYq.s 			page 15


 643 003b 666C6F61 		.ascii	"float\000"
 643      7400
 644              	.LASF19:
 645 0041 57617665 		.ascii	"WaveDAC8_1_VDAC8_Sleep\000"
 645      44414338 
 645      5F315F56 
 645      44414338 
 645      5F536C65 
 646              	.LASF16:
 647 0058 57617665 		.ascii	"WaveDAC8_1_VDAC8_backupStruct\000"
 647      44414338 
 647      5F315F56 
 647      44414338 
 647      5F626163 
 648              	.LASF1:
 649 0076 756E7369 		.ascii	"unsigned char\000"
 649      676E6564 
 649      20636861 
 649      7200
 650              	.LASF13:
 651 0084 72656738 		.ascii	"reg8\000"
 651      00
 652              	.LASF5:
 653 0089 6C6F6E67 		.ascii	"long unsigned int\000"
 653      20756E73 
 653      69676E65 
 653      6420696E 
 653      7400
 654              	.LASF3:
 655 009b 73686F72 		.ascii	"short unsigned int\000"
 655      7420756E 
 655      7369676E 
 655      65642069 
 655      6E7400
 656              	.LASF26:
 657 00ae 57617665 		.ascii	"WaveDAC8_1_VDAC8_backup\000"
 657      44414338 
 657      5F315F56 
 657      44414338 
 657      5F626163 
 658              	.LASF10:
 659 00c6 646F7562 		.ascii	"double\000"
 659      6C6500
 660              	.LASF23:
 661 00cd 474E5520 		.ascii	"GNU C 4.9.3 20150303 (release) [ARM/embedded-4_9-br"
 661      4320342E 
 661      392E3320 
 661      32303135 
 661      30333033 
 662 0100 616E6368 		.ascii	"anch revision 221220] -mcpu=cortex-m3 -mthumb -g -O"
 662      20726576 
 662      6973696F 
 662      6E203232 
 662      31323230 
 663 0133 67202D66 		.ascii	"g -ffunction-sections -ffat-lto-objects\000"
 663      66756E63 
 663      74696F6E 
ARM GAS  C:\Users\DGILLI~1\AppData\Local\Temp\ccKwPcYq.s 			page 16


 663      2D736563 
 663      74696F6E 
 664              	.LASF25:
 665 015b 433A5C55 		.ascii	"C:\\Users\\DGilliland\\Desktop\\ThereminPSOC\\There"
 665      73657273 
 665      5C444769 
 665      6C6C696C 
 665      616E645C 
 666 0189 6D696E5C 		.ascii	"min\\ThereminPSOC.cydsn\000"
 666      54686572 
 666      656D696E 
 666      50534F43 
 666      2E637964 
 667              	.LASF8:
 668 01a0 756E7369 		.ascii	"unsigned int\000"
 668      676E6564 
 668      20696E74 
 668      00
 669              	.LASF7:
 670 01ad 6C6F6E67 		.ascii	"long long unsigned int\000"
 670      206C6F6E 
 670      6720756E 
 670      7369676E 
 670      65642069 
 671              	.LASF21:
 672 01c4 57617665 		.ascii	"WaveDAC8_1_VDAC8_Stop\000"
 672      44414338 
 672      5F315F56 
 672      44414338 
 672      5F53746F 
 673              	.LASF27:
 674 01da 57617665 		.ascii	"WaveDAC8_1_VDAC8_SetValue\000"
 674      44414338 
 674      5F315F56 
 674      44414338 
 674      5F536574 
 675              	.LASF18:
 676 01f4 57617665 		.ascii	"WaveDAC8_1_VDAC8_RestoreConfig\000"
 676      44414338 
 676      5F315F56 
 676      44414338 
 676      5F526573 
 677              	.LASF6:
 678 0213 6C6F6E67 		.ascii	"long long int\000"
 678      206C6F6E 
 678      6720696E 
 678      7400
 679              	.LASF11:
 680 0221 63686172 		.ascii	"char\000"
 680      00
 681              	.LASF2:
 682 0226 73686F72 		.ascii	"short int\000"
 682      7420696E 
 682      7400
 683              	.LASF12:
 684 0230 75696E74 		.ascii	"uint8\000"
 684      3800
ARM GAS  C:\Users\DGILLI~1\AppData\Local\Temp\ccKwPcYq.s 			page 17


 685              	.LASF4:
 686 0236 6C6F6E67 		.ascii	"long int\000"
 686      20696E74 
 686      00
 687              	.LASF14:
 688 023f 656E6162 		.ascii	"enableState\000"
 688      6C655374 
 688      61746500 
 689              	.LASF24:
 690 024b 2E5C4765 		.ascii	".\\Generated_Source\\PSoC5\\WaveDAC8_1_VDAC8_PM.c\000"
 690      6E657261 
 690      7465645F 
 690      536F7572 
 690      63655C50 
 691              	.LASF0:
 692 027a 7369676E 		.ascii	"signed char\000"
 692      65642063 
 692      68617200 
 693              	.LASF17:
 694 0286 57617665 		.ascii	"WaveDAC8_1_VDAC8_SaveConfig\000"
 694      44414338 
 694      5F315F56 
 694      44414338 
 694      5F536176 
 695              		.ident	"GCC: (GNU Tools for ARM Embedded Processors) 4.9.3 20150303 (release) [ARM/embedded-4_9-br
