ARM GAS  C:\Users\DGILLI~1\AppData\Local\Temp\ccPiuNDY.s 			page 1


   1              		.syntax unified
   2              		.cpu cortex-m3
   3              		.fpu softvfp
   4              		.eabi_attribute 20, 1
   5              		.eabi_attribute 21, 1
   6              		.eabi_attribute 23, 3
   7              		.eabi_attribute 24, 1
   8              		.eabi_attribute 25, 1
   9              		.eabi_attribute 26, 1
  10              		.eabi_attribute 30, 1
  11              		.eabi_attribute 34, 1
  12              		.eabi_attribute 18, 4
  13              		.thumb
  14              		.file	"MISO.c"
  15              		.text
  16              	.Ltext0:
  17              		.cfi_sections	.debug_frame
  18              		.section	.text.MISO_Write,"ax",%progbits
  19              		.align	2
  20              		.global	MISO_Write
  21              		.thumb
  22              		.thumb_func
  23              		.type	MISO_Write, %function
  24              	MISO_Write:
  25              	.LFB0:
  26              		.file 1 ".\\Generated_Source\\PSoC5\\MISO.c"
   1:.\Generated_Source\PSoC5/MISO.c **** /*******************************************************************************
   2:.\Generated_Source\PSoC5/MISO.c **** * File Name: MISO.c  
   3:.\Generated_Source\PSoC5/MISO.c **** * Version 2.10
   4:.\Generated_Source\PSoC5/MISO.c **** *
   5:.\Generated_Source\PSoC5/MISO.c **** * Description:
   6:.\Generated_Source\PSoC5/MISO.c **** *  This file contains API to enable firmware control of a Pins component.
   7:.\Generated_Source\PSoC5/MISO.c **** *
   8:.\Generated_Source\PSoC5/MISO.c **** * Note:
   9:.\Generated_Source\PSoC5/MISO.c **** *
  10:.\Generated_Source\PSoC5/MISO.c **** ********************************************************************************
  11:.\Generated_Source\PSoC5/MISO.c **** * Copyright 2008-2014, Cypress Semiconductor Corporation.  All rights reserved.
  12:.\Generated_Source\PSoC5/MISO.c **** * You may use this file only in accordance with the license, terms, conditions, 
  13:.\Generated_Source\PSoC5/MISO.c **** * disclaimers, and limitations in the end user license agreement accompanying 
  14:.\Generated_Source\PSoC5/MISO.c **** * the software package with which this file was provided.
  15:.\Generated_Source\PSoC5/MISO.c **** *******************************************************************************/
  16:.\Generated_Source\PSoC5/MISO.c **** 
  17:.\Generated_Source\PSoC5/MISO.c **** #include "cytypes.h"
  18:.\Generated_Source\PSoC5/MISO.c **** #include "MISO.h"
  19:.\Generated_Source\PSoC5/MISO.c **** 
  20:.\Generated_Source\PSoC5/MISO.c **** /* APIs are not generated for P15[7:6] on PSoC 5 */
  21:.\Generated_Source\PSoC5/MISO.c **** #if !(CY_PSOC5A &&\
  22:.\Generated_Source\PSoC5/MISO.c **** 	 MISO__PORT == 15 && ((MISO__MASK & 0xC0) != 0))
  23:.\Generated_Source\PSoC5/MISO.c **** 
  24:.\Generated_Source\PSoC5/MISO.c **** 
  25:.\Generated_Source\PSoC5/MISO.c **** /*******************************************************************************
  26:.\Generated_Source\PSoC5/MISO.c **** * Function Name: MISO_Write
  27:.\Generated_Source\PSoC5/MISO.c **** ********************************************************************************
  28:.\Generated_Source\PSoC5/MISO.c **** *
  29:.\Generated_Source\PSoC5/MISO.c **** * Summary:
  30:.\Generated_Source\PSoC5/MISO.c **** *  Assign a new value to the digital port's data output register.  
  31:.\Generated_Source\PSoC5/MISO.c **** *
ARM GAS  C:\Users\DGILLI~1\AppData\Local\Temp\ccPiuNDY.s 			page 2


  32:.\Generated_Source\PSoC5/MISO.c **** * Parameters:  
  33:.\Generated_Source\PSoC5/MISO.c **** *  prtValue:  The value to be assigned to the Digital Port. 
  34:.\Generated_Source\PSoC5/MISO.c **** *
  35:.\Generated_Source\PSoC5/MISO.c **** * Return: 
  36:.\Generated_Source\PSoC5/MISO.c **** *  None
  37:.\Generated_Source\PSoC5/MISO.c **** *  
  38:.\Generated_Source\PSoC5/MISO.c **** *******************************************************************************/
  39:.\Generated_Source\PSoC5/MISO.c **** void MISO_Write(uint8 value) 
  40:.\Generated_Source\PSoC5/MISO.c **** {
  27              		.loc 1 40 0
  28              		.cfi_startproc
  29              		@ args = 0, pretend = 0, frame = 0
  30              		@ frame_needed = 0, uses_anonymous_args = 0
  31              		@ link register save eliminated.
  32              	.LVL0:
  41:.\Generated_Source\PSoC5/MISO.c ****     uint8 staticBits = (MISO_DR & (uint8)(~MISO_MASK));
  33              		.loc 1 41 0
  34 0000 044A     		ldr	r2, .L2
  35 0002 1378     		ldrb	r3, [r2]	@ zero_extendqisi2
  36 0004 03F07F03 		and	r3, r3, #127
  37              	.LVL1:
  42:.\Generated_Source\PSoC5/MISO.c ****     MISO_DR = staticBits | ((uint8)(value << MISO_SHIFT) & MISO_MASK);
  38              		.loc 1 42 0
  39 0008 C001     		lsls	r0, r0, #7
  40              	.LVL2:
  41 000a C0B2     		uxtb	r0, r0
  42 000c 0343     		orrs	r3, r3, r0
  43              	.LVL3:
  44 000e 1370     		strb	r3, [r2]
  45 0010 7047     		bx	lr
  46              	.L3:
  47 0012 00BF     		.align	2
  48              	.L2:
  49 0014 60510040 		.word	1073762656
  50              		.cfi_endproc
  51              	.LFE0:
  52              		.size	MISO_Write, .-MISO_Write
  53              		.section	.text.MISO_SetDriveMode,"ax",%progbits
  54              		.align	2
  55              		.global	MISO_SetDriveMode
  56              		.thumb
  57              		.thumb_func
  58              		.type	MISO_SetDriveMode, %function
  59              	MISO_SetDriveMode:
  60              	.LFB1:
  43:.\Generated_Source\PSoC5/MISO.c **** }
  44:.\Generated_Source\PSoC5/MISO.c **** 
  45:.\Generated_Source\PSoC5/MISO.c **** 
  46:.\Generated_Source\PSoC5/MISO.c **** /*******************************************************************************
  47:.\Generated_Source\PSoC5/MISO.c **** * Function Name: MISO_SetDriveMode
  48:.\Generated_Source\PSoC5/MISO.c **** ********************************************************************************
  49:.\Generated_Source\PSoC5/MISO.c **** *
  50:.\Generated_Source\PSoC5/MISO.c **** * Summary:
  51:.\Generated_Source\PSoC5/MISO.c **** *  Change the drive mode on the pins of the port.
  52:.\Generated_Source\PSoC5/MISO.c **** * 
  53:.\Generated_Source\PSoC5/MISO.c **** * Parameters:  
  54:.\Generated_Source\PSoC5/MISO.c **** *  mode:  Change the pins to one of the following drive modes.
ARM GAS  C:\Users\DGILLI~1\AppData\Local\Temp\ccPiuNDY.s 			page 3


  55:.\Generated_Source\PSoC5/MISO.c **** *
  56:.\Generated_Source\PSoC5/MISO.c **** *  MISO_DM_STRONG     Strong Drive 
  57:.\Generated_Source\PSoC5/MISO.c **** *  MISO_DM_OD_HI      Open Drain, Drives High 
  58:.\Generated_Source\PSoC5/MISO.c **** *  MISO_DM_OD_LO      Open Drain, Drives Low 
  59:.\Generated_Source\PSoC5/MISO.c **** *  MISO_DM_RES_UP     Resistive Pull Up 
  60:.\Generated_Source\PSoC5/MISO.c **** *  MISO_DM_RES_DWN    Resistive Pull Down 
  61:.\Generated_Source\PSoC5/MISO.c **** *  MISO_DM_RES_UPDWN  Resistive Pull Up/Down 
  62:.\Generated_Source\PSoC5/MISO.c **** *  MISO_DM_DIG_HIZ    High Impedance Digital 
  63:.\Generated_Source\PSoC5/MISO.c **** *  MISO_DM_ALG_HIZ    High Impedance Analog 
  64:.\Generated_Source\PSoC5/MISO.c **** *
  65:.\Generated_Source\PSoC5/MISO.c **** * Return: 
  66:.\Generated_Source\PSoC5/MISO.c **** *  None
  67:.\Generated_Source\PSoC5/MISO.c **** *
  68:.\Generated_Source\PSoC5/MISO.c **** *******************************************************************************/
  69:.\Generated_Source\PSoC5/MISO.c **** void MISO_SetDriveMode(uint8 mode) 
  70:.\Generated_Source\PSoC5/MISO.c **** {
  61              		.loc 1 70 0
  62              		.cfi_startproc
  63              		@ args = 0, pretend = 0, frame = 0
  64              		@ frame_needed = 0, uses_anonymous_args = 0
  65              		@ link register save eliminated.
  66              	.LVL4:
  71:.\Generated_Source\PSoC5/MISO.c **** 	CyPins_SetPinDriveMode(MISO_0, mode);
  67              		.loc 1 71 0
  68 0000 044A     		ldr	r2, .L5
  69 0002 1378     		ldrb	r3, [r2]	@ zero_extendqisi2
  70 0004 03F0F103 		and	r3, r3, #241
  71 0008 00F00E00 		and	r0, r0, #14
  72              	.LVL5:
  73 000c 1843     		orrs	r0, r0, r3
  74 000e 1070     		strb	r0, [r2]
  75 0010 7047     		bx	lr
  76              	.L6:
  77 0012 00BF     		.align	2
  78              	.L5:
  79 0014 37500040 		.word	1073762359
  80              		.cfi_endproc
  81              	.LFE1:
  82              		.size	MISO_SetDriveMode, .-MISO_SetDriveMode
  83              		.section	.text.MISO_Read,"ax",%progbits
  84              		.align	2
  85              		.global	MISO_Read
  86              		.thumb
  87              		.thumb_func
  88              		.type	MISO_Read, %function
  89              	MISO_Read:
  90              	.LFB2:
  72:.\Generated_Source\PSoC5/MISO.c **** }
  73:.\Generated_Source\PSoC5/MISO.c **** 
  74:.\Generated_Source\PSoC5/MISO.c **** 
  75:.\Generated_Source\PSoC5/MISO.c **** /*******************************************************************************
  76:.\Generated_Source\PSoC5/MISO.c **** * Function Name: MISO_Read
  77:.\Generated_Source\PSoC5/MISO.c **** ********************************************************************************
  78:.\Generated_Source\PSoC5/MISO.c **** *
  79:.\Generated_Source\PSoC5/MISO.c **** * Summary:
  80:.\Generated_Source\PSoC5/MISO.c **** *  Read the current value on the pins of the Digital Port in right justified 
  81:.\Generated_Source\PSoC5/MISO.c **** *  form.
ARM GAS  C:\Users\DGILLI~1\AppData\Local\Temp\ccPiuNDY.s 			page 4


  82:.\Generated_Source\PSoC5/MISO.c **** *
  83:.\Generated_Source\PSoC5/MISO.c **** * Parameters:  
  84:.\Generated_Source\PSoC5/MISO.c **** *  None
  85:.\Generated_Source\PSoC5/MISO.c **** *
  86:.\Generated_Source\PSoC5/MISO.c **** * Return: 
  87:.\Generated_Source\PSoC5/MISO.c **** *  Returns the current value of the Digital Port as a right justified number
  88:.\Generated_Source\PSoC5/MISO.c **** *  
  89:.\Generated_Source\PSoC5/MISO.c **** * Note:
  90:.\Generated_Source\PSoC5/MISO.c **** *  Macro MISO_ReadPS calls this function. 
  91:.\Generated_Source\PSoC5/MISO.c **** *  
  92:.\Generated_Source\PSoC5/MISO.c **** *******************************************************************************/
  93:.\Generated_Source\PSoC5/MISO.c **** uint8 MISO_Read(void) 
  94:.\Generated_Source\PSoC5/MISO.c **** {
  91              		.loc 1 94 0
  92              		.cfi_startproc
  93              		@ args = 0, pretend = 0, frame = 0
  94              		@ frame_needed = 0, uses_anonymous_args = 0
  95              		@ link register save eliminated.
  95:.\Generated_Source\PSoC5/MISO.c ****     return (MISO_PS & MISO_MASK) >> MISO_SHIFT;
  96              		.loc 1 95 0
  97 0000 014B     		ldr	r3, .L8
  98 0002 1878     		ldrb	r0, [r3]	@ zero_extendqisi2
  96:.\Generated_Source\PSoC5/MISO.c **** }
  99              		.loc 1 96 0
 100 0004 C009     		lsrs	r0, r0, #7
 101 0006 7047     		bx	lr
 102              	.L9:
 103              		.align	2
 104              	.L8:
 105 0008 61510040 		.word	1073762657
 106              		.cfi_endproc
 107              	.LFE2:
 108              		.size	MISO_Read, .-MISO_Read
 109              		.section	.text.MISO_ReadDataReg,"ax",%progbits
 110              		.align	2
 111              		.global	MISO_ReadDataReg
 112              		.thumb
 113              		.thumb_func
 114              		.type	MISO_ReadDataReg, %function
 115              	MISO_ReadDataReg:
 116              	.LFB3:
  97:.\Generated_Source\PSoC5/MISO.c **** 
  98:.\Generated_Source\PSoC5/MISO.c **** 
  99:.\Generated_Source\PSoC5/MISO.c **** /*******************************************************************************
 100:.\Generated_Source\PSoC5/MISO.c **** * Function Name: MISO_ReadDataReg
 101:.\Generated_Source\PSoC5/MISO.c **** ********************************************************************************
 102:.\Generated_Source\PSoC5/MISO.c **** *
 103:.\Generated_Source\PSoC5/MISO.c **** * Summary:
 104:.\Generated_Source\PSoC5/MISO.c **** *  Read the current value assigned to a Digital Port's data output register
 105:.\Generated_Source\PSoC5/MISO.c **** *
 106:.\Generated_Source\PSoC5/MISO.c **** * Parameters:  
 107:.\Generated_Source\PSoC5/MISO.c **** *  None 
 108:.\Generated_Source\PSoC5/MISO.c **** *
 109:.\Generated_Source\PSoC5/MISO.c **** * Return: 
 110:.\Generated_Source\PSoC5/MISO.c **** *  Returns the current value assigned to the Digital Port's data output register
 111:.\Generated_Source\PSoC5/MISO.c **** *  
 112:.\Generated_Source\PSoC5/MISO.c **** *******************************************************************************/
ARM GAS  C:\Users\DGILLI~1\AppData\Local\Temp\ccPiuNDY.s 			page 5


 113:.\Generated_Source\PSoC5/MISO.c **** uint8 MISO_ReadDataReg(void) 
 114:.\Generated_Source\PSoC5/MISO.c **** {
 117              		.loc 1 114 0
 118              		.cfi_startproc
 119              		@ args = 0, pretend = 0, frame = 0
 120              		@ frame_needed = 0, uses_anonymous_args = 0
 121              		@ link register save eliminated.
 115:.\Generated_Source\PSoC5/MISO.c ****     return (MISO_DR & MISO_MASK) >> MISO_SHIFT;
 122              		.loc 1 115 0
 123 0000 014B     		ldr	r3, .L11
 124 0002 1878     		ldrb	r0, [r3]	@ zero_extendqisi2
 116:.\Generated_Source\PSoC5/MISO.c **** }
 125              		.loc 1 116 0
 126 0004 C009     		lsrs	r0, r0, #7
 127 0006 7047     		bx	lr
 128              	.L12:
 129              		.align	2
 130              	.L11:
 131 0008 60510040 		.word	1073762656
 132              		.cfi_endproc
 133              	.LFE3:
 134              		.size	MISO_ReadDataReg, .-MISO_ReadDataReg
 135              		.text
 136              	.Letext0:
 137              		.file 2 ".\\Generated_Source\\PSoC5\\cytypes.h"
 138              		.section	.debug_info,"",%progbits
 139              	.Ldebug_info0:
 140 0000 1C010000 		.4byte	0x11c
 141 0004 0400     		.2byte	0x4
 142 0006 00000000 		.4byte	.Ldebug_abbrev0
 143 000a 04       		.byte	0x4
 144 000b 01       		.uleb128 0x1
 145 000c 05010000 		.4byte	.LASF20
 146 0010 01       		.byte	0x1
 147 0011 79000000 		.4byte	.LASF21
 148 0015 22000000 		.4byte	.LASF22
 149 0019 00000000 		.4byte	.Ldebug_ranges0+0
 150 001d 00000000 		.4byte	0
 151 0021 00000000 		.4byte	.Ldebug_line0
 152 0025 02       		.uleb128 0x2
 153 0026 01       		.byte	0x1
 154 0027 06       		.byte	0x6
 155 0028 E8010000 		.4byte	.LASF0
 156 002c 02       		.uleb128 0x2
 157 002d 01       		.byte	0x1
 158 002e 08       		.byte	0x8
 159 002f AA000000 		.4byte	.LASF1
 160 0033 02       		.uleb128 0x2
 161 0034 02       		.byte	0x2
 162 0035 05       		.byte	0x5
 163 0036 CF010000 		.4byte	.LASF2
 164 003a 02       		.uleb128 0x2
 165 003b 02       		.byte	0x2
 166 003c 07       		.byte	0x7
 167 003d CF000000 		.4byte	.LASF3
 168 0041 02       		.uleb128 0x2
 169 0042 04       		.byte	0x4
ARM GAS  C:\Users\DGILLI~1\AppData\Local\Temp\ccPiuNDY.s 			page 6


 170 0043 05       		.byte	0x5
 171 0044 DF010000 		.4byte	.LASF4
 172 0048 02       		.uleb128 0x2
 173 0049 04       		.byte	0x4
 174 004a 07       		.byte	0x7
 175 004b BD000000 		.4byte	.LASF5
 176 004f 02       		.uleb128 0x2
 177 0050 08       		.byte	0x8
 178 0051 05       		.byte	0x5
 179 0052 BC010000 		.4byte	.LASF6
 180 0056 02       		.uleb128 0x2
 181 0057 08       		.byte	0x8
 182 0058 07       		.byte	0x7
 183 0059 A0010000 		.4byte	.LASF7
 184 005d 03       		.uleb128 0x3
 185 005e 04       		.byte	0x4
 186 005f 05       		.byte	0x5
 187 0060 696E7400 		.ascii	"int\000"
 188 0064 02       		.uleb128 0x2
 189 0065 04       		.byte	0x4
 190 0066 07       		.byte	0x7
 191 0067 93010000 		.4byte	.LASF8
 192 006b 04       		.uleb128 0x4
 193 006c D9010000 		.4byte	.LASF12
 194 0070 02       		.byte	0x2
 195 0071 C2       		.byte	0xc2
 196 0072 2C000000 		.4byte	0x2c
 197 0076 02       		.uleb128 0x2
 198 0077 04       		.byte	0x4
 199 0078 04       		.byte	0x4
 200 0079 99000000 		.4byte	.LASF9
 201 007d 02       		.uleb128 0x2
 202 007e 08       		.byte	0x8
 203 007f 04       		.byte	0x4
 204 0080 FE000000 		.4byte	.LASF10
 205 0084 02       		.uleb128 0x2
 206 0085 01       		.byte	0x1
 207 0086 08       		.byte	0x8
 208 0087 CA010000 		.4byte	.LASF11
 209 008b 05       		.uleb128 0x5
 210 008c B8000000 		.4byte	.LASF13
 211 0090 02       		.byte	0x2
 212 0091 6C01     		.2byte	0x16c
 213 0093 97000000 		.4byte	0x97
 214 0097 06       		.uleb128 0x6
 215 0098 6B000000 		.4byte	0x6b
 216 009c 07       		.uleb128 0x7
 217 009d 9F000000 		.4byte	.LASF14
 218 00a1 01       		.byte	0x1
 219 00a2 27       		.byte	0x27
 220 00a3 00000000 		.4byte	.LFB0
 221 00a7 18000000 		.4byte	.LFE0-.LFB0
 222 00ab 01       		.uleb128 0x1
 223 00ac 9C       		.byte	0x9c
 224 00ad D0000000 		.4byte	0xd0
 225 00b1 08       		.uleb128 0x8
 226 00b2 11000000 		.4byte	.LASF16
ARM GAS  C:\Users\DGILLI~1\AppData\Local\Temp\ccPiuNDY.s 			page 7


 227 00b6 01       		.byte	0x1
 228 00b7 27       		.byte	0x27
 229 00b8 6B000000 		.4byte	0x6b
 230 00bc 00000000 		.4byte	.LLST0
 231 00c0 09       		.uleb128 0x9
 232 00c1 17000000 		.4byte	.LASF23
 233 00c5 01       		.byte	0x1
 234 00c6 29       		.byte	0x29
 235 00c7 6B000000 		.4byte	0x6b
 236 00cb 21000000 		.4byte	.LLST1
 237 00cf 00       		.byte	0
 238 00d0 07       		.uleb128 0x7
 239 00d1 EC000000 		.4byte	.LASF15
 240 00d5 01       		.byte	0x1
 241 00d6 45       		.byte	0x45
 242 00d7 00000000 		.4byte	.LFB1
 243 00db 18000000 		.4byte	.LFE1-.LFB1
 244 00df 01       		.uleb128 0x1
 245 00e0 9C       		.byte	0x9c
 246 00e1 F5000000 		.4byte	0xf5
 247 00e5 08       		.uleb128 0x8
 248 00e6 B7010000 		.4byte	.LASF17
 249 00ea 01       		.byte	0x1
 250 00eb 45       		.byte	0x45
 251 00ec 6B000000 		.4byte	0x6b
 252 00f0 34000000 		.4byte	.LLST2
 253 00f4 00       		.byte	0
 254 00f5 0A       		.uleb128 0xa
 255 00f6 E2000000 		.4byte	.LASF18
 256 00fa 01       		.byte	0x1
 257 00fb 5D       		.byte	0x5d
 258 00fc 6B000000 		.4byte	0x6b
 259 0100 00000000 		.4byte	.LFB2
 260 0104 0C000000 		.4byte	.LFE2-.LFB2
 261 0108 01       		.uleb128 0x1
 262 0109 9C       		.byte	0x9c
 263 010a 0A       		.uleb128 0xa
 264 010b 00000000 		.4byte	.LASF19
 265 010f 01       		.byte	0x1
 266 0110 71       		.byte	0x71
 267 0111 6B000000 		.4byte	0x6b
 268 0115 00000000 		.4byte	.LFB3
 269 0119 0C000000 		.4byte	.LFE3-.LFB3
 270 011d 01       		.uleb128 0x1
 271 011e 9C       		.byte	0x9c
 272 011f 00       		.byte	0
 273              		.section	.debug_abbrev,"",%progbits
 274              	.Ldebug_abbrev0:
 275 0000 01       		.uleb128 0x1
 276 0001 11       		.uleb128 0x11
 277 0002 01       		.byte	0x1
 278 0003 25       		.uleb128 0x25
 279 0004 0E       		.uleb128 0xe
 280 0005 13       		.uleb128 0x13
 281 0006 0B       		.uleb128 0xb
 282 0007 03       		.uleb128 0x3
 283 0008 0E       		.uleb128 0xe
ARM GAS  C:\Users\DGILLI~1\AppData\Local\Temp\ccPiuNDY.s 			page 8


 284 0009 1B       		.uleb128 0x1b
 285 000a 0E       		.uleb128 0xe
 286 000b 55       		.uleb128 0x55
 287 000c 17       		.uleb128 0x17
 288 000d 11       		.uleb128 0x11
 289 000e 01       		.uleb128 0x1
 290 000f 10       		.uleb128 0x10
 291 0010 17       		.uleb128 0x17
 292 0011 00       		.byte	0
 293 0012 00       		.byte	0
 294 0013 02       		.uleb128 0x2
 295 0014 24       		.uleb128 0x24
 296 0015 00       		.byte	0
 297 0016 0B       		.uleb128 0xb
 298 0017 0B       		.uleb128 0xb
 299 0018 3E       		.uleb128 0x3e
 300 0019 0B       		.uleb128 0xb
 301 001a 03       		.uleb128 0x3
 302 001b 0E       		.uleb128 0xe
 303 001c 00       		.byte	0
 304 001d 00       		.byte	0
 305 001e 03       		.uleb128 0x3
 306 001f 24       		.uleb128 0x24
 307 0020 00       		.byte	0
 308 0021 0B       		.uleb128 0xb
 309 0022 0B       		.uleb128 0xb
 310 0023 3E       		.uleb128 0x3e
 311 0024 0B       		.uleb128 0xb
 312 0025 03       		.uleb128 0x3
 313 0026 08       		.uleb128 0x8
 314 0027 00       		.byte	0
 315 0028 00       		.byte	0
 316 0029 04       		.uleb128 0x4
 317 002a 16       		.uleb128 0x16
 318 002b 00       		.byte	0
 319 002c 03       		.uleb128 0x3
 320 002d 0E       		.uleb128 0xe
 321 002e 3A       		.uleb128 0x3a
 322 002f 0B       		.uleb128 0xb
 323 0030 3B       		.uleb128 0x3b
 324 0031 0B       		.uleb128 0xb
 325 0032 49       		.uleb128 0x49
 326 0033 13       		.uleb128 0x13
 327 0034 00       		.byte	0
 328 0035 00       		.byte	0
 329 0036 05       		.uleb128 0x5
 330 0037 16       		.uleb128 0x16
 331 0038 00       		.byte	0
 332 0039 03       		.uleb128 0x3
 333 003a 0E       		.uleb128 0xe
 334 003b 3A       		.uleb128 0x3a
 335 003c 0B       		.uleb128 0xb
 336 003d 3B       		.uleb128 0x3b
 337 003e 05       		.uleb128 0x5
 338 003f 49       		.uleb128 0x49
 339 0040 13       		.uleb128 0x13
 340 0041 00       		.byte	0
ARM GAS  C:\Users\DGILLI~1\AppData\Local\Temp\ccPiuNDY.s 			page 9


 341 0042 00       		.byte	0
 342 0043 06       		.uleb128 0x6
 343 0044 35       		.uleb128 0x35
 344 0045 00       		.byte	0
 345 0046 49       		.uleb128 0x49
 346 0047 13       		.uleb128 0x13
 347 0048 00       		.byte	0
 348 0049 00       		.byte	0
 349 004a 07       		.uleb128 0x7
 350 004b 2E       		.uleb128 0x2e
 351 004c 01       		.byte	0x1
 352 004d 3F       		.uleb128 0x3f
 353 004e 19       		.uleb128 0x19
 354 004f 03       		.uleb128 0x3
 355 0050 0E       		.uleb128 0xe
 356 0051 3A       		.uleb128 0x3a
 357 0052 0B       		.uleb128 0xb
 358 0053 3B       		.uleb128 0x3b
 359 0054 0B       		.uleb128 0xb
 360 0055 27       		.uleb128 0x27
 361 0056 19       		.uleb128 0x19
 362 0057 11       		.uleb128 0x11
 363 0058 01       		.uleb128 0x1
 364 0059 12       		.uleb128 0x12
 365 005a 06       		.uleb128 0x6
 366 005b 40       		.uleb128 0x40
 367 005c 18       		.uleb128 0x18
 368 005d 9742     		.uleb128 0x2117
 369 005f 19       		.uleb128 0x19
 370 0060 01       		.uleb128 0x1
 371 0061 13       		.uleb128 0x13
 372 0062 00       		.byte	0
 373 0063 00       		.byte	0
 374 0064 08       		.uleb128 0x8
 375 0065 05       		.uleb128 0x5
 376 0066 00       		.byte	0
 377 0067 03       		.uleb128 0x3
 378 0068 0E       		.uleb128 0xe
 379 0069 3A       		.uleb128 0x3a
 380 006a 0B       		.uleb128 0xb
 381 006b 3B       		.uleb128 0x3b
 382 006c 0B       		.uleb128 0xb
 383 006d 49       		.uleb128 0x49
 384 006e 13       		.uleb128 0x13
 385 006f 02       		.uleb128 0x2
 386 0070 17       		.uleb128 0x17
 387 0071 00       		.byte	0
 388 0072 00       		.byte	0
 389 0073 09       		.uleb128 0x9
 390 0074 34       		.uleb128 0x34
 391 0075 00       		.byte	0
 392 0076 03       		.uleb128 0x3
 393 0077 0E       		.uleb128 0xe
 394 0078 3A       		.uleb128 0x3a
 395 0079 0B       		.uleb128 0xb
 396 007a 3B       		.uleb128 0x3b
 397 007b 0B       		.uleb128 0xb
ARM GAS  C:\Users\DGILLI~1\AppData\Local\Temp\ccPiuNDY.s 			page 10


 398 007c 49       		.uleb128 0x49
 399 007d 13       		.uleb128 0x13
 400 007e 02       		.uleb128 0x2
 401 007f 17       		.uleb128 0x17
 402 0080 00       		.byte	0
 403 0081 00       		.byte	0
 404 0082 0A       		.uleb128 0xa
 405 0083 2E       		.uleb128 0x2e
 406 0084 00       		.byte	0
 407 0085 3F       		.uleb128 0x3f
 408 0086 19       		.uleb128 0x19
 409 0087 03       		.uleb128 0x3
 410 0088 0E       		.uleb128 0xe
 411 0089 3A       		.uleb128 0x3a
 412 008a 0B       		.uleb128 0xb
 413 008b 3B       		.uleb128 0x3b
 414 008c 0B       		.uleb128 0xb
 415 008d 27       		.uleb128 0x27
 416 008e 19       		.uleb128 0x19
 417 008f 49       		.uleb128 0x49
 418 0090 13       		.uleb128 0x13
 419 0091 11       		.uleb128 0x11
 420 0092 01       		.uleb128 0x1
 421 0093 12       		.uleb128 0x12
 422 0094 06       		.uleb128 0x6
 423 0095 40       		.uleb128 0x40
 424 0096 18       		.uleb128 0x18
 425 0097 9742     		.uleb128 0x2117
 426 0099 19       		.uleb128 0x19
 427 009a 00       		.byte	0
 428 009b 00       		.byte	0
 429 009c 00       		.byte	0
 430              		.section	.debug_loc,"",%progbits
 431              	.Ldebug_loc0:
 432              	.LLST0:
 433 0000 00000000 		.4byte	.LVL0
 434 0004 0A000000 		.4byte	.LVL2
 435 0008 0100     		.2byte	0x1
 436 000a 50       		.byte	0x50
 437 000b 0A000000 		.4byte	.LVL2
 438 000f 18000000 		.4byte	.LFE0
 439 0013 0400     		.2byte	0x4
 440 0015 F3       		.byte	0xf3
 441 0016 01       		.uleb128 0x1
 442 0017 50       		.byte	0x50
 443 0018 9F       		.byte	0x9f
 444 0019 00000000 		.4byte	0
 445 001d 00000000 		.4byte	0
 446              	.LLST1:
 447 0021 08000000 		.4byte	.LVL1
 448 0025 0E000000 		.4byte	.LVL3
 449 0029 0100     		.2byte	0x1
 450 002b 53       		.byte	0x53
 451 002c 00000000 		.4byte	0
 452 0030 00000000 		.4byte	0
 453              	.LLST2:
 454 0034 00000000 		.4byte	.LVL4
ARM GAS  C:\Users\DGILLI~1\AppData\Local\Temp\ccPiuNDY.s 			page 11


 455 0038 0C000000 		.4byte	.LVL5
 456 003c 0100     		.2byte	0x1
 457 003e 50       		.byte	0x50
 458 003f 0C000000 		.4byte	.LVL5
 459 0043 18000000 		.4byte	.LFE1
 460 0047 0400     		.2byte	0x4
 461 0049 F3       		.byte	0xf3
 462 004a 01       		.uleb128 0x1
 463 004b 50       		.byte	0x50
 464 004c 9F       		.byte	0x9f
 465 004d 00000000 		.4byte	0
 466 0051 00000000 		.4byte	0
 467              		.section	.debug_aranges,"",%progbits
 468 0000 34000000 		.4byte	0x34
 469 0004 0200     		.2byte	0x2
 470 0006 00000000 		.4byte	.Ldebug_info0
 471 000a 04       		.byte	0x4
 472 000b 00       		.byte	0
 473 000c 0000     		.2byte	0
 474 000e 0000     		.2byte	0
 475 0010 00000000 		.4byte	.LFB0
 476 0014 18000000 		.4byte	.LFE0-.LFB0
 477 0018 00000000 		.4byte	.LFB1
 478 001c 18000000 		.4byte	.LFE1-.LFB1
 479 0020 00000000 		.4byte	.LFB2
 480 0024 0C000000 		.4byte	.LFE2-.LFB2
 481 0028 00000000 		.4byte	.LFB3
 482 002c 0C000000 		.4byte	.LFE3-.LFB3
 483 0030 00000000 		.4byte	0
 484 0034 00000000 		.4byte	0
 485              		.section	.debug_ranges,"",%progbits
 486              	.Ldebug_ranges0:
 487 0000 00000000 		.4byte	.LFB0
 488 0004 18000000 		.4byte	.LFE0
 489 0008 00000000 		.4byte	.LFB1
 490 000c 18000000 		.4byte	.LFE1
 491 0010 00000000 		.4byte	.LFB2
 492 0014 0C000000 		.4byte	.LFE2
 493 0018 00000000 		.4byte	.LFB3
 494 001c 0C000000 		.4byte	.LFE3
 495 0020 00000000 		.4byte	0
 496 0024 00000000 		.4byte	0
 497              		.section	.debug_line,"",%progbits
 498              	.Ldebug_line0:
 499 0000 8F000000 		.section	.debug_str,"MS",%progbits,1
 499      02004300 
 499      00000201 
 499      FB0E0D00 
 499      01010101 
 500              	.LASF19:
 501 0000 4D49534F 		.ascii	"MISO_ReadDataReg\000"
 501      5F526561 
 501      64446174 
 501      61526567 
 501      00
 502              	.LASF16:
 503 0011 76616C75 		.ascii	"value\000"
ARM GAS  C:\Users\DGILLI~1\AppData\Local\Temp\ccPiuNDY.s 			page 12


 503      6500
 504              	.LASF23:
 505 0017 73746174 		.ascii	"staticBits\000"
 505      69634269 
 505      747300
 506              	.LASF22:
 507 0022 433A5C55 		.ascii	"C:\\Users\\DGilliland\\Documents\\GitHub\\lb-boards"
 507      73657273 
 507      5C444769 
 507      6C6C696C 
 507      616E645C 
 508 0050 5C525050 		.ascii	"\\RPPSOC\\PSOC-SPI\\PSOC-SPI\\PSOC-SPI.cydsn\000"
 508      534F435C 
 508      50534F43 
 508      2D535049 
 508      5C50534F 
 509              	.LASF21:
 510 0079 2E5C4765 		.ascii	".\\Generated_Source\\PSoC5\\MISO.c\000"
 510      6E657261 
 510      7465645F 
 510      536F7572 
 510      63655C50 
 511              	.LASF9:
 512 0099 666C6F61 		.ascii	"float\000"
 512      7400
 513              	.LASF14:
 514 009f 4D49534F 		.ascii	"MISO_Write\000"
 514      5F577269 
 514      746500
 515              	.LASF1:
 516 00aa 756E7369 		.ascii	"unsigned char\000"
 516      676E6564 
 516      20636861 
 516      7200
 517              	.LASF13:
 518 00b8 72656738 		.ascii	"reg8\000"
 518      00
 519              	.LASF5:
 520 00bd 6C6F6E67 		.ascii	"long unsigned int\000"
 520      20756E73 
 520      69676E65 
 520      6420696E 
 520      7400
 521              	.LASF3:
 522 00cf 73686F72 		.ascii	"short unsigned int\000"
 522      7420756E 
 522      7369676E 
 522      65642069 
 522      6E7400
 523              	.LASF18:
 524 00e2 4D49534F 		.ascii	"MISO_Read\000"
 524      5F526561 
 524      6400
 525              	.LASF15:
 526 00ec 4D49534F 		.ascii	"MISO_SetDriveMode\000"
 526      5F536574 
 526      44726976 
ARM GAS  C:\Users\DGILLI~1\AppData\Local\Temp\ccPiuNDY.s 			page 13


 526      654D6F64 
 526      6500
 527              	.LASF10:
 528 00fe 646F7562 		.ascii	"double\000"
 528      6C6500
 529              	.LASF20:
 530 0105 474E5520 		.ascii	"GNU C 4.9.3 20150303 (release) [ARM/embedded-4_9-br"
 530      4320342E 
 530      392E3320 
 530      32303135 
 530      30333033 
 531 0138 616E6368 		.ascii	"anch revision 221220] -mcpu=cortex-m3 -mthumb -g -O"
 531      20726576 
 531      6973696F 
 531      6E203232 
 531      31323230 
 532 016b 67202D66 		.ascii	"g -ffunction-sections -ffat-lto-objects\000"
 532      66756E63 
 532      74696F6E 
 532      2D736563 
 532      74696F6E 
 533              	.LASF8:
 534 0193 756E7369 		.ascii	"unsigned int\000"
 534      676E6564 
 534      20696E74 
 534      00
 535              	.LASF7:
 536 01a0 6C6F6E67 		.ascii	"long long unsigned int\000"
 536      206C6F6E 
 536      6720756E 
 536      7369676E 
 536      65642069 
 537              	.LASF17:
 538 01b7 6D6F6465 		.ascii	"mode\000"
 538      00
 539              	.LASF6:
 540 01bc 6C6F6E67 		.ascii	"long long int\000"
 540      206C6F6E 
 540      6720696E 
 540      7400
 541              	.LASF11:
 542 01ca 63686172 		.ascii	"char\000"
 542      00
 543              	.LASF2:
 544 01cf 73686F72 		.ascii	"short int\000"
 544      7420696E 
 544      7400
 545              	.LASF12:
 546 01d9 75696E74 		.ascii	"uint8\000"
 546      3800
 547              	.LASF4:
 548 01df 6C6F6E67 		.ascii	"long int\000"
 548      20696E74 
 548      00
 549              	.LASF0:
 550 01e8 7369676E 		.ascii	"signed char\000"
 550      65642063 
ARM GAS  C:\Users\DGILLI~1\AppData\Local\Temp\ccPiuNDY.s 			page 14


 550      68617200 
 551              		.ident	"GCC: (GNU Tools for ARM Embedded Processors) 4.9.3 20150303 (release) [ARM/embedded-4_9-br
