 0000           ; Generated by PSoC Designer ver 4.3  b1884 : 23 June, 2006
 0000           ;
 0000           ;@Id: boot.tpl#161 @
 0000           ;=============================================================================
 0000           ;  FILENAME:   boot.asm
 0000           ;  VERSION:    4.15
 0000           ;  DATE:       2 August 2004
 0000           ;
 0000           ;  DESCRIPTION:
 0000           ;  M8C Boot Code for CY8C24xxxB microcontroller family.
 0000           ;
 0000           ;  Copyright (C) Cypress MicroSystems 2000-2004. All rights reserved.
 0000           ;
 0000           ; NOTES:
 0000           ; PSoC Designer's Device Editor uses a template file, BOOT.TPL, located in
 0000           ; the project's root directory to create BOOT.ASM. Any changes made to
 0000           ; BOOT.ASM will be  overwritten every time the project is generated; therfore
 0000           ; changes should be made to BOOT.TPL not BOOT.ASM. Care must be taken when
 0000           ; modifying BOOT.TPL so that replacement strings (such as @PROJECT_NAME)
 0000           ; are not accidentally modified.
 0000           ;
 0000           ;=============================================================================
 0000           
 0003           CPU_CLOCK:				equ	3h	;CPU clock value
 0007           CPU_CLOCK_MASK:			equ	7h	;CPU clock mask
 0003           CPU_CLOCK_JUST:			equ	3h	;CPU clock value justified
 0000           SELECT_32K:				equ	0h	;32K select value
 0080           SELECT_32K_MASK:		equ	80h	;32K select mask
 0000           SELECT_32K_JUST:		equ	0h	;32K select value justified
 0000           PLL_MODE:				equ	0h	;PLL mode value
 0040           PLL_MODE_MASK:			equ	40h	;PLL mode mask
 0000           PLL_MODE_JUST:			equ	0h	;PLL mode value justified
 0000           SLEEP_TIMER:			equ	0h	;Sleep Timer value
 0018           SLEEP_TIMER_MASK:		equ	18h	;Sleep Timer mask
 0000           SLEEP_TIMER_JUST:		equ	0h	;Sleep Timer value justified
 0001           SWITCH_MODE_PUMP:		equ	1h	;Switch Mode Pump setting
 0080           SWITCH_MODE_PUMP_MASK:	equ	80h	;Switch Mode Pump mask
 0080           SWITCH_MODE_PUMP_JUST:	equ	80h	;Switch Mode Pump justified
 0000           LVD_TBEN:               equ 0   ; Low Voltage Throttle-back enable value
 0008           LVD_TBEN_MASK:          equ 8  ; Low Voltage Throttle-back enable mask
 0000           LVD_TBEN_JUST:          equ 0  ; Low Voltage Throttle-back enable justified
 0007           TRIP_VOLTAGE:			equ	7h   ;Trip Voltage value
 0007           TRIP_VOLTAGE_MASK:      equ 7h  ;Trip Voltage mask
 0007           TRIP_VOLTAGE_JUST:      equ 7h  ;Trip Voltage justified
 0000                                         
 0010           POWER_SETTING:			equ	10h
 0010           POWER_SET_5V0:          equ 10h  ; MASK for 5.0V operation, fast and slow 
 0010           POWER_SET_5V0_24MHZ:    equ 10h  ; Power Setting value for 5.0V fast      
 0011           POWER_SET_5V0_6MHZ:     equ 11h  ; Power Setting value for 5.0V slow      
 0008           POWER_SET_3V3:          equ 08h  ; MASK for 3.3V operation, fast and slow 
 0008           POWER_SET_3V3_24MHZ:    equ 08h	 ; Power Setting value for 3.3V fast      
 0009           POWER_SET_3V3_6MHZ:     equ 09h	 ; Power Setting value for 3.3V slow      
 0006           POWER_SET_2V7:          equ 06h  ; MASK for 2.7V operation, fast and slow
 0004           POWER_SET_2V7_12MHZ:    equ 04h	 ; MASK for 2.7V, 12MHZ operation
 0002           POWER_SET_2V7_6MHZ:     equ 02h	 ; MASK for 2.7V,  6MHZ operation
 0001           POWER_SET_SLOW_IMO:     equ 01h  ; MASK for slow Internal Main Oscillator (IMO) 
 0000           
 0001           COMM_RX_PRESENT:		equ	1	;1 = TRUE
 0000           WATCHDOG_ENABLE:		equ 0	;Watchdog Enable 1 = Enable
 0000           
 000B           CLOCK_DIV_VC1:			equ	bh	;VC1 clock divider
 00F0           CLOCK_DIV_VC1_MASK:		equ	f0h	;VC1 clock divider mask
 00B0           CLOCK_DIV_VC1_JUST:		equ	b0h	;VC1 clock divider justified
 0001           CLOCK_DIV_VC2:			equ	1h	;VC2 clock divider
 000F           CLOCK_DIV_VC2_MASK:		equ	fh	;VC2 clock divider mask
 0001           CLOCK_DIV_VC2_JUST:		equ	1h	;VC2 clock divider justified
 0001           CLOCK_INPUT_VC3:		equ	1h	;VC3 clock source
 0003           CLOCK_INPUT_VC3_MASK:	equ	3h	;VC3 clock source mask
 0001           CLOCK_INPUT_VC3_JUST:	equ	1h	;VC3 clock source justified
 0019           CLOCK_DIV_VC3:			equ	19h	;VC3 clock divider
 00FF           CLOCK_DIV_VC3_MASK:		equ	ffh	;VC3 clock divider mask
 0019           CLOCK_DIV_VC3_JUST:		equ	19h	;VC3 clock divider justified
 0000           ANALOG_BUFFER_PWR:		equ	0h	;Analog buffer power level
 0001           ANALOG_BUFFER_PWR_MASK:	equ	1h	;Analog buffer power level mask
 0000           ANALOG_BUFFER_PWR_JUST:	equ	0h	;Analog buffer power level justified
 0005           ANALOG_POWER:			equ	5h	;Analog power control
 0007           ANALOG_POWER_MASK:		equ	7h	;Analog power control mask
 0005           ANALOG_POWER_JUST:		equ	5h	;Analog power control justified
 0000           OP_AMP_BIAS:			equ	0h	;Op amp bias level
 0040           OP_AMP_BIAS_MASK:		equ	40h	;Op amp bias level mask
 0000           OP_AMP_BIAS_JUST:		equ	0h	;Op amp bias level justified
 0000           REF_MUX:				equ	0h	;Ref mux setting
 0038           REF_MUX_MASK:			equ	38h	;Ref mux setting mask
 0000           REF_MUX_JUST:			equ	0h	;Ref mux setting justified
 0000           AGND_BYPASS:			equ	0h	;AGndBypass setting
 0040           AGND_BYPASS_MASK:		equ	40h	;AGndBypass setting mask
 0000           AGND_BYPASS_JUST:		equ	0h	;AGndBypass setting justified
 0000           SYSCLK_SOURCE:				equ	(0h | 0h)	;SysClk Source setting
 0006           SYSCLK_SOURCE_MASK:			equ	(4h | 2h)	;SysClk Source setting mask
 0000           SYSCLK_SOURCE_JUST:			equ	(0h | 0h)	;SysClk Source setting justified
 0000           SYSCLK_2_DISABLE:				equ	0h	;SysClk*2 Disable setting
 0001           SYSCLK_2_DISABLE_MASK:			equ	1h	;SysClk*2 Disable setting mask
 0000           SYSCLK_2_DISABLE_JUST:			equ	0h	;SysClk*2 Disable setting justified
 0000           ;
 0000           ; register initial values
 0000           ;
 0000           ANALOG_IO_CONTROL:		equ 0h	;Analog IO Control register (ABF_CR)
 003C           PORT_0_GLOBAL_SELECT:	equ 3ch	;Port 0 global select register (PRT0GS)
 000C           PORT_0_DRIVE_0:			equ ch	;Port 0 drive mode 0 register (PRT0DM0)
 0030           PORT_0_DRIVE_1:			equ 30h	;Port 0 drive mode 1 register (PRT0DM1)
 0000           PORT_0_DRIVE_2:			equ 0h	;Port 0 drive mode 2 register (PRT0DM2)
 0000           PORT_0_INTENABLE:		equ 0h	;Port 0 interrupt enable register (PRT0IE)
 0000           PORT_0_INTCTRL_0:		equ 0h	;Port 0 interrupt control 0 register (PRT0IC0)
 0000           PORT_0_INTCTRL_1:		equ 0h	;Port 0 interrupt control 1 register (PRT0IC1)
 0000           PORT_1_GLOBAL_SELECT:	equ 0h	;Port 1 global select register (PRT1GS)
 0003           PORT_1_DRIVE_0:			equ 3h	;Port 1 drive mode 0 register (PRT1DM0)
 0000           PORT_1_DRIVE_1:			equ 0h	;Port 1 drive mode 1 register (PRT1DM1)
 0000           PORT_1_DRIVE_2:			equ 0h	;Port 1 drive mode 2 register (PRT1DM2)
 0000           PORT_1_INTENABLE:		equ 0h	;Port 1 interrupt enable register (PRT1IE)
 0000           PORT_1_INTCTRL_0:		equ 0h	;Port 1 interrupt control 0 register (PRT1IC0)
 0000           PORT_1_INTCTRL_1:		equ 0h	;Port 1 interrupt control 1 register (PRT1IC1)
 0000           PORT_2_GLOBAL_SELECT:	equ 0h	;Port 2 global select register (PRT2GS)
 0000           PORT_2_DRIVE_0:			equ 0h	;Port 2 drive mode 0 register (PRT2DM0)
 0000           PORT_2_DRIVE_1:			equ 0h	;Port 2 drive mode 1 register (PRT2DM1)
 0000           PORT_2_DRIVE_2:			equ 0h	;Port 2 drive mode 2 register (PRT2DM2)
 0000           PORT_2_INTENABLE:		equ 0h	;Port 2 interrupt enable register (PRT2IE)
 0000           PORT_2_INTCTRL_0:		equ 0h	;Port 2 interrupt control 0 register (PRT2IC0)
 0000           PORT_2_INTCTRL_1:		equ 0h	;Port 2 interrupt control 1 register (PRT2IC1)
 0000           
 0000           ; end of file GlobalParams.inc
 0010           FLAG_XIO_MASK:  equ 10h
 0008           FLAG_SUPER:     equ 08h
 0004           FLAG_CARRY:     equ 04h
 0002           FLAG_ZERO:      equ 02h
 0001           FLAG_GLOBAL_IE: equ 01h
 0000           
 0000           
 0000           ;;=============================================================================
 0000           ;;      Register Space, Bank 0
 0000           ;;=============================================================================
 0000           
 0000           ;------------------------------------------------
 0000           ;  Port Registers
 0000           ;  Note: Also see this address range in Bank 1.
 0000           ;------------------------------------------------
 0000           ; Port 0
 0000           PRT0DR:       equ 00h          ; Port 0 Data Register                     (RW)
 0001           PRT0IE:       equ 01h          ; Port 0 Interrupt Enable Register         (RW)
 0002           PRT0GS:       equ 02h          ; Port 0 Global Select Register            (RW)
 0003           PRT0DM2:      equ 03h          ; Port 0 Drive Mode 2                      (RW)
 0000           ; Port 1
 0004           PRT1DR:       equ 04h          ; Port 1 Data Register                     (RW)
 0005           PRT1IE:       equ 05h          ; Port 1 Interrupt Enable Register         (RW)
 0006           PRT1GS:       equ 06h          ; Port 1 Global Select Register            (RW)
 0007           PRT1DM2:      equ 07h          ; Port 1 Drive Mode 2                      (RW)
 0000           ; Port 2
 0008           PRT2DR:       equ 08h          ; Port 2 Data Register                     (RW)
 0009           PRT2IE:       equ 09h          ; Port 2 Interrupt Enable Register         (RW)
 000A           PRT2GS:       equ 0Ah          ; Port 2 Global Select Register            (RW)
 000B           PRT2DM2:      equ 0Bh          ; Port 2 Drive Mode 2                      (RW)
 0000           
 0000           ;------------------------------------------------
 0000           ;  Digital PSoC(tm) block Registers
 0000           ;  Note: Also see this address range in Bank 1.
 0000           ;------------------------------------------------
 0000           ; Digital PSoC block 00, Basic Type B
 0020           DBB00DR0:     equ 20h          ; data register 0                          (#)
 0021           DBB00DR1:     equ 21h          ; data register 1                          (W)
 0022           DBB00DR2:     equ 22h          ; data register 2                          (RW)
 0023           DBB00CR0:     equ 23h          ; control & status register 0              (#)
 0000           
 0000           ; Digital PSoC block 01, Basic Type B
 0024           DBB01DR0:     equ 24h          ; data register 0                          (#)
 0025           DBB01DR1:     equ 25h          ; data register 1                          (W)
 0026           DBB01DR2:     equ 26h          ; data register 2                          (RW)
 0027           DBB01CR0:     equ 27h          ; control & status register 0              (#)
 0000           
 0000           ; Digital PSoC block 02, Communications Type B
 0028           DCB02DR0:     equ 28h          ; data register 0                          (#)
 0029           DCB02DR1:     equ 29h          ; data register 1                          (W)
 002A           DCB02DR2:     equ 2Ah          ; data register 2                          (RW)
 002B           DCB02CR0:     equ 2Bh          ; control & status register 0              (#)
 0000           
 0000           ; Digital PSoC block 03, Communications Type B
 002C           DCB03DR0:     equ 2Ch          ; data register 0                          (#)
 002D           DCB03DR1:     equ 2Dh          ; data register 1                          (W)
 002E           DCB03DR2:     equ 2Eh          ; data register 2                          (RW)
 002F           DCB03CR0:     equ 2Fh          ; control & status register 0              (#)
 0000           
 0000           ;-------------------------------------
 0000           ;  Analog Resource Control Registers
 0000           ;-------------------------------------
 0060           AMX_IN:       equ 60h          ; Analog Input Multiplexor Control         (RW)
 000C           AMX_IN_ACI1:          equ 0Ch    ; MASK: column 1 input mux
 0003           AMX_IN_ACI0:          equ 03h    ; MASK: column 0 input mux
 0000           
 0063           ARF_CR:       equ 63h          ; Analog Reference Control Register        (RW)
 0040           ARF_CR_HBE:           equ 40h    ; MASK: Bias level control
 0038           ARF_CR_REF:           equ 38h    ; MASK: Analog Reference controls
 0007           ARF_CR_REFPWR:        equ 07h    ; MASK: Analog Reference power
 0004           ARF_CR_APWR:          equ 04h    ; MASK: use deprecated; see datasheet
 0003           ARF_CR_SCPWR:         equ 03h    ; MASK: Switched Cap block power
 0000           
 0064           CMP_CR0:      equ 64h          ; Analog Comparator Bus 0 Register         (#)
 0020           CMP_CR0_COMP1:        equ 20h    ; MASK: Column 1 comparator state        (R)
 0010           CMP_CR0_COMP0:        equ 10h    ; MASK: Column 0 comparator state        (R)
 0002           CMP_CR0_AINT1:        equ 02h    ; MASK: Column 1 interrupt source        (RW)
 0001           CMP_CR0_AINT0:        equ 01h    ; MASK: Column 0 interrupt source        (RW)
 0000           
 0065           ASY_CR:       equ 65h          ; Analog Synchronizaton Control            (#)
 0070           ASY_CR_SARCOUNT:      equ 70h    ; MASK: SAR support: resolution count    (W)
 0008           ASY_CR_SARSIGN:       equ 08h    ; MASK: SAR support: sign                (RW)
 0006           ASY_CR_SARCOL:        equ 06h    ; MASK: SAR support: column spec         (RW)
 0001           ASY_CR_SYNCEN:        equ 01h    ; MASK: Stall bit                        (RW)
 0000           
 0066           CMP_CR1:      equ 66h          ; Analog Comparator Bus 1 Register         (RW)
 0020           CMP_CR1_ASYNCH1:      equ 20h    ; MASK: Column 1 comparator bus synch
 0010           CMP_CR1_ASYNCH0:      equ 10h    ; MASK: Column 0 comparator bus synch
 0000           
 0000           ;---------------------------------------------------
 0000           ;  Analog PSoC block Registers
 0000           ;
 0000           ;  Note: the following registers are mapped into
 0000           ;  both register bank 0 AND register bank 1.
 0000           ;---------------------------------------------------
 0000           
 0000           ; Continuous Time PSoC block Type B Row 0 Col 0
 0070           ACB00CR3:     equ 70h          ; Control register 3                       (RW)
 0071           ACB00CR0:     equ 71h          ; Control register 0                       (RW)
 0072           ACB00CR1:     equ 72h          ; Control register 1                       (RW)
 0073           ACB00CR2:     equ 73h          ; Control register 2                       (RW)
 0000           
 0000           ; Continuous Time PSoC block Type B Row 0 Col 1
 0074           ACB01CR3:     equ 74h          ; Control register 3                       (RW)
 0075           ACB01CR0:     equ 75h          ; Control register 0                       (RW)
 0076           ACB01CR1:     equ 76h          ; Control register 1                       (RW)
 0077           ACB01CR2:     equ 77h          ; Control register 2                       (RW)
 0000           
 0000           ; Switched Cap PSoC blockType C Row 1 Col 0
 0080           ASC10CR0:     equ 80h          ; Control register 0                       (RW)
 0081           ASC10CR1:     equ 81h          ; Control register 1                       (RW)
 0082           ASC10CR2:     equ 82h          ; Control register 2                       (RW)
 0083           ASC10CR3:     equ 83h          ; Control register 3                       (RW)
 0000           
 0000           ; Switched Cap PSoC blockType D Row 1 Col 1
 0084           ASD11CR0:     equ 84h          ; Control register 0                       (RW)
 0085           ASD11CR1:     equ 85h          ; Control register 1                       (RW)
 0086           ASD11CR2:     equ 86h          ; Control register 2                       (RW)
 0087           ASD11CR3:     equ 87h          ; Control register 3                       (RW)
 0000           
 0000           ; Switched Cap PSoC blockType D Row 2 Col 0
 0090           ASD20CR0:     equ 90h          ; Control register 0                       (RW)
 0091           ASD20CR1:     equ 91h          ; Control register 1                       (RW)
 0092           ASD20CR2:     equ 92h          ; Control register 2                       (RW)
 0093           ASD20CR3:     equ 93h          ; Control register 3                       (RW)
 0000           
 0000           ; Switched Cap PSoC blockType C Row 2 Col 1
 0094           ASC21CR0:     equ 94h          ; Control register 0                       (RW)
 0095           ASC21CR1:     equ 95h          ; Control register 1                       (RW)
 0096           ASC21CR2:     equ 96h          ; Control register 2                       (RW)
 0097           ASC21CR3:     equ 97h          ; Control register 3                       (RW)
 0000           
 0000           ;------------------------------------------------
 0000           ;  Row Digital Interconnects
 0000           ;
 0000           ;  Note: the following registers are mapped into
 0000           ;  both register bank 0 AND register bank 1.
 0000           ;------------------------------------------------
 0000           
 00B0           RDI0RI:       equ B0h          ; Row Digital Interconnect Row 0 Input Reg (RW)
 00B1           RDI0SYN:      equ B1h          ; Row Digital Interconnect Row 0 Sync Reg  (RW)
 00B2           RDI0IS:       equ B2h          ; Row 0 Input Select Register              (RW)
 00B3           RDI0LT0:      equ B3h          ; Row 0 Look Up Table Register 0           (RW)
 00B4           RDI0LT1:      equ B4h          ; Row 0 Look Up Table Register 1           (RW)
 00B5           RDI0RO0:      equ B5h          ; Row 0 Output Register 0                  (RW)
 00B6           RDI0RO1:      equ B6h          ; Row 0 Output Register 1                  (RW)
 0000           
 0000           ;------------------------------------------------
 0000           ;  I2C Configuration Registers
 0000           ;------------------------------------------------
 00D6           I2C_CFG:      equ D6h          ; I2C Configuration Register               (RW)
 0040           I2C_CFG_PINSEL:         equ 40h  ; MASK: Select P1[0] and P1[1] for I2C
 0020           I2C_CFG_BUSERR_IE:      equ 20h  ; MASK: Enable interrupt on Bus Error
 0010           I2C_CFG_STOP_IE:        equ 10h  ; MASK: Enable interrupt on Stop
 0000           I2C_CFG_CLK_RATE_100K:  equ 00h  ; MASK: I2C clock set at 100K
 0004           I2C_CFG_CLK_RATE_400K:  equ 04h  ; MASK: I2C clock set at 400K
 0008           I2C_CFG_CLK_RATE_50K:   equ 08h  ; MASK: I2C clock set at 50K
 000C           I2C_CFG_CLK_RATE_1M6:   equ 0Ch  ; MASK: I2C clock set at 1.6M
 000C           I2C_CFG_CLK_RATE:       equ 0Ch  ; MASK: I2C clock rate setting mask
 0002           I2C_CFG_PSELECT_MASTER: equ 02h  ; MASK: Enable I2C Master
 0001           I2C_CFG_PSELECT_SLAVE:  equ 01h  ; MASK: Enable I2C Slave
 0000           
 00D7           I2C_SCR:      equ D7h          ; I2C Status and Control Register          (#)
 0080           I2C_SCR_BUSERR:        equ 80h   ; MASK: I2C Bus Error detected           (RC)
 0040           I2C_SCR_LOSTARB:       equ 40h   ; MASK: I2C Arbitration lost             (RC)
 0020           I2C_SCR_STOP:          equ 20h   ; MASK: I2C Stop detected                (RC)
 0010           I2C_SCR_ACK:           equ 10h   ; MASK: ACK the last byte                (RW)
 0008           I2C_SCR_ADDR:          equ 08h   ; MASK: Address rcv'd is Slave address   (RC)
 0004           I2C_SCR_XMIT:          equ 04h   ; MASK: Set transfer to tranmit mode     (RW)
 0002           I2C_SCR_LRB:           equ 02h   ; MASK: Last recieved bit                (RC)
 0001           I2C_SCR_BYTECOMPLETE:  equ 01h   ; MASK: Transfer of byte complete        (RC)
 0000           
 00D8           I2C_DR:       equ D8h          ; I2C Data Register                        (RW)
 0000           
 00D9           I2C_MSCR:     equ D9h          ; I2C Master Status and Control Register   (#)
 0008           I2C_MSCR_BUSY:         equ 08h   ; MASK: I2C Busy (Start detected)        (R)
 0004           I2C_MSCR_MODE:         equ 04h   ; MASK: Start has been generated         (R)
 0002           I2C_MSCR_RESTART:      equ 02h   ; MASK: Generate a Restart condition     (RW)
 0001           I2C_MSCR_START:        equ 01h   ; MASK: Generate a Start condition       (RW)
 0000           
 0000           ;------------------------------------------------
 0000           ;  System and Global Resource Registers
 0000           ;------------------------------------------------
 00DA           INT_CLR0:     equ DAh          ; Interrupt Clear Register 0               (RW)
 0000                                          ; Use INT_MSK0 bit field masks
 00DB           INT_CLR1:     equ DBh          ; Interrupt Clear Register 1               (RW)
 0000                                          ; Use INT_MSK1 bit field masks
 00DD           INT_CLR3:     equ DDh          ; Interrupt Clear Register 3               (RW)
 0000                                          ; Use INT_MSK3 bit field masks
 0000           
 00DE           INT_MSK3:     equ DEh          ; I2C and Software Mask Register           (RW)
 0080           INT_MSK3_ENSWINT:          equ 80h ; MASK: enable/disable SW interrupt
 0001           INT_MSK3_I2C:              equ 01h ; MASK: enable/disable I2C interrupt
 0000           
 00E0           INT_MSK0:     equ E0h          ; General Interrupt Mask Register          (RW)
 0080           INT_MSK0_VC3:              equ 80h ; MASK: enable/disable VC3 interrupt
 0040           INT_MSK0_SLEEP:            equ 40h ; MASK: enable/disable sleep interrupt
 0020           INT_MSK0_GPIO:             equ 20h ; MASK: enable/disable GPIO  interrupt
 0004           INT_MSK0_ACOLUMN_1:        equ 04h ; MASK: enable/disable Analog col 1 interrupt
 0002           INT_MSK0_ACOLUMN_0:        equ 02h ; MASK: enable/disable Analog col 0 interrupt
 0001           INT_MSK0_VOLTAGE_MONITOR:  equ 01h ; MASK: enable/disable Volts interrupt
 0000           
 00E1           INT_MSK1:     equ E1h          ; Digital PSoC block Mask Register         (RW)
 0008           INT_MSK1_DCB03:            equ 08h ; MASK: enable/disable DCB03 block interrupt
 0004           INT_MSK1_DCB02:            equ 04h ; MASK: enable/disable DCB02 block interrupt
 0002           INT_MSK1_DBB01:            equ 02h ; MASK: enable/disable DBB01 block interrupt
 0001           INT_MSK1_DBB00:            equ 01h ; MASK: enable/disable DBB00 block interrupt
 0000           
 00E2           INT_VC:       equ E2h          ; Interrupt vector register                (RC)
 00E3           RES_WDT:      equ E3h          ; Watch Dog Timer Register                 (W)
 0000           
 0000           ; DECIMATOR Registers
 00E4           DEC_DH:       equ E4h          ; Data Register (high byte)                (RC)
 00E5           DEC_DL:       equ E5h          ; Data Register ( low byte)                (RC)
 00E6           DEC_CR0:      equ E6h          ; Data Control Register 0                  (RW)
 00E7           DEC_CR1:      equ E7h          ; Data Control Register 1                  (RW)
 0000           
 0000           ; Multiplier and MAC (Multiply/Accumulate) Unit
 00E8           MUL_X:        equ E8h          ; Multiplier X Register (write)            (W)
 00E9           MUL_Y:        equ E9h          ; Multiplier Y Register (write)            (W)
 00EA           MUL_DH:       equ EAh          ; Multiplier Result Data (high byte read)  (R)
 00EB           MUL_DL:       equ EBh          ; Multiplier Result Data ( low byte read)  (R)
 00EC           MAC_X:        equ ECh          ; write = MAC X register [also see ACC_DR1]
 00EC           ACC_DR1:      equ MAC_X        ; read =  MAC Accumulator, byte 1          (RW)
 00ED           MAC_Y:        equ EDh          ; write = MAC Y register [also see ACC_DR0]
 00ED           ACC_DR0:      equ MAC_Y        ; read =  MAC Accumulator, byte 0          (RW)
 00EE           MAC_CL0:      equ EEh          ; write = MAC Clear Accum [also see ACC_DR3]
 00EE           ACC_DR3:      equ MAC_CL0      ; read =  MAC Accumulator, byte 3          (RW)
 00EF           MAC_CL1:      equ EFh          ; write = MAC Clear Accum [also see ACC_DR2]
 00EF           ACC_DR2:      equ MAC_CL1      ; read =  MAC Accumulator, byte 2          (RW)
 0000           
 0000           ;------------------------------------------------------
 0000           ;  System Status and Control Registers
 0000           ;
 0000           ;  Note: The following registers are mapped into both
 0000           ;        register bank 0 AND register bank 1.
 0000           ;------------------------------------------------------
 00F7           CPU_F:        equ F7h          ; CPU Flag Register Access                 (RO)
 0000                                              ; Use FLAG_ masks defined at top of file
 0000           
 00FE           CPU_SCR1:     equ FEh          ; CPU Status and Control Register #1       (#)
 0010           CPU_SCR1_SLIMO:         equ 10h	   ; MASK: Slow IMO (internal main osc) enable
 0080           CPU_SCR1_IRESS:         equ 80h    ; MASK: flag, Internal Reset Status bit
 0008           CPU_SCR1_ECO_ALWD_WR:   equ 08h    ; MASK: flag, ECO allowed has been written
 0004           CPU_SCR1_ECO_ALLOWED:   equ 04h    ; MASK: ECO allowed to be enabled
 0001           CPU_SCR1_IRAMDIS:       equ 01h    ; MASK: Disable RAM initialization on WDR
 0000           
 00FF           CPU_SCR0:     equ FFh          ; CPU Status and Control Register #2       (#)
 0080           CPU_SCR0_GIE_MASK:      equ 80h    ; MASK: Global Interrupt Enable shadow
 0020           CPU_SCR0_WDRS_MASK:     equ 20h    ; MASK: Watch Dog Timer Reset
 0010           CPU_SCR0_PORS_MASK:     equ 10h    ; MASK: power-on reset bit PORS
 0008           CPU_SCR0_SLEEP_MASK:    equ 08h    ; MASK: Enable Sleep
 0001           CPU_SCR0_STOP_MASK:     equ 01h    ; MASK: Halt CPU bit
 0000           
 0000           
 0000           ;;=============================================================================
 0000           ;;      Register Space, Bank 1
 0000           ;;=============================================================================
 0000           
 0000           ;------------------------------------------------
 0000           ;  Port Registers
 0000           ;  Note: Also see this address range in Bank 0.
 0000           ;------------------------------------------------
 0000           ; Port 0
 0000           PRT0DM0:      equ 00h          ; Port 0 Drive Mode 0                      (RW)
 0001           PRT0DM1:      equ 01h          ; Port 0 Drive Mode 1                      (RW)
 0002           PRT0IC0:      equ 02h          ; Port 0 Interrupt Control 0               (RW)
 0003           PRT0IC1:      equ 03h          ; Port 0 Interrupt Control 1               (RW)
 0000           
 0000           ; Port 1
 0004           PRT1DM0:      equ 04h          ; Port 1 Drive Mode 0                      (RW)
 0005           PRT1DM1:      equ 05h          ; Port 1 Drive Mode 1                      (RW)
 0006           PRT1IC0:      equ 06h          ; Port 1 Interrupt Control 0               (RW)
 0007           PRT1IC1:      equ 07h          ; Port 1 Interrupt Control 1               (RW)
 0000           
 0000           ; Port 2
 0008           PRT2DM0:      equ 08h          ; Port 2 Drive Mode 0                      (RW)
 0009           PRT2DM1:      equ 09h          ; Port 2 Drive Mode 1                      (RW)
 000A           PRT2IC0:      equ 0Ah          ; Port 2 Interrupt Control 0               (RW)
 000B           PRT2IC1:      equ 0Bh          ; Port 2 Interrupt Control 1               (RW)
 0000           
 0000           ;------------------------------------------------
 0000           ;  Digital PSoC(tm) block Registers
 0000           ;  Note: Also see this address range in Bank 0.
 0000           ;------------------------------------------------
 0000           
 0000           ; Digital PSoC block 00, Basic Type B
 0020           DBB00FN:      equ 20h          ; Function Register                        (RW)
 0021           DBB00IN:      equ 21h          ;    Input Register                        (RW)
 0022           DBB00OU:      equ 22h          ;   Output Register                        (RW)
 0000           
 0000           ; Digital PSoC block 01, Basic Type B
 0024           DBB01FN:      equ 24h          ; Function Register                        (RW)
 0025           DBB01IN:      equ 25h          ;    Input Register                        (RW)
 0026           DBB01OU:      equ 26h          ;   Output Register                        (RW)
 0000           
 0000           ; Digital PSoC block 02, Communications Type B
 0028           DCB02FN:      equ 28h          ; Function Register                        (RW)
 0029           DCB02IN:      equ 29h          ;    Input Register                        (RW)
 002A           DCB02OU:      equ 2Ah          ;   Output Register                        (RW)
 0000           
 0000           ; Digital PSoC block 03, Communications Type B
 002C           DCB03FN:      equ 2Ch          ; Function Register                        (RW)
 002D           DCB03IN:      equ 2Dh          ;    Input Register                        (RW)
 002E           DCB03OU:      equ 2Eh          ;   Output Register                        (RW)
 0000           
 0000           ;------------------------------------------------
 0000           ;  System and Global Resource Registers
 0000           ;  Note: Also see this address range in Bank 0.
 0000           ;------------------------------------------------
 0000           
 0060           CLK_CR0:      equ 60h          ; Analog Column Clock Select Register 0    (RW)
 000C           CLK_CR0_ACOLUMN_1:    equ 0Ch    ; MASK: Specify clock for analog cloumn
 0003           CLK_CR0_ACOLUMN_0:    equ 03h    ; MASK: Specify clock for analog cloumn
 0000           
 0061           CLK_CR1:      equ 61h          ; Analog Clock Source Select Register 1    (RW)
 0040           CLK_CR1_SHDIS:        equ 40h    ; MASK: Sample and Hold Disable (all Columns)
 0038           CLK_CR1_ACLK1:        equ 38h    ; MASK: Digital PSoC block for analog source
 0007           CLK_CR1_ACLK2:        equ 07h    ; MASK: Digital PSoC block for analog source
 0000           
 0062           ABF_CR0:      equ 62h          ; Analog Output Buffer Control Register 0  (RW)
 0080           ABF_CR0_ACOL1MUX:     equ 80h    ; MASK: Analog Column 1 Mux control
 0020           ABF_CR0_ABUF1EN:      equ 20h    ; MASK: Enable ACol 1 analog buffer (P0[5])
 0008           ABF_CR0_ABUF0EN:      equ 08h    ; MASK: Enable ACol 0 analog buffer (P0[3])
 0002           ABF_CR0_BYPASS:       equ 02h    ; MASK: Bypass the analog buffers
 0001           ABF_CR0_PWR:          equ 01h    ; MASK: High power mode on all analog buffers
 0000           
 0063           AMD_CR0:      equ 63h          ; Analog Modulator Control Register 0      (RW)
 0070           AMD_CR0_AMOD2:        equ 70h    ; MASK: Modulation source for analog column 2
 0007           AMD_CR0_AMOD0:        equ 07h    ; MASK: Modulation source for analog column 1
 0000           
 0066           AMD_CR1:      equ 66h          ; Analog Modulator Control Register 1      (RW)
 0070           AMD_CR1_AMOD3:        equ 70h    ; MASK: Modulation ctrl for analog column 3
 0007           AMD_CR1_AMOD1:        equ 07h    ; MASK: Modulation ctrl for analog column 1
 0000           
 0067           ALT_CR0:      equ 67h          ; Analog Look Up Table (LUT) Register 0    (RW)
 00F0           ALT_CR0_LUT1:         equ F0h    ; MASK: Look up table 1 selection
 000F           ALT_CR0_LUT0:         equ 0Fh    ; MASK: Look up table 0 selection
 0000           
 0068           ALT_CR1:      equ 68h          ; Analog Look Up Table (LUT) Register 1    (RW)
 00F0           ALT_CR1_LUT3:         equ F0h    ; MASK: Look up table 3 selection
 000F           ALT_CR1_LUT2:         equ 0Fh    ; MASK: Look up table 2 selection
 0000           
 0069           CLK_CR2:      equ 69h          ; Analog Clock Source Control Register 2   (RW)
 0008           CLK_CR2_ACLK1R:       equ 08h    ; MASK: Analog Clock 1 selection range
 0001           CLK_CR2_ACLK0R:       equ 01h    ; MASK: Analog Clock 0 selection range
 0000           
 0000           ;------------------------------------------------
 0000           ;  Global Digital Interconnects
 0000           ;------------------------------------------------
 0000           
 00D0           GDI_O_IN:     equ D0h          ; Global Dig Interconnect Odd Inputs Reg   (RW)
 00D1           GDI_E_IN:     equ D1h          ; Global Dig Interconnect Even Inputs Reg  (RW)
 00D2           GDI_O_OU:     equ D2h          ; Global Dig Interconnect Odd Outputs Reg  (RW)
 00D3           GDI_E_OU:     equ D3h          ; Global Dig Interconnect Even Outputs Reg (RW)
 0000           
 0000           ;------------------------------------------------
 0000           ;  Clock and System Control Registers
 0000           ;------------------------------------------------
 0000           
 00DD           OSC_GO_EN:    equ DDh          ; Oscillator to Global Outputs Enable Register (RW)
 0080           OSC_GOEN_SLPINT:      equ 80h	 ; Enable Sleep Timer onto GOE[7]
 0040           OSC_GOEN_VC3:         equ 40h    ; Enable VC3 onto GOE[6]
 0020           OSC_GOEN_VC2:         equ 20h    ; Enable VC2 onto GOE[5]
 0010           OSC_GOEN_VC1:         equ 10h    ; Enable VC1 onto GOE[4]
 0008           OSC_GOEN_SYSCLKX2:    equ 08h    ; Enable 2X SysClk onto GOE[3]
 0004           OSC_GOEN_SYSCLK:      equ 04h    ; Enable 1X SysClk onto GOE[2]
 0002           OSC_GOEN_CLK24M:      equ 02h    ; Enable 24 MHz clock onto GOE[1]
 0001           OSC_GOEN_CLK32K:      equ 01h    ; Enable 32 kHz clock onto GOE[0]
 0000           
 00DE           OSC_CR4:      equ DEh          ; Oscillator Control Register 4            (RW)
 0003           OSC_CR4_VC3:          equ 03h    ; MASK: System VC3 Clock source
 0000           
 00DF           OSC_CR3:      equ DFh          ; Oscillator Control Register 3            (RW)
 0000           
 00E0           OSC_CR0:      equ E0h          ; System Oscillator Control Register 0     (RW)
 0080           OSC_CR0_32K_SELECT:   equ 80h    ; MASK: Enable/Disable External XTAL Osc
 0040           OSC_CR0_PLL_MODE:     equ 40h    ; MASK: Enable/Disable PLL
 0020           OSC_CR0_NO_BUZZ:      equ 20h    ; MASK: Bandgap always powered/BUZZ bandgap
 0018           OSC_CR0_SLEEP:        equ 18h    ; MASK: Set Sleep timer freq/period
 0000           OSC_CR0_SLEEP_512Hz:  equ 00h    ;     Set sleep bits for 1.95ms period
 0008           OSC_CR0_SLEEP_64Hz:   equ 08h    ;     Set sleep bits for 15.6ms period
 0010           OSC_CR0_SLEEP_8Hz:    equ 10h    ;     Set sleep bits for 125ms period
 0018           OSC_CR0_SLEEP_1Hz:    equ 18h    ;     Set sleep bits for 1 sec period
 0007           OSC_CR0_CPU:          equ 07h    ; MASK: Set CPU Frequency
 0000           OSC_CR0_CPU_3MHz:     equ 00h    ;     set CPU Freq bits for 3MHz Operation
 0001           OSC_CR0_CPU_6MHz:     equ 01h    ;     set CPU Freq bits for 6MHz Operation
 0002           OSC_CR0_CPU_12MHz:    equ 02h    ;     set CPU Freq bits for 12MHz Operation
 0003           OSC_CR0_CPU_24MHz:    equ 03h    ;     set CPU Freq bits for 24MHz Operation
 0004           OSC_CR0_CPU_1d5MHz:   equ 04h    ;     set CPU Freq bits for 1.5MHz Operation
 0005           OSC_CR0_CPU_750kHz:   equ 05h    ;     set CPU Freq bits for 750kHz Operation
 0006           OSC_CR0_CPU_187d5kHz: equ 06h    ;     set CPU Freq bits for 187.5kHz Operation
 0007           OSC_CR0_CPU_93d7kHz:  equ 07h    ;     set CPU Freq bits for 93.7kHz Operation
 0000           
 00E1           OSC_CR1:      equ E1h          ; System VC1/VC2 Divider Control Register  (RW)
 00F0           OSC_CR1_VC1:          equ F0h    ; MASK: System VC1 24MHz/External Clk divider
 000F           OSC_CR1_VC2:          equ 0Fh    ; MASK: System VC2 24MHz/External Clk divider
 0000           
 00E2           OSC_CR2:      equ E2h          ; Oscillator Control Register 2            (RW)
 0080           OSC_CR2_PLLGAIN:      equ 80h    ; MASK: High/Low gain
 0004           OSC_CR2_EXTCLKEN:     equ 04h    ; MASK: Enable/Disable External Clock
 0002           OSC_CR2_IMODIS:       equ 02h    ; MASK: Enable/Disable System (IMO) Clock Net
 0001           OSC_CR2_SYSCLKX2DIS:  equ 01h    ; MASK: Enable/Disable 48MHz clock source
 0000           
 00E3           VLT_CR:       equ E3h          ; Voltage Monitor Control Register         (RW)
 0080           VLT_CR_SMP:           equ 80h    ; MASK: Enable Switch Mode Pump
 0030           VLT_CR_PORLEV:        equ 30h    ; MASK: Mask for Power on Reset level control
 0000           VLT_CR_POR_LOW:       equ 00h    ;   Lowest  Precision Power-on Reset trip point
 0010           VLT_CR_POR_MID:       equ 10h    ;   Middle  Precision Power-on Reset trip point
 0020           VLT_CR_POR_HIGH:      equ 20h    ;   Highest Precision Power-on Reset trip point
 0008           VLT_CR_LVDTBEN:       equ 08h    ; MASK: Enable the CPU Throttle Back on LVD
 0007           VLT_CR_VM:            equ 07h    ; MASK: Mask for Voltage Monitor level setting
 0000           VLT_CR_3V0_POR:       equ 00h    ; -- deprecated symbols --
 0010           VLT_CR_4V5_POR:       equ 10h    ;    deprecated
 0020           VLT_CR_4V75_POR:      equ 20h    ;    deprecated
 0030           VLT_CR_DISABLE:       equ 30h    ;    deprecated
 0000           
 00E4           VLT_CMP:      equ E4h          ; Voltage Monitor Comparators Register     (R)
 0004           VLT_CMP_PUMP:         equ 04h    ; MASK: Vcc below SMP trip level
 0002           VLT_CMP_LVD:          equ 02h    ; MASK: Vcc below LVD trip level
 0001           VLT_CMP_PPOR:         equ 01h    ; MASK: Vcc below PPOR trip level
 0000           
 00E8           IMO_TR:       equ E8h          ; Internal Main Oscillator Trim Register   (W)
 00E9           ILO_TR:       equ E9h          ; Internal Low-speed Oscillator Trim       (W)
 00EA           BDG_TR:       equ EAh          ; Band Gap Trim Register                   (W)
 00EB           ECO_TR:       equ EBh          ; External Oscillator Trim Register        (W)
 0000           
 0000           ;;=============================================================================
 0000           ;;      M8C System Macros
 0000           ;;  These macros should be used when their functions are needed.
 0000           ;;=============================================================================
 0000           
 0000           ;----------------------------------------------------
 0000           ;  Swapping Register Banks
 0000           ;----------------------------------------------------
 0000               macro M8C_SetBank0
 0000               and   F, ~FLAG_XIO_MASK
 0000               macro M8C_SetBank1
 0000               or    F, FLAG_XIO_MASK
 0000               macro M8C_EnableGInt
 0000               or    F, FLAG_GLOBAL_IE
 0000               macro M8C_DisableGInt
 0000               and   F, ~FLAG_GLOBAL_IE
 0000               macro M8C_DisableIntMask
 0000               and   reg[@0], ~@1              ; disable specified interrupt enable bit
 0000               macro M8C_EnableIntMask
 0000               or    reg[@0], @1               ; enable specified interrupt enable bit
 0000               macro M8C_ClearIntFlag
 0000               mov   reg[@0], ~@1              ; clear specified interrupt enable bit
 0000               macro M8C_EnableWatchDog
 0000               and   reg[CPU_SCR0], ~CPU_SCR0_PORS_MASK
 0000               macro M8C_ClearWDT
 0000               mov   reg[RES_WDT], 00h
 0000               macro M8C_ClearWDTAndSleep
 0000               mov   reg[RES_WDT], 38h
 0000               macro M8C_Stall
 0000               or    reg[ASY_CR], ASY_CR_SYNCEN
 0000               macro M8C_Unstall
 0000               and   reg[ASY_CR], ~ASY_CR_SYNCEN
 0000               macro M8C_Sleep
 0000               or    reg[CPU_SCR0], CPU_SCR0_SLEEP_MASK
 0000               ; The next instruction to be executed depends on the state of the
 0000               ; various interrupt enable bits. If some interrupts are enabled
 0000               ; and the global interrupts are disabled, the next instruction will
 0000               ; be the one that follows the invocation of this macro. If global
 0000               ; interrupts are also enabled then the next instruction will be
 0000               ; from the interrupt vector table. If no interrupts are enabled
 0000               ; then the CPU sleeps forever.
 0000               macro M8C_Stop
 0000               ; In general, you probably don't want to do this, but here's how:
 0000               or    reg[CPU_SCR0], CPU_SCR0_STOP_MASK
 0000               ; Next instruction to be executed is located in the interrupt
 0000               ; vector table entry for Power-On Reset.
 0000               macro M8C_Reset
 0000               ; Restore CPU to the power-on reset state.
 0000               mov A, 0
 0000               SSC
 0000               ; Next non-supervisor instruction will be at interrupt vector 0.
 0000               macro Suspend_CodeCompressor
 0000               or   F, 0
 0000               macro Resume_CodeCompressor
 0000               add  SP, 0
 00F8           bSSC_KEY1:                          equ      F8h   ; supervisory key
 00F9           bSSC_KEYSP:                         equ      F9h   ; supervisory stack ptr key
 00FA           bSSC_TABLE_TableId:                 equ      FAh   ; table ID
 0000           
 003A           OPER_KEY:                           equ      3Ah   ; operation key
 0000           
 0000           ;----------------------------------
 0000           ; SSC_Action macro command codes
 0000           ;----------------------------------
 0001           FLASH_READ:                         equ      1     ; flash read command
 0002           FLASH_WRITE:                        equ      2     ; flash write command
 0003           FLASH_ERASE:                        equ      3     ; flash erase command
 0004           PROTECT_BLOCK:                      equ      4     ; flash protect block command
 0006           TABLE_READ:                         equ      6     ; table read command
 0007           FLASH_CHECKSUM:                     equ      7     ; flash checksum calculation command
 0008           CALIBRATE0:                         equ      8     ; Calibrate without checksum
 0009           CALIBRATE1:                         equ      9     ; Calibrate with checksum
 0000           
 0000           ;----------------------------------
 0000           ; SSC_Action Flash table addresses
 0000           ;----------------------------------
 0000           ; Table 0 Values
 00F8           SILICON_ID_1:                       equ      F8h   ; Table 0 first byte of silicon ID
 00F9           SILICON_ID_0:                       equ      F9h   ; Table 0 second byte of silicon ID
 0000           
 0000           ; Table 1 Values
 00F8           SSCTBL1_TRIM_BGR_3V:                equ      F8h   ; 3.3V bandgap ref voltage trim
 00F9           SSCTBL1_TRIM_IMO_3V_24MHZ:          equ      F9h   ; 3.3V internal main oscillator trim (24MHz)
 00FA           SSCTBL1_CAL_ROOM_3V:                equ      FAh   ; 3.3V Room Temp Calibration
 00FB           SSCTBL1_CAL_HOT_3V:                 equ      FBh   ; 3.3V Hot  Temp Calibration
 00FC           SSCTBL1_TRIM_BGR_5V:                equ      FCh   ; 5.0V bandgap ref voltage trim
 00FD           SSCTBL1_TRIM_IMO_5V_24MHZ:          equ      FDh   ; 5.0V internal main oscillator trim (24MHz)
 00FE           SSCTBL1_CAL_ROOM_5V:                equ      FEh   ; 5.0V Room Temp Calibration
 00FF           SSCTBL1_CAL_HOT_5V:                 equ      FFh   ; 5.0V Hot  Temp Calibration
 0000               ; legacy names:
 00F8               VOLTAGE_TRIM_3V:                equ      F8h   ; Table 1 3.3V bandgap ref voltage trim value
 00F9               OSCILLATOR_TRIM_3V:             equ      F9h   ; Table 1 3.3V internal main oscillator trim value
 00FC               VOLTAGE_TRIM_5V:                equ      FCh   ; Table 1 5.0V bandgap ref voltage trim value
 00FD               OSCILLATOR_TRIM_5V:             equ      FDh   ; Table 1 5.0V internal main oscillator trim value
 0000           
 0000           ; Table 2 Values
 00F8           SSCTBL2_TRIM_BGR_2V:                equ      F8h   ; 2.7V bandgap ref voltage trim
 00F9           SSCTBL2_TRIM_IMO_2V_12MHZ:          equ      F9h   ; 2.7V internal main oscillator trim (12MHz)
 00FA           SSCTBL2_CAL_ROOM_2V:                equ      FAh   ; 2.7V Room Temp Calibration
 00FB           SSCTBL2_CAL_HOT_2V:                 equ      FBh   ; 2.7V Hot  Temp Calibration
 00FC           SSCTBL2_TRIM_IMO_3V_6MHZ:           equ      FCh   ; 3.3V IMO Trim for SLOWIMO 6MHz operation
 00FD           SSCTBL2_TRIM_IMO_2V_6MHZ:           equ      FDh   ; 2.7V IMO Trim for SLOWIMO 6MHz operation
 00FE           SSCTBL2_TRIM_IMO_5V_6MHZ:           equ      FEh   ; 5.0V IMO Trim for SLOWIMO 6MHz operation
 0000               ; legacy names:
 00F8               VOLTAGE_TRIM_2V:                equ      F8h   ; Table 2 2.7V bandgap voltage trim value
 00F9               OSCILLATOR_TRIM_SLOW_2V_12MHZ:  equ      F9h   ; Table 2 2.7V SLOW IMO Trim 12MHz, 2.7V
 00FC               OSCILLATOR_TRIM_SLOW_3V_6MHZ:   equ      FCh   ; Table 2 2.7V SLOW IMO Trim  6MHz, 3.3V
 00FD               OSCILLATOR_TRIM_SLOW_2V_6MHZ:   equ      FDh   ; Table 2 2.7V SLOW IMO Trim  6MHz, 2.7V
 0000           
 0000           
 0000           ;-----------------------------------------------------------------------------
 0000           ;  MACRO SSC_Action( OpCode )
 0000           ;
 0000           ;  DESCRIPTION:
 0000           ;     Performs supervisory operations defined in Supervisory ROM (SROM)
 0000           ;     section of Technical Reference Manual and/or Datasheet.
 0000           ;-----------------------------------------------------------------------------
 0000           ;
 0000           ;  ARGUMENTS:
 0000           ;     BYTE  OpCode   - specified supervisory operation - defined operations
 0000           ;                      are:  FLASH_WRITE, FLASH_ERASE, FLASH_READ, TABLE_READ,
 0000           ;                            FLASH_CHECKSUM, PROTECT_BLOCK
 0000           ;  RETURNS:
 0000           ;     Nothing
 0000           ;
 0000           ;  SIDE EFFECTS:
 0000           ;     The values of the A and X registers are modified
 0000           ;
 0000           ;  PROCEDURE:
 0000           ;     1) specify a 3 byte stack frame.  Save in [KEYSP]
 0000           ;     2) insert the flash Supervisory key in [KEY1]
 0000           ;     3) store function code in A
 0000           ;     4) call the supervisory code
 0000           ;
 0000               macro SSC_Action( OpCode )
 0000           ;   !!! DO NOT CHANGE THIS CODE !!!
 0000           ;       This sequence of opcodes provides a
 0000           ;       signature for the debugger and ICE.
 0000               mov   X, SP                            ; copy SP into X
 0000               mov   A, X                             ; mov to A
 0000               add   A, 3                             ; create 3 byte stack frame
 0000               mov   [bSSC_KEYSP], A                  ; save stack frame for supervisory code
 0000               mov   [bSSC_KEY1], OPER_KEY            ; load the code for supervisory operations
 0000               mov   A, @OpCode                       ; load A with specific Flash operation
 0000               SSC                                    ; SSC call the supervisory code
 0000           ;   !!! DO NOT CHANGE THIS CODE !!!
 0000               macro M8SSC_SetTableTrims( Table, IMO_Trim, Volt_Trim, Bypass )
 0000               mov   [bSSC_TABLE_TableId], @Table     ; Point to requested Flash Table
 0000               SSC_Action TABLE_READ                  ; Perform a table read supervisor call
 0000               M8C_SetBank1
 0000               mov   A, [@IMO_Trim]
 0000               mov   reg[IMO_TR], A                   ; Load the 3V trim oscillator setting
 0000               mov   A, [@Volt_Trim]
 0000             IF ( @Bypass )
 0000               or    A, AGND_BYPASS_MASK              ; OR in the bypass setting
 0000             ENDIF
 0000               mov   reg[BDG_TR], A                   ; Load the bandgap trim setting for 3V
 0000               M8C_SetBank0
 0000               macro M8SSC_Set2TableTrims( TableA, IMO_Trim, TableB, Volt_Trim, Bypass )
 0000               mov   [bSSC_TABLE_TableId], @TableA    ; Point to Flash Table for IMO Trim
 0000               SSC_Action TABLE_READ                  ; Copy table data to RAM F8-FF
 0000               M8C_SetBank1                           ; (Note, preserved across next SSC!)
 0000               mov   A, [@IMO_Trim]                   ; Set the main oscillator trim
 0000               mov   reg[IMO_TR], A
 0000               mov   [bSSC_TABLE_TableId], @TableB    ; Point to Flash Table for Volt Trim
 0000               SSC_Action TABLE_READ                  ; Copy table data to RAM F8-FF
 0000               mov   A, [@Volt_Trim]                  ; Set the bandgap voltage trim
 0000             IF ( @Bypass )
 0000               or    A, AGND_BYPASS_MASK              ; OR in the bypass setting
 0000             ENDIF
 0000               mov   reg[BDG_TR], A                   ; Load the bandgap trim setting for 3V
 0000               M8C_SetBank0
 0000               macro M8SSC_SetTableVoltageTrim( Table, Volt_Trim, Bypass )
 0000               mov   [bSSC_TABLE_TableId], @Table     ; Point to Flash Table
 0000               SSC_Action TABLE_READ                  ; Perform a table read supervisor call
 0000               M8C_SetBank1
 0000               mov   A, [@Volt_Trim]                  ; Get the bandgap trim seting
 0000             IF ( @Bypass )
 0000               or    A, AGND_BYPASS_MASK              ; OR in the bypass setting, if any
 0000             ENDIF
 0000               mov   reg[BDG_TR], A                   ; Update the register value
 0000               M8C_SetBank0
 0000               macro M8SSC_SetTableIMOTrim( Table, IMO_Trim )
 0000               mov   [bSSC_TABLE_TableId], @Table ; Point to Flash Table 1
 0000               SSC_Action TABLE_READ              ; Perform a table read supervisor call
 0000               M8C_SetBank1
 0000               mov   A, [@IMO_Trim]               ; Get the IMO trim seting
 0000               mov   reg[IMO_TR], A               ; Update the register value
 0000               M8C_SetBank0
 0000           SYSTEM_STACK_PAGE: equ 0   
 0000           SYSTEM_STACK_BASE_ADDR: equ 0h   
 0000           SYSTEM_LARGE_MEMORY_MODEL: equ 0   
 0001           SYSTEM_SMALL_MEMORY_MODEL: equ 1   
 0001           SYSTEM_TOOLS: equ 1   
 0001           SYSTEM_IDXPG_TRACKS_STK_PP: equ 1   
 0000           SYSTEM_IDXPG_TRACKS_IDX_PP: equ 0   
 0000           SYSTEM_MULTIPAGE_STACK: equ 0 
 0000           
 0000           
 0000           ;  ******* Function Class Definitions *******
 0000           ;
 0000           ;  These definitions are used to describe RAM access patterns. They provide
 0000           ;  documentation and they control prologue and epilogue macros that perform
 0000           ;  the necessary housekeeping functions for a large memory model device like
 0000           ;  the CY8C29x66.
 0000           
 0001           RAM_USE_CLASS_1:               equ 1   ; PUSH, POP & I/O access
 0002           RAM_USE_CLASS_2:               equ 2   ; Indexed address mode on stack page
 0004           RAM_USE_CLASS_3:               equ 4   ; Indexed address mode to any page
 0008           RAM_USE_CLASS_4:               equ 8   ; Direct/Indirect address mode access
 0000           
 0000           
 0000           ;  ******* Page Pointer Manipulation Macros *******
 0000           ;
 0000           ;  Most of the following macros are conditionally compiled so they only
 0000           ;  produce code if the large memory model is selected.
 0000           
 0000              ;-----------------------------------------------
 0000              ;  Set Stack Page Macro
 0000              ;-----------------------------------------------
 0000              ;
 0000              ;  DESC: Modify STK_PP in the large or small memory Models.
 0000              ;
 0000              ; INPUT: Constant (e.g., SYSTEM_STACK_PAGE) that specifies the RAM page on
 0000              ;        which stack operations like PUSH and POP store and retrieve their
 0000              ;        data
 0000              ;
 0000              ;  COST: 8 instruction cycles (in LMM only)
 0000           
 0000              macro RAM_SETPAGE_STK( PG_NUMBER )
 0000              IF ( SYSTEM_LARGE_MEMORY_MODEL )
 0000                 mov reg[STK_PP], @PG_NUMBER
 0000              ENDIF
 0000              macro RAM_SETPAGE_CUR( PG_NUMBER )
 0000              IF ( SYSTEM_LARGE_MEMORY_MODEL )
 0000                 mov reg[CUR_PP], @PG_NUMBER
 0000              ENDIF
 0000              macro RAM_SETPAGE_IDX( PG_NUMBER )
 0000              IF ( SYSTEM_LARGE_MEMORY_MODEL )
 0000                 mov reg[IDX_PP], @PG_NUMBER
 0000              ENDIF
 0000              macro RAM_SETPAGE_MVR( PG_NUMBER )
 0000              IF ( SYSTEM_LARGE_MEMORY_MODEL )
 0000                 mov reg[MVR_PP], @PG_NUMBER
 0000              ENDIF
 0000              macro RAM_SETPAGE_MVW( PG_NUMBER )
 0000              IF ( SYSTEM_LARGE_MEMORY_MODEL )
 0000                 mov reg[MVW_PP], @PG_NUMBER
 0000              ENDIF
 0000              macro RAM_SETPAGE_IDX2STK
 0000              IF ( SYSTEM_LARGE_MEMORY_MODEL )
 0000                 IF ( SYSTEM_MULTIPAGE_STACK )
 0000                    mov   A, reg[STK_PP]
 0000                    mov   reg[IDX_PP], A
 0000                 ELSE
 0000                    RAM_SETPAGE_IDX SYSTEM_STACK_PAGE
 0000                 ENDIF
 0000              ENDIF
 0000              macro RAM_CHANGE_PAGE_MODE( MODE )
 0000              IF ( SYSTEM_LARGE_MEMORY_MODEL )
 0000                 and   F, ~FLAG_PGMODE_MASK        ; NOTE: transition thru 00b state
 0000                 or    F,  FLAG_PGMODE_MASK & @MODE
 0000              ENDIF
 0000              macro RAM_SET_NATIVE_PAGING
 0000              IF ( SYSTEM_LARGE_MEMORY_MODEL )
 0000              IF ( SYSTEM_IDXPG_TRACKS_STK_PP )
 0000                 or    F,  FLAG_PGMODE_11b            ; LMM w/ IndexPage<==>StackPage
 0000              ENDIF ;  PGMODE LOCKED
 0000              IF ( SYSTEM_IDXPG_TRACKS_IDX_PP )
 0000                 or    F,  FLAG_PGMODE_10b            ; LMM with independent IndexPage
 0000              ENDIF ; PGMODE FREE
 0000              ENDIF ; SYSTEM_LARGE_MEMORY_MODEL
 0000              macro RAM_RESTORE_NATIVE_PAGING
 0000              IF ( SYSTEM_LARGE_MEMORY_MODEL )
 0000              IF ( SYSTEM_IDXPG_TRACKS_STK_PP )
 0000                 RAM_CHANGE_PAGE_MODE FLAG_PGMODE_11b ; LMM w/ IndexPage<==>StackPage
 0000              ENDIF ;  PGMODE LOCKED
 0000              IF ( SYSTEM_IDXPG_TRACKS_IDX_PP )
 0000                 RAM_CHANGE_PAGE_MODE FLAG_PGMODE_10b ; LMM with independent IndexPage
 0000              ENDIF ; PGMODE FREE
 0000              ENDIF ; SYSTEM_LARGE_MEMORY_MODEL
 0000              macro RAM_X_POINTS_TO_STACKPAGE
 0000              IF ( SYSTEM_LARGE_MEMORY_MODEL )
 0000                 or   F, FLAG_PGMODE_01b
 0000              ENDIF ;  SYSTEM_LARGE_MEMORY_MODEL
 0000              macro RAM_X_POINTS_TO_INDEXPAGE
 0000              IF ( SYSTEM_LARGE_MEMORY_MODEL )
 0000                 and  F, ~FLAG_PGMODE_01b
 0000              ENDIF ;  SYSTEM_LARGE_MEMORY_MODEL
 0000              macro RAM_PROLOGUE( ACTUAL_CLASS )
 0000           
 0000              IF ( @ACTUAL_CLASS & RAM_USE_CLASS_1 )
 0000              ; Nothing to do
 0000              ENDIF ; RAM_USE_CLASS_1
 0000           
 0000              IF ( @ACTUAL_CLASS & RAM_USE_CLASS_2 )
 0000                 IF ( SYSTEM_IDXPG_TRACKS_IDX_PP )
 0000                    RAM_X_POINTS_TO_STACKPAGE         ; exit native paging mode!
 0000                 ENDIF
 0000              ENDIF ; RAM_USE_CLASS_2
 0000           
 0000              IF ( @ACTUAL_CLASS & RAM_USE_CLASS_3 )
 0000                 IF ( SYSTEM_IDXPG_TRACKS_STK_PP )
 0000                    RAM_X_POINTS_TO_INDEXPAGE         ; exit native paging mode!
 0000                 ENDIF
 0000              ENDIF ; RAM_USE_CLASS_3
 0000           
 0000              IF ( @ACTUAL_CLASS & RAM_USE_CLASS_4 )
 0000              ; Nothing to do
 0000              ENDIF ; RAM_USE_CLASS_4
 0000           
 0000              macro RAM_EPILOGUE( ACTUAL_CLASS )
 0000           
 0000              IF ( @ACTUAL_CLASS & RAM_USE_CLASS_1 )
 0000              ; Nothing to do
 0000              ENDIF ; RAM_USE_CLASS_1
 0000           
 0000              IF ( @ACTUAL_CLASS & RAM_USE_CLASS_2 )
 0000                 RAM_RESTORE_NATIVE_PAGING
 0000              ENDIF ; RAM_USE_CLASS_2
 0000           
 0000              IF ( @ACTUAL_CLASS & RAM_USE_CLASS_3 )
 0000                 RAM_RESTORE_NATIVE_PAGING
 0000              ENDIF ; RAM_USE_CLASS_3
 0000           
 0000              IF ( @ACTUAL_CLASS & RAM_USE_CLASS_4 )
 0000              ; Nothing to do
 0000              ENDIF ; RAM_USE_CLASS_4
 0000           
 0000              macro REG_PRESERVE( IOReg )
 0000              mov   A, reg[ @IOReg ]
 0000              push  A
 0000              macro REG_RESTORE( IOReg )
 0000              pop   A
 0000              mov   reg[ @IOReg ], A
 0000              macro ISR_PRESERVE_PAGE_POINTERS
 0000              IF ( SYSTEM_LARGE_MEMORY_MODEL )
 0000                 REG_PRESERVE CUR_PP
 0000                 REG_PRESERVE IDX_PP
 0000                 REG_PRESERVE MVR_PP
 0000                 REG_PRESERVE MVW_PP
 0000              ENDIF
 0000              macro ISR_RESTORE_PAGE_POINTERS
 0000              IF ( SYSTEM_LARGE_MEMORY_MODEL )
 0000                 REG_RESTORE MVW_PP
 0000                 REG_RESTORE MVR_PP
 0000                 REG_RESTORE IDX_PP
 0000                 REG_RESTORE CUR_PP
 0000              ENDIF
                export __Start
                export __bss_start
                export __data_start
                export __idata_start
                export __func_lit_start
                export __text_start
                export  _bGetPowerSetting
                export   bGetPowerSetting
                
                
                ;--------------------------------------
                ; Optimization flags
                ;--------------------------------------
                ;
                ; To change the value of these flags, modify the file boot.tpl, not
                ; boot.asm. See the notes in the banner comment at the beginning of
                ; this file.
                
                ; Optimization for Assembly language (only) projects and C-language projects
                ; that do not depend on the C compiler to initialize the values of RAM variables.
                ;   Set to 1: Support for C Run-time Environment initialization
                ;   Set to 0: Support for C not included. Faster start up, smaller code space.
                ;
 0001           C_LANGUAGE_SUPPORT:              equ 1
 0000           
 0000           
 0000           ; The following equate is required for proper operation. Reseting its value
 0000           ; is discouraged.  WAIT_FOR_32K is effective only if the crystal oscillator is
 0000           ; selected.  If the designer chooses to not wait then stabilization of the ECO
 0000           ; and PLL_Lock must take place within user code. See the family data sheet for
 0000           ; the requirements of starting the ECO and PLL lock mode.
 0000           ;
 0000           ;   Set to 1: Wait for XTAL (& PLL if selected) to stabilize before
 0000           ;                invoking main
 0000           ;   Set to 0: Boot code does not wait; clock may not have stabilized by
 0000           ;               the time code in main starts executing.
 0000           ;
 0001           WAIT_FOR_32K:                    equ 1
 0000           
 0000           
 0000           ; For historical reasons, by default the boot code uses an lcall instruction
 0000           ; to invoke the user's _main code. If _main executes a return instruction,
 0000           ; boot provides an infinite loop. By changing the following equate from zero
 0000           ; to 1, boot's lcall will be replaced by a ljmp instruction, saving two
 0000           ; bytes on the stack which are otherwise required for the return address. If
 0000           ; this option is enabled, _main must not return. (Beginning with the 4.2
 0000           ; release, the C compiler automatically places an infinite loop at the end
 0000           ; of main, rather than a return instruction.)
 0000           ;
 0000           ENABLE_LJMP_TO_MAIN:             equ 0
 0000           
 0000           
 0000           ;-----------------------------------------------------------------------------
 0000           ; Interrupt Vector Table
 0000           ;-----------------------------------------------------------------------------
 0000           ;
 0000           ; Interrupt vector table entries are 4 bytes long.  Each one contains
 0000           ; a jump instruction to an ISR (Interrupt Service Routine), although
 0000           ; very short ISRs could be encoded within the table itself. Normally,
 0000           ; vector jump targets are modified automatically according to the user
 0000           ; modules selected. This occurs when the 'Generate Application' opera-
 0000           ; tion is run causing PSoC Designer to create boot.asm and the other
 0000           ; configuration files. If you need to hard code a vector, update the
 0000           ; file boot.tpl, not boot.asm. See the banner comment at the beginning
 0000           ; of this file.
 0000           ;-----------------------------------------------------------------------------
 0000           
                    AREA TOP (ROM, ABS, CON)
                
                    org   0                        ;Reset Interrupt Vector
 0000 8067          jmp   __Start                  ;First instruction executed following a Reset
 0002           
                    org   04h                      ;Supply Monitor Interrupt Vector
 0004 30            halt                           ;Stop execution if power falls too low
 0005           
                    org   08h                      ;Analog Column 0 Interrupt Vector
                    // call     void_handler
 0008 7E            reti
 0009           
                    org   0Ch                      ;Analog Column 1 Interrupt Vector
                    // call     void_handler
 000C 7E            reti
 000D           
                    org   18h                      ;VC3 Interrupt Vector
 0018 7D0000        ljmp _OneMillisecond_ISR
 001B 7E            reti
 001C           
                    org   1Ch                      ;GPIO Interrupt Vector
                    // call     void_handler
 001C 7E            reti
 001D           
                    org   20h                      ;PSoC Block DBB00 Interrupt Vector
                    // call     void_handler
 0020 7E            reti
 0021           
                    org   24h                      ;PSoC Block DBB01 Interrupt Vector
                    // call     void_handler
 0024 7E            reti
 0025           
                    org   28h                      ;PSoC Block DCB02 Interrupt Vector
 0028 7D0000        ljmp        _UART_TX_ISR
 002B 7E            reti
 002C           
                    org   2Ch                      ;PSoC Block DCB03 Interrupt Vector
 002C 7D0000        ljmp        _UART_RX_ISR
 002F 7E            reti
 0030           
                    org   60h                      ;PSoC I2C Interrupt Vector
                    // call     void_handler
 0060 7E            reti
 0061           
                    org   64h                      ;Sleep Timer Interrupt Vector
                    // call     void_handler
 0064 7E            reti
 0065           
 0065           ;-----------------------------------------------------------------------------
 0065           ;  Start of Execution.
 0065           ;-----------------------------------------------------------------------------
 0065           ;  The Supervisory ROM SWBootReset function has already completed the
 0065           ;  calibrate1 process, loading trim values for 5 volt operation.
 0065           ;
                    org 68h
 0068           __Start:
 0068           
 0068               ; initialize SMP values for voltage stabilization, if required,
 0068               ; leaving power-on reset (POR) level at the default (low) level, at
 0068               ; least for now. 
 0068               ;
 0068 7110          or    F, FLAG_XIO_MASK
 006A 62E387        mov   reg[VLT_CR], SWITCH_MODE_PUMP_JUST | LVD_TBEN_JUST | TRIP_VOLTAGE_JUST
 006D 70EF          and   F, ~FLAG_XIO_MASK
 006F           
                IF ( WATCHDOG_ENABLE )             ; WDT selected in Global Params
                    and   reg[CPU_SCR0], ~CPU_SCR0_PORS_MASK
                ENDIF
                
                IF ( SELECT_32K )
                    or   reg[CPU_SCR1],  CPU_SCR1_ECO_ALLOWED  ; ECO will be used in this project
                ELSE
 006F 41FEFB        and  reg[CPU_SCR1], ~CPU_SCR1_ECO_ALLOWED  ; Prevent ECO from being enabled
                ENDIF
                
                    ;------------------
                    ; Set up the stack
                    ;------------------
 0072 5000          mov   A, __ramareas_end        ; Set top of stack to end of used RAM
 0074 4E            swap  SP, A                    ; This is only temporary if going to LMM
 0075           
 0075               ;-----------------------------------------------
 0075               ; Set Power-related Trim & the AGND Bypass bit.
 0075               ;-----------------------------------------------
 0075           
                IF ( POWER_SETTING & POWER_SET_5V0)            ; *** 5.0 Volt operation   ***
                 IF ( POWER_SETTING & POWER_SET_SLOW_IMO)      ; *** 6MHZ Main Oscillator ***
                    or  reg[CPU_SCR1], CPU_SCR1_SLIMO
                    mov   [bSSC_TABLE_TableId], 2    ; Point to Flash Table for IMO Trim
                    mov   X, SP                            ; copy SP into X
                    mov   A, X                             ; mov to A
                    add   A, 3                             ; create 3 byte stack frame
                    mov   [bSSC_KEYSP], A                  ; save stack frame for supervisory code
                    mov   [bSSC_KEY1], OPER_KEY            ; load the code for supervisory operations
                    mov   A, TABLE_READ                       ; load A with specific Flash operation
                    SSC                                    ; SSC call the supervisory code
                ;   !!! DO NOT CHANGE THIS CODE !!!
                    or    F, FLAG_XIO_MASK
                    mov   A, [SSCTBL2_TRIM_IMO_5V_6MHZ]                   ; Set the main oscillator trim
                    mov   reg[IMO_TR], A
                    mov   [bSSC_TABLE_TableId], 1    ; Point to Flash Table for Volt Trim
                    mov   X, SP                            ; copy SP into X
                    mov   A, X                             ; mov to A
                    add   A, 3                             ; create 3 byte stack frame
                    mov   [bSSC_KEYSP], A                  ; save stack frame for supervisory code
                    mov   [bSSC_KEY1], OPER_KEY            ; load the code for supervisory operations
                    mov   A, TABLE_READ                       ; load A with specific Flash operation
                    SSC                                    ; SSC call the supervisory code
                ;   !!! DO NOT CHANGE THIS CODE !!!
                    mov   A, [SSCTBL1_TRIM_BGR_5V]                  ; Set the bandgap voltage trim
                  IF ( AGND_BYPASS_JUST )
                    or    A, AGND_BYPASS_MASK              ; OR in the bypass setting
                  ENDIF
                    mov   reg[BDG_TR], A                   ; Load the bandgap trim setting for 3V
                    and   F, ~FLAG_XIO_MASK
                 ELSE                                          ; *** 12MHZ Main Oscillator ***
                  IF ( AGND_BYPASS )
                    ;- - - - - - - - - - - - - - - - - - - - - - - - - - - - - - - - - - -
                    ; The 5V trim has already been set, but we need to update the AGNDBYP
                    ; bit in the write-only BDG_TR register. Recalculate the register
                    ; value using the proper trim values.
                    ;- - - - - - - - - - - - - - - - - - - - - - - - - - - - - - - - - - -
                    mov   [bSSC_TABLE_TableId], 1     ; Point to Flash Table
                    mov   X, SP                            ; copy SP into X
                    mov   A, X                             ; mov to A
                    add   A, 3                             ; create 3 byte stack frame
                    mov   [bSSC_KEYSP], A                  ; save stack frame for supervisory code
                    mov   [bSSC_KEY1], OPER_KEY            ; load the code for supervisory operations
                    mov   A, TABLE_READ                       ; load A with specific Flash operation
                    SSC                                    ; SSC call the supervisory code
                ;   !!! DO NOT CHANGE THIS CODE !!!
                    or    F, FLAG_XIO_MASK
                    mov   A, [SSCTBL1_TRIM_BGR_5V]                  ; Get the bandgap trim seting
                  IF ( AGND_BYPASS_JUST )
                    or    A, AGND_BYPASS_MASK              ; OR in the bypass setting, if any
                  ENDIF
                    mov   reg[BDG_TR], A                   ; Update the register value
                    and   F, ~FLAG_XIO_MASK
                  ENDIF
                 ENDIF
                ENDIF ; 5.0 V Operation
                
                IF ( POWER_SETTING & POWER_SET_3V3)            ; *** 3.3 Volt operation   ***
                 IF ( POWER_SETTING & POWER_SET_SLOW_IMO)      ; *** 6MHZ Main Oscillator ***
                    or  reg[CPU_SCR1], CPU_SCR1_SLIMO
                    mov   [bSSC_TABLE_TableId], 2    ; Point to Flash Table for IMO Trim
                    mov   X, SP                            ; copy SP into X
                    mov   A, X                             ; mov to A
                    add   A, 3                             ; create 3 byte stack frame
                    mov   [bSSC_KEYSP], A                  ; save stack frame for supervisory code
                    mov   [bSSC_KEY1], OPER_KEY            ; load the code for supervisory operations
                    mov   A, TABLE_READ                       ; load A with specific Flash operation
                    SSC                                    ; SSC call the supervisory code
                ;   !!! DO NOT CHANGE THIS CODE !!!
                    or    F, FLAG_XIO_MASK
                    mov   A, [SSCTBL2_TRIM_IMO_3V_6MHZ]                   ; Set the main oscillator trim
                    mov   reg[IMO_TR], A
                    mov   [bSSC_TABLE_TableId], 1    ; Point to Flash Table for Volt Trim
                    mov   X, SP                            ; copy SP into X
                    mov   A, X                             ; mov to A
                    add   A, 3                             ; create 3 byte stack frame
                    mov   [bSSC_KEYSP], A                  ; save stack frame for supervisory code
                    mov   [bSSC_KEY1], OPER_KEY            ; load the code for supervisory operations
                    mov   A, TABLE_READ                       ; load A with specific Flash operation
                    SSC                                    ; SSC call the supervisory code
                ;   !!! DO NOT CHANGE THIS CODE !!!
                    mov   A, [SSCTBL1_TRIM_BGR_3V]                  ; Set the bandgap voltage trim
                  IF ( AGND_BYPASS_JUST )
                    or    A, AGND_BYPASS_MASK              ; OR in the bypass setting
                  ENDIF
                    mov   reg[BDG_TR], A                   ; Load the bandgap trim setting for 3V
                    and   F, ~FLAG_XIO_MASK
                 ELSE                                          ; *** 12MHZ Main Oscillator ***
                    mov   [bSSC_TABLE_TableId], 1     ; Point to requested Flash Table
                    mov   X, SP                            ; copy SP into X
                    mov   A, X                             ; mov to A
                    add   A, 3                             ; create 3 byte stack frame
                    mov   [bSSC_KEYSP], A                  ; save stack frame for supervisory code
                    mov   [bSSC_KEY1], OPER_KEY            ; load the code for supervisory operations
                    mov   A, TABLE_READ                       ; load A with specific Flash operation
                    SSC                                    ; SSC call the supervisory code
                ;   !!! DO NOT CHANGE THIS CODE !!!
                    or    F, FLAG_XIO_MASK
                    mov   A, [SSCTBL1_TRIM_IMO_3V_24MHZ]
                    mov   reg[IMO_TR], A                   ; Load the 3V trim oscillator setting
                    mov   A, [SSCTBL1_TRIM_BGR_3V]
                  IF ( AGND_BYPASS_JUST )
                    or    A, AGND_BYPASS_MASK              ; OR in the bypass setting
                  ENDIF
                    mov   reg[BDG_TR], A                   ; Load the bandgap trim setting for 3V
                    and   F, ~FLAG_XIO_MASK
                 ENDIF
                ENDIF ; 3.3 Volt Operation
                
                IF ( POWER_SETTING & POWER_SET_2V7_12MHZ)      ; *** 2.7 Volts / 12MHZ operation ***
                    or  reg[CPU_SCR1], CPU_SCR1_SLIMO
                    mov   [bSSC_TABLE_TableId], 2     ; Point to requested Flash Table
                    mov   X, SP                            ; copy SP into X
                    mov   A, X                             ; mov to A
                    add   A, 3                             ; create 3 byte stack frame
                    mov   [bSSC_KEYSP], A                  ; save stack frame for supervisory code
                    mov   [bSSC_KEY1], OPER_KEY            ; load the code for supervisory operations
                    mov   A, TABLE_READ                       ; load A with specific Flash operation
                    SSC                                    ; SSC call the supervisory code
                ;   !!! DO NOT CHANGE THIS CODE !!!
                    or    F, FLAG_XIO_MASK
                    mov   A, [SSCTBL2_TRIM_IMO_2V_12MHZ]
                    mov   reg[IMO_TR], A                   ; Load the 3V trim oscillator setting
                    mov   A, [SSCTBL2_TRIM_BGR_2V]
                  IF ( AGND_BYPASS_JUST )
                    or    A, AGND_BYPASS_MASK              ; OR in the bypass setting
                  ENDIF
                    mov   reg[BDG_TR], A                   ; Load the bandgap trim setting for 3V
                    and   F, ~FLAG_XIO_MASK
                ENDIF ; *** 2.7 Volts / 12MHZ operation ***
                
                IF ( POWER_SETTING & POWER_SET_2V7_6MHZ)       ; *** 2.7 Volts /  6MHZ operation ***
                    or  reg[CPU_SCR1], CPU_SCR1_SLIMO
                    mov   [bSSC_TABLE_TableId], 2     ; Point to requested Flash Table
                    mov   X, SP                            ; copy SP into X
                    mov   A, X                             ; mov to A
                    add   A, 3                             ; create 3 byte stack frame
                    mov   [bSSC_KEYSP], A                  ; save stack frame for supervisory code
                    mov   [bSSC_KEY1], OPER_KEY            ; load the code for supervisory operations
                    mov   A, TABLE_READ                       ; load A with specific Flash operation
                    SSC                                    ; SSC call the supervisory code
                ;   !!! DO NOT CHANGE THIS CODE !!!
                    or    F, FLAG_XIO_MASK
                    mov   A, [SSCTBL2_TRIM_IMO_2V_6MHZ]
                    mov   reg[IMO_TR], A                   ; Load the 3V trim oscillator setting
                    mov   A, [SSCTBL2_TRIM_BGR_2V]
                  IF ( AGND_BYPASS_JUST )
                    or    A, AGND_BYPASS_MASK              ; OR in the bypass setting
                  ENDIF
                    mov   reg[BDG_TR], A                   ; Load the bandgap trim setting for 3V
                    and   F, ~FLAG_XIO_MASK
                ENDIF ; *** 2.7 Volts /  6MHZ operation ***
                
 0075 55F800        mov  [bSSC_KEY1],  0           ; Lock out Flash and Supervisiory operations
 0078 55F900        mov  [bSSC_KEYSP], 0
 007B           
 007B               ;---------------------------------------
 007B               ; Initialize Crystal Oscillator and PLL
 007B               ;---------------------------------------
 007B           
                IF ( SELECT_32K & WAIT_FOR_32K )
                    ; If the user has requested the External Crystal Oscillator (ECO) then turn it
                    ; on and wait for it to stabilize and the system to switch over to it. The PLL
                    ; is left off. Set the SleepTimer period is set to 1 sec to time the wait for
                    ; the ECO to stabilize.
                    ;
                    or    F, FLAG_XIO_MASK
                    mov   reg[OSC_CR0], (SELECT_32K_JUST | OSC_CR0_SLEEP_1Hz | OSC_CR0_CPU_12MHz)
                    and   F, ~FLAG_XIO_MASK
                    mov   reg[RES_WDT], 38h
                    or    reg[INT_MSK0], INT_MSK0_SLEEP   ; Enable latching of SleepTimer interrupt
                    mov   reg[INT_VC],   0                ; Clear all pending interrupts
                .WaitFor1s:
                    tst   reg[INT_CLR0], INT_MSK0_SLEEP   ; Test the SleepTimer Interrupt Status
                    jz   .WaitFor1s                       ; Interrupt will latch but will not dispatch
                                                          ;   since interrupts are not globally enabled
                ELSE ; !( SELECT_32K & WAIT_FOR_32K )
                    ; Either no ECO, or waiting for stable clock is to be done in main
 007B 7110          or    F, FLAG_XIO_MASK
 007D 62E002        mov   reg[OSC_CR0], (SELECT_32K_JUST | PLL_MODE_JUST | SLEEP_TIMER_JUST | OSC_CR0_CPU_12MHz)
 0080 70EF          and   F, ~FLAG_XIO_MASK
 0082 62E338        mov   reg[RES_WDT], 38h
 0085           
                ENDIF ;( SELECT_32K & WAIT_FOR_32K )
                
                IF ( PLL_MODE )
                    ; Crystal is now fully operational (assuming WAIT_FOR_32K was enabled).
                    ; Now start up PLL if selected, and wait 16 msec for it to stabilize.
                    ;
                    or    F, FLAG_XIO_MASK
                    mov   reg[OSC_CR0], (SELECT_32K_JUST | PLL_MODE_JUST | OSC_CR0_SLEEP_64Hz | OSC_CR0_CPU_3MHz)
                    and   F, ~FLAG_XIO_MASK
                    mov   reg[RES_WDT], 38h
                    mov   reg[INT_VC], 0                  ; Clear all pending interrupts
                
                .WaitFor16ms:
                    tst   reg[INT_CLR0],INT_MSK0_SLEEP    ; Test the SleepTimer Interrupt Status
                    jz   .WaitFor16ms
                    or    F, FLAG_XIO_MASK
                    mov   reg[OSC_CR0], (SELECT_32K_JUST | PLL_MODE_JUST | OSC_CR0_SLEEP_64Hz | OSC_CR0_CPU_12MHz)
                    and   F, ~FLAG_XIO_MASK
                
                IF      ( WAIT_FOR_32K )
                ELSE ; !( WAIT_FOR_32K )
                    ; Option settings (PLL-Yes, ECO-No) are incompatible - force a syntax error
                    ERROR_PSoC Disabling WAIT_FOR_32K requires that the PLL_Lock must be enabled in user code.
                ENDIF ;(WAIT_FOR_32K)
                ENDIF ;(PLL_MODE)
                
                    ;------------------------
                    ; Close CT leakage path.
                    ;------------------------
 0085 627105        mov   reg[ACB00CR0], 05h
 0088 627505        mov   reg[ACB01CR0], 05h
 008B           
 008B           ; Set Port0 high so that the TX line does not glitch low during initialization
 008B 6200FF            mov   reg[PRT0DR], 0xff
 008E           ; End of J.Hyde add
 008E           
 008E               ;-------------------------
 008E               ; Load Base Configuration
 008E               ;-------------------------
 008E               ; Load global parameter settings and load the user modules in the
 008E               ; base configuration. Exceptions: (1) Leave CPU Speed fast as possible
 008E               ; to minimize start up time; (2) We may still need to play with the
 008E               ; Sleep Timer.
 008E               ;
 008E 7C0000        lcall LoadConfigInit
 0091           
 0091               ;-----------------------------------
 0091               ; Initialize C Run-Time Environment
 0091               ;-----------------------------------
                IF ( C_LANGUAGE_SUPPORT )
 0091 5000          mov  A,0                           ; clear the 'bss' segment to zero
 0093 550000        mov  [__r0],<__bss_start
 0096           BssLoop:
 0096 3C0000        cmp  [__r0],<__bss_end
 0099 A005          jz   BssDone
 009B 3F00          mvi  [__r0],A
 009D 8FF8          jmp  BssLoop
 009F           BssDone:
 009F 5000          mov  A,>__idata_start              ; copy idata to data segment
 00A1 5700          mov  X,<__idata_start
 00A3 550000        mov  [__r0],<__data_start
 00A6           IDataLoop:
 00A6 3C0000        cmp  [__r0],<__data_end
 00A9 A00B          jz   C_RTE_Done
 00AB 08            push A
 00AC 28            romx
 00AD 3F00          mvi  [__r0],A
 00AF 18            pop  A
 00B0 75            inc  X
 00B1 0900          adc  A,0
 00B3 8FF2          jmp  IDataLoop
 00B5           
 00B5           C_RTE_Done:
 00B5           
                ENDIF ; C_LANGUAGE_SUPPORT
                
                    ;-------------------------------
                    ; Voltage Stabilization for SMP
                    ;-------------------------------
                
                IF ( POWER_SETTING & POWER_SET_5V0)    ; 5.0V Operation
                IF ( SWITCH_MODE_PUMP ^ 1 )            ; SMP is operational
                    ;- - - - - - - - - - - - - - - - - - - - - - - - - - - - - - - - - - -
                    ; When using the SMP at 5V, we must wait for Vdd to slew from 3.1V to
                    ; 5V before enabling the Precision Power-On Reset (PPOR).
                    ;- - - - - - - - - - - - - - - - - - - - - - - - - - - - - - - - - - -
                    or   reg[INT_MSK0],INT_MSK0_SLEEP
                    or    F, FLAG_XIO_MASK
                    and   reg[OSC_CR0], ~OSC_CR0_SLEEP
                    or    reg[OSC_CR0],  OSC_CR0_SLEEP_512Hz
                    and   F, ~FLAG_XIO_MASK
                    mov   reg[RES_WDT], 38h
                    mov   reg[INT_VC], 0                   ; Clear all pending interrupts
                .WaitFor2ms:
                    tst   reg[INT_CLR0], INT_MSK0_SLEEP    ; Test the SleepTimer Interrupt Status
                    jz   .WaitFor2ms                       ; Branch fails when 2 msec has passed
                ENDIF ; SMP is operational
                ENDIF ; 5.0V Operation
                
                    ;-------------------------------
                    ; Set Power-On Reset (POR) Level
                    ;-------------------------------
 00B5 7110          or    F, FLAG_XIO_MASK
 00B7           
                IF (POWER_SETTING & POWER_SET_2V7)             ; 2.7V Operation?
                                                               ;  Yes, lowest trip already set
                ELSE                                           ;   No, must adjust POR...
                IF (POWER_SETTING & POWER_SET_3V3)             ; 3.3V Operation?
                    or   reg[VLT_CR], VLT_CR_POR_MID           ;   Yes, change to midpoint trip
                ELSE
                IF (POWER_SETTING & POWER_SET_5V0)             ; 5.0V Operation?
                 IF (POWER_SETTING & POWER_SET_SLOW_IMO)       ; and Slow Mode?
                    or   reg[VLT_CR], VLT_CR_POR_MID           ;   Yes, set to midpoint trip
                 ELSE                                          ;    No, fast mode
                  IF ( CPU_CLOCK_JUST ^ OSC_CR0_CPU_24MHz )    ;      As fast as 24MHz?
                    or   reg[VLT_CR], VLT_CR_POR_MID           ;         No, change to midpoint trip
                  ELSE ; 24HMz                                 ;
 00B7 43E320        or    reg[VLT_CR], VLT_CR_POR_HIGH         ;        Yes, switch to  highest setting
                  ENDIF ; 24MHz
                 ENDIF ; Slow Mode
                ENDIF ; 5.0V Operation
                ENDIF ; 3.3V Operation
                ENDIF ; 2.7V Operation
                
 00BA 70EF          and   F, ~FLAG_XIO_MASK
 00BC           
 00BC               ;----------------------------
 00BC               ; Wrap up and invoke "main"
 00BC               ;----------------------------
 00BC           
 00BC               ; Disable the Sleep interrupt that was used for timing above.  In fact,
 00BC               ; no interrupts should be enabled now, so may as well clear the register.
 00BC               ;
 00BC 62E000        mov  reg[INT_MSK0],0
 00BF           
 00BF               ; Everything has started OK. Now select requested CPU & sleep frequency.
 00BF               ;
 00BF 7110          or    F, FLAG_XIO_MASK
 00C1 62E003        mov  reg[OSC_CR0],(SELECT_32K_JUST | PLL_MODE_JUST | SLEEP_TIMER_JUST | CPU_CLOCK_JUST)
 00C4 70EF          and   F, ~FLAG_XIO_MASK
 00C6           
 00C6               ; Global Interrupt are NOT enabled, this should be done in main().
 00C6               ; LVD is set but will not occur unless Global Interrupts are enabled.
 00C6               ; Global Interrupts should be enabled as soon as possible in main().
 00C6               ;
 00C6 62E200        mov  reg[INT_VC],0             ; Clear any pending interrupts which may
 00C9                                              ; have been set during the boot process.
                IF ENABLE_LJMP_TO_MAIN
                    ljmp  _main                    ; goto main (no return)
                ELSE
 00C9 7C0000        lcall _main                    ; call main
 00CC           .Exit:
 00CC 8FFF          jmp  .Exit                     ; Wait here after return till power-off or reset
                ENDIF
                
                    ;---------------------------------
                    ; Library Access to Global Parms
                    ;---------------------------------
                    ;
 00CE            bGetPowerSetting:
 00CE           _bGetPowerSetting:
 00CE               ; Returns value of POWER_SETTING in the A register.
 00CE               ; No inputs. No Side Effects.
 00CE               ;
                IF (POWER_SETTING & POWER_SET_2V7)
                    mov   A, POWER_SETTING | POWER_SET_SLOW_IMO
                ELSE
 00CE 5010          mov   A, POWER_SETTING          ; Supply voltage and internal main osc
                ENDIF
 00D0 7F            ret
 00D1           
 00D1               ;---------------------------------
 00D1               ; Order Critical RAM & ROM AREAs
 00D1               ;---------------------------------
 00D1               ;  'TOP' is all that has been defined so far...
 00D1           
 00D1               ;  ROM AREAs for C CONST, static & global items
 00D1               ;
                    AREA lit               (ROM, REL, CON)   ; 'const' definitions
                    AREA idata             (ROM, REL, CON)   ; Constants for initializing RAM
 0000           __idata_start:
 0000           
                    AREA func_lit          (ROM, REL, CON)   ; Function Pointers
 0000           __func_lit_start:
 0000           
                    AREA psoc_config       (ROM, REL, CON)   ; Configuration Load & Unload
                    AREA UserModules       (ROM, REL, CON)   ; User Module APIs
                
                    ; CODE segment for general use
                    ;
                    AREA text (ROM, REL, CON)
 0000           __text_start:
 0000           
 0000               ; RAM area usage
 0000               ;
                    AREA data              (RAM, REL, CON)   ; initialized RAM
 0000           __data_start:
 0000           
                    AREA virtual_registers (RAM, REL, CON)   ; Temp vars of C compiler
                    AREA InterruptRAM      (RAM, REL, CON)   ; Interrupts, on Page 0
                    AREA bss               (RAM, REL, CON)   ; general use
 0000           __bss_start:
 0000           
 0000           ; end of file boot.asm
