ARM GAS  C:\Users\HPz420\AppData\Local\Temp\ccqSdXMd.s 			page 1


   1              		.syntax unified
   2              		.cpu cortex-m0
   3              		.fpu softvfp
   4              		.eabi_attribute 20, 1
   5              		.eabi_attribute 21, 1
   6              		.eabi_attribute 23, 3
   7              		.eabi_attribute 24, 1
   8              		.eabi_attribute 25, 1
   9              		.eabi_attribute 26, 1
  10              		.eabi_attribute 30, 6
  11              		.eabi_attribute 34, 0
  12              		.eabi_attribute 18, 4
  13              		.thumb
  14              		.syntax unified
  15              		.file	"main.c"
  16              		.text
  17              	.Ltext0:
  18              		.cfi_sections	.debug_frame
  19              		.syntax divided
  20              		.global _printf_float
  21              		.thumb
  22              		.syntax unified
  23              		.global	parity
  24              		.section	.rodata
  25              		.align	2
  26              	.LC0:
  27 0000 4E6F6E65 		.ascii	"None\000"
  27      00
  28 0005 000000   		.align	2
  29              	.LC1:
  30 0008 4F646400 		.ascii	"Odd\000"
  31              		.align	2
  32              	.LC2:
  33 000c 4576656E 		.ascii	"Even\000"
  33      00
  34 0011 000000   		.align	2
  35              	.LC3:
  36 0014 4D61726B 		.ascii	"Mark\000"
  36      00
  37 0019 000000   		.align	2
  38              	.LC4:
  39 001c 53706163 		.ascii	"Space\000"
  39      6500
  40              		.data
  41              		.align	2
  42              		.type	parity, %object
  43              		.size	parity, 20
  44              	parity:
  45 0000 00000000 		.word	.LC0
  46 0004 08000000 		.word	.LC1
  47 0008 0C000000 		.word	.LC2
  48 000c 14000000 		.word	.LC3
  49 0010 1C000000 		.word	.LC4
  50              		.global	stop
  51              		.section	.rodata
  52 0022 0000     		.align	2
  53              	.LC5:
ARM GAS  C:\Users\HPz420\AppData\Local\Temp\ccqSdXMd.s 			page 2


  54 0024 3100     		.ascii	"1\000"
  55 0026 0000     		.align	2
  56              	.LC6:
  57 0028 312E3500 		.ascii	"1.5\000"
  58              		.align	2
  59              	.LC7:
  60 002c 3200     		.ascii	"2\000"
  61              		.data
  62              		.align	2
  63              		.type	stop, %object
  64              		.size	stop, 12
  65              	stop:
  66 0014 24000000 		.word	.LC5
  67 0018 28000000 		.word	.LC6
  68 001c 2C000000 		.word	.LC7
  69              		.section	.text.main,"ax",%progbits
  70              		.align	2
  71              		.global	main
  72              		.code	16
  73              		.thumb_func
  74              		.type	main, %function
  75              	main:
  76              	.LFB35:
  77              		.file 1 "main.c"
   1:main.c        **** /*******************************************************************************
   2:main.c        **** * File Name: main.c
   3:main.c        **** *
   4:main.c        **** * Version: 2.0
   5:main.c        **** *
   6:main.c        **** * Description:
   7:main.c        **** *   The component is enumerated as a Virtual Com port. Receives data from the 
   8:main.c        **** *   hyper terminal, then sends back the received data.
   9:main.c        **** *   For PSoC3/PSoC5LP, the LCD shows the line settings.
  10:main.c        **** *
  11:main.c        **** * Related Document:
  12:main.c        **** *  Universal Serial Bus Specification Revision 2.0
  13:main.c        **** *  Universal Serial Bus Class Definitions for Communications Devices
  14:main.c        **** *  Revision 1.2
  15:main.c        **** *
  16:main.c        **** ********************************************************************************
  17:main.c        **** * Copyright 2015, Cypress Semiconductor Corporation. All rights reserved.
  18:main.c        **** * This software is owned by Cypress Semiconductor Corporation and is protected
  19:main.c        **** * by and subject to worldwide patent and copyright laws and treaties.
  20:main.c        **** * Therefore, you may use this software only as provided in the license agreement
  21:main.c        **** * accompanying the software package from which you obtained this software.
  22:main.c        **** * CYPRESS AND ITS SUPPLIERS MAKE NO WARRANTY OF ANY KIND, EXPRESS OR IMPLIED,
  23:main.c        **** * WITH REGARD TO THIS SOFTWARE, INCLUDING, BUT NOT LIMITED TO, NONINFRINGEMENT,
  24:main.c        **** * IMPLIED WARRANTIES OF MERCHANTABILITY AND FITNESS FOR A PARTICULAR PURPOSE.
  25:main.c        **** *******************************************************************************/
  26:main.c        **** 
  27:main.c        **** #include <project.h>
  28:main.c        **** #include "stdio.h"
  29:main.c        **** 
  30:main.c        **** #if defined (__GNUC__)
  31:main.c        ****     /* Add an explicit reference to the floating point printf library */
  32:main.c        ****     /* to allow usage of the floating point conversion specifiers. */
  33:main.c        ****     /* This is not linked in by default with the newlib-nano library. */
ARM GAS  C:\Users\HPz420\AppData\Local\Temp\ccqSdXMd.s 			page 3


  34:main.c        ****     asm (".global _printf_float");
  35:main.c        **** #endif
  36:main.c        **** 
  37:main.c        **** #define USBFS_DEVICE    (0u)
  38:main.c        **** 
  39:main.c        **** /* The buffer size is equal to the maximum packet size of the IN and OUT bulk
  40:main.c        **** * endpoints.
  41:main.c        **** */
  42:main.c        **** #define USBUART_BUFFER_SIZE (64u)
  43:main.c        **** #define LINE_STR_LENGTH     (20u)
  44:main.c        **** 
  45:main.c        **** char8* parity[] = {"None", "Odd", "Even", "Mark", "Space"};
  46:main.c        **** char8* stop[]   = {"1", "1.5", "2"};
  47:main.c        **** 
  48:main.c        **** 
  49:main.c        **** /*******************************************************************************
  50:main.c        **** * Function Name: main
  51:main.c        **** ********************************************************************************
  52:main.c        **** *
  53:main.c        **** * Summary:
  54:main.c        **** *  The main function performs the following actions:
  55:main.c        **** *   1. Waits until VBUS becomes valid and starts the USBFS component which is
  56:main.c        **** *      enumerated as virtual Com port.
  57:main.c        **** *   2. Waits until the device is enumerated by the host.
  58:main.c        **** *   3. Waits for data coming from the hyper terminal and sends it back.
  59:main.c        **** *   4. PSoC3/PSoC5LP: the LCD shows the line settings.
  60:main.c        **** *
  61:main.c        **** * Parameters:
  62:main.c        **** *  None.
  63:main.c        **** *
  64:main.c        **** * Return:
  65:main.c        **** *  None.
  66:main.c        **** *
  67:main.c        **** *******************************************************************************/
  68:main.c        **** int main()
  69:main.c        **** {
  78              		.loc 1 69 0
  79              		.cfi_startproc
  80              		@ args = 0, pretend = 0, frame = 72
  81              		@ frame_needed = 1, uses_anonymous_args = 0
  82 0000 90B5     		push	{r4, r7, lr}
  83              		.cfi_def_cfa_offset 12
  84              		.cfi_offset 4, -12
  85              		.cfi_offset 7, -8
  86              		.cfi_offset 14, -4
  87 0002 93B0     		sub	sp, sp, #76
  88              		.cfi_def_cfa_offset 88
  89 0004 00AF     		add	r7, sp, #0
  90              		.cfi_def_cfa_register 7
  70:main.c        ****     uint16 count;
  71:main.c        ****     uint8 buffer[USBUART_BUFFER_SIZE];
  72:main.c        ****     
  73:main.c        **** #if (CY_PSOC3 || CY_PSOC5LP)
  74:main.c        ****     uint8 state;
  75:main.c        ****     char8 lineStr[LINE_STR_LENGTH];
  76:main.c        ****     
  77:main.c        ****     LCD_Start();
ARM GAS  C:\Users\HPz420\AppData\Local\Temp\ccqSdXMd.s 			page 4


  78:main.c        **** #endif /* (CY_PSOC3 || CY_PSOC5LP) */
  79:main.c        ****     
  80:main.c        ****     CyGlobalIntEnable;
  91              		.loc 1 80 0
  92              		.syntax divided
  93              	@ 80 "main.c" 1
  94 0006 62B6     		CPSIE   i
  95              	@ 0 "" 2
  81:main.c        **** 
  82:main.c        ****     /* Start USBFS operation with 5-V operation. */
  83:main.c        ****     USBUART_Start(USBFS_DEVICE, USBUART_5V_OPERATION);
  96              		.loc 1 83 0
  97              		.thumb
  98              		.syntax unified
  99 0008 0121     		movs	r1, #1
 100 000a 0020     		movs	r0, #0
 101 000c FFF7FEFF 		bl	USBUART_Start
 102              	.L6:
  84:main.c        ****     
  85:main.c        ****     for(;;)
  86:main.c        ****     {
  87:main.c        ****         /* Host can send double SET_INTERFACE request. */
  88:main.c        ****         if (0u != USBUART_IsConfigurationChanged())
 103              		.loc 1 88 0
 104 0010 FFF7FEFF 		bl	USBUART_IsConfigurationChanged
 105 0014 031E     		subs	r3, r0, #0
 106 0016 05D0     		beq	.L2
  89:main.c        ****         {
  90:main.c        ****             /* Initialize IN endpoints when device is configured. */
  91:main.c        ****             if (0u != USBUART_GetConfiguration())
 107              		.loc 1 91 0
 108 0018 FFF7FEFF 		bl	USBUART_GetConfiguration
 109 001c 031E     		subs	r3, r0, #0
 110 001e 01D0     		beq	.L2
  92:main.c        ****             {
  93:main.c        ****                 /* Enumeration is done, enable OUT endpoint to receive data 
  94:main.c        ****                  * from host. */
  95:main.c        ****                 USBUART_CDC_Init();
 111              		.loc 1 95 0
 112 0020 FFF7FEFF 		bl	USBUART_CDC_Init
 113              	.L2:
  96:main.c        ****             }
  97:main.c        ****         }
  98:main.c        **** 
  99:main.c        ****         /* Service USB CDC when device is configured. */
 100:main.c        ****         if (0u != USBUART_GetConfiguration())
 114              		.loc 1 100 0
 115 0024 FFF7FEFF 		bl	USBUART_GetConfiguration
 116 0028 031E     		subs	r3, r0, #0
 117 002a F1D0     		beq	.L6
 101:main.c        ****         {
 102:main.c        ****             /* Check for input data from host. */
 103:main.c        ****             if (0u != USBUART_DataIsReady())
 118              		.loc 1 103 0
 119 002c FFF7FEFF 		bl	USBUART_DataIsReady
 120 0030 031E     		subs	r3, r0, #0
 121 0032 EDD0     		beq	.L6
ARM GAS  C:\Users\HPz420\AppData\Local\Temp\ccqSdXMd.s 			page 5


 104:main.c        ****             {
 105:main.c        ****                 /* Read received data and re-enable OUT endpoint. */
 106:main.c        ****                 count = USBUART_GetAll(buffer);
 122              		.loc 1 106 0
 123 0034 4623     		movs	r3, #70
 124 0036 FC18     		adds	r4, r7, r3
 125 0038 3B1D     		adds	r3, r7, #4
 126 003a 1800     		movs	r0, r3
 127 003c FFF7FEFF 		bl	USBUART_GetAll
 128 0040 0300     		movs	r3, r0
 129 0042 2380     		strh	r3, [r4]
 107:main.c        **** 
 108:main.c        ****                 if (0u != count)
 130              		.loc 1 108 0
 131 0044 4623     		movs	r3, #70
 132 0046 FB18     		adds	r3, r7, r3
 133 0048 1B88     		ldrh	r3, [r3]
 134 004a 002B     		cmp	r3, #0
 135 004c E0D0     		beq	.L6
 109:main.c        ****                 {
 110:main.c        ****                     /* Wait until component is ready to send data to host. */
 111:main.c        ****                     while (0u == USBUART_CDCIsReady())
 136              		.loc 1 111 0
 137 004e C046     		nop
 138              	.L4:
 139              		.loc 1 111 0 is_stmt 0 discriminator 1
 140 0050 FFF7FEFF 		bl	USBUART_CDCIsReady
 141 0054 031E     		subs	r3, r0, #0
 142 0056 FBD0     		beq	.L4
 112:main.c        ****                     {
 113:main.c        ****                     }
 114:main.c        **** 
 115:main.c        ****                     /* Send data back to host. */
 116:main.c        ****                     USBUART_PutData(buffer, count);
 143              		.loc 1 116 0 is_stmt 1
 144 0058 4623     		movs	r3, #70
 145 005a FB18     		adds	r3, r7, r3
 146 005c 1A88     		ldrh	r2, [r3]
 147 005e 3B1D     		adds	r3, r7, #4
 148 0060 1100     		movs	r1, r2
 149 0062 1800     		movs	r0, r3
 150 0064 FFF7FEFF 		bl	USBUART_PutData
 117:main.c        **** 
 118:main.c        ****                     /* If the last sent packet is exactly the maximum packet 
 119:main.c        ****                     *  size, it is followed by a zero-length packet to assure
 120:main.c        ****                     *  that the end of the segment is properly identified by 
 121:main.c        ****                     *  the terminal.
 122:main.c        ****                     */
 123:main.c        ****                     if (USBUART_BUFFER_SIZE == count)
 151              		.loc 1 123 0
 152 0068 4623     		movs	r3, #70
 153 006a FB18     		adds	r3, r7, r3
 154 006c 1B88     		ldrh	r3, [r3]
 155 006e 402B     		cmp	r3, #64
 156 0070 CED1     		bne	.L6
 124:main.c        ****                     {
 125:main.c        ****                         /* Wait until component is ready to send data to PC. */
ARM GAS  C:\Users\HPz420\AppData\Local\Temp\ccqSdXMd.s 			page 6


 126:main.c        ****                         while (0u == USBUART_CDCIsReady())
 157              		.loc 1 126 0
 158 0072 C046     		nop
 159              	.L5:
 160              		.loc 1 126 0 is_stmt 0 discriminator 1
 161 0074 FFF7FEFF 		bl	USBUART_CDCIsReady
 162 0078 031E     		subs	r3, r0, #0
 163 007a FBD0     		beq	.L5
 127:main.c        ****                         {
 128:main.c        ****                         }
 129:main.c        **** 
 130:main.c        ****                         /* Send zero-length packet to PC. */
 131:main.c        ****                         USBUART_PutData(NULL, 0u);
 164              		.loc 1 131 0 is_stmt 1
 165 007c 0021     		movs	r1, #0
 166 007e 0020     		movs	r0, #0
 167 0080 FFF7FEFF 		bl	USBUART_PutData
 132:main.c        ****                     }
 133:main.c        ****                 }
 134:main.c        ****             }
 135:main.c        ****         }
 136:main.c        ****     }
 168              		.loc 1 136 0
 169 0084 C4E7     		b	.L6
 170              		.cfi_endproc
 171              	.LFE35:
 172              		.size	main, .-main
 173 0086 C046     		.text
 174              	.Letext0:
 175              		.file 2 "Generated_Source\\PSoC4/cytypes.h"
 176              		.section	.debug_info,"",%progbits
 177              	.Ldebug_info0:
 178 0000 3E010000 		.4byte	0x13e
 179 0004 0400     		.2byte	0x4
 180 0006 00000000 		.4byte	.Ldebug_abbrev0
 181 000a 04       		.byte	0x4
 182 000b 01       		.uleb128 0x1
 183 000c 48010000 		.4byte	.LASF21
 184 0010 0C       		.byte	0xc
 185 0011 1B000000 		.4byte	.LASF22
 186 0015 96000000 		.4byte	.LASF23
 187 0019 00000000 		.4byte	.Ldebug_ranges0+0
 188 001d 00000000 		.4byte	0
 189 0021 00000000 		.4byte	.Ldebug_line0
 190 0025 02       		.uleb128 0x2
 191 0026 01       		.byte	0x1
 192 0027 06       		.byte	0x6
 193 0028 27000000 		.4byte	.LASF0
 194 002c 02       		.uleb128 0x2
 195 002d 01       		.byte	0x1
 196 002e 08       		.byte	0x8
 197 002f 68000000 		.4byte	.LASF1
 198 0033 02       		.uleb128 0x2
 199 0034 02       		.byte	0x2
 200 0035 05       		.byte	0x5
 201 0036 3E010000 		.4byte	.LASF2
 202 003a 02       		.uleb128 0x2
ARM GAS  C:\Users\HPz420\AppData\Local\Temp\ccqSdXMd.s 			page 7


 203 003b 02       		.byte	0x2
 204 003c 07       		.byte	0x7
 205 003d 0B010000 		.4byte	.LASF3
 206 0041 02       		.uleb128 0x2
 207 0042 04       		.byte	0x4
 208 0043 05       		.byte	0x5
 209 0044 81000000 		.4byte	.LASF4
 210 0048 02       		.uleb128 0x2
 211 0049 04       		.byte	0x4
 212 004a 07       		.byte	0x7
 213 004b 39000000 		.4byte	.LASF5
 214 004f 02       		.uleb128 0x2
 215 0050 08       		.byte	0x8
 216 0051 05       		.byte	0x5
 217 0052 00000000 		.4byte	.LASF6
 218 0056 02       		.uleb128 0x2
 219 0057 08       		.byte	0x8
 220 0058 07       		.byte	0x7
 221 0059 4B000000 		.4byte	.LASF7
 222 005d 03       		.uleb128 0x3
 223 005e 04       		.byte	0x4
 224 005f 05       		.byte	0x5
 225 0060 696E7400 		.ascii	"int\000"
 226 0064 02       		.uleb128 0x2
 227 0065 04       		.byte	0x4
 228 0066 07       		.byte	0x7
 229 0067 0E000000 		.4byte	.LASF8
 230 006b 04       		.uleb128 0x4
 231 006c 33000000 		.4byte	.LASF9
 232 0070 02       		.byte	0x2
 233 0071 D201     		.2byte	0x1d2
 234 0073 2C000000 		.4byte	0x2c
 235 0077 04       		.uleb128 0x4
 236 0078 1E010000 		.4byte	.LASF10
 237 007c 02       		.byte	0x2
 238 007d D301     		.2byte	0x1d3
 239 007f 3A000000 		.4byte	0x3a
 240 0083 02       		.uleb128 0x2
 241 0084 04       		.byte	0x4
 242 0085 04       		.byte	0x4
 243 0086 38010000 		.4byte	.LASF11
 244 008a 02       		.uleb128 0x2
 245 008b 08       		.byte	0x8
 246 008c 04       		.byte	0x4
 247 008d 8A000000 		.4byte	.LASF12
 248 0091 04       		.uleb128 0x4
 249 0092 62000000 		.4byte	.LASF13
 250 0096 02       		.byte	0x2
 251 0097 E301     		.2byte	0x1e3
 252 0099 9D000000 		.4byte	0x9d
 253 009d 02       		.uleb128 0x2
 254 009e 01       		.byte	0x1
 255 009f 08       		.byte	0x8
 256 00a0 76000000 		.4byte	.LASF14
 257 00a4 02       		.uleb128 0x2
 258 00a5 08       		.byte	0x8
 259 00a6 04       		.byte	0x4
ARM GAS  C:\Users\HPz420\AppData\Local\Temp\ccqSdXMd.s 			page 8


 260 00a7 25010000 		.4byte	.LASF15
 261 00ab 02       		.uleb128 0x2
 262 00ac 04       		.byte	0x4
 263 00ad 07       		.byte	0x7
 264 00ae DD010000 		.4byte	.LASF16
 265 00b2 05       		.uleb128 0x5
 266 00b3 22000000 		.4byte	.LASF24
 267 00b7 01       		.byte	0x1
 268 00b8 44       		.byte	0x44
 269 00b9 5D000000 		.4byte	0x5d
 270 00bd 00000000 		.4byte	.LFB35
 271 00c1 86000000 		.4byte	.LFE35-.LFB35
 272 00c5 01       		.uleb128 0x1
 273 00c6 9C       		.byte	0x9c
 274 00c7 E9000000 		.4byte	0xe9
 275 00cb 06       		.uleb128 0x6
 276 00cc 7B000000 		.4byte	.LASF17
 277 00d0 01       		.byte	0x1
 278 00d1 46       		.byte	0x46
 279 00d2 77000000 		.4byte	0x77
 280 00d6 02       		.uleb128 0x2
 281 00d7 91       		.byte	0x91
 282 00d8 6E       		.sleb128 -18
 283 00d9 06       		.uleb128 0x6
 284 00da D6010000 		.4byte	.LASF18
 285 00de 01       		.byte	0x1
 286 00df 47       		.byte	0x47
 287 00e0 E9000000 		.4byte	0xe9
 288 00e4 03       		.uleb128 0x3
 289 00e5 91       		.byte	0x91
 290 00e6 AC7F     		.sleb128 -84
 291 00e8 00       		.byte	0
 292 00e9 07       		.uleb128 0x7
 293 00ea 6B000000 		.4byte	0x6b
 294 00ee F9000000 		.4byte	0xf9
 295 00f2 08       		.uleb128 0x8
 296 00f3 AB000000 		.4byte	0xab
 297 00f7 3F       		.byte	0x3f
 298 00f8 00       		.byte	0
 299 00f9 07       		.uleb128 0x7
 300 00fa 09010000 		.4byte	0x109
 301 00fe 09010000 		.4byte	0x109
 302 0102 08       		.uleb128 0x8
 303 0103 AB000000 		.4byte	0xab
 304 0107 04       		.byte	0x4
 305 0108 00       		.byte	0
 306 0109 09       		.uleb128 0x9
 307 010a 04       		.byte	0x4
 308 010b 91000000 		.4byte	0x91
 309 010f 0A       		.uleb128 0xa
 310 0110 31010000 		.4byte	.LASF19
 311 0114 01       		.byte	0x1
 312 0115 2D       		.byte	0x2d
 313 0116 F9000000 		.4byte	0xf9
 314 011a 05       		.uleb128 0x5
 315 011b 03       		.byte	0x3
 316 011c 00000000 		.4byte	parity
ARM GAS  C:\Users\HPz420\AppData\Local\Temp\ccqSdXMd.s 			page 9


 317 0120 07       		.uleb128 0x7
 318 0121 09010000 		.4byte	0x109
 319 0125 30010000 		.4byte	0x130
 320 0129 08       		.uleb128 0x8
 321 012a AB000000 		.4byte	0xab
 322 012e 02       		.byte	0x2
 323 012f 00       		.byte	0
 324 0130 0A       		.uleb128 0xa
 325 0131 91000000 		.4byte	.LASF20
 326 0135 01       		.byte	0x1
 327 0136 2E       		.byte	0x2e
 328 0137 20010000 		.4byte	0x120
 329 013b 05       		.uleb128 0x5
 330 013c 03       		.byte	0x3
 331 013d 00000000 		.4byte	stop
 332 0141 00       		.byte	0
 333              		.section	.debug_abbrev,"",%progbits
 334              	.Ldebug_abbrev0:
 335 0000 01       		.uleb128 0x1
 336 0001 11       		.uleb128 0x11
 337 0002 01       		.byte	0x1
 338 0003 25       		.uleb128 0x25
 339 0004 0E       		.uleb128 0xe
 340 0005 13       		.uleb128 0x13
 341 0006 0B       		.uleb128 0xb
 342 0007 03       		.uleb128 0x3
 343 0008 0E       		.uleb128 0xe
 344 0009 1B       		.uleb128 0x1b
 345 000a 0E       		.uleb128 0xe
 346 000b 55       		.uleb128 0x55
 347 000c 17       		.uleb128 0x17
 348 000d 11       		.uleb128 0x11
 349 000e 01       		.uleb128 0x1
 350 000f 10       		.uleb128 0x10
 351 0010 17       		.uleb128 0x17
 352 0011 00       		.byte	0
 353 0012 00       		.byte	0
 354 0013 02       		.uleb128 0x2
 355 0014 24       		.uleb128 0x24
 356 0015 00       		.byte	0
 357 0016 0B       		.uleb128 0xb
 358 0017 0B       		.uleb128 0xb
 359 0018 3E       		.uleb128 0x3e
 360 0019 0B       		.uleb128 0xb
 361 001a 03       		.uleb128 0x3
 362 001b 0E       		.uleb128 0xe
 363 001c 00       		.byte	0
 364 001d 00       		.byte	0
 365 001e 03       		.uleb128 0x3
 366 001f 24       		.uleb128 0x24
 367 0020 00       		.byte	0
 368 0021 0B       		.uleb128 0xb
 369 0022 0B       		.uleb128 0xb
 370 0023 3E       		.uleb128 0x3e
 371 0024 0B       		.uleb128 0xb
 372 0025 03       		.uleb128 0x3
 373 0026 08       		.uleb128 0x8
ARM GAS  C:\Users\HPz420\AppData\Local\Temp\ccqSdXMd.s 			page 10


 374 0027 00       		.byte	0
 375 0028 00       		.byte	0
 376 0029 04       		.uleb128 0x4
 377 002a 16       		.uleb128 0x16
 378 002b 00       		.byte	0
 379 002c 03       		.uleb128 0x3
 380 002d 0E       		.uleb128 0xe
 381 002e 3A       		.uleb128 0x3a
 382 002f 0B       		.uleb128 0xb
 383 0030 3B       		.uleb128 0x3b
 384 0031 05       		.uleb128 0x5
 385 0032 49       		.uleb128 0x49
 386 0033 13       		.uleb128 0x13
 387 0034 00       		.byte	0
 388 0035 00       		.byte	0
 389 0036 05       		.uleb128 0x5
 390 0037 2E       		.uleb128 0x2e
 391 0038 01       		.byte	0x1
 392 0039 3F       		.uleb128 0x3f
 393 003a 19       		.uleb128 0x19
 394 003b 03       		.uleb128 0x3
 395 003c 0E       		.uleb128 0xe
 396 003d 3A       		.uleb128 0x3a
 397 003e 0B       		.uleb128 0xb
 398 003f 3B       		.uleb128 0x3b
 399 0040 0B       		.uleb128 0xb
 400 0041 49       		.uleb128 0x49
 401 0042 13       		.uleb128 0x13
 402 0043 11       		.uleb128 0x11
 403 0044 01       		.uleb128 0x1
 404 0045 12       		.uleb128 0x12
 405 0046 06       		.uleb128 0x6
 406 0047 40       		.uleb128 0x40
 407 0048 18       		.uleb128 0x18
 408 0049 9642     		.uleb128 0x2116
 409 004b 19       		.uleb128 0x19
 410 004c 01       		.uleb128 0x1
 411 004d 13       		.uleb128 0x13
 412 004e 00       		.byte	0
 413 004f 00       		.byte	0
 414 0050 06       		.uleb128 0x6
 415 0051 34       		.uleb128 0x34
 416 0052 00       		.byte	0
 417 0053 03       		.uleb128 0x3
 418 0054 0E       		.uleb128 0xe
 419 0055 3A       		.uleb128 0x3a
 420 0056 0B       		.uleb128 0xb
 421 0057 3B       		.uleb128 0x3b
 422 0058 0B       		.uleb128 0xb
 423 0059 49       		.uleb128 0x49
 424 005a 13       		.uleb128 0x13
 425 005b 02       		.uleb128 0x2
 426 005c 18       		.uleb128 0x18
 427 005d 00       		.byte	0
 428 005e 00       		.byte	0
 429 005f 07       		.uleb128 0x7
 430 0060 01       		.uleb128 0x1
ARM GAS  C:\Users\HPz420\AppData\Local\Temp\ccqSdXMd.s 			page 11


 431 0061 01       		.byte	0x1
 432 0062 49       		.uleb128 0x49
 433 0063 13       		.uleb128 0x13
 434 0064 01       		.uleb128 0x1
 435 0065 13       		.uleb128 0x13
 436 0066 00       		.byte	0
 437 0067 00       		.byte	0
 438 0068 08       		.uleb128 0x8
 439 0069 21       		.uleb128 0x21
 440 006a 00       		.byte	0
 441 006b 49       		.uleb128 0x49
 442 006c 13       		.uleb128 0x13
 443 006d 2F       		.uleb128 0x2f
 444 006e 0B       		.uleb128 0xb
 445 006f 00       		.byte	0
 446 0070 00       		.byte	0
 447 0071 09       		.uleb128 0x9
 448 0072 0F       		.uleb128 0xf
 449 0073 00       		.byte	0
 450 0074 0B       		.uleb128 0xb
 451 0075 0B       		.uleb128 0xb
 452 0076 49       		.uleb128 0x49
 453 0077 13       		.uleb128 0x13
 454 0078 00       		.byte	0
 455 0079 00       		.byte	0
 456 007a 0A       		.uleb128 0xa
 457 007b 34       		.uleb128 0x34
 458 007c 00       		.byte	0
 459 007d 03       		.uleb128 0x3
 460 007e 0E       		.uleb128 0xe
 461 007f 3A       		.uleb128 0x3a
 462 0080 0B       		.uleb128 0xb
 463 0081 3B       		.uleb128 0x3b
 464 0082 0B       		.uleb128 0xb
 465 0083 49       		.uleb128 0x49
 466 0084 13       		.uleb128 0x13
 467 0085 3F       		.uleb128 0x3f
 468 0086 19       		.uleb128 0x19
 469 0087 02       		.uleb128 0x2
 470 0088 18       		.uleb128 0x18
 471 0089 00       		.byte	0
 472 008a 00       		.byte	0
 473 008b 00       		.byte	0
 474              		.section	.debug_aranges,"",%progbits
 475 0000 1C000000 		.4byte	0x1c
 476 0004 0200     		.2byte	0x2
 477 0006 00000000 		.4byte	.Ldebug_info0
 478 000a 04       		.byte	0x4
 479 000b 00       		.byte	0
 480 000c 0000     		.2byte	0
 481 000e 0000     		.2byte	0
 482 0010 00000000 		.4byte	.LFB35
 483 0014 86000000 		.4byte	.LFE35-.LFB35
 484 0018 00000000 		.4byte	0
 485 001c 00000000 		.4byte	0
 486              		.section	.debug_ranges,"",%progbits
 487              	.Ldebug_ranges0:
ARM GAS  C:\Users\HPz420\AppData\Local\Temp\ccqSdXMd.s 			page 12


 488 0000 00000000 		.4byte	.LFB35
 489 0004 86000000 		.4byte	.LFE35
 490 0008 00000000 		.4byte	0
 491 000c 00000000 		.4byte	0
 492              		.section	.debug_line,"",%progbits
 493              	.Ldebug_line0:
 494 0000 76000000 		.section	.debug_str,"MS",%progbits,1
 494      02004100 
 494      00000201 
 494      FB0E0D00 
 494      01010101 
 495              	.LASF6:
 496 0000 6C6F6E67 		.ascii	"long long int\000"
 496      206C6F6E 
 496      6720696E 
 496      7400
 497              	.LASF8:
 498 000e 756E7369 		.ascii	"unsigned int\000"
 498      676E6564 
 498      20696E74 
 498      00
 499              	.LASF22:
 500 001b 6D61696E 		.ascii	"main.c\000"
 500      2E6300
 501              	.LASF24:
 502 0022 6D61696E 		.ascii	"main\000"
 502      00
 503              	.LASF0:
 504 0027 7369676E 		.ascii	"signed char\000"
 504      65642063 
 504      68617200 
 505              	.LASF9:
 506 0033 75696E74 		.ascii	"uint8\000"
 506      3800
 507              	.LASF5:
 508 0039 6C6F6E67 		.ascii	"long unsigned int\000"
 508      20756E73 
 508      69676E65 
 508      6420696E 
 508      7400
 509              	.LASF7:
 510 004b 6C6F6E67 		.ascii	"long long unsigned int\000"
 510      206C6F6E 
 510      6720756E 
 510      7369676E 
 510      65642069 
 511              	.LASF13:
 512 0062 63686172 		.ascii	"char8\000"
 512      3800
 513              	.LASF1:
 514 0068 756E7369 		.ascii	"unsigned char\000"
 514      676E6564 
 514      20636861 
 514      7200
 515              	.LASF14:
 516 0076 63686172 		.ascii	"char\000"
 516      00
ARM GAS  C:\Users\HPz420\AppData\Local\Temp\ccqSdXMd.s 			page 13


 517              	.LASF17:
 518 007b 636F756E 		.ascii	"count\000"
 518      7400
 519              	.LASF4:
 520 0081 6C6F6E67 		.ascii	"long int\000"
 520      20696E74 
 520      00
 521              	.LASF12:
 522 008a 646F7562 		.ascii	"double\000"
 522      6C6500
 523              	.LASF20:
 524 0091 73746F70 		.ascii	"stop\000"
 524      00
 525              	.LASF23:
 526 0096 433A5C55 		.ascii	"C:\\Users\\HPz420\\Documents\\GitHub\\land-boards\\"
 526      73657273 
 526      5C48507A 
 526      3432305C 
 526      446F6375 
 527 00c3 6C622D62 		.ascii	"lb-boards\\FPGA Cards\\RETRO-EP4CE15\\PSOC\\USBFS_U"
 527      6F617264 
 527      735C4650 
 527      47412043 
 527      61726473 
 528 00f2 41525430 		.ascii	"ART01\\USBFS_UART01.cydsn\000"
 528      315C5553 
 528      4246535F 
 528      55415254 
 528      30312E63 
 529              	.LASF3:
 530 010b 73686F72 		.ascii	"short unsigned int\000"
 530      7420756E 
 530      7369676E 
 530      65642069 
 530      6E7400
 531              	.LASF10:
 532 011e 75696E74 		.ascii	"uint16\000"
 532      313600
 533              	.LASF15:
 534 0125 6C6F6E67 		.ascii	"long double\000"
 534      20646F75 
 534      626C6500 
 535              	.LASF19:
 536 0131 70617269 		.ascii	"parity\000"
 536      747900
 537              	.LASF11:
 538 0138 666C6F61 		.ascii	"float\000"
 538      7400
 539              	.LASF2:
 540 013e 73686F72 		.ascii	"short int\000"
 540      7420696E 
 540      7400
 541              	.LASF21:
 542 0148 474E5520 		.ascii	"GNU C11 5.4.1 20160609 (release) [ARM/embedded-5-br"
 542      43313120 
 542      352E342E 
 542      31203230 
ARM GAS  C:\Users\HPz420\AppData\Local\Temp\ccqSdXMd.s 			page 14


 542      31363036 
 543 017b 616E6368 		.ascii	"anch revision 237715] -mcpu=cortex-m0 -mthumb -g -O"
 543      20726576 
 543      6973696F 
 543      6E203233 
 543      37373135 
 544 01ae 30202D66 		.ascii	"0 -ffunction-sections -ffat-lto-objects\000"
 544      66756E63 
 544      74696F6E 
 544      2D736563 
 544      74696F6E 
 545              	.LASF18:
 546 01d6 62756666 		.ascii	"buffer\000"
 546      657200
 547              	.LASF16:
 548 01dd 73697A65 		.ascii	"sizetype\000"
 548      74797065 
 548      00
 549              		.ident	"GCC: (GNU Tools for ARM Embedded Processors) 5.4.1 20160609 (release) [ARM/embedded-5-bran
