ARM GAS  C:\Users\HPz420\AppData\Local\Temp\ccfu5XOc.s 			page 1


   1              		.syntax unified
   2              		.cpu cortex-m0
   3              		.fpu softvfp
   4              		.eabi_attribute 20, 1
   5              		.eabi_attribute 21, 1
   6              		.eabi_attribute 23, 3
   7              		.eabi_attribute 24, 1
   8              		.eabi_attribute 25, 1
   9              		.eabi_attribute 26, 1
  10              		.eabi_attribute 30, 6
  11              		.eabi_attribute 34, 0
  12              		.eabi_attribute 18, 4
  13              		.thumb
  14              		.syntax unified
  15              		.file	"USBUART_cls.c"
  16              		.text
  17              	.Ltext0:
  18              		.cfi_sections	.debug_frame
  19              		.section	.text.USBUART_DispatchClassRqst,"ax",%progbits
  20              		.align	2
  21              		.global	USBUART_DispatchClassRqst
  22              		.code	16
  23              		.thumb_func
  24              		.type	USBUART_DispatchClassRqst, %function
  25              	USBUART_DispatchClassRqst:
  26              	.LFB1:
  27              		.file 1 "Generated_Source\\PSoC4\\USBUART_cls.c"
   1:Generated_Source\PSoC4/USBUART_cls.c **** /***************************************************************************//**
   2:Generated_Source\PSoC4/USBUART_cls.c **** * \file USBUART_cls.c
   3:Generated_Source\PSoC4/USBUART_cls.c **** * \version 3.10
   4:Generated_Source\PSoC4/USBUART_cls.c **** *
   5:Generated_Source\PSoC4/USBUART_cls.c **** * \brief
   6:Generated_Source\PSoC4/USBUART_cls.c **** *  This file contains the USB Class request handler.
   7:Generated_Source\PSoC4/USBUART_cls.c **** *
   8:Generated_Source\PSoC4/USBUART_cls.c **** ********************************************************************************
   9:Generated_Source\PSoC4/USBUART_cls.c **** * \copyright
  10:Generated_Source\PSoC4/USBUART_cls.c **** * Copyright 2008-2016, Cypress Semiconductor Corporation.  All rights reserved.
  11:Generated_Source\PSoC4/USBUART_cls.c **** * You may use this file only in accordance with the license, terms, conditions,
  12:Generated_Source\PSoC4/USBUART_cls.c **** * disclaimers, and limitations in the end user license agreement accompanying
  13:Generated_Source\PSoC4/USBUART_cls.c **** * the software package with which this file was provided.
  14:Generated_Source\PSoC4/USBUART_cls.c **** *******************************************************************************/
  15:Generated_Source\PSoC4/USBUART_cls.c **** 
  16:Generated_Source\PSoC4/USBUART_cls.c **** #include "USBUART_pvt.h"
  17:Generated_Source\PSoC4/USBUART_cls.c **** #include "cyapicallbacks.h"
  18:Generated_Source\PSoC4/USBUART_cls.c **** 
  19:Generated_Source\PSoC4/USBUART_cls.c **** #if(USBUART_EXTERN_CLS == USBUART_FALSE)
  20:Generated_Source\PSoC4/USBUART_cls.c **** 
  21:Generated_Source\PSoC4/USBUART_cls.c **** /***************************************
  22:Generated_Source\PSoC4/USBUART_cls.c **** * User Implemented Class Driver Declarations.
  23:Generated_Source\PSoC4/USBUART_cls.c **** ***************************************/
  24:Generated_Source\PSoC4/USBUART_cls.c **** /* `#START USER_DEFINED_CLASS_DECLARATIONS` Place your declaration here */
  25:Generated_Source\PSoC4/USBUART_cls.c **** 
  26:Generated_Source\PSoC4/USBUART_cls.c **** /* `#END` */
  27:Generated_Source\PSoC4/USBUART_cls.c **** 
  28:Generated_Source\PSoC4/USBUART_cls.c **** 
  29:Generated_Source\PSoC4/USBUART_cls.c **** /*******************************************************************************
  30:Generated_Source\PSoC4/USBUART_cls.c **** * Function Name: USBUART_DispatchClassRqst
ARM GAS  C:\Users\HPz420\AppData\Local\Temp\ccfu5XOc.s 			page 2


  31:Generated_Source\PSoC4/USBUART_cls.c **** ****************************************************************************//**
  32:Generated_Source\PSoC4/USBUART_cls.c **** *  This routine dispatches class specific requests depend on interface class.
  33:Generated_Source\PSoC4/USBUART_cls.c **** *
  34:Generated_Source\PSoC4/USBUART_cls.c **** * \return
  35:Generated_Source\PSoC4/USBUART_cls.c **** *  requestHandled.
  36:Generated_Source\PSoC4/USBUART_cls.c **** *
  37:Generated_Source\PSoC4/USBUART_cls.c **** * \reentrant
  38:Generated_Source\PSoC4/USBUART_cls.c **** *  No.
  39:Generated_Source\PSoC4/USBUART_cls.c **** *
  40:Generated_Source\PSoC4/USBUART_cls.c **** *******************************************************************************/
  41:Generated_Source\PSoC4/USBUART_cls.c **** uint8 USBUART_DispatchClassRqst(void) 
  42:Generated_Source\PSoC4/USBUART_cls.c **** {
  28              		.loc 1 42 0
  29              		.cfi_startproc
  30              		@ args = 0, pretend = 0, frame = 8
  31              		@ frame_needed = 1, uses_anonymous_args = 0
  32 0000 90B5     		push	{r4, r7, lr}
  33              		.cfi_def_cfa_offset 12
  34              		.cfi_offset 4, -12
  35              		.cfi_offset 7, -8
  36              		.cfi_offset 14, -4
  37 0002 83B0     		sub	sp, sp, #12
  38              		.cfi_def_cfa_offset 24
  39 0004 00AF     		add	r7, sp, #0
  40              		.cfi_def_cfa_register 7
  43:Generated_Source\PSoC4/USBUART_cls.c ****     uint8 requestHandled;
  44:Generated_Source\PSoC4/USBUART_cls.c ****     uint8 interfaceNumber;
  45:Generated_Source\PSoC4/USBUART_cls.c **** 
  46:Generated_Source\PSoC4/USBUART_cls.c ****     /* Get interface to which request is intended. */
  47:Generated_Source\PSoC4/USBUART_cls.c ****     switch (USBUART_bmRequestTypeReg & USBUART_RQST_RCPT_MASK)
  41              		.loc 1 47 0
  42 0006 204B     		ldr	r3, .L13
  43 0008 1B68     		ldr	r3, [r3]
  44 000a 0322     		movs	r2, #3
  45 000c 1340     		ands	r3, r2
  46 000e 012B     		cmp	r3, #1
  47 0010 02D0     		beq	.L3
  48 0012 022B     		cmp	r3, #2
  49 0014 05D0     		beq	.L4
  50 0016 13E0     		b	.L11
  51              	.L3:
  48:Generated_Source\PSoC4/USBUART_cls.c ****     {
  49:Generated_Source\PSoC4/USBUART_cls.c ****         case USBUART_RQST_RCPT_IFC:
  50:Generated_Source\PSoC4/USBUART_cls.c ****             /* Class-specific request directed to interface: wIndexLoReg 
  51:Generated_Source\PSoC4/USBUART_cls.c ****             * contains interface number.
  52:Generated_Source\PSoC4/USBUART_cls.c ****             */
  53:Generated_Source\PSoC4/USBUART_cls.c ****             interfaceNumber = (uint8) USBUART_wIndexLoReg;
  52              		.loc 1 53 0
  53 0018 1B4B     		ldr	r3, .L13
  54 001a 1A69     		ldr	r2, [r3, #16]
  55 001c BB1D     		adds	r3, r7, #6
  56 001e 1A70     		strb	r2, [r3]
  54:Generated_Source\PSoC4/USBUART_cls.c ****             break;
  57              		.loc 1 54 0
  58 0020 12E0     		b	.L5
  59              	.L4:
  55:Generated_Source\PSoC4/USBUART_cls.c ****         
ARM GAS  C:\Users\HPz420\AppData\Local\Temp\ccfu5XOc.s 			page 3


  56:Generated_Source\PSoC4/USBUART_cls.c ****         case USBUART_RQST_RCPT_EP:
  57:Generated_Source\PSoC4/USBUART_cls.c ****             /* Class-specific request directed to endpoint: wIndexLoReg contains 
  58:Generated_Source\PSoC4/USBUART_cls.c ****             * endpoint number. Find interface related to endpoint, 
  59:Generated_Source\PSoC4/USBUART_cls.c ****             */
  60:Generated_Source\PSoC4/USBUART_cls.c ****             interfaceNumber = USBUART_EP[USBUART_wIndexLoReg & USBUART_DIR_UNUSED].interface;
  60              		.loc 1 60 0
  61 0022 194B     		ldr	r3, .L13
  62 0024 1B69     		ldr	r3, [r3, #16]
  63 0026 7F22     		movs	r2, #127
  64 0028 1A40     		ands	r2, r3
  65 002a B91D     		adds	r1, r7, #6
  66 002c 1748     		ldr	r0, .L13+4
  67 002e 1300     		movs	r3, r2
  68 0030 5B00     		lsls	r3, r3, #1
  69 0032 9B18     		adds	r3, r3, r2
  70 0034 9B00     		lsls	r3, r3, #2
  71 0036 C318     		adds	r3, r0, r3
  72 0038 0A33     		adds	r3, r3, #10
  73 003a 1B78     		ldrb	r3, [r3]
  74 003c 0B70     		strb	r3, [r1]
  61:Generated_Source\PSoC4/USBUART_cls.c ****             break;
  75              		.loc 1 61 0
  76 003e 03E0     		b	.L5
  77              	.L11:
  62:Generated_Source\PSoC4/USBUART_cls.c ****             
  63:Generated_Source\PSoC4/USBUART_cls.c ****         default:
  64:Generated_Source\PSoC4/USBUART_cls.c ****             /* Default interface is zero. */
  65:Generated_Source\PSoC4/USBUART_cls.c ****             interfaceNumber = 0u;
  78              		.loc 1 65 0
  79 0040 BB1D     		adds	r3, r7, #6
  80 0042 0022     		movs	r2, #0
  81 0044 1A70     		strb	r2, [r3]
  66:Generated_Source\PSoC4/USBUART_cls.c ****             break;
  82              		.loc 1 66 0
  83 0046 C046     		nop
  84              	.L5:
  67:Generated_Source\PSoC4/USBUART_cls.c ****     }
  68:Generated_Source\PSoC4/USBUART_cls.c **** 
  69:Generated_Source\PSoC4/USBUART_cls.c **** #if (defined(USBUART_ENABLE_HID_CLASS) ||\
  70:Generated_Source\PSoC4/USBUART_cls.c ****             defined(USBUART_ENABLE_AUDIO_CLASS) ||\
  71:Generated_Source\PSoC4/USBUART_cls.c ****             defined(USBUART_ENABLE_CDC_CLASS) ||\
  72:Generated_Source\PSoC4/USBUART_cls.c ****             USBUART_ENABLE_MSC_CLASS)
  73:Generated_Source\PSoC4/USBUART_cls.c **** 
  74:Generated_Source\PSoC4/USBUART_cls.c ****     /* Handle class request depends on interface type. */
  75:Generated_Source\PSoC4/USBUART_cls.c ****     switch (USBUART_interfaceClass[interfaceNumber])
  85              		.loc 1 75 0
  86 0048 114B     		ldr	r3, .L13+8
  87 004a 1A68     		ldr	r2, [r3]
  88 004c BB1D     		adds	r3, r7, #6
  89 004e 1B78     		ldrb	r3, [r3]
  90 0050 D318     		adds	r3, r2, r3
  91 0052 1B78     		ldrb	r3, [r3]
  92 0054 022B     		cmp	r3, #2
  93 0056 07D0     		beq	.L7
  94 0058 032B     		cmp	r3, #3
  95 005a 0BD1     		bne	.L12
  76:Generated_Source\PSoC4/USBUART_cls.c ****     {
ARM GAS  C:\Users\HPz420\AppData\Local\Temp\ccfu5XOc.s 			page 4


  77:Generated_Source\PSoC4/USBUART_cls.c ****     #if defined(USBUART_ENABLE_HID_CLASS)
  78:Generated_Source\PSoC4/USBUART_cls.c ****         case USBUART_CLASS_HID:
  79:Generated_Source\PSoC4/USBUART_cls.c ****             requestHandled = USBUART_DispatchHIDClassRqst();
  96              		.loc 1 79 0
  97 005c FC1D     		adds	r4, r7, #7
  98 005e FFF7FEFF 		bl	USBUART_DispatchHIDClassRqst
  99 0062 0300     		movs	r3, r0
 100 0064 2370     		strb	r3, [r4]
  80:Generated_Source\PSoC4/USBUART_cls.c ****             break;
 101              		.loc 1 80 0
 102 0066 09E0     		b	.L9
 103              	.L7:
  81:Generated_Source\PSoC4/USBUART_cls.c ****     #endif /* (USBUART_ENABLE_HID_CLASS) */
  82:Generated_Source\PSoC4/USBUART_cls.c ****             
  83:Generated_Source\PSoC4/USBUART_cls.c ****     #if defined(USBUART_ENABLE_AUDIO_CLASS)
  84:Generated_Source\PSoC4/USBUART_cls.c ****         case USBUART_CLASS_AUDIO:
  85:Generated_Source\PSoC4/USBUART_cls.c ****             requestHandled = USBUART_DispatchAUDIOClassRqst();
  86:Generated_Source\PSoC4/USBUART_cls.c ****             break;
  87:Generated_Source\PSoC4/USBUART_cls.c ****     #endif /* (USBUART_CLASS_AUDIO) */
  88:Generated_Source\PSoC4/USBUART_cls.c ****             
  89:Generated_Source\PSoC4/USBUART_cls.c ****     #if defined(USBUART_ENABLE_CDC_CLASS)
  90:Generated_Source\PSoC4/USBUART_cls.c ****         case USBUART_CLASS_CDC:
  91:Generated_Source\PSoC4/USBUART_cls.c ****             requestHandled = USBUART_DispatchCDCClassRqst();
 104              		.loc 1 91 0
 105 0068 FC1D     		adds	r4, r7, #7
 106 006a FFF7FEFF 		bl	USBUART_DispatchCDCClassRqst
 107 006e 0300     		movs	r3, r0
 108 0070 2370     		strb	r3, [r4]
  92:Generated_Source\PSoC4/USBUART_cls.c ****             break;
 109              		.loc 1 92 0
 110 0072 03E0     		b	.L9
 111              	.L12:
  93:Generated_Source\PSoC4/USBUART_cls.c ****     #endif /* (USBUART_ENABLE_CDC_CLASS) */
  94:Generated_Source\PSoC4/USBUART_cls.c ****         
  95:Generated_Source\PSoC4/USBUART_cls.c ****     #if (USBUART_ENABLE_MSC_CLASS)
  96:Generated_Source\PSoC4/USBUART_cls.c ****         case USBUART_CLASS_MSD:
  97:Generated_Source\PSoC4/USBUART_cls.c ****         #if (USBUART_HANDLE_MSC_REQUESTS)
  98:Generated_Source\PSoC4/USBUART_cls.c ****             /* MSC requests are handled by the component. */
  99:Generated_Source\PSoC4/USBUART_cls.c ****             requestHandled = USBUART_DispatchMSCClassRqst();
 100:Generated_Source\PSoC4/USBUART_cls.c ****         #elif defined(USBUART_DISPATCH_MSC_CLASS_RQST_CALLBACK)
 101:Generated_Source\PSoC4/USBUART_cls.c ****             /* MSC requests are handled by user defined callbcak. */
 102:Generated_Source\PSoC4/USBUART_cls.c ****             requestHandled = USBUART_DispatchMSCClassRqst_Callback();
 103:Generated_Source\PSoC4/USBUART_cls.c ****         #else
 104:Generated_Source\PSoC4/USBUART_cls.c ****             /* MSC requests are not handled. */
 105:Generated_Source\PSoC4/USBUART_cls.c ****             requestHandled = USBUART_FALSE;
 106:Generated_Source\PSoC4/USBUART_cls.c ****         #endif /* (USBUART_HANDLE_MSC_REQUESTS) */
 107:Generated_Source\PSoC4/USBUART_cls.c ****             break;
 108:Generated_Source\PSoC4/USBUART_cls.c ****     #endif /* (USBUART_ENABLE_MSC_CLASS) */
 109:Generated_Source\PSoC4/USBUART_cls.c ****         
 110:Generated_Source\PSoC4/USBUART_cls.c ****         default:
 111:Generated_Source\PSoC4/USBUART_cls.c ****             /* Request is not handled: unknown class request type. */
 112:Generated_Source\PSoC4/USBUART_cls.c ****             requestHandled = USBUART_FALSE;
 112              		.loc 1 112 0
 113 0074 FB1D     		adds	r3, r7, #7
 114 0076 0022     		movs	r2, #0
 115 0078 1A70     		strb	r2, [r3]
 113:Generated_Source\PSoC4/USBUART_cls.c ****             break;
ARM GAS  C:\Users\HPz420\AppData\Local\Temp\ccfu5XOc.s 			page 5


 116              		.loc 1 113 0
 117 007a C046     		nop
 118              	.L9:
 114:Generated_Source\PSoC4/USBUART_cls.c ****     }
 115:Generated_Source\PSoC4/USBUART_cls.c **** #else /*No class is defined*/
 116:Generated_Source\PSoC4/USBUART_cls.c ****     if (0u != interfaceNumber)
 117:Generated_Source\PSoC4/USBUART_cls.c ****     {
 118:Generated_Source\PSoC4/USBUART_cls.c ****         /* Suppress warning message */
 119:Generated_Source\PSoC4/USBUART_cls.c ****     }
 120:Generated_Source\PSoC4/USBUART_cls.c ****     requestHandled = USBUART_FALSE;
 121:Generated_Source\PSoC4/USBUART_cls.c **** #endif /*HID or AUDIO or MSC or CDC class enabled*/
 122:Generated_Source\PSoC4/USBUART_cls.c **** 
 123:Generated_Source\PSoC4/USBUART_cls.c ****     /* `#START USER_DEFINED_CLASS_CODE` Place your Class request here */
 124:Generated_Source\PSoC4/USBUART_cls.c **** 
 125:Generated_Source\PSoC4/USBUART_cls.c ****     /* `#END` */
 126:Generated_Source\PSoC4/USBUART_cls.c **** 
 127:Generated_Source\PSoC4/USBUART_cls.c **** #ifdef USBUART_DISPATCH_CLASS_RQST_CALLBACK
 128:Generated_Source\PSoC4/USBUART_cls.c ****     if (USBUART_FALSE == requestHandled)
 129:Generated_Source\PSoC4/USBUART_cls.c ****     {
 130:Generated_Source\PSoC4/USBUART_cls.c ****         requestHandled = USBUART_DispatchClassRqst_Callback(interfaceNumber);
 131:Generated_Source\PSoC4/USBUART_cls.c ****     }
 132:Generated_Source\PSoC4/USBUART_cls.c **** #endif /* (USBUART_DISPATCH_CLASS_RQST_CALLBACK) */
 133:Generated_Source\PSoC4/USBUART_cls.c **** 
 134:Generated_Source\PSoC4/USBUART_cls.c ****     return (requestHandled);
 119              		.loc 1 134 0
 120 007c FB1D     		adds	r3, r7, #7
 121 007e 1B78     		ldrb	r3, [r3]
 135:Generated_Source\PSoC4/USBUART_cls.c **** }
 122              		.loc 1 135 0
 123 0080 1800     		movs	r0, r3
 124 0082 BD46     		mov	sp, r7
 125 0084 03B0     		add	sp, sp, #12
 126              		@ sp needed
 127 0086 90BD     		pop	{r4, r7, pc}
 128              	.L14:
 129              		.align	2
 130              	.L13:
 131 0088 00002C40 		.word	1076625408
 132 008c 00000000 		.word	USBUART_EP
 133 0090 00000000 		.word	USBUART_interfaceClass
 134              		.cfi_endproc
 135              	.LFE1:
 136              		.size	USBUART_DispatchClassRqst, .-USBUART_DispatchClassRqst
 137              		.text
 138              	.Letext0:
 139              		.file 2 "Generated_Source\\PSoC4\\cytypes.h"
 140              		.file 3 "Generated_Source\\PSoC4\\USBUART.h"
 141              		.file 4 "Generated_Source\\PSoC4\\USBUART_pvt.h"
 142              		.section	.debug_info,"",%progbits
 143              	.Ldebug_info0:
 144 0000 D0010000 		.4byte	0x1d0
 145 0004 0400     		.2byte	0x4
 146 0006 00000000 		.4byte	.Ldebug_abbrev0
 147 000a 04       		.byte	0x4
 148 000b 01       		.uleb128 0x1
 149 000c F3000000 		.4byte	.LASF33
 150 0010 0C       		.byte	0xc
ARM GAS  C:\Users\HPz420\AppData\Local\Temp\ccfu5XOc.s 			page 6


 151 0011 00000000 		.4byte	.LASF34
 152 0015 0C020000 		.4byte	.LASF35
 153 0019 00000000 		.4byte	.Ldebug_ranges0+0
 154 001d 00000000 		.4byte	0
 155 0021 00000000 		.4byte	.Ldebug_line0
 156 0025 02       		.uleb128 0x2
 157 0026 01       		.byte	0x1
 158 0027 06       		.byte	0x6
 159 0028 BD020000 		.4byte	.LASF0
 160 002c 02       		.uleb128 0x2
 161 002d 01       		.byte	0x1
 162 002e 08       		.byte	0x8
 163 002f A6000000 		.4byte	.LASF1
 164 0033 02       		.uleb128 0x2
 165 0034 02       		.byte	0x2
 166 0035 05       		.byte	0x5
 167 0036 02020000 		.4byte	.LASF2
 168 003a 02       		.uleb128 0x2
 169 003b 02       		.byte	0x2
 170 003c 07       		.byte	0x7
 171 003d 25000000 		.4byte	.LASF3
 172 0041 02       		.uleb128 0x2
 173 0042 04       		.byte	0x4
 174 0043 05       		.byte	0x5
 175 0044 91020000 		.4byte	.LASF4
 176 0048 02       		.uleb128 0x2
 177 0049 04       		.byte	0x4
 178 004a 07       		.byte	0x7
 179 004b 7F000000 		.4byte	.LASF5
 180 004f 02       		.uleb128 0x2
 181 0050 08       		.byte	0x8
 182 0051 05       		.byte	0x5
 183 0052 E4010000 		.4byte	.LASF6
 184 0056 02       		.uleb128 0x2
 185 0057 08       		.byte	0x8
 186 0058 07       		.byte	0x7
 187 0059 81010000 		.4byte	.LASF7
 188 005d 03       		.uleb128 0x3
 189 005e 04       		.byte	0x4
 190 005f 05       		.byte	0x5
 191 0060 696E7400 		.ascii	"int\000"
 192 0064 02       		.uleb128 0x2
 193 0065 04       		.byte	0x4
 194 0066 07       		.byte	0x7
 195 0067 E6000000 		.4byte	.LASF8
 196 006b 04       		.uleb128 0x4
 197 006c 81020000 		.4byte	.LASF9
 198 0070 02       		.byte	0x2
 199 0071 D201     		.2byte	0x1d2
 200 0073 2C000000 		.4byte	0x2c
 201 0077 04       		.uleb128 0x4
 202 0078 CD000000 		.4byte	.LASF10
 203 007c 02       		.byte	0x2
 204 007d D301     		.2byte	0x1d3
 205 007f 3A000000 		.4byte	0x3a
 206 0083 04       		.uleb128 0x4
 207 0084 DF000000 		.4byte	.LASF11
ARM GAS  C:\Users\HPz420\AppData\Local\Temp\ccfu5XOc.s 			page 7


 208 0088 02       		.byte	0x2
 209 0089 D401     		.2byte	0x1d4
 210 008b 48000000 		.4byte	0x48
 211 008f 02       		.uleb128 0x2
 212 0090 04       		.byte	0x4
 213 0091 04       		.byte	0x4
 214 0092 65000000 		.4byte	.LASF12
 215 0096 02       		.uleb128 0x2
 216 0097 08       		.byte	0x8
 217 0098 04       		.byte	0x4
 218 0099 B4000000 		.4byte	.LASF13
 219 009d 02       		.uleb128 0x2
 220 009e 01       		.byte	0x1
 221 009f 08       		.byte	0x8
 222 00a0 F2010000 		.4byte	.LASF14
 223 00a4 02       		.uleb128 0x2
 224 00a5 08       		.byte	0x8
 225 00a6 04       		.byte	0x4
 226 00a7 B1020000 		.4byte	.LASF15
 227 00ab 02       		.uleb128 0x2
 228 00ac 04       		.byte	0x4
 229 00ad 07       		.byte	0x7
 230 00ae D4010000 		.4byte	.LASF16
 231 00b2 05       		.uleb128 0x5
 232 00b3 0C       		.byte	0xc
 233 00b4 03       		.byte	0x3
 234 00b5 92       		.byte	0x92
 235 00b6 27010000 		.4byte	0x127
 236 00ba 06       		.uleb128 0x6
 237 00bb BB000000 		.4byte	.LASF17
 238 00bf 03       		.byte	0x3
 239 00c0 94       		.byte	0x94
 240 00c1 6B000000 		.4byte	0x6b
 241 00c5 00       		.byte	0
 242 00c6 06       		.uleb128 0x6
 243 00c7 D4000000 		.4byte	.LASF18
 244 00cb 03       		.byte	0x3
 245 00cc 95       		.byte	0x95
 246 00cd 6B000000 		.4byte	0x6b
 247 00d1 01       		.byte	0x1
 248 00d2 06       		.uleb128 0x6
 249 00d3 98010000 		.4byte	.LASF19
 250 00d7 03       		.byte	0x3
 251 00d8 96       		.byte	0x96
 252 00d9 6B000000 		.4byte	0x6b
 253 00dd 02       		.byte	0x2
 254 00de 06       		.uleb128 0x6
 255 00df 6B000000 		.4byte	.LASF20
 256 00e3 03       		.byte	0x3
 257 00e4 97       		.byte	0x97
 258 00e5 6B000000 		.4byte	0x6b
 259 00e9 03       		.byte	0x3
 260 00ea 06       		.uleb128 0x6
 261 00eb 91000000 		.4byte	.LASF21
 262 00ef 03       		.byte	0x3
 263 00f0 98       		.byte	0x98
 264 00f1 6B000000 		.4byte	0x6b
ARM GAS  C:\Users\HPz420\AppData\Local\Temp\ccfu5XOc.s 			page 8


 265 00f5 04       		.byte	0x4
 266 00f6 06       		.uleb128 0x6
 267 00f7 DD010000 		.4byte	.LASF22
 268 00fb 03       		.byte	0x3
 269 00fc 99       		.byte	0x99
 270 00fd 6B000000 		.4byte	0x6b
 271 0101 05       		.byte	0x5
 272 0102 06       		.uleb128 0x6
 273 0103 C2000000 		.4byte	.LASF23
 274 0107 03       		.byte	0x3
 275 0108 9A       		.byte	0x9a
 276 0109 77000000 		.4byte	0x77
 277 010d 06       		.byte	0x6
 278 010e 06       		.uleb128 0x6
 279 010f F7010000 		.4byte	.LASF24
 280 0113 03       		.byte	0x3
 281 0114 9B       		.byte	0x9b
 282 0115 77000000 		.4byte	0x77
 283 0119 08       		.byte	0x8
 284 011a 06       		.uleb128 0x6
 285 011b 87020000 		.4byte	.LASF25
 286 011f 03       		.byte	0x3
 287 0120 9C       		.byte	0x9c
 288 0121 6B000000 		.4byte	0x6b
 289 0125 0A       		.byte	0xa
 290 0126 00       		.byte	0
 291 0127 07       		.uleb128 0x7
 292 0128 9A020000 		.4byte	.LASF26
 293 012c 03       		.byte	0x3
 294 012d 9D       		.byte	0x9d
 295 012e B2000000 		.4byte	0xb2
 296 0132 05       		.uleb128 0x5
 297 0133 20       		.byte	0x20
 298 0134 03       		.byte	0x3
 299 0135 CA       		.byte	0xca
 300 0136 47010000 		.4byte	0x147
 301 013a 06       		.uleb128 0x6
 302 013b 4F000000 		.4byte	.LASF27
 303 013f 03       		.byte	0x3
 304 0140 CC       		.byte	0xcc
 305 0141 47010000 		.4byte	0x147
 306 0145 00       		.byte	0
 307 0146 00       		.byte	0
 308 0147 08       		.uleb128 0x8
 309 0148 83000000 		.4byte	0x83
 310 014c 57010000 		.4byte	0x157
 311 0150 09       		.uleb128 0x9
 312 0151 AB000000 		.4byte	0xab
 313 0155 07       		.byte	0x7
 314 0156 00       		.byte	0
 315 0157 07       		.uleb128 0x7
 316 0158 BC010000 		.4byte	.LASF28
 317 015c 03       		.byte	0x3
 318 015d CD       		.byte	0xcd
 319 015e 32010000 		.4byte	0x132
 320 0162 0A       		.uleb128 0xa
 321 0163 A2010000 		.4byte	.LASF36
ARM GAS  C:\Users\HPz420\AppData\Local\Temp\ccfu5XOc.s 			page 9


 322 0167 01       		.byte	0x1
 323 0168 29       		.byte	0x29
 324 0169 6B000000 		.4byte	0x6b
 325 016d 00000000 		.4byte	.LFB1
 326 0171 94000000 		.4byte	.LFE1-.LFB1
 327 0175 01       		.uleb128 0x1
 328 0176 9C       		.byte	0x9c
 329 0177 98010000 		.4byte	0x198
 330 017b 0B       		.uleb128 0xb
 331 017c 56000000 		.4byte	.LASF29
 332 0180 01       		.byte	0x1
 333 0181 2B       		.byte	0x2b
 334 0182 6B000000 		.4byte	0x6b
 335 0186 02       		.uleb128 0x2
 336 0187 91       		.byte	0x91
 337 0188 6F       		.sleb128 -17
 338 0189 0B       		.uleb128 0xb
 339 018a 96000000 		.4byte	.LASF30
 340 018e 01       		.byte	0x1
 341 018f 2C       		.byte	0x2c
 342 0190 6B000000 		.4byte	0x6b
 343 0194 02       		.uleb128 0x2
 344 0195 91       		.byte	0x91
 345 0196 6E       		.sleb128 -18
 346 0197 00       		.byte	0
 347 0198 0C       		.uleb128 0xc
 348 0199 38000000 		.4byte	.LASF31
 349 019d 04       		.byte	0x4
 350 019e 78       		.byte	0x78
 351 019f A3010000 		.4byte	0x1a3
 352 01a3 0D       		.uleb128 0xd
 353 01a4 04       		.byte	0x4
 354 01a5 A9010000 		.4byte	0x1a9
 355 01a9 0E       		.uleb128 0xe
 356 01aa 6B000000 		.4byte	0x6b
 357 01ae 08       		.uleb128 0x8
 358 01af BE010000 		.4byte	0x1be
 359 01b3 BE010000 		.4byte	0x1be
 360 01b7 09       		.uleb128 0x9
 361 01b8 AB000000 		.4byte	0xab
 362 01bc 08       		.byte	0x8
 363 01bd 00       		.byte	0
 364 01be 0F       		.uleb128 0xf
 365 01bf 27010000 		.4byte	0x127
 366 01c3 0C       		.uleb128 0xc
 367 01c4 74000000 		.4byte	.LASF32
 368 01c8 04       		.byte	0x4
 369 01c9 7A       		.byte	0x7a
 370 01ca CE010000 		.4byte	0x1ce
 371 01ce 0F       		.uleb128 0xf
 372 01cf AE010000 		.4byte	0x1ae
 373 01d3 00       		.byte	0
 374              		.section	.debug_abbrev,"",%progbits
 375              	.Ldebug_abbrev0:
 376 0000 01       		.uleb128 0x1
 377 0001 11       		.uleb128 0x11
 378 0002 01       		.byte	0x1
ARM GAS  C:\Users\HPz420\AppData\Local\Temp\ccfu5XOc.s 			page 10


 379 0003 25       		.uleb128 0x25
 380 0004 0E       		.uleb128 0xe
 381 0005 13       		.uleb128 0x13
 382 0006 0B       		.uleb128 0xb
 383 0007 03       		.uleb128 0x3
 384 0008 0E       		.uleb128 0xe
 385 0009 1B       		.uleb128 0x1b
 386 000a 0E       		.uleb128 0xe
 387 000b 55       		.uleb128 0x55
 388 000c 17       		.uleb128 0x17
 389 000d 11       		.uleb128 0x11
 390 000e 01       		.uleb128 0x1
 391 000f 10       		.uleb128 0x10
 392 0010 17       		.uleb128 0x17
 393 0011 00       		.byte	0
 394 0012 00       		.byte	0
 395 0013 02       		.uleb128 0x2
 396 0014 24       		.uleb128 0x24
 397 0015 00       		.byte	0
 398 0016 0B       		.uleb128 0xb
 399 0017 0B       		.uleb128 0xb
 400 0018 3E       		.uleb128 0x3e
 401 0019 0B       		.uleb128 0xb
 402 001a 03       		.uleb128 0x3
 403 001b 0E       		.uleb128 0xe
 404 001c 00       		.byte	0
 405 001d 00       		.byte	0
 406 001e 03       		.uleb128 0x3
 407 001f 24       		.uleb128 0x24
 408 0020 00       		.byte	0
 409 0021 0B       		.uleb128 0xb
 410 0022 0B       		.uleb128 0xb
 411 0023 3E       		.uleb128 0x3e
 412 0024 0B       		.uleb128 0xb
 413 0025 03       		.uleb128 0x3
 414 0026 08       		.uleb128 0x8
 415 0027 00       		.byte	0
 416 0028 00       		.byte	0
 417 0029 04       		.uleb128 0x4
 418 002a 16       		.uleb128 0x16
 419 002b 00       		.byte	0
 420 002c 03       		.uleb128 0x3
 421 002d 0E       		.uleb128 0xe
 422 002e 3A       		.uleb128 0x3a
 423 002f 0B       		.uleb128 0xb
 424 0030 3B       		.uleb128 0x3b
 425 0031 05       		.uleb128 0x5
 426 0032 49       		.uleb128 0x49
 427 0033 13       		.uleb128 0x13
 428 0034 00       		.byte	0
 429 0035 00       		.byte	0
 430 0036 05       		.uleb128 0x5
 431 0037 13       		.uleb128 0x13
 432 0038 01       		.byte	0x1
 433 0039 0B       		.uleb128 0xb
 434 003a 0B       		.uleb128 0xb
 435 003b 3A       		.uleb128 0x3a
ARM GAS  C:\Users\HPz420\AppData\Local\Temp\ccfu5XOc.s 			page 11


 436 003c 0B       		.uleb128 0xb
 437 003d 3B       		.uleb128 0x3b
 438 003e 0B       		.uleb128 0xb
 439 003f 01       		.uleb128 0x1
 440 0040 13       		.uleb128 0x13
 441 0041 00       		.byte	0
 442 0042 00       		.byte	0
 443 0043 06       		.uleb128 0x6
 444 0044 0D       		.uleb128 0xd
 445 0045 00       		.byte	0
 446 0046 03       		.uleb128 0x3
 447 0047 0E       		.uleb128 0xe
 448 0048 3A       		.uleb128 0x3a
 449 0049 0B       		.uleb128 0xb
 450 004a 3B       		.uleb128 0x3b
 451 004b 0B       		.uleb128 0xb
 452 004c 49       		.uleb128 0x49
 453 004d 13       		.uleb128 0x13
 454 004e 38       		.uleb128 0x38
 455 004f 0B       		.uleb128 0xb
 456 0050 00       		.byte	0
 457 0051 00       		.byte	0
 458 0052 07       		.uleb128 0x7
 459 0053 16       		.uleb128 0x16
 460 0054 00       		.byte	0
 461 0055 03       		.uleb128 0x3
 462 0056 0E       		.uleb128 0xe
 463 0057 3A       		.uleb128 0x3a
 464 0058 0B       		.uleb128 0xb
 465 0059 3B       		.uleb128 0x3b
 466 005a 0B       		.uleb128 0xb
 467 005b 49       		.uleb128 0x49
 468 005c 13       		.uleb128 0x13
 469 005d 00       		.byte	0
 470 005e 00       		.byte	0
 471 005f 08       		.uleb128 0x8
 472 0060 01       		.uleb128 0x1
 473 0061 01       		.byte	0x1
 474 0062 49       		.uleb128 0x49
 475 0063 13       		.uleb128 0x13
 476 0064 01       		.uleb128 0x1
 477 0065 13       		.uleb128 0x13
 478 0066 00       		.byte	0
 479 0067 00       		.byte	0
 480 0068 09       		.uleb128 0x9
 481 0069 21       		.uleb128 0x21
 482 006a 00       		.byte	0
 483 006b 49       		.uleb128 0x49
 484 006c 13       		.uleb128 0x13
 485 006d 2F       		.uleb128 0x2f
 486 006e 0B       		.uleb128 0xb
 487 006f 00       		.byte	0
 488 0070 00       		.byte	0
 489 0071 0A       		.uleb128 0xa
 490 0072 2E       		.uleb128 0x2e
 491 0073 01       		.byte	0x1
 492 0074 3F       		.uleb128 0x3f
ARM GAS  C:\Users\HPz420\AppData\Local\Temp\ccfu5XOc.s 			page 12


 493 0075 19       		.uleb128 0x19
 494 0076 03       		.uleb128 0x3
 495 0077 0E       		.uleb128 0xe
 496 0078 3A       		.uleb128 0x3a
 497 0079 0B       		.uleb128 0xb
 498 007a 3B       		.uleb128 0x3b
 499 007b 0B       		.uleb128 0xb
 500 007c 27       		.uleb128 0x27
 501 007d 19       		.uleb128 0x19
 502 007e 49       		.uleb128 0x49
 503 007f 13       		.uleb128 0x13
 504 0080 11       		.uleb128 0x11
 505 0081 01       		.uleb128 0x1
 506 0082 12       		.uleb128 0x12
 507 0083 06       		.uleb128 0x6
 508 0084 40       		.uleb128 0x40
 509 0085 18       		.uleb128 0x18
 510 0086 9642     		.uleb128 0x2116
 511 0088 19       		.uleb128 0x19
 512 0089 01       		.uleb128 0x1
 513 008a 13       		.uleb128 0x13
 514 008b 00       		.byte	0
 515 008c 00       		.byte	0
 516 008d 0B       		.uleb128 0xb
 517 008e 34       		.uleb128 0x34
 518 008f 00       		.byte	0
 519 0090 03       		.uleb128 0x3
 520 0091 0E       		.uleb128 0xe
 521 0092 3A       		.uleb128 0x3a
 522 0093 0B       		.uleb128 0xb
 523 0094 3B       		.uleb128 0x3b
 524 0095 0B       		.uleb128 0xb
 525 0096 49       		.uleb128 0x49
 526 0097 13       		.uleb128 0x13
 527 0098 02       		.uleb128 0x2
 528 0099 18       		.uleb128 0x18
 529 009a 00       		.byte	0
 530 009b 00       		.byte	0
 531 009c 0C       		.uleb128 0xc
 532 009d 34       		.uleb128 0x34
 533 009e 00       		.byte	0
 534 009f 03       		.uleb128 0x3
 535 00a0 0E       		.uleb128 0xe
 536 00a1 3A       		.uleb128 0x3a
 537 00a2 0B       		.uleb128 0xb
 538 00a3 3B       		.uleb128 0x3b
 539 00a4 0B       		.uleb128 0xb
 540 00a5 49       		.uleb128 0x49
 541 00a6 13       		.uleb128 0x13
 542 00a7 3F       		.uleb128 0x3f
 543 00a8 19       		.uleb128 0x19
 544 00a9 3C       		.uleb128 0x3c
 545 00aa 19       		.uleb128 0x19
 546 00ab 00       		.byte	0
 547 00ac 00       		.byte	0
 548 00ad 0D       		.uleb128 0xd
 549 00ae 0F       		.uleb128 0xf
ARM GAS  C:\Users\HPz420\AppData\Local\Temp\ccfu5XOc.s 			page 13


 550 00af 00       		.byte	0
 551 00b0 0B       		.uleb128 0xb
 552 00b1 0B       		.uleb128 0xb
 553 00b2 49       		.uleb128 0x49
 554 00b3 13       		.uleb128 0x13
 555 00b4 00       		.byte	0
 556 00b5 00       		.byte	0
 557 00b6 0E       		.uleb128 0xe
 558 00b7 26       		.uleb128 0x26
 559 00b8 00       		.byte	0
 560 00b9 49       		.uleb128 0x49
 561 00ba 13       		.uleb128 0x13
 562 00bb 00       		.byte	0
 563 00bc 00       		.byte	0
 564 00bd 0F       		.uleb128 0xf
 565 00be 35       		.uleb128 0x35
 566 00bf 00       		.byte	0
 567 00c0 49       		.uleb128 0x49
 568 00c1 13       		.uleb128 0x13
 569 00c2 00       		.byte	0
 570 00c3 00       		.byte	0
 571 00c4 00       		.byte	0
 572              		.section	.debug_aranges,"",%progbits
 573 0000 1C000000 		.4byte	0x1c
 574 0004 0200     		.2byte	0x2
 575 0006 00000000 		.4byte	.Ldebug_info0
 576 000a 04       		.byte	0x4
 577 000b 00       		.byte	0
 578 000c 0000     		.2byte	0
 579 000e 0000     		.2byte	0
 580 0010 00000000 		.4byte	.LFB1
 581 0014 94000000 		.4byte	.LFE1-.LFB1
 582 0018 00000000 		.4byte	0
 583 001c 00000000 		.4byte	0
 584              		.section	.debug_ranges,"",%progbits
 585              	.Ldebug_ranges0:
 586 0000 00000000 		.4byte	.LFB1
 587 0004 94000000 		.4byte	.LFE1
 588 0008 00000000 		.4byte	0
 589 000c 00000000 		.4byte	0
 590              		.section	.debug_line,"",%progbits
 591              	.Ldebug_line0:
 592 0000 93000000 		.section	.debug_str,"MS",%progbits,1
 592      02006600 
 592      00000201 
 592      FB0E0D00 
 592      01010101 
 593              	.LASF34:
 594 0000 47656E65 		.ascii	"Generated_Source\\PSoC4\\USBUART_cls.c\000"
 594      72617465 
 594      645F536F 
 594      75726365 
 594      5C50536F 
 595              	.LASF3:
 596 0025 73686F72 		.ascii	"short unsigned int\000"
 596      7420756E 
 596      7369676E 
ARM GAS  C:\Users\HPz420\AppData\Local\Temp\ccfu5XOc.s 			page 14


 596      65642069 
 596      6E7400
 597              	.LASF31:
 598 0038 55534255 		.ascii	"USBUART_interfaceClass\000"
 598      4152545F 
 598      696E7465 
 598      72666163 
 598      65436C61 
 599              	.LASF27:
 600 004f 65704461 		.ascii	"epData\000"
 600      746100
 601              	.LASF29:
 602 0056 72657175 		.ascii	"requestHandled\000"
 602      65737448 
 602      616E646C 
 602      656400
 603              	.LASF12:
 604 0065 666C6F61 		.ascii	"float\000"
 604      7400
 605              	.LASF20:
 606 006b 6570546F 		.ascii	"epToggle\000"
 606      67676C65 
 606      00
 607              	.LASF32:
 608 0074 55534255 		.ascii	"USBUART_EP\000"
 608      4152545F 
 608      455000
 609              	.LASF5:
 610 007f 6C6F6E67 		.ascii	"long unsigned int\000"
 610      20756E73 
 610      69676E65 
 610      6420696E 
 610      7400
 611              	.LASF21:
 612 0091 61646472 		.ascii	"addr\000"
 612      00
 613              	.LASF30:
 614 0096 696E7465 		.ascii	"interfaceNumber\000"
 614      72666163 
 614      654E756D 
 614      62657200 
 615              	.LASF1:
 616 00a6 756E7369 		.ascii	"unsigned char\000"
 616      676E6564 
 616      20636861 
 616      7200
 617              	.LASF13:
 618 00b4 646F7562 		.ascii	"double\000"
 618      6C6500
 619              	.LASF17:
 620 00bb 61747472 		.ascii	"attrib\000"
 620      696200
 621              	.LASF23:
 622 00c2 62756666 		.ascii	"buffOffset\000"
 622      4F666673 
 622      657400
 623              	.LASF10:
ARM GAS  C:\Users\HPz420\AppData\Local\Temp\ccfu5XOc.s 			page 15


 624 00cd 75696E74 		.ascii	"uint16\000"
 624      313600
 625              	.LASF18:
 626 00d4 61706945 		.ascii	"apiEpState\000"
 626      70537461 
 626      746500
 627              	.LASF11:
 628 00df 75696E74 		.ascii	"uint32\000"
 628      333200
 629              	.LASF8:
 630 00e6 756E7369 		.ascii	"unsigned int\000"
 630      676E6564 
 630      20696E74 
 630      00
 631              	.LASF33:
 632 00f3 474E5520 		.ascii	"GNU C11 5.4.1 20160609 (release) [ARM/embedded-5-br"
 632      43313120 
 632      352E342E 
 632      31203230 
 632      31363036 
 633 0126 616E6368 		.ascii	"anch revision 237715] -mcpu=cortex-m0 -mthumb -g -O"
 633      20726576 
 633      6973696F 
 633      6E203233 
 633      37373135 
 634 0159 30202D66 		.ascii	"0 -ffunction-sections -ffat-lto-objects\000"
 634      66756E63 
 634      74696F6E 
 634      2D736563 
 634      74696F6E 
 635              	.LASF7:
 636 0181 6C6F6E67 		.ascii	"long long unsigned int\000"
 636      206C6F6E 
 636      6720756E 
 636      7369676E 
 636      65642069 
 637              	.LASF19:
 638 0198 68774570 		.ascii	"hwEpState\000"
 638      53746174 
 638      6500
 639              	.LASF36:
 640 01a2 55534255 		.ascii	"USBUART_DispatchClassRqst\000"
 640      4152545F 
 640      44697370 
 640      61746368 
 640      436C6173 
 641              	.LASF28:
 642 01bc 55534255 		.ascii	"USBUART_ep0_data_struct\000"
 642      4152545F 
 642      6570305F 
 642      64617461 
 642      5F737472 
 643              	.LASF16:
 644 01d4 73697A65 		.ascii	"sizetype\000"
 644      74797065 
 644      00
 645              	.LASF22:
ARM GAS  C:\Users\HPz420\AppData\Local\Temp\ccfu5XOc.s 			page 16


 646 01dd 65704D6F 		.ascii	"epMode\000"
 646      646500
 647              	.LASF6:
 648 01e4 6C6F6E67 		.ascii	"long long int\000"
 648      206C6F6E 
 648      6720696E 
 648      7400
 649              	.LASF14:
 650 01f2 63686172 		.ascii	"char\000"
 650      00
 651              	.LASF24:
 652 01f7 62756666 		.ascii	"bufferSize\000"
 652      65725369 
 652      7A6500
 653              	.LASF2:
 654 0202 73686F72 		.ascii	"short int\000"
 654      7420696E 
 654      7400
 655              	.LASF35:
 656 020c 433A5C55 		.ascii	"C:\\Users\\HPz420\\Documents\\GitHub\\land-boards\\"
 656      73657273 
 656      5C48507A 
 656      3432305C 
 656      446F6375 
 657 0239 6C622D62 		.ascii	"lb-boards\\FPGA Cards\\RETRO-EP4CE15\\PSOC\\USBFS_U"
 657      6F617264 
 657      735C4650 
 657      47412043 
 657      61726473 
 658 0268 41525430 		.ascii	"ART01\\USBFS_UART01.cydsn\000"
 658      315C5553 
 658      4246535F 
 658      55415254 
 658      30312E63 
 659              	.LASF9:
 660 0281 75696E74 		.ascii	"uint8\000"
 660      3800
 661              	.LASF25:
 662 0287 696E7465 		.ascii	"interface\000"
 662      72666163 
 662      6500
 663              	.LASF4:
 664 0291 6C6F6E67 		.ascii	"long int\000"
 664      20696E74 
 664      00
 665              	.LASF26:
 666 029a 545F5553 		.ascii	"T_USBUART_EP_CTL_BLOCK\000"
 666      42554152 
 666      545F4550 
 666      5F43544C 
 666      5F424C4F 
 667              	.LASF15:
 668 02b1 6C6F6E67 		.ascii	"long double\000"
 668      20646F75 
 668      626C6500 
 669              	.LASF0:
 670 02bd 7369676E 		.ascii	"signed char\000"
ARM GAS  C:\Users\HPz420\AppData\Local\Temp\ccfu5XOc.s 			page 17


 670      65642063 
 670      68617200 
 671              		.ident	"GCC: (GNU Tools for ARM Embedded Processors) 5.4.1 20160609 (release) [ARM/embedded-5-bran
