ARM GAS  C:\Users\HPz420\AppData\Local\Temp\ccY0bsWs.s 			page 1


   1              		.syntax unified
   2              		.cpu cortex-m0
   3              		.fpu softvfp
   4              		.eabi_attribute 20, 1
   5              		.eabi_attribute 21, 1
   6              		.eabi_attribute 23, 3
   7              		.eabi_attribute 24, 1
   8              		.eabi_attribute 25, 1
   9              		.eabi_attribute 26, 1
  10              		.eabi_attribute 30, 6
  11              		.eabi_attribute 34, 0
  12              		.eabi_attribute 18, 4
  13              		.thumb
  14              		.syntax unified
  15              		.file	"USBUART_vnd.c"
  16              		.text
  17              	.Ltext0:
  18              		.cfi_sections	.debug_frame
  19              		.section	.text.USBUART_HandleVendorRqst,"ax",%progbits
  20              		.align	2
  21              		.global	USBUART_HandleVendorRqst
  22              		.code	16
  23              		.thumb_func
  24              		.type	USBUART_HandleVendorRqst, %function
  25              	USBUART_HandleVendorRqst:
  26              	.LFB1:
  27              		.file 1 "Generated_Source\\PSoC4\\USBUART_vnd.c"
   1:Generated_Source\PSoC4/USBUART_vnd.c **** /***************************************************************************//**
   2:Generated_Source\PSoC4/USBUART_vnd.c **** * \file USBUART_vnd.c
   3:Generated_Source\PSoC4/USBUART_vnd.c **** * \version 3.10
   4:Generated_Source\PSoC4/USBUART_vnd.c **** *
   5:Generated_Source\PSoC4/USBUART_vnd.c **** * \brief
   6:Generated_Source\PSoC4/USBUART_vnd.c **** *  This file contains the  USB vendor request handler.
   7:Generated_Source\PSoC4/USBUART_vnd.c **** *
   8:Generated_Source\PSoC4/USBUART_vnd.c **** ********************************************************************************
   9:Generated_Source\PSoC4/USBUART_vnd.c **** * \copyright
  10:Generated_Source\PSoC4/USBUART_vnd.c **** * Copyright 2008-2016, Cypress Semiconductor Corporation.  All rights reserved.
  11:Generated_Source\PSoC4/USBUART_vnd.c **** * You may use this file only in accordance with the license, terms, conditions,
  12:Generated_Source\PSoC4/USBUART_vnd.c **** * disclaimers, and limitations in the end user license agreement accompanying
  13:Generated_Source\PSoC4/USBUART_vnd.c **** * the software package with which this file was provided.
  14:Generated_Source\PSoC4/USBUART_vnd.c **** *******************************************************************************/
  15:Generated_Source\PSoC4/USBUART_vnd.c **** 
  16:Generated_Source\PSoC4/USBUART_vnd.c **** #include "USBUART_pvt.h"
  17:Generated_Source\PSoC4/USBUART_vnd.c **** #include "cyapicallbacks.h"
  18:Generated_Source\PSoC4/USBUART_vnd.c **** 
  19:Generated_Source\PSoC4/USBUART_vnd.c **** #if(USBUART_EXTERN_VND == USBUART_FALSE)
  20:Generated_Source\PSoC4/USBUART_vnd.c **** 
  21:Generated_Source\PSoC4/USBUART_vnd.c **** /***************************************
  22:Generated_Source\PSoC4/USBUART_vnd.c **** * Vendor Specific Declarations
  23:Generated_Source\PSoC4/USBUART_vnd.c **** ***************************************/
  24:Generated_Source\PSoC4/USBUART_vnd.c **** 
  25:Generated_Source\PSoC4/USBUART_vnd.c **** /* `#START VENDOR_SPECIFIC_DECLARATIONS` Place your declaration here */
  26:Generated_Source\PSoC4/USBUART_vnd.c **** 
  27:Generated_Source\PSoC4/USBUART_vnd.c **** /* `#END` */
  28:Generated_Source\PSoC4/USBUART_vnd.c **** 
  29:Generated_Source\PSoC4/USBUART_vnd.c **** 
  30:Generated_Source\PSoC4/USBUART_vnd.c **** /*******************************************************************************
ARM GAS  C:\Users\HPz420\AppData\Local\Temp\ccY0bsWs.s 			page 2


  31:Generated_Source\PSoC4/USBUART_vnd.c **** * Function Name: USBUART_HandleVendorRqst
  32:Generated_Source\PSoC4/USBUART_vnd.c **** ****************************************************************************//**
  33:Generated_Source\PSoC4/USBUART_vnd.c **** *
  34:Generated_Source\PSoC4/USBUART_vnd.c **** *  This routine provide users with a method to implement vendor specific
  35:Generated_Source\PSoC4/USBUART_vnd.c **** *  requests.
  36:Generated_Source\PSoC4/USBUART_vnd.c **** *
  37:Generated_Source\PSoC4/USBUART_vnd.c **** *  To implement vendor specific requests, add your code in this function to
  38:Generated_Source\PSoC4/USBUART_vnd.c **** *  decode and disposition the request.  If the request is handled, your code
  39:Generated_Source\PSoC4/USBUART_vnd.c **** *  must set the variable "requestHandled" to TRUE, indicating that the
  40:Generated_Source\PSoC4/USBUART_vnd.c **** *  request has been handled.
  41:Generated_Source\PSoC4/USBUART_vnd.c **** *
  42:Generated_Source\PSoC4/USBUART_vnd.c **** * \return
  43:Generated_Source\PSoC4/USBUART_vnd.c **** *  requestHandled.
  44:Generated_Source\PSoC4/USBUART_vnd.c **** *
  45:Generated_Source\PSoC4/USBUART_vnd.c **** * \reentrant
  46:Generated_Source\PSoC4/USBUART_vnd.c **** *  No.
  47:Generated_Source\PSoC4/USBUART_vnd.c **** *
  48:Generated_Source\PSoC4/USBUART_vnd.c **** *******************************************************************************/
  49:Generated_Source\PSoC4/USBUART_vnd.c **** uint8 USBUART_HandleVendorRqst(void) 
  50:Generated_Source\PSoC4/USBUART_vnd.c **** {
  28              		.loc 1 50 0
  29              		.cfi_startproc
  30              		@ args = 0, pretend = 0, frame = 8
  31              		@ frame_needed = 1, uses_anonymous_args = 0
  32 0000 90B5     		push	{r4, r7, lr}
  33              		.cfi_def_cfa_offset 12
  34              		.cfi_offset 4, -12
  35              		.cfi_offset 7, -8
  36              		.cfi_offset 14, -4
  37 0002 83B0     		sub	sp, sp, #12
  38              		.cfi_def_cfa_offset 24
  39 0004 00AF     		add	r7, sp, #0
  40              		.cfi_def_cfa_register 7
  51:Generated_Source\PSoC4/USBUART_vnd.c ****     uint8 requestHandled = USBUART_FALSE;
  41              		.loc 1 51 0
  42 0006 FB1D     		adds	r3, r7, #7
  43 0008 0022     		movs	r2, #0
  44 000a 1A70     		strb	r2, [r3]
  52:Generated_Source\PSoC4/USBUART_vnd.c **** 
  53:Generated_Source\PSoC4/USBUART_vnd.c ****     /* Check request direction: D2H or H2D. */
  54:Generated_Source\PSoC4/USBUART_vnd.c ****     if (0u != (USBUART_bmRequestTypeReg & USBUART_RQST_DIR_D2H))
  45              		.loc 1 54 0
  46 000c 0E4B     		ldr	r3, .L6
  47 000e 1B68     		ldr	r3, [r3]
  48 0010 8022     		movs	r2, #128
  49 0012 1340     		ands	r3, r2
  50 0014 12D0     		beq	.L2
  55:Generated_Source\PSoC4/USBUART_vnd.c ****     {
  56:Generated_Source\PSoC4/USBUART_vnd.c ****         /* Handle direction from device to host. */
  57:Generated_Source\PSoC4/USBUART_vnd.c ****         
  58:Generated_Source\PSoC4/USBUART_vnd.c ****         switch (USBUART_bRequestReg)
  51              		.loc 1 58 0
  52 0016 0C4B     		ldr	r3, .L6
  53 0018 5B68     		ldr	r3, [r3, #4]
  54 001a 012B     		cmp	r3, #1
  55 001c 00D0     		beq	.L4
  59:Generated_Source\PSoC4/USBUART_vnd.c ****         {
ARM GAS  C:\Users\HPz420\AppData\Local\Temp\ccY0bsWs.s 			page 3


  60:Generated_Source\PSoC4/USBUART_vnd.c ****             case USBUART_GET_EXTENDED_CONFIG_DESCRIPTOR:
  61:Generated_Source\PSoC4/USBUART_vnd.c ****             #if defined(USBUART_ENABLE_MSOS_STRING)
  62:Generated_Source\PSoC4/USBUART_vnd.c ****                 USBUART_currentTD.pData = (volatile uint8 *) &USBUART_MSOS_CONFIGURATION_DESCR[0u];
  63:Generated_Source\PSoC4/USBUART_vnd.c ****                 USBUART_currentTD.count = USBUART_MSOS_CONFIGURATION_DESCR[0u];
  64:Generated_Source\PSoC4/USBUART_vnd.c ****                 requestHandled  = USBUART_InitControlRead();
  65:Generated_Source\PSoC4/USBUART_vnd.c ****             #endif /* (USBUART_ENABLE_MSOS_STRING) */
  66:Generated_Source\PSoC4/USBUART_vnd.c ****                 break;
  67:Generated_Source\PSoC4/USBUART_vnd.c ****             
  68:Generated_Source\PSoC4/USBUART_vnd.c ****             default:
  69:Generated_Source\PSoC4/USBUART_vnd.c ****                 break;
  56              		.loc 1 69 0
  57 001e 0DE0     		b	.L2
  58              	.L4:
  62:Generated_Source\PSoC4/USBUART_vnd.c ****                 USBUART_currentTD.count = USBUART_MSOS_CONFIGURATION_DESCR[0u];
  59              		.loc 1 62 0
  60 0020 0A4B     		ldr	r3, .L6+4
  61 0022 0B4A     		ldr	r2, .L6+8
  62 0024 5A60     		str	r2, [r3, #4]
  63:Generated_Source\PSoC4/USBUART_vnd.c ****                 requestHandled  = USBUART_InitControlRead();
  63              		.loc 1 63 0
  64 0026 0A4B     		ldr	r3, .L6+8
  65 0028 1B78     		ldrb	r3, [r3]
  66 002a 9AB2     		uxth	r2, r3
  67 002c 074B     		ldr	r3, .L6+4
  68 002e 1A80     		strh	r2, [r3]
  64:Generated_Source\PSoC4/USBUART_vnd.c ****             #endif /* (USBUART_ENABLE_MSOS_STRING) */
  69              		.loc 1 64 0
  70 0030 FC1D     		adds	r4, r7, #7
  71 0032 FFF7FEFF 		bl	USBUART_InitControlRead
  72 0036 0300     		movs	r3, r0
  73 0038 2370     		strb	r3, [r4]
  66:Generated_Source\PSoC4/USBUART_vnd.c ****             
  74              		.loc 1 66 0
  75 003a C046     		nop
  76              	.L2:
  70:Generated_Source\PSoC4/USBUART_vnd.c ****         }
  71:Generated_Source\PSoC4/USBUART_vnd.c ****     }
  72:Generated_Source\PSoC4/USBUART_vnd.c **** 
  73:Generated_Source\PSoC4/USBUART_vnd.c ****     /* `#START VENDOR_SPECIFIC_CODE` Place your vendor specific request here */
  74:Generated_Source\PSoC4/USBUART_vnd.c **** 
  75:Generated_Source\PSoC4/USBUART_vnd.c ****     /* `#END` */
  76:Generated_Source\PSoC4/USBUART_vnd.c **** 
  77:Generated_Source\PSoC4/USBUART_vnd.c **** #ifdef USBUART_HANDLE_VENDOR_RQST_CALLBACK
  78:Generated_Source\PSoC4/USBUART_vnd.c ****     if (USBUART_FALSE == requestHandled)
  79:Generated_Source\PSoC4/USBUART_vnd.c ****     {
  80:Generated_Source\PSoC4/USBUART_vnd.c ****         requestHandled = USBUART_HandleVendorRqst_Callback();
  81:Generated_Source\PSoC4/USBUART_vnd.c ****     }
  82:Generated_Source\PSoC4/USBUART_vnd.c **** #endif /* (USBUART_HANDLE_VENDOR_RQST_CALLBACK) */
  83:Generated_Source\PSoC4/USBUART_vnd.c **** 
  84:Generated_Source\PSoC4/USBUART_vnd.c ****     return (requestHandled);
  77              		.loc 1 84 0
  78 003c FB1D     		adds	r3, r7, #7
  79 003e 1B78     		ldrb	r3, [r3]
  85:Generated_Source\PSoC4/USBUART_vnd.c **** }
  80              		.loc 1 85 0
  81 0040 1800     		movs	r0, r3
  82 0042 BD46     		mov	sp, r7
ARM GAS  C:\Users\HPz420\AppData\Local\Temp\ccY0bsWs.s 			page 4


  83 0044 03B0     		add	sp, sp, #12
  84              		@ sp needed
  85 0046 90BD     		pop	{r4, r7, pc}
  86              	.L7:
  87              		.align	2
  88              	.L6:
  89 0048 00002C40 		.word	1076625408
  90 004c 00000000 		.word	USBUART_currentTD
  91 0050 00000000 		.word	USBUART_MSOS_CONFIGURATION_DESCR
  92              		.cfi_endproc
  93              	.LFE1:
  94              		.size	USBUART_HandleVendorRqst, .-USBUART_HandleVendorRqst
  95              		.text
  96              	.Letext0:
  97              		.file 2 "Generated_Source\\PSoC4\\cytypes.h"
  98              		.file 3 "Generated_Source\\PSoC4\\USBUART.h"
  99              		.file 4 "Generated_Source\\PSoC4\\USBUART_pvt.h"
 100              		.section	.debug_info,"",%progbits
 101              	.Ldebug_info0:
 102 0000 B1010000 		.4byte	0x1b1
 103 0004 0400     		.2byte	0x4
 104 0006 00000000 		.4byte	.Ldebug_abbrev0
 105 000a 04       		.byte	0x4
 106 000b 01       		.uleb128 0x1
 107 000c 73000000 		.4byte	.LASF28
 108 0010 0C       		.byte	0xc
 109 0011 8C020000 		.4byte	.LASF29
 110 0015 29010000 		.4byte	.LASF30
 111 0019 00000000 		.4byte	.Ldebug_ranges0+0
 112 001d 00000000 		.4byte	0
 113 0021 00000000 		.4byte	.Ldebug_line0
 114 0025 02       		.uleb128 0x2
 115 0026 01       		.byte	0x1
 116 0027 06       		.byte	0x6
 117 0028 80020000 		.4byte	.LASF0
 118 002c 02       		.uleb128 0x2
 119 002d 01       		.byte	0x1
 120 002e 08       		.byte	0x8
 121 002f 40000000 		.4byte	.LASF1
 122 0033 02       		.uleb128 0x2
 123 0034 02       		.byte	0x2
 124 0035 05       		.byte	0x5
 125 0036 39020000 		.4byte	.LASF2
 126 003a 02       		.uleb128 0x2
 127 003b 02       		.byte	0x2
 128 003c 07       		.byte	0x7
 129 003d 13000000 		.4byte	.LASF3
 130 0041 02       		.uleb128 0x2
 131 0042 04       		.byte	0x4
 132 0043 05       		.byte	0x5
 133 0044 6B020000 		.4byte	.LASF4
 134 0048 02       		.uleb128 0x2
 135 0049 04       		.byte	0x4
 136 004a 07       		.byte	0x7
 137 004b 5B000000 		.4byte	.LASF5
 138 004f 02       		.uleb128 0x2
 139 0050 08       		.byte	0x8
ARM GAS  C:\Users\HPz420\AppData\Local\Temp\ccY0bsWs.s 			page 5


 140 0051 05       		.byte	0x5
 141 0052 1F020000 		.4byte	.LASF6
 142 0056 02       		.uleb128 0x2
 143 0057 08       		.byte	0x8
 144 0058 07       		.byte	0x7
 145 0059 CB010000 		.4byte	.LASF7
 146 005d 03       		.uleb128 0x3
 147 005e 04       		.byte	0x4
 148 005f 05       		.byte	0x5
 149 0060 696E7400 		.ascii	"int\000"
 150 0064 02       		.uleb128 0x2
 151 0065 04       		.byte	0x4
 152 0066 07       		.byte	0x7
 153 0067 BE010000 		.4byte	.LASF8
 154 006b 04       		.uleb128 0x4
 155 006c 6D000000 		.4byte	.LASF9
 156 0070 02       		.byte	0x2
 157 0071 D201     		.2byte	0x1d2
 158 0073 2C000000 		.4byte	0x2c
 159 0077 04       		.uleb128 0x4
 160 0078 B0010000 		.4byte	.LASF10
 161 007c 02       		.byte	0x2
 162 007d D301     		.2byte	0x1d3
 163 007f 3A000000 		.4byte	0x3a
 164 0083 04       		.uleb128 0x4
 165 0084 B7010000 		.4byte	.LASF11
 166 0088 02       		.byte	0x2
 167 0089 D401     		.2byte	0x1d4
 168 008b 48000000 		.4byte	0x48
 169 008f 02       		.uleb128 0x2
 170 0090 04       		.byte	0x4
 171 0091 04       		.byte	0x4
 172 0092 3A000000 		.4byte	.LASF12
 173 0096 02       		.uleb128 0x2
 174 0097 08       		.byte	0x8
 175 0098 04       		.byte	0x4
 176 0099 22010000 		.4byte	.LASF13
 177 009d 02       		.uleb128 0x2
 178 009e 01       		.byte	0x1
 179 009f 08       		.byte	0x8
 180 00a0 2D020000 		.4byte	.LASF14
 181 00a4 05       		.uleb128 0x5
 182 00a5 6B000000 		.4byte	0x6b
 183 00a9 02       		.uleb128 0x2
 184 00aa 08       		.byte	0x8
 185 00ab 04       		.byte	0x4
 186 00ac 74020000 		.4byte	.LASF15
 187 00b0 02       		.uleb128 0x2
 188 00b1 04       		.byte	0x4
 189 00b2 07       		.byte	0x7
 190 00b3 16020000 		.4byte	.LASF16
 191 00b7 06       		.uleb128 0x6
 192 00b8 04       		.byte	0x4
 193 00b9 03       		.byte	0x3
 194 00ba A9       		.byte	0xa9
 195 00bb D8000000 		.4byte	0xd8
 196 00bf 07       		.uleb128 0x7
ARM GAS  C:\Users\HPz420\AppData\Local\Temp\ccY0bsWs.s 			page 6


 197 00c0 26000000 		.4byte	.LASF17
 198 00c4 03       		.byte	0x3
 199 00c5 AB       		.byte	0xab
 200 00c6 6B000000 		.4byte	0x6b
 201 00ca 00       		.byte	0
 202 00cb 07       		.uleb128 0x7
 203 00cc 32020000 		.4byte	.LASF18
 204 00d0 03       		.byte	0x3
 205 00d1 AC       		.byte	0xac
 206 00d2 77000000 		.4byte	0x77
 207 00d6 02       		.byte	0x2
 208 00d7 00       		.byte	0
 209 00d8 08       		.uleb128 0x8
 210 00d9 E2010000 		.4byte	.LASF19
 211 00dd 03       		.byte	0x3
 212 00de AD       		.byte	0xad
 213 00df B7000000 		.4byte	0xb7
 214 00e3 06       		.uleb128 0x6
 215 00e4 0C       		.byte	0xc
 216 00e5 03       		.byte	0x3
 217 00e6 AF       		.byte	0xaf
 218 00e7 10010000 		.4byte	0x110
 219 00eb 07       		.uleb128 0x7
 220 00ec 0D000000 		.4byte	.LASF20
 221 00f0 03       		.byte	0x3
 222 00f1 B1       		.byte	0xb1
 223 00f2 77000000 		.4byte	0x77
 224 00f6 00       		.byte	0
 225 00f7 07       		.uleb128 0x7
 226 00f8 2D000000 		.4byte	.LASF21
 227 00fc 03       		.byte	0x3
 228 00fd B2       		.byte	0xb2
 229 00fe 10010000 		.4byte	0x110
 230 0102 04       		.byte	0x4
 231 0103 07       		.uleb128 0x7
 232 0104 00000000 		.4byte	.LASF22
 233 0108 03       		.byte	0x3
 234 0109 B3       		.byte	0xb3
 235 010a 16010000 		.4byte	0x116
 236 010e 08       		.byte	0x8
 237 010f 00       		.byte	0
 238 0110 09       		.uleb128 0x9
 239 0111 04       		.byte	0x4
 240 0112 A4000000 		.4byte	0xa4
 241 0116 09       		.uleb128 0x9
 242 0117 04       		.byte	0x4
 243 0118 D8000000 		.4byte	0xd8
 244 011c 08       		.uleb128 0x8
 245 011d 4E000000 		.4byte	.LASF23
 246 0121 03       		.byte	0x3
 247 0122 B4       		.byte	0xb4
 248 0123 E3000000 		.4byte	0xe3
 249 0127 06       		.uleb128 0x6
 250 0128 20       		.byte	0x20
 251 0129 03       		.byte	0x3
 252 012a CA       		.byte	0xca
 253 012b 3C010000 		.4byte	0x13c
ARM GAS  C:\Users\HPz420\AppData\Local\Temp\ccY0bsWs.s 			page 7


 254 012f 07       		.uleb128 0x7
 255 0130 33000000 		.4byte	.LASF24
 256 0134 03       		.byte	0x3
 257 0135 CC       		.byte	0xcc
 258 0136 3C010000 		.4byte	0x13c
 259 013a 00       		.byte	0
 260 013b 00       		.byte	0
 261 013c 0A       		.uleb128 0xa
 262 013d 83000000 		.4byte	0x83
 263 0141 4C010000 		.4byte	0x14c
 264 0145 0B       		.uleb128 0xb
 265 0146 B0000000 		.4byte	0xb0
 266 014a 07       		.byte	0x7
 267 014b 00       		.byte	0
 268 014c 08       		.uleb128 0x8
 269 014d FE010000 		.4byte	.LASF25
 270 0151 03       		.byte	0x3
 271 0152 CD       		.byte	0xcd
 272 0153 27010000 		.4byte	0x127
 273 0157 0C       		.uleb128 0xc
 274 0158 43020000 		.4byte	.LASF31
 275 015c 01       		.byte	0x1
 276 015d 31       		.byte	0x31
 277 015e 6B000000 		.4byte	0x6b
 278 0162 00000000 		.4byte	.LFB1
 279 0166 54000000 		.4byte	.LFE1-.LFB1
 280 016a 01       		.uleb128 0x1
 281 016b 9C       		.byte	0x9c
 282 016c 7F010000 		.4byte	0x17f
 283 0170 0D       		.uleb128 0xd
 284 0171 5C020000 		.4byte	.LASF32
 285 0175 01       		.byte	0x1
 286 0176 33       		.byte	0x33
 287 0177 6B000000 		.4byte	0x6b
 288 017b 02       		.uleb128 0x2
 289 017c 91       		.byte	0x91
 290 017d 6F       		.sleb128 -17
 291 017e 00       		.byte	0
 292 017f 0A       		.uleb128 0xa
 293 0180 8F010000 		.4byte	0x18f
 294 0184 8F010000 		.4byte	0x18f
 295 0188 0B       		.uleb128 0xb
 296 0189 B0000000 		.4byte	0xb0
 297 018d 27       		.byte	0x27
 298 018e 00       		.byte	0
 299 018f 0E       		.uleb128 0xe
 300 0190 6B000000 		.4byte	0x6b
 301 0194 0F       		.uleb128 0xf
 302 0195 01010000 		.4byte	.LASF26
 303 0199 04       		.byte	0x4
 304 019a 6E       		.byte	0x6e
 305 019b 9F010000 		.4byte	0x19f
 306 019f 0E       		.uleb128 0xe
 307 01a0 7F010000 		.4byte	0x17f
 308 01a4 0F       		.uleb128 0xf
 309 01a5 9E010000 		.4byte	.LASF27
 310 01a9 04       		.byte	0x4
ARM GAS  C:\Users\HPz420\AppData\Local\Temp\ccY0bsWs.s 			page 8


 311 01aa 7B       		.byte	0x7b
 312 01ab AF010000 		.4byte	0x1af
 313 01af 05       		.uleb128 0x5
 314 01b0 1C010000 		.4byte	0x11c
 315 01b4 00       		.byte	0
 316              		.section	.debug_abbrev,"",%progbits
 317              	.Ldebug_abbrev0:
 318 0000 01       		.uleb128 0x1
 319 0001 11       		.uleb128 0x11
 320 0002 01       		.byte	0x1
 321 0003 25       		.uleb128 0x25
 322 0004 0E       		.uleb128 0xe
 323 0005 13       		.uleb128 0x13
 324 0006 0B       		.uleb128 0xb
 325 0007 03       		.uleb128 0x3
 326 0008 0E       		.uleb128 0xe
 327 0009 1B       		.uleb128 0x1b
 328 000a 0E       		.uleb128 0xe
 329 000b 55       		.uleb128 0x55
 330 000c 17       		.uleb128 0x17
 331 000d 11       		.uleb128 0x11
 332 000e 01       		.uleb128 0x1
 333 000f 10       		.uleb128 0x10
 334 0010 17       		.uleb128 0x17
 335 0011 00       		.byte	0
 336 0012 00       		.byte	0
 337 0013 02       		.uleb128 0x2
 338 0014 24       		.uleb128 0x24
 339 0015 00       		.byte	0
 340 0016 0B       		.uleb128 0xb
 341 0017 0B       		.uleb128 0xb
 342 0018 3E       		.uleb128 0x3e
 343 0019 0B       		.uleb128 0xb
 344 001a 03       		.uleb128 0x3
 345 001b 0E       		.uleb128 0xe
 346 001c 00       		.byte	0
 347 001d 00       		.byte	0
 348 001e 03       		.uleb128 0x3
 349 001f 24       		.uleb128 0x24
 350 0020 00       		.byte	0
 351 0021 0B       		.uleb128 0xb
 352 0022 0B       		.uleb128 0xb
 353 0023 3E       		.uleb128 0x3e
 354 0024 0B       		.uleb128 0xb
 355 0025 03       		.uleb128 0x3
 356 0026 08       		.uleb128 0x8
 357 0027 00       		.byte	0
 358 0028 00       		.byte	0
 359 0029 04       		.uleb128 0x4
 360 002a 16       		.uleb128 0x16
 361 002b 00       		.byte	0
 362 002c 03       		.uleb128 0x3
 363 002d 0E       		.uleb128 0xe
 364 002e 3A       		.uleb128 0x3a
 365 002f 0B       		.uleb128 0xb
 366 0030 3B       		.uleb128 0x3b
 367 0031 05       		.uleb128 0x5
ARM GAS  C:\Users\HPz420\AppData\Local\Temp\ccY0bsWs.s 			page 9


 368 0032 49       		.uleb128 0x49
 369 0033 13       		.uleb128 0x13
 370 0034 00       		.byte	0
 371 0035 00       		.byte	0
 372 0036 05       		.uleb128 0x5
 373 0037 35       		.uleb128 0x35
 374 0038 00       		.byte	0
 375 0039 49       		.uleb128 0x49
 376 003a 13       		.uleb128 0x13
 377 003b 00       		.byte	0
 378 003c 00       		.byte	0
 379 003d 06       		.uleb128 0x6
 380 003e 13       		.uleb128 0x13
 381 003f 01       		.byte	0x1
 382 0040 0B       		.uleb128 0xb
 383 0041 0B       		.uleb128 0xb
 384 0042 3A       		.uleb128 0x3a
 385 0043 0B       		.uleb128 0xb
 386 0044 3B       		.uleb128 0x3b
 387 0045 0B       		.uleb128 0xb
 388 0046 01       		.uleb128 0x1
 389 0047 13       		.uleb128 0x13
 390 0048 00       		.byte	0
 391 0049 00       		.byte	0
 392 004a 07       		.uleb128 0x7
 393 004b 0D       		.uleb128 0xd
 394 004c 00       		.byte	0
 395 004d 03       		.uleb128 0x3
 396 004e 0E       		.uleb128 0xe
 397 004f 3A       		.uleb128 0x3a
 398 0050 0B       		.uleb128 0xb
 399 0051 3B       		.uleb128 0x3b
 400 0052 0B       		.uleb128 0xb
 401 0053 49       		.uleb128 0x49
 402 0054 13       		.uleb128 0x13
 403 0055 38       		.uleb128 0x38
 404 0056 0B       		.uleb128 0xb
 405 0057 00       		.byte	0
 406 0058 00       		.byte	0
 407 0059 08       		.uleb128 0x8
 408 005a 16       		.uleb128 0x16
 409 005b 00       		.byte	0
 410 005c 03       		.uleb128 0x3
 411 005d 0E       		.uleb128 0xe
 412 005e 3A       		.uleb128 0x3a
 413 005f 0B       		.uleb128 0xb
 414 0060 3B       		.uleb128 0x3b
 415 0061 0B       		.uleb128 0xb
 416 0062 49       		.uleb128 0x49
 417 0063 13       		.uleb128 0x13
 418 0064 00       		.byte	0
 419 0065 00       		.byte	0
 420 0066 09       		.uleb128 0x9
 421 0067 0F       		.uleb128 0xf
 422 0068 00       		.byte	0
 423 0069 0B       		.uleb128 0xb
 424 006a 0B       		.uleb128 0xb
ARM GAS  C:\Users\HPz420\AppData\Local\Temp\ccY0bsWs.s 			page 10


 425 006b 49       		.uleb128 0x49
 426 006c 13       		.uleb128 0x13
 427 006d 00       		.byte	0
 428 006e 00       		.byte	0
 429 006f 0A       		.uleb128 0xa
 430 0070 01       		.uleb128 0x1
 431 0071 01       		.byte	0x1
 432 0072 49       		.uleb128 0x49
 433 0073 13       		.uleb128 0x13
 434 0074 01       		.uleb128 0x1
 435 0075 13       		.uleb128 0x13
 436 0076 00       		.byte	0
 437 0077 00       		.byte	0
 438 0078 0B       		.uleb128 0xb
 439 0079 21       		.uleb128 0x21
 440 007a 00       		.byte	0
 441 007b 49       		.uleb128 0x49
 442 007c 13       		.uleb128 0x13
 443 007d 2F       		.uleb128 0x2f
 444 007e 0B       		.uleb128 0xb
 445 007f 00       		.byte	0
 446 0080 00       		.byte	0
 447 0081 0C       		.uleb128 0xc
 448 0082 2E       		.uleb128 0x2e
 449 0083 01       		.byte	0x1
 450 0084 3F       		.uleb128 0x3f
 451 0085 19       		.uleb128 0x19
 452 0086 03       		.uleb128 0x3
 453 0087 0E       		.uleb128 0xe
 454 0088 3A       		.uleb128 0x3a
 455 0089 0B       		.uleb128 0xb
 456 008a 3B       		.uleb128 0x3b
 457 008b 0B       		.uleb128 0xb
 458 008c 27       		.uleb128 0x27
 459 008d 19       		.uleb128 0x19
 460 008e 49       		.uleb128 0x49
 461 008f 13       		.uleb128 0x13
 462 0090 11       		.uleb128 0x11
 463 0091 01       		.uleb128 0x1
 464 0092 12       		.uleb128 0x12
 465 0093 06       		.uleb128 0x6
 466 0094 40       		.uleb128 0x40
 467 0095 18       		.uleb128 0x18
 468 0096 9642     		.uleb128 0x2116
 469 0098 19       		.uleb128 0x19
 470 0099 01       		.uleb128 0x1
 471 009a 13       		.uleb128 0x13
 472 009b 00       		.byte	0
 473 009c 00       		.byte	0
 474 009d 0D       		.uleb128 0xd
 475 009e 34       		.uleb128 0x34
 476 009f 00       		.byte	0
 477 00a0 03       		.uleb128 0x3
 478 00a1 0E       		.uleb128 0xe
 479 00a2 3A       		.uleb128 0x3a
 480 00a3 0B       		.uleb128 0xb
 481 00a4 3B       		.uleb128 0x3b
ARM GAS  C:\Users\HPz420\AppData\Local\Temp\ccY0bsWs.s 			page 11


 482 00a5 0B       		.uleb128 0xb
 483 00a6 49       		.uleb128 0x49
 484 00a7 13       		.uleb128 0x13
 485 00a8 02       		.uleb128 0x2
 486 00a9 18       		.uleb128 0x18
 487 00aa 00       		.byte	0
 488 00ab 00       		.byte	0
 489 00ac 0E       		.uleb128 0xe
 490 00ad 26       		.uleb128 0x26
 491 00ae 00       		.byte	0
 492 00af 49       		.uleb128 0x49
 493 00b0 13       		.uleb128 0x13
 494 00b1 00       		.byte	0
 495 00b2 00       		.byte	0
 496 00b3 0F       		.uleb128 0xf
 497 00b4 34       		.uleb128 0x34
 498 00b5 00       		.byte	0
 499 00b6 03       		.uleb128 0x3
 500 00b7 0E       		.uleb128 0xe
 501 00b8 3A       		.uleb128 0x3a
 502 00b9 0B       		.uleb128 0xb
 503 00ba 3B       		.uleb128 0x3b
 504 00bb 0B       		.uleb128 0xb
 505 00bc 49       		.uleb128 0x49
 506 00bd 13       		.uleb128 0x13
 507 00be 3F       		.uleb128 0x3f
 508 00bf 19       		.uleb128 0x19
 509 00c0 3C       		.uleb128 0x3c
 510 00c1 19       		.uleb128 0x19
 511 00c2 00       		.byte	0
 512 00c3 00       		.byte	0
 513 00c4 00       		.byte	0
 514              		.section	.debug_aranges,"",%progbits
 515 0000 1C000000 		.4byte	0x1c
 516 0004 0200     		.2byte	0x2
 517 0006 00000000 		.4byte	.Ldebug_info0
 518 000a 04       		.byte	0x4
 519 000b 00       		.byte	0
 520 000c 0000     		.2byte	0
 521 000e 0000     		.2byte	0
 522 0010 00000000 		.4byte	.LFB1
 523 0014 54000000 		.4byte	.LFE1-.LFB1
 524 0018 00000000 		.4byte	0
 525 001c 00000000 		.4byte	0
 526              		.section	.debug_ranges,"",%progbits
 527              	.Ldebug_ranges0:
 528 0000 00000000 		.4byte	.LFB1
 529 0004 54000000 		.4byte	.LFE1
 530 0008 00000000 		.4byte	0
 531 000c 00000000 		.4byte	0
 532              		.section	.debug_line,"",%progbits
 533              	.Ldebug_line0:
 534 0000 8B000000 		.section	.debug_str,"MS",%progbits,1
 534      02006600 
 534      00000201 
 534      FB0E0D00 
 534      01010101 
ARM GAS  C:\Users\HPz420\AppData\Local\Temp\ccY0bsWs.s 			page 12


 535              	.LASF22:
 536 0000 70537461 		.ascii	"pStatusBlock\000"
 536      74757342 
 536      6C6F636B 
 536      00
 537              	.LASF20:
 538 000d 636F756E 		.ascii	"count\000"
 538      7400
 539              	.LASF3:
 540 0013 73686F72 		.ascii	"short unsigned int\000"
 540      7420756E 
 540      7369676E 
 540      65642069 
 540      6E7400
 541              	.LASF17:
 542 0026 73746174 		.ascii	"status\000"
 542      757300
 543              	.LASF21:
 544 002d 70446174 		.ascii	"pData\000"
 544      6100
 545              	.LASF24:
 546 0033 65704461 		.ascii	"epData\000"
 546      746100
 547              	.LASF12:
 548 003a 666C6F61 		.ascii	"float\000"
 548      7400
 549              	.LASF1:
 550 0040 756E7369 		.ascii	"unsigned char\000"
 550      676E6564 
 550      20636861 
 550      7200
 551              	.LASF23:
 552 004e 545F5553 		.ascii	"T_USBUART_TD\000"
 552      42554152 
 552      545F5444 
 552      00
 553              	.LASF5:
 554 005b 6C6F6E67 		.ascii	"long unsigned int\000"
 554      20756E73 
 554      69676E65 
 554      6420696E 
 554      7400
 555              	.LASF9:
 556 006d 75696E74 		.ascii	"uint8\000"
 556      3800
 557              	.LASF28:
 558 0073 474E5520 		.ascii	"GNU C11 5.4.1 20160609 (release) [ARM/embedded-5-br"
 558      43313120 
 558      352E342E 
 558      31203230 
 558      31363036 
 559 00a6 616E6368 		.ascii	"anch revision 237715] -mcpu=cortex-m0 -mthumb -g -O"
 559      20726576 
 559      6973696F 
 559      6E203233 
 559      37373135 
 560 00d9 30202D66 		.ascii	"0 -ffunction-sections -ffat-lto-objects\000"
ARM GAS  C:\Users\HPz420\AppData\Local\Temp\ccY0bsWs.s 			page 13


 560      66756E63 
 560      74696F6E 
 560      2D736563 
 560      74696F6E 
 561              	.LASF26:
 562 0101 55534255 		.ascii	"USBUART_MSOS_CONFIGURATION_DESCR\000"
 562      4152545F 
 562      4D534F53 
 562      5F434F4E 
 562      46494755 
 563              	.LASF13:
 564 0122 646F7562 		.ascii	"double\000"
 564      6C6500
 565              	.LASF30:
 566 0129 433A5C55 		.ascii	"C:\\Users\\HPz420\\Documents\\GitHub\\land-boards\\"
 566      73657273 
 566      5C48507A 
 566      3432305C 
 566      446F6375 
 567 0156 6C622D62 		.ascii	"lb-boards\\FPGA Cards\\RETRO-EP4CE15\\PSOC\\USBFS_U"
 567      6F617264 
 567      735C4650 
 567      47412043 
 567      61726473 
 568 0185 41525430 		.ascii	"ART01\\USBFS_UART01.cydsn\000"
 568      315C5553 
 568      4246535F 
 568      55415254 
 568      30312E63 
 569              	.LASF27:
 570 019e 55534255 		.ascii	"USBUART_currentTD\000"
 570      4152545F 
 570      63757272 
 570      656E7454 
 570      4400
 571              	.LASF10:
 572 01b0 75696E74 		.ascii	"uint16\000"
 572      313600
 573              	.LASF11:
 574 01b7 75696E74 		.ascii	"uint32\000"
 574      333200
 575              	.LASF8:
 576 01be 756E7369 		.ascii	"unsigned int\000"
 576      676E6564 
 576      20696E74 
 576      00
 577              	.LASF7:
 578 01cb 6C6F6E67 		.ascii	"long long unsigned int\000"
 578      206C6F6E 
 578      6720756E 
 578      7369676E 
 578      65642069 
 579              	.LASF19:
 580 01e2 545F5553 		.ascii	"T_USBUART_XFER_STATUS_BLOCK\000"
 580      42554152 
 580      545F5846 
 580      45525F53 
ARM GAS  C:\Users\HPz420\AppData\Local\Temp\ccY0bsWs.s 			page 14


 580      54415455 
 581              	.LASF25:
 582 01fe 55534255 		.ascii	"USBUART_ep0_data_struct\000"
 582      4152545F 
 582      6570305F 
 582      64617461 
 582      5F737472 
 583              	.LASF16:
 584 0216 73697A65 		.ascii	"sizetype\000"
 584      74797065 
 584      00
 585              	.LASF6:
 586 021f 6C6F6E67 		.ascii	"long long int\000"
 586      206C6F6E 
 586      6720696E 
 586      7400
 587              	.LASF14:
 588 022d 63686172 		.ascii	"char\000"
 588      00
 589              	.LASF18:
 590 0232 6C656E67 		.ascii	"length\000"
 590      746800
 591              	.LASF2:
 592 0239 73686F72 		.ascii	"short int\000"
 592      7420696E 
 592      7400
 593              	.LASF31:
 594 0243 55534255 		.ascii	"USBUART_HandleVendorRqst\000"
 594      4152545F 
 594      48616E64 
 594      6C655665 
 594      6E646F72 
 595              	.LASF32:
 596 025c 72657175 		.ascii	"requestHandled\000"
 596      65737448 
 596      616E646C 
 596      656400
 597              	.LASF4:
 598 026b 6C6F6E67 		.ascii	"long int\000"
 598      20696E74 
 598      00
 599              	.LASF15:
 600 0274 6C6F6E67 		.ascii	"long double\000"
 600      20646F75 
 600      626C6500 
 601              	.LASF0:
 602 0280 7369676E 		.ascii	"signed char\000"
 602      65642063 
 602      68617200 
 603              	.LASF29:
 604 028c 47656E65 		.ascii	"Generated_Source\\PSoC4\\USBUART_vnd.c\000"
 604      72617465 
 604      645F536F 
 604      75726365 
 604      5C50536F 
 605              		.ident	"GCC: (GNU Tools for ARM Embedded Processors) 5.4.1 20160609 (release) [ARM/embedded-5-bran
