 0000           ; Generated by PSoC Designer ver 4.3  b1884 : 23 June, 2006
 0000           ;
 0010           FLAG_XIO_MASK:  equ 10h
 0008           FLAG_SUPER:     equ 08h
 0004           FLAG_CARRY:     equ 04h
 0002           FLAG_ZERO:      equ 02h
 0001           FLAG_GLOBAL_IE: equ 01h
 0000           
 0000           
 0000           ;;=============================================================================
 0000           ;;      Register Space, Bank 0
 0000           ;;=============================================================================
 0000           
 0000           ;------------------------------------------------
 0000           ;  Port Registers
 0000           ;  Note: Also see this address range in Bank 1.
 0000           ;------------------------------------------------
 0000           ; Port 0
 0000           PRT0DR:       equ 00h          ; Port 0 Data Register                     (RW)
 0001           PRT0IE:       equ 01h          ; Port 0 Interrupt Enable Register         (RW)
 0002           PRT0GS:       equ 02h          ; Port 0 Global Select Register            (RW)
 0003           PRT0DM2:      equ 03h          ; Port 0 Drive Mode 2                      (RW)
 0000           ; Port 1
 0004           PRT1DR:       equ 04h          ; Port 1 Data Register                     (RW)
 0005           PRT1IE:       equ 05h          ; Port 1 Interrupt Enable Register         (RW)
 0006           PRT1GS:       equ 06h          ; Port 1 Global Select Register            (RW)
 0007           PRT1DM2:      equ 07h          ; Port 1 Drive Mode 2                      (RW)
 0000           ; Port 2
 0008           PRT2DR:       equ 08h          ; Port 2 Data Register                     (RW)
 0009           PRT2IE:       equ 09h          ; Port 2 Interrupt Enable Register         (RW)
 000A           PRT2GS:       equ 0Ah          ; Port 2 Global Select Register            (RW)
 000B           PRT2DM2:      equ 0Bh          ; Port 2 Drive Mode 2                      (RW)
 0000           
 0000           ;------------------------------------------------
 0000           ;  Digital PSoC(tm) block Registers
 0000           ;  Note: Also see this address range in Bank 1.
 0000           ;------------------------------------------------
 0000           ; Digital PSoC block 00, Basic Type B
 0020           DBB00DR0:     equ 20h          ; data register 0                          (#)
 0021           DBB00DR1:     equ 21h          ; data register 1                          (W)
 0022           DBB00DR2:     equ 22h          ; data register 2                          (RW)
 0023           DBB00CR0:     equ 23h          ; control & status register 0              (#)
 0000           
 0000           ; Digital PSoC block 01, Basic Type B
 0024           DBB01DR0:     equ 24h          ; data register 0                          (#)
 0025           DBB01DR1:     equ 25h          ; data register 1                          (W)
 0026           DBB01DR2:     equ 26h          ; data register 2                          (RW)
 0027           DBB01CR0:     equ 27h          ; control & status register 0              (#)
 0000           
 0000           ; Digital PSoC block 02, Communications Type B
 0028           DCB02DR0:     equ 28h          ; data register 0                          (#)
 0029           DCB02DR1:     equ 29h          ; data register 1                          (W)
 002A           DCB02DR2:     equ 2Ah          ; data register 2                          (RW)
 002B           DCB02CR0:     equ 2Bh          ; control & status register 0              (#)
 0000           
 0000           ; Digital PSoC block 03, Communications Type B
 002C           DCB03DR0:     equ 2Ch          ; data register 0                          (#)
 002D           DCB03DR1:     equ 2Dh          ; data register 1                          (W)
 002E           DCB03DR2:     equ 2Eh          ; data register 2                          (RW)
 002F           DCB03CR0:     equ 2Fh          ; control & status register 0              (#)
 0000           
 0000           ;-------------------------------------
 0000           ;  Analog Resource Control Registers
 0000           ;-------------------------------------
 0060           AMX_IN:       equ 60h          ; Analog Input Multiplexor Control         (RW)
 000C           AMX_IN_ACI1:          equ 0Ch    ; MASK: column 1 input mux
 0003           AMX_IN_ACI0:          equ 03h    ; MASK: column 0 input mux
 0000           
 0063           ARF_CR:       equ 63h          ; Analog Reference Control Register        (RW)
 0040           ARF_CR_HBE:           equ 40h    ; MASK: Bias level control
 0038           ARF_CR_REF:           equ 38h    ; MASK: Analog Reference controls
 0007           ARF_CR_REFPWR:        equ 07h    ; MASK: Analog Reference power
 0004           ARF_CR_APWR:          equ 04h    ; MASK: use deprecated; see datasheet
 0003           ARF_CR_SCPWR:         equ 03h    ; MASK: Switched Cap block power
 0000           
 0064           CMP_CR0:      equ 64h          ; Analog Comparator Bus 0 Register         (#)
 0020           CMP_CR0_COMP1:        equ 20h    ; MASK: Column 1 comparator state        (R)
 0010           CMP_CR0_COMP0:        equ 10h    ; MASK: Column 0 comparator state        (R)
 0002           CMP_CR0_AINT1:        equ 02h    ; MASK: Column 1 interrupt source        (RW)
 0001           CMP_CR0_AINT0:        equ 01h    ; MASK: Column 0 interrupt source        (RW)
 0000           
 0065           ASY_CR:       equ 65h          ; Analog Synchronizaton Control            (#)
 0070           ASY_CR_SARCOUNT:      equ 70h    ; MASK: SAR support: resolution count    (W)
 0008           ASY_CR_SARSIGN:       equ 08h    ; MASK: SAR support: sign                (RW)
 0006           ASY_CR_SARCOL:        equ 06h    ; MASK: SAR support: column spec         (RW)
 0001           ASY_CR_SYNCEN:        equ 01h    ; MASK: Stall bit                        (RW)
 0000           
 0066           CMP_CR1:      equ 66h          ; Analog Comparator Bus 1 Register         (RW)
 0020           CMP_CR1_ASYNCH1:      equ 20h    ; MASK: Column 1 comparator bus synch
 0010           CMP_CR1_ASYNCH0:      equ 10h    ; MASK: Column 0 comparator bus synch
 0000           
 0000           ;---------------------------------------------------
 0000           ;  Analog PSoC block Registers
 0000           ;
 0000           ;  Note: the following registers are mapped into
 0000           ;  both register bank 0 AND register bank 1.
 0000           ;---------------------------------------------------
 0000           
 0000           ; Continuous Time PSoC block Type B Row 0 Col 0
 0070           ACB00CR3:     equ 70h          ; Control register 3                       (RW)
 0071           ACB00CR0:     equ 71h          ; Control register 0                       (RW)
 0072           ACB00CR1:     equ 72h          ; Control register 1                       (RW)
 0073           ACB00CR2:     equ 73h          ; Control register 2                       (RW)
 0000           
 0000           ; Continuous Time PSoC block Type B Row 0 Col 1
 0074           ACB01CR3:     equ 74h          ; Control register 3                       (RW)
 0075           ACB01CR0:     equ 75h          ; Control register 0                       (RW)
 0076           ACB01CR1:     equ 76h          ; Control register 1                       (RW)
 0077           ACB01CR2:     equ 77h          ; Control register 2                       (RW)
 0000           
 0000           ; Switched Cap PSoC blockType C Row 1 Col 0
 0080           ASC10CR0:     equ 80h          ; Control register 0                       (RW)
 0081           ASC10CR1:     equ 81h          ; Control register 1                       (RW)
 0082           ASC10CR2:     equ 82h          ; Control register 2                       (RW)
 0083           ASC10CR3:     equ 83h          ; Control register 3                       (RW)
 0000           
 0000           ; Switched Cap PSoC blockType D Row 1 Col 1
 0084           ASD11CR0:     equ 84h          ; Control register 0                       (RW)
 0085           ASD11CR1:     equ 85h          ; Control register 1                       (RW)
 0086           ASD11CR2:     equ 86h          ; Control register 2                       (RW)
 0087           ASD11CR3:     equ 87h          ; Control register 3                       (RW)
 0000           
 0000           ; Switched Cap PSoC blockType D Row 2 Col 0
 0090           ASD20CR0:     equ 90h          ; Control register 0                       (RW)
 0091           ASD20CR1:     equ 91h          ; Control register 1                       (RW)
 0092           ASD20CR2:     equ 92h          ; Control register 2                       (RW)
 0093           ASD20CR3:     equ 93h          ; Control register 3                       (RW)
 0000           
 0000           ; Switched Cap PSoC blockType C Row 2 Col 1
 0094           ASC21CR0:     equ 94h          ; Control register 0                       (RW)
 0095           ASC21CR1:     equ 95h          ; Control register 1                       (RW)
 0096           ASC21CR2:     equ 96h          ; Control register 2                       (RW)
 0097           ASC21CR3:     equ 97h          ; Control register 3                       (RW)
 0000           
 0000           ;------------------------------------------------
 0000           ;  Row Digital Interconnects
 0000           ;
 0000           ;  Note: the following registers are mapped into
 0000           ;  both register bank 0 AND register bank 1.
 0000           ;------------------------------------------------
 0000           
 00B0           RDI0RI:       equ B0h          ; Row Digital Interconnect Row 0 Input Reg (RW)
 00B1           RDI0SYN:      equ B1h          ; Row Digital Interconnect Row 0 Sync Reg  (RW)
 00B2           RDI0IS:       equ B2h          ; Row 0 Input Select Register              (RW)
 00B3           RDI0LT0:      equ B3h          ; Row 0 Look Up Table Register 0           (RW)
 00B4           RDI0LT1:      equ B4h          ; Row 0 Look Up Table Register 1           (RW)
 00B5           RDI0RO0:      equ B5h          ; Row 0 Output Register 0                  (RW)
 00B6           RDI0RO1:      equ B6h          ; Row 0 Output Register 1                  (RW)
 0000           
 0000           ;------------------------------------------------
 0000           ;  I2C Configuration Registers
 0000           ;------------------------------------------------
 00D6           I2C_CFG:      equ D6h          ; I2C Configuration Register               (RW)
 0040           I2C_CFG_PINSEL:         equ 40h  ; MASK: Select P1[0] and P1[1] for I2C
 0020           I2C_CFG_BUSERR_IE:      equ 20h  ; MASK: Enable interrupt on Bus Error
 0010           I2C_CFG_STOP_IE:        equ 10h  ; MASK: Enable interrupt on Stop
 0000           I2C_CFG_CLK_RATE_100K:  equ 00h  ; MASK: I2C clock set at 100K
 0004           I2C_CFG_CLK_RATE_400K:  equ 04h  ; MASK: I2C clock set at 400K
 0008           I2C_CFG_CLK_RATE_50K:   equ 08h  ; MASK: I2C clock set at 50K
 000C           I2C_CFG_CLK_RATE_1M6:   equ 0Ch  ; MASK: I2C clock set at 1.6M
 000C           I2C_CFG_CLK_RATE:       equ 0Ch  ; MASK: I2C clock rate setting mask
 0002           I2C_CFG_PSELECT_MASTER: equ 02h  ; MASK: Enable I2C Master
 0001           I2C_CFG_PSELECT_SLAVE:  equ 01h  ; MASK: Enable I2C Slave
 0000           
 00D7           I2C_SCR:      equ D7h          ; I2C Status and Control Register          (#)
 0080           I2C_SCR_BUSERR:        equ 80h   ; MASK: I2C Bus Error detected           (RC)
 0040           I2C_SCR_LOSTARB:       equ 40h   ; MASK: I2C Arbitration lost             (RC)
 0020           I2C_SCR_STOP:          equ 20h   ; MASK: I2C Stop detected                (RC)
 0010           I2C_SCR_ACK:           equ 10h   ; MASK: ACK the last byte                (RW)
 0008           I2C_SCR_ADDR:          equ 08h   ; MASK: Address rcv'd is Slave address   (RC)
 0004           I2C_SCR_XMIT:          equ 04h   ; MASK: Set transfer to tranmit mode     (RW)
 0002           I2C_SCR_LRB:           equ 02h   ; MASK: Last recieved bit                (RC)
 0001           I2C_SCR_BYTECOMPLETE:  equ 01h   ; MASK: Transfer of byte complete        (RC)
 0000           
 00D8           I2C_DR:       equ D8h          ; I2C Data Register                        (RW)
 0000           
 00D9           I2C_MSCR:     equ D9h          ; I2C Master Status and Control Register   (#)
 0008           I2C_MSCR_BUSY:         equ 08h   ; MASK: I2C Busy (Start detected)        (R)
 0004           I2C_MSCR_MODE:         equ 04h   ; MASK: Start has been generated         (R)
 0002           I2C_MSCR_RESTART:      equ 02h   ; MASK: Generate a Restart condition     (RW)
 0001           I2C_MSCR_START:        equ 01h   ; MASK: Generate a Start condition       (RW)
 0000           
 0000           ;------------------------------------------------
 0000           ;  System and Global Resource Registers
 0000           ;------------------------------------------------
 00DA           INT_CLR0:     equ DAh          ; Interrupt Clear Register 0               (RW)
 0000                                          ; Use INT_MSK0 bit field masks
 00DB           INT_CLR1:     equ DBh          ; Interrupt Clear Register 1               (RW)
 0000                                          ; Use INT_MSK1 bit field masks
 00DD           INT_CLR3:     equ DDh          ; Interrupt Clear Register 3               (RW)
 0000                                          ; Use INT_MSK3 bit field masks
 0000           
 00DE           INT_MSK3:     equ DEh          ; I2C and Software Mask Register           (RW)
 0080           INT_MSK3_ENSWINT:          equ 80h ; MASK: enable/disable SW interrupt
 0001           INT_MSK3_I2C:              equ 01h ; MASK: enable/disable I2C interrupt
 0000           
 00E0           INT_MSK0:     equ E0h          ; General Interrupt Mask Register          (RW)
 0080           INT_MSK0_VC3:              equ 80h ; MASK: enable/disable VC3 interrupt
 0040           INT_MSK0_SLEEP:            equ 40h ; MASK: enable/disable sleep interrupt
 0020           INT_MSK0_GPIO:             equ 20h ; MASK: enable/disable GPIO  interrupt
 0004           INT_MSK0_ACOLUMN_1:        equ 04h ; MASK: enable/disable Analog col 1 interrupt
 0002           INT_MSK0_ACOLUMN_0:        equ 02h ; MASK: enable/disable Analog col 0 interrupt
 0001           INT_MSK0_VOLTAGE_MONITOR:  equ 01h ; MASK: enable/disable Volts interrupt
 0000           
 00E1           INT_MSK1:     equ E1h          ; Digital PSoC block Mask Register         (RW)
 0008           INT_MSK1_DCB03:            equ 08h ; MASK: enable/disable DCB03 block interrupt
 0004           INT_MSK1_DCB02:            equ 04h ; MASK: enable/disable DCB02 block interrupt
 0002           INT_MSK1_DBB01:            equ 02h ; MASK: enable/disable DBB01 block interrupt
 0001           INT_MSK1_DBB00:            equ 01h ; MASK: enable/disable DBB00 block interrupt
 0000           
 00E2           INT_VC:       equ E2h          ; Interrupt vector register                (RC)
 00E3           RES_WDT:      equ E3h          ; Watch Dog Timer Register                 (W)
 0000           
 0000           ; DECIMATOR Registers
 00E4           DEC_DH:       equ E4h          ; Data Register (high byte)                (RC)
 00E5           DEC_DL:       equ E5h          ; Data Register ( low byte)                (RC)
 00E6           DEC_CR0:      equ E6h          ; Data Control Register 0                  (RW)
 00E7           DEC_CR1:      equ E7h          ; Data Control Register 1                  (RW)
 0000           
 0000           ; Multiplier and MAC (Multiply/Accumulate) Unit
 00E8           MUL_X:        equ E8h          ; Multiplier X Register (write)            (W)
 00E9           MUL_Y:        equ E9h          ; Multiplier Y Register (write)            (W)
 00EA           MUL_DH:       equ EAh          ; Multiplier Result Data (high byte read)  (R)
 00EB           MUL_DL:       equ EBh          ; Multiplier Result Data ( low byte read)  (R)
 00EC           MAC_X:        equ ECh          ; write = MAC X register [also see ACC_DR1]
 00EC           ACC_DR1:      equ MAC_X        ; read =  MAC Accumulator, byte 1          (RW)
 00ED           MAC_Y:        equ EDh          ; write = MAC Y register [also see ACC_DR0]
 00ED           ACC_DR0:      equ MAC_Y        ; read =  MAC Accumulator, byte 0          (RW)
 00EE           MAC_CL0:      equ EEh          ; write = MAC Clear Accum [also see ACC_DR3]
 00EE           ACC_DR3:      equ MAC_CL0      ; read =  MAC Accumulator, byte 3          (RW)
 00EF           MAC_CL1:      equ EFh          ; write = MAC Clear Accum [also see ACC_DR2]
 00EF           ACC_DR2:      equ MAC_CL1      ; read =  MAC Accumulator, byte 2          (RW)
 0000           
 0000           ;------------------------------------------------------
 0000           ;  System Status and Control Registers
 0000           ;
 0000           ;  Note: The following registers are mapped into both
 0000           ;        register bank 0 AND register bank 1.
 0000           ;------------------------------------------------------
 00F7           CPU_F:        equ F7h          ; CPU Flag Register Access                 (RO)
 0000                                              ; Use FLAG_ masks defined at top of file
 0000           
 00FE           CPU_SCR1:     equ FEh          ; CPU Status and Control Register #1       (#)
 0010           CPU_SCR1_SLIMO:         equ 10h	   ; MASK: Slow IMO (internal main osc) enable
 0080           CPU_SCR1_IRESS:         equ 80h    ; MASK: flag, Internal Reset Status bit
 0008           CPU_SCR1_ECO_ALWD_WR:   equ 08h    ; MASK: flag, ECO allowed has been written
 0004           CPU_SCR1_ECO_ALLOWED:   equ 04h    ; MASK: ECO allowed to be enabled
 0001           CPU_SCR1_IRAMDIS:       equ 01h    ; MASK: Disable RAM initialization on WDR
 0000           
 00FF           CPU_SCR0:     equ FFh          ; CPU Status and Control Register #2       (#)
 0080           CPU_SCR0_GIE_MASK:      equ 80h    ; MASK: Global Interrupt Enable shadow
 0020           CPU_SCR0_WDRS_MASK:     equ 20h    ; MASK: Watch Dog Timer Reset
 0010           CPU_SCR0_PORS_MASK:     equ 10h    ; MASK: power-on reset bit PORS
 0008           CPU_SCR0_SLEEP_MASK:    equ 08h    ; MASK: Enable Sleep
 0001           CPU_SCR0_STOP_MASK:     equ 01h    ; MASK: Halt CPU bit
 0000           
 0000           
 0000           ;;=============================================================================
 0000           ;;      Register Space, Bank 1
 0000           ;;=============================================================================
 0000           
 0000           ;------------------------------------------------
 0000           ;  Port Registers
 0000           ;  Note: Also see this address range in Bank 0.
 0000           ;------------------------------------------------
 0000           ; Port 0
 0000           PRT0DM0:      equ 00h          ; Port 0 Drive Mode 0                      (RW)
 0001           PRT0DM1:      equ 01h          ; Port 0 Drive Mode 1                      (RW)
 0002           PRT0IC0:      equ 02h          ; Port 0 Interrupt Control 0               (RW)
 0003           PRT0IC1:      equ 03h          ; Port 0 Interrupt Control 1               (RW)
 0000           
 0000           ; Port 1
 0004           PRT1DM0:      equ 04h          ; Port 1 Drive Mode 0                      (RW)
 0005           PRT1DM1:      equ 05h          ; Port 1 Drive Mode 1                      (RW)
 0006           PRT1IC0:      equ 06h          ; Port 1 Interrupt Control 0               (RW)
 0007           PRT1IC1:      equ 07h          ; Port 1 Interrupt Control 1               (RW)
 0000           
 0000           ; Port 2
 0008           PRT2DM0:      equ 08h          ; Port 2 Drive Mode 0                      (RW)
 0009           PRT2DM1:      equ 09h          ; Port 2 Drive Mode 1                      (RW)
 000A           PRT2IC0:      equ 0Ah          ; Port 2 Interrupt Control 0               (RW)
 000B           PRT2IC1:      equ 0Bh          ; Port 2 Interrupt Control 1               (RW)
 0000           
 0000           ;------------------------------------------------
 0000           ;  Digital PSoC(tm) block Registers
 0000           ;  Note: Also see this address range in Bank 0.
 0000           ;------------------------------------------------
 0000           
 0000           ; Digital PSoC block 00, Basic Type B
 0020           DBB00FN:      equ 20h          ; Function Register                        (RW)
 0021           DBB00IN:      equ 21h          ;    Input Register                        (RW)
 0022           DBB00OU:      equ 22h          ;   Output Register                        (RW)
 0000           
 0000           ; Digital PSoC block 01, Basic Type B
 0024           DBB01FN:      equ 24h          ; Function Register                        (RW)
 0025           DBB01IN:      equ 25h          ;    Input Register                        (RW)
 0026           DBB01OU:      equ 26h          ;   Output Register                        (RW)
 0000           
 0000           ; Digital PSoC block 02, Communications Type B
 0028           DCB02FN:      equ 28h          ; Function Register                        (RW)
 0029           DCB02IN:      equ 29h          ;    Input Register                        (RW)
 002A           DCB02OU:      equ 2Ah          ;   Output Register                        (RW)
 0000           
 0000           ; Digital PSoC block 03, Communications Type B
 002C           DCB03FN:      equ 2Ch          ; Function Register                        (RW)
 002D           DCB03IN:      equ 2Dh          ;    Input Register                        (RW)
 002E           DCB03OU:      equ 2Eh          ;   Output Register                        (RW)
 0000           
 0000           ;------------------------------------------------
 0000           ;  System and Global Resource Registers
 0000           ;  Note: Also see this address range in Bank 0.
 0000           ;------------------------------------------------
 0000           
 0060           CLK_CR0:      equ 60h          ; Analog Column Clock Select Register 0    (RW)
 000C           CLK_CR0_ACOLUMN_1:    equ 0Ch    ; MASK: Specify clock for analog cloumn
 0003           CLK_CR0_ACOLUMN_0:    equ 03h    ; MASK: Specify clock for analog cloumn
 0000           
 0061           CLK_CR1:      equ 61h          ; Analog Clock Source Select Register 1    (RW)
 0040           CLK_CR1_SHDIS:        equ 40h    ; MASK: Sample and Hold Disable (all Columns)
 0038           CLK_CR1_ACLK1:        equ 38h    ; MASK: Digital PSoC block for analog source
 0007           CLK_CR1_ACLK2:        equ 07h    ; MASK: Digital PSoC block for analog source
 0000           
 0062           ABF_CR0:      equ 62h          ; Analog Output Buffer Control Register 0  (RW)
 0080           ABF_CR0_ACOL1MUX:     equ 80h    ; MASK: Analog Column 1 Mux control
 0020           ABF_CR0_ABUF1EN:      equ 20h    ; MASK: Enable ACol 1 analog buffer (P0[5])
 0008           ABF_CR0_ABUF0EN:      equ 08h    ; MASK: Enable ACol 0 analog buffer (P0[3])
 0002           ABF_CR0_BYPASS:       equ 02h    ; MASK: Bypass the analog buffers
 0001           ABF_CR0_PWR:          equ 01h    ; MASK: High power mode on all analog buffers
 0000           
 0063           AMD_CR0:      equ 63h          ; Analog Modulator Control Register 0      (RW)
 0070           AMD_CR0_AMOD2:        equ 70h    ; MASK: Modulation source for analog column 2
 0007           AMD_CR0_AMOD0:        equ 07h    ; MASK: Modulation source for analog column 1
 0000           
 0066           AMD_CR1:      equ 66h          ; Analog Modulator Control Register 1      (RW)
 0070           AMD_CR1_AMOD3:        equ 70h    ; MASK: Modulation ctrl for analog column 3
 0007           AMD_CR1_AMOD1:        equ 07h    ; MASK: Modulation ctrl for analog column 1
 0000           
 0067           ALT_CR0:      equ 67h          ; Analog Look Up Table (LUT) Register 0    (RW)
 00F0           ALT_CR0_LUT1:         equ F0h    ; MASK: Look up table 1 selection
 000F           ALT_CR0_LUT0:         equ 0Fh    ; MASK: Look up table 0 selection
 0000           
 0068           ALT_CR1:      equ 68h          ; Analog Look Up Table (LUT) Register 1    (RW)
 00F0           ALT_CR1_LUT3:         equ F0h    ; MASK: Look up table 3 selection
 000F           ALT_CR1_LUT2:         equ 0Fh    ; MASK: Look up table 2 selection
 0000           
 0069           CLK_CR2:      equ 69h          ; Analog Clock Source Control Register 2   (RW)
 0008           CLK_CR2_ACLK1R:       equ 08h    ; MASK: Analog Clock 1 selection range
 0001           CLK_CR2_ACLK0R:       equ 01h    ; MASK: Analog Clock 0 selection range
 0000           
 0000           ;------------------------------------------------
 0000           ;  Global Digital Interconnects
 0000           ;------------------------------------------------
 0000           
 00D0           GDI_O_IN:     equ D0h          ; Global Dig Interconnect Odd Inputs Reg   (RW)
 00D1           GDI_E_IN:     equ D1h          ; Global Dig Interconnect Even Inputs Reg  (RW)
 00D2           GDI_O_OU:     equ D2h          ; Global Dig Interconnect Odd Outputs Reg  (RW)
 00D3           GDI_E_OU:     equ D3h          ; Global Dig Interconnect Even Outputs Reg (RW)
 0000           
 0000           ;------------------------------------------------
 0000           ;  Clock and System Control Registers
 0000           ;------------------------------------------------
 0000           
 00DD           OSC_GO_EN:    equ DDh          ; Oscillator to Global Outputs Enable Register (RW)
 0080           OSC_GOEN_SLPINT:      equ 80h	 ; Enable Sleep Timer onto GOE[7]
 0040           OSC_GOEN_VC3:         equ 40h    ; Enable VC3 onto GOE[6]
 0020           OSC_GOEN_VC2:         equ 20h    ; Enable VC2 onto GOE[5]
 0010           OSC_GOEN_VC1:         equ 10h    ; Enable VC1 onto GOE[4]
 0008           OSC_GOEN_SYSCLKX2:    equ 08h    ; Enable 2X SysClk onto GOE[3]
 0004           OSC_GOEN_SYSCLK:      equ 04h    ; Enable 1X SysClk onto GOE[2]
 0002           OSC_GOEN_CLK24M:      equ 02h    ; Enable 24 MHz clock onto GOE[1]
 0001           OSC_GOEN_CLK32K:      equ 01h    ; Enable 32 kHz clock onto GOE[0]
 0000           
 00DE           OSC_CR4:      equ DEh          ; Oscillator Control Register 4            (RW)
 0003           OSC_CR4_VC3:          equ 03h    ; MASK: System VC3 Clock source
 0000           
 00DF           OSC_CR3:      equ DFh          ; Oscillator Control Register 3            (RW)
 0000           
 00E0           OSC_CR0:      equ E0h          ; System Oscillator Control Register 0     (RW)
 0080           OSC_CR0_32K_SELECT:   equ 80h    ; MASK: Enable/Disable External XTAL Osc
 0040           OSC_CR0_PLL_MODE:     equ 40h    ; MASK: Enable/Disable PLL
 0020           OSC_CR0_NO_BUZZ:      equ 20h    ; MASK: Bandgap always powered/BUZZ bandgap
 0018           OSC_CR0_SLEEP:        equ 18h    ; MASK: Set Sleep timer freq/period
 0000           OSC_CR0_SLEEP_512Hz:  equ 00h    ;     Set sleep bits for 1.95ms period
 0008           OSC_CR0_SLEEP_64Hz:   equ 08h    ;     Set sleep bits for 15.6ms period
 0010           OSC_CR0_SLEEP_8Hz:    equ 10h    ;     Set sleep bits for 125ms period
 0018           OSC_CR0_SLEEP_1Hz:    equ 18h    ;     Set sleep bits for 1 sec period
 0007           OSC_CR0_CPU:          equ 07h    ; MASK: Set CPU Frequency
 0000           OSC_CR0_CPU_3MHz:     equ 00h    ;     set CPU Freq bits for 3MHz Operation
 0001           OSC_CR0_CPU_6MHz:     equ 01h    ;     set CPU Freq bits for 6MHz Operation
 0002           OSC_CR0_CPU_12MHz:    equ 02h    ;     set CPU Freq bits for 12MHz Operation
 0003           OSC_CR0_CPU_24MHz:    equ 03h    ;     set CPU Freq bits for 24MHz Operation
 0004           OSC_CR0_CPU_1d5MHz:   equ 04h    ;     set CPU Freq bits for 1.5MHz Operation
 0005           OSC_CR0_CPU_750kHz:   equ 05h    ;     set CPU Freq bits for 750kHz Operation
 0006           OSC_CR0_CPU_187d5kHz: equ 06h    ;     set CPU Freq bits for 187.5kHz Operation
 0007           OSC_CR0_CPU_93d7kHz:  equ 07h    ;     set CPU Freq bits for 93.7kHz Operation
 0000           
 00E1           OSC_CR1:      equ E1h          ; System VC1/VC2 Divider Control Register  (RW)
 00F0           OSC_CR1_VC1:          equ F0h    ; MASK: System VC1 24MHz/External Clk divider
 000F           OSC_CR1_VC2:          equ 0Fh    ; MASK: System VC2 24MHz/External Clk divider
 0000           
 00E2           OSC_CR2:      equ E2h          ; Oscillator Control Register 2            (RW)
 0080           OSC_CR2_PLLGAIN:      equ 80h    ; MASK: High/Low gain
 0004           OSC_CR2_EXTCLKEN:     equ 04h    ; MASK: Enable/Disable External Clock
 0002           OSC_CR2_IMODIS:       equ 02h    ; MASK: Enable/Disable System (IMO) Clock Net
 0001           OSC_CR2_SYSCLKX2DIS:  equ 01h    ; MASK: Enable/Disable 48MHz clock source
 0000           
 00E3           VLT_CR:       equ E3h          ; Voltage Monitor Control Register         (RW)
 0080           VLT_CR_SMP:           equ 80h    ; MASK: Enable Switch Mode Pump
 0030           VLT_CR_PORLEV:        equ 30h    ; MASK: Mask for Power on Reset level control
 0000           VLT_CR_POR_LOW:       equ 00h    ;   Lowest  Precision Power-on Reset trip point
 0010           VLT_CR_POR_MID:       equ 10h    ;   Middle  Precision Power-on Reset trip point
 0020           VLT_CR_POR_HIGH:      equ 20h    ;   Highest Precision Power-on Reset trip point
 0008           VLT_CR_LVDTBEN:       equ 08h    ; MASK: Enable the CPU Throttle Back on LVD
 0007           VLT_CR_VM:            equ 07h    ; MASK: Mask for Voltage Monitor level setting
 0000           VLT_CR_3V0_POR:       equ 00h    ; -- deprecated symbols --
 0010           VLT_CR_4V5_POR:       equ 10h    ;    deprecated
 0020           VLT_CR_4V75_POR:      equ 20h    ;    deprecated
 0030           VLT_CR_DISABLE:       equ 30h    ;    deprecated
 0000           
 00E4           VLT_CMP:      equ E4h          ; Voltage Monitor Comparators Register     (R)
 0004           VLT_CMP_PUMP:         equ 04h    ; MASK: Vcc below SMP trip level
 0002           VLT_CMP_LVD:          equ 02h    ; MASK: Vcc below LVD trip level
 0001           VLT_CMP_PPOR:         equ 01h    ; MASK: Vcc below PPOR trip level
 0000           
 00E8           IMO_TR:       equ E8h          ; Internal Main Oscillator Trim Register   (W)
 00E9           ILO_TR:       equ E9h          ; Internal Low-speed Oscillator Trim       (W)
 00EA           BDG_TR:       equ EAh          ; Band Gap Trim Register                   (W)
 00EB           ECO_TR:       equ EBh          ; External Oscillator Trim Register        (W)
 0000           
 0000           ;;=============================================================================
 0000           ;;      M8C System Macros
 0000           ;;  These macros should be used when their functions are needed.
 0000           ;;=============================================================================
 0000           
 0000           ;----------------------------------------------------
 0000           ;  Swapping Register Banks
 0000           ;----------------------------------------------------
 0000               macro M8C_SetBank0
 0000               and   F, ~FLAG_XIO_MASK
 0000               macro M8C_SetBank1
 0000               or    F, FLAG_XIO_MASK
 0000               macro M8C_EnableGInt
 0000               or    F, FLAG_GLOBAL_IE
 0000               macro M8C_DisableGInt
 0000               and   F, ~FLAG_GLOBAL_IE
 0000               macro M8C_DisableIntMask
 0000               and   reg[@0], ~@1              ; disable specified interrupt enable bit
 0000               macro M8C_EnableIntMask
 0000               or    reg[@0], @1               ; enable specified interrupt enable bit
 0000               macro M8C_ClearIntFlag
 0000               mov   reg[@0], ~@1              ; clear specified interrupt enable bit
 0000               macro M8C_EnableWatchDog
 0000               and   reg[CPU_SCR0], ~CPU_SCR0_PORS_MASK
 0000               macro M8C_ClearWDT
 0000               mov   reg[RES_WDT], 00h
 0000               macro M8C_ClearWDTAndSleep
 0000               mov   reg[RES_WDT], 38h
 0000               macro M8C_Stall
 0000               or    reg[ASY_CR], ASY_CR_SYNCEN
 0000               macro M8C_Unstall
 0000               and   reg[ASY_CR], ~ASY_CR_SYNCEN
 0000               macro M8C_Sleep
 0000               or    reg[CPU_SCR0], CPU_SCR0_SLEEP_MASK
 0000               ; The next instruction to be executed depends on the state of the
 0000               ; various interrupt enable bits. If some interrupts are enabled
 0000               ; and the global interrupts are disabled, the next instruction will
 0000               ; be the one that follows the invocation of this macro. If global
 0000               ; interrupts are also enabled then the next instruction will be
 0000               ; from the interrupt vector table. If no interrupts are enabled
 0000               ; then the CPU sleeps forever.
 0000               macro M8C_Stop
 0000               ; In general, you probably don't want to do this, but here's how:
 0000               or    reg[CPU_SCR0], CPU_SCR0_STOP_MASK
 0000               ; Next instruction to be executed is located in the interrupt
 0000               ; vector table entry for Power-On Reset.
 0000               macro M8C_Reset
 0000               ; Restore CPU to the power-on reset state.
 0000               mov A, 0
 0000               SSC
 0000               ; Next non-supervisor instruction will be at interrupt vector 0.
 0000               macro Suspend_CodeCompressor
 0000               or   F, 0
 0000               macro Resume_CodeCompressor
 0000               add  SP, 0
                export LoadConfigTBL_photoframe8pin_Bank1
                export LoadConfigTBL_photoframe8pin_Bank0
                export LoadConfigTBL_photoframe8pin_Ordered
                AREA lit(rom, rel)
 0000           LoadConfigTBL_photoframe8pin_Ordered:
 0000           ;  Ordered Global Register values
 0000 7110          or    F, FLAG_XIO_MASK
 0002 62000C            mov     reg[00h], 0ch           ; Port_0_DriveMode_0 register (PRT0DM0)
 0005 620130            mov     reg[01h], 30h           ; Port_0_DriveMode_1 register (PRT0DM1)
 0008 70EF          and   F, ~FLAG_XIO_MASK
 000A 620300            mov     reg[03h], 00h           ; Port_0_DriveMode_2 register (PRT0DM2)
 000D 62023C            mov     reg[02h], 3ch           ; Port_0_GlobalSelect register (PRT0GS)
 0010 7110          or    F, FLAG_XIO_MASK
 0012 620200            mov     reg[02h], 00h           ; Port_0_IntCtrl_0 register (PRT0IC0)
 0015 620300            mov     reg[03h], 00h           ; Port_0_IntCtrl_1 register (PRT0IC1)
 0018 70EF          and   F, ~FLAG_XIO_MASK
 001A 620100            mov     reg[01h], 00h           ; Port_0_IntEn register (PRT0IE)
 001D 7110          or    F, FLAG_XIO_MASK
 001F 620403            mov     reg[04h], 03h           ; Port_1_DriveMode_0 register (PRT1DM0)
 0022 620500            mov     reg[05h], 00h           ; Port_1_DriveMode_1 register (PRT1DM1)
 0025 70EF          and   F, ~FLAG_XIO_MASK
 0027 620700            mov     reg[07h], 00h           ; Port_1_DriveMode_2 register (PRT1DM2)
 002A 620600            mov     reg[06h], 00h           ; Port_1_GlobalSelect register (PRT1GS)
 002D 7110          or    F, FLAG_XIO_MASK
 002F 620600            mov     reg[06h], 00h           ; Port_1_IntCtrl_0 register (PRT1IC0)
 0032 620700            mov     reg[07h], 00h           ; Port_1_IntCtrl_1 register (PRT1IC1)
 0035 70EF          and   F, ~FLAG_XIO_MASK
 0037 620500            mov     reg[05h], 00h           ; Port_1_IntEn register (PRT1IE)
 003A 7110          or    F, FLAG_XIO_MASK
 003C 620800            mov     reg[08h], 00h           ; Port_2_DriveMode_0 register (PRT2DM0)
 003F 620900            mov     reg[09h], 00h           ; Port_2_DriveMode_1 register (PRT2DM1)
 0042 70EF          and   F, ~FLAG_XIO_MASK
 0044 620B00            mov     reg[0bh], 00h           ; Port_2_DriveMode_2 register (PRT2DM2)
 0047 620A00            mov     reg[0ah], 00h           ; Port_2_GlobalSelect register (PRT2GS)
 004A 7110          or    F, FLAG_XIO_MASK
 004C 620A00            mov     reg[0ah], 00h           ; Port_2_IntCtrl_0 register (PRT2IC0)
 004F 620B00            mov     reg[0bh], 00h           ; Port_2_IntCtrl_1 register (PRT2IC1)
 0052 70EF          and   F, ~FLAG_XIO_MASK
 0054 620900            mov     reg[09h], 00h           ; Port_2_IntEn register (PRT2IE)
 0057 7F                ret
 0058           LoadConfigTBL_photoframe8pin_Bank0:
 0058           ;  Global Register values
 0058 6009              db              60h, 09h                ; AnalogColumnInputSelect register (AMX_IN)
 005A 6600              db              66h, 00h                ; AnalogComparatorControl1 register (CMP_CR1)
 005C 6305              db              63h, 05h                ; AnalogReferenceControl register (ARF_CR)
 005E 6500              db              65h, 00h                ; AnalogSyncControl register (ASY_CR)
 0060 E600              db              e6h, 00h                ; DecimatorControl_0 register (DEC_CR0)
 0062 E700              db              e7h, 00h                ; DecimatorControl_1 register (DEC_CR1)
 0064 D600              db              d6h, 00h                ; I2CConfig register (I2CCFG)
 0066 B005              db              b0h, 05h                ; Row_0_InputMux register (RDI0RI)
 0068 B100              db              b1h, 00h                ; Row_0_InputSync register (RDI0SYN)
 006A B200              db              b2h, 00h                ; Row_0_LogicInputAMux register (RDI0IS)
 006C B333              db              b3h, 33h                ; Row_0_LogicSelect_0 register (RDI0LT0)
 006E B433              db              b4h, 33h                ; Row_0_LogicSelect_1 register (RDI0LT1)
 0070 B500              db              b5h, 00h                ; Row_0_OutputDrive_0 register (RDI0SRO0)
 0072 B611              db              b6h, 11h                ; Row_0_OutputDrive_1 register (RDI0SRO1)
 0074           ;  Instance name UART, User Module UART
 0074           ;       Instance name UART, Block Name RX(DCB03)
 0074 2F00              db              2fh, 00h                ;UART_RX_CONTROL_REG(DCB03CR0)
 0076 2D00              db              2dh, 00h                ;UART_(DCB03DR1)
 0078 2E00              db              2eh, 00h                ;UART_RX_BUFFER_REG (DCB03DR2)
 007A           ;       Instance name UART, Block Name TX(DCB02)
 007A 2B00              db              2bh, 00h                ;UART_TX_CONTROL_REG(DCB02CR0)
 007C 2900              db              29h, 00h                ;UART_TX_BUFFER_REG (DCB02DR1)
 007E 2A00              db              2ah, 00h                ;UART_(DCB02DR2)
 0080 FF                db              ffh
 0081           LoadConfigTBL_photoframe8pin_Bank1:
 0081           ;  Global Register values
 0081 6100              db              61h, 00h                ; AnalogClockSelect1 register (CLK_CR1)
 0083 6900              db              69h, 00h                ; AnalogClockSelect2 register (CLK_CR2)
 0085 6000              db              60h, 00h                ; AnalogColumnClockSelect register (CLK_CR0)
 0087 6200              db              62h, 00h                ; AnalogIOControl_0 register (ABF_CR0)
 0089 6733              db              67h, 33h                ; AnalogLUTControl0 register (ALT_CR0)
 008B 6800              db              68h, 00h                ; AnalogLUTControl1 register (ALT_CR1)
 008D 6300              db              63h, 00h                ; AnalogModulatorControl_0 register (AMD_CR0)
 008F 6600              db              66h, 00h                ; AnalogModulatorControl_1 register (AMD_CR1)
 0091 D100              db              d1h, 00h                ; GlobalDigitalInterconnect_Drive_Even_Input register (GDI_E_IN)
 0093 D300              db              d3h, 00h                ; GlobalDigitalInterconnect_Drive_Even_Output register (GDI_E_OU)
 0095 D000              db              d0h, 00h                ; GlobalDigitalInterconnect_Drive_Odd_Input register (GDI_O_IN)
 0097 D200              db              d2h, 00h                ; GlobalDigitalInterconnect_Drive_Odd_Output register (GDI_O_OU)
 0099 E1B1              db              e1h, b1h                ; OscillatorControl_1 register (OSC_CR1)
 009B E200              db              e2h, 00h                ; OscillatorControl_2 register (OSC_CR2)
 009D DF19              db              dfh, 19h                ; OscillatorControl_3 register (OSC_CR3)
 009F DE01              db              deh, 01h                ; OscillatorControl_4 register (OSC_CR4)
 00A1 DD00              db              ddh, 00h                ; OscillatorGlobalBusEnableControl register (OSC_GO_EN)
 00A3           ;  Instance name UART, User Module UART
 00A3           ;       Instance name UART, Block Name RX(DCB03)
 00A3 2C05              db              2ch, 05h                ;UART_RX_FUNC_REG   (DCB03FN)
 00A5 2DD1              db              2dh, d1h                ;UART_RX_INPUT_REG  (DCB03IN)
 00A7 2E40              db              2eh, 40h                ;UART_RX_OUTPUT_REG (DCB03OU)
 00A9           ;       Instance name UART, Block Name TX(DCB02)
 00A9 281D              db              28h, 1dh                ;UART_TX_FUNC_REG   (DCB02FN)
 00AB 2901              db              29h, 01h                ;UART_TX_INPUT_REG  (DCB02IN)
 00AD 2A47              db              2ah, 47h                ;UART_TX_OUTPUT_REG (DCB02OU)
 00AF FF                db              ffh
 00B0           
 00B0           
 00B0           ; PSoC Configuration file trailer PsocConfig.asm
