 0000           ;;*****************************************************************************
 0000           ;;*****************************************************************************
 0000           ;;  FILENAME:   UARTINT.asm
 0000           ;;  Version: 5.2, Updated on 2006/06/07 at 12:20:11
 0000           ;;  Generated by PSoC Designer ver 4.3  b1884 : 23 June, 2006
 0000           ;;
 0000           ;;  DESCRIPTION:  UART Interrupt Service Routine.
 0000           ;;-----------------------------------------------------------------------------
 0000           ;;  Copyright (c) Cypress MicroSystems 2000-2003. All Rights Reserved.
 0000           ;;*****************************************************************************
 0000           ;;*****************************************************************************
 0000           
 0000           
 0004           UART_TX_INT_MASK:                            equ 0x04
 00E1           UART_TX_INT_REG:                             equ 0x0e1  ;TX interrupt address
 0008           UART_RX_INT_MASK:                            equ 0x08  ;mask value for global int reg bit for RX instance
 00E1           UART_RX_INT_REG:                             equ 0x0e1  ;RX interrupt address
 0000           
 0000           UART_RXBUF_ENABLE:                           equ 0
 0000           
 0000           ; Interrupt control masks
 0001           UART_ENABLE_RX_INT:                          equ 0x01
 0000           UART_DISABLE_RX_INT:                         equ 0x00
 0002           UART_ENABLE_TX_INT:                          equ 0x02
 0000           UART_DISABLE_TX_INT:                         equ 0x00
 0000           
 0000           UART_INT_MODE_TX_REG_EMPTY:                  equ 0x00
 0001           UART_INT_MODE_TX_COMPLETE:                   equ 0x01
 0000           
 0020           UART_RX_IGNORE_BELOW:                        equ 0x20
 0010           UART_RX_BUFFER_SIZE:                         equ 0x10
 000D           UART_CMD_TERM:                               equ 0xd
 0020           UART_DELIMITER:                              equ 0x20
 0000           UART_BACKSPACE_ENABLE:                       equ 0x0
 0000           
 0000           ;;;;;;;;;;;;;;;;;;;;;;;;;;;;;;;;;;;;;;;;;;;;;
 0000           ;       WARNING WARNING WARNING
 0000           ; The following equates are for backwards
 0000           ; compatibility only and should not be used
 0000           ; for new designs.
 0000           ;;;;;;;;;;;;;;;;;;;;;;;;;;;;;;;;;;;;;;;;;;;;;
 0000           
 0000           ;------------------------------------
 0000           ;  Parity masks
 0000           ;------------------------------------
 0000           UART_PARITY_NONE:       equ   00h
 0002           UART_PARITY_EVEN:       equ   02h
 0006           UART_PARITY_ODD:        equ   06h
 0000           
 0000           ;------------------------------------
 0000           ;  TX Status Register masks
 0000           ;------------------------------------
 0020           UART_TX_COMPLETE:       equ   20h
 0010           UART_TX_BUFFER_EMPTY:   equ   10h
 0000           
 0000           ;------------------------------------
 0000           ;  RX Status Register masks
 0000           ;------------------------------------
 0010           UART_RX_ACTIVE:         equ   10h
 0008           UART_RX_COMPLETE:       equ   08h
 0080           UART_RX_PARITY_ERROR:   equ   80h
 0040           UART_RX_OVERRUN_ERROR:  equ   40h
 0020           UART_RX_FRAMING_ERROR:  equ   20h
 00E0           UART_RX_NO_ERROR:       equ   E0h
 0000           ;;;;;;;;;;;;;;;;;;;;;;;;;;;;;;;;;;;;;;;;;;;;;
 0000           ;             END WARNING
 0000           ;;;;;;;;;;;;;;;;;;;;;;;;;;;;;;;;;;;;;;;;;;;;;
 0000           
 0000           
 0000           
 0000           ;------------------------------------
 0000           ;  Parity masks
 0000           ;------------------------------------
 0000           UART_PARITY_NONE:                       equ   00h
 0002           UART_PARITY_EVEN:                       equ   02h
 0006           UART_PARITY_ODD:                        equ   06h
 0000           
 0000           ;------------------------------------
 0000           ;  TX Status Register masks
 0000           ;------------------------------------
 0020           UART_TX_COMPLETE:                       equ   20h
 0010           UART_TX_BUFFER_EMPTY:                   equ   10h
 0000           
 0000           ;------------------------------------
 0000           ;  RX Status Register masks
 0000           ;------------------------------------
 0010           UART_RX_ACTIVE:                         equ   10h
 0008           UART_RX_COMPLETE:                       equ   08h
 0008           UART_RX_REG_FULL:                       equ   08h
 0080           UART_RX_PARITY_ERROR:                   equ   80h
 0040           UART_RX_OVERRUN_ERROR:                  equ   40h
 0020           UART_RX_FRAMING_ERROR:                  equ   20h
 00E0           UART_RX_ERROR:                          equ   E0h
 0001           UART_RX_ENABLE:                         equ   01h
 0000           
 00F0           UART_RX_BUF_ERROR:                      equ   F0h  ; Mask for any Rx that may occur.
 0010           UART_RX_BUF_OVERRUN:                    equ   10h  ; This indicates the software buffer has
 0000                                                                   ; been over run.
 0001           UART_RX_BUF_CMDTERM:                    equ   01h  ; Command terminator has been received.
 0000           
 0001           UART_RX_NO_DATA:                        equ   01h
 00E0           UART_RX_NO_ERROR:                       equ   E0h
 0000           
 0000           
 0000           ;--------------------------------------------------
 0000           ; Registers Address Constants for UART
 0000           ;--------------------------------------------------
 0000           ;---------------------------------
 0000           ;  Registers used by TX
 0000           ;---------------------------------
 002B           UART_TX_CONTROL_REG:    equ 2bh            ; Control register
 0028           UART_TX_SHIFT_REG:  equ 28h               ; TX Shift Register register
 0029           UART_TX_BUFFER_REG: equ 29h               ; TX Buffer Register
 0028           UART_TX_FUNC_REG:   equ 28h             ; Function register
 0029           UART_TX_INPUT_REG:  equ 29h             ; Input register
 002A           UART_TX_OUTPUT_REG: equ 2ah             ; Output register
 0000           
 0000           ;---------------------------------
 0000           ;  Registers used by RX
 0000           ;---------------------------------
 002F           UART_RX_CONTROL_REG:    equ 2fh            ; Control register
 002C           UART_RX_SHIFT_REG:  equ 2ch               ; RX Shift Register register
 002E           UART_RX_BUFFER_REG: equ 2eh               ; RX Buffer Register
 002C           UART_RX_FUNC_REG:   equ 2ch             ; Function register
 002D           UART_RX_INPUT_REG:  equ 2dh             ; Input register
 002E           UART_RX_OUTPUT_REG: equ 2eh             ; Output register
 0000           
 0000           ; end of file UART.inc
 0000           SYSTEM_STACK_PAGE: equ 0   
 0000           SYSTEM_STACK_BASE_ADDR: equ 0h   
 0000           SYSTEM_LARGE_MEMORY_MODEL: equ 0   
 0001           SYSTEM_SMALL_MEMORY_MODEL: equ 1   
 0001           SYSTEM_TOOLS: equ 1   
 0001           SYSTEM_IDXPG_TRACKS_STK_PP: equ 1   
 0000           SYSTEM_IDXPG_TRACKS_IDX_PP: equ 0   
 0000           SYSTEM_MULTIPAGE_STACK: equ 0 
 0000           
 0000           
 0000           ;  ******* Function Class Definitions *******
 0000           ;
 0000           ;  These definitions are used to describe RAM access patterns. They provide
 0000           ;  documentation and they control prologue and epilogue macros that perform
 0000           ;  the necessary housekeeping functions for a large memory model device like
 0000           ;  the CY8C29x66.
 0000           
 0001           RAM_USE_CLASS_1:               equ 1   ; PUSH, POP & I/O access
 0002           RAM_USE_CLASS_2:               equ 2   ; Indexed address mode on stack page
 0004           RAM_USE_CLASS_3:               equ 4   ; Indexed address mode to any page
 0008           RAM_USE_CLASS_4:               equ 8   ; Direct/Indirect address mode access
 0000           
 0000           
 0000           ;  ******* Page Pointer Manipulation Macros *******
 0000           ;
 0000           ;  Most of the following macros are conditionally compiled so they only
 0000           ;  produce code if the large memory model is selected.
 0000           
 0000              ;-----------------------------------------------
 0000              ;  Set Stack Page Macro
 0000              ;-----------------------------------------------
 0000              ;
 0000              ;  DESC: Modify STK_PP in the large or small memory Models.
 0000              ;
 0000              ; INPUT: Constant (e.g., SYSTEM_STACK_PAGE) that specifies the RAM page on
 0000              ;        which stack operations like PUSH and POP store and retrieve their
 0000              ;        data
 0000              ;
 0000              ;  COST: 8 instruction cycles (in LMM only)
 0000           
 0000              macro RAM_SETPAGE_STK( PG_NUMBER )
 0000              IF ( SYSTEM_LARGE_MEMORY_MODEL )
 0000                 mov reg[STK_PP], @PG_NUMBER
 0000              ENDIF
 0000              macro RAM_SETPAGE_CUR( PG_NUMBER )
 0000              IF ( SYSTEM_LARGE_MEMORY_MODEL )
 0000                 mov reg[CUR_PP], @PG_NUMBER
 0000              ENDIF
 0000              macro RAM_SETPAGE_IDX( PG_NUMBER )
 0000              IF ( SYSTEM_LARGE_MEMORY_MODEL )
 0000                 mov reg[IDX_PP], @PG_NUMBER
 0000              ENDIF
 0000              macro RAM_SETPAGE_MVR( PG_NUMBER )
 0000              IF ( SYSTEM_LARGE_MEMORY_MODEL )
 0000                 mov reg[MVR_PP], @PG_NUMBER
 0000              ENDIF
 0000              macro RAM_SETPAGE_MVW( PG_NUMBER )
 0000              IF ( SYSTEM_LARGE_MEMORY_MODEL )
 0000                 mov reg[MVW_PP], @PG_NUMBER
 0000              ENDIF
 0000              macro RAM_SETPAGE_IDX2STK
 0000              IF ( SYSTEM_LARGE_MEMORY_MODEL )
 0000                 IF ( SYSTEM_MULTIPAGE_STACK )
 0000                    mov   A, reg[STK_PP]
 0000                    mov   reg[IDX_PP], A
 0000                 ELSE
 0000                    RAM_SETPAGE_IDX SYSTEM_STACK_PAGE
 0000                 ENDIF
 0000              ENDIF
 0000              macro RAM_CHANGE_PAGE_MODE( MODE )
 0000              IF ( SYSTEM_LARGE_MEMORY_MODEL )
 0000                 and   F, ~FLAG_PGMODE_MASK        ; NOTE: transition thru 00b state
 0000                 or    F,  FLAG_PGMODE_MASK & @MODE
 0000              ENDIF
 0000              macro RAM_SET_NATIVE_PAGING
 0000              IF ( SYSTEM_LARGE_MEMORY_MODEL )
 0000              IF ( SYSTEM_IDXPG_TRACKS_STK_PP )
 0000                 or    F,  FLAG_PGMODE_11b            ; LMM w/ IndexPage<==>StackPage
 0000              ENDIF ;  PGMODE LOCKED
 0000              IF ( SYSTEM_IDXPG_TRACKS_IDX_PP )
 0000                 or    F,  FLAG_PGMODE_10b            ; LMM with independent IndexPage
 0000              ENDIF ; PGMODE FREE
 0000              ENDIF ; SYSTEM_LARGE_MEMORY_MODEL
 0000              macro RAM_RESTORE_NATIVE_PAGING
 0000              IF ( SYSTEM_LARGE_MEMORY_MODEL )
 0000              IF ( SYSTEM_IDXPG_TRACKS_STK_PP )
 0000                 RAM_CHANGE_PAGE_MODE FLAG_PGMODE_11b ; LMM w/ IndexPage<==>StackPage
 0000              ENDIF ;  PGMODE LOCKED
 0000              IF ( SYSTEM_IDXPG_TRACKS_IDX_PP )
 0000                 RAM_CHANGE_PAGE_MODE FLAG_PGMODE_10b ; LMM with independent IndexPage
 0000              ENDIF ; PGMODE FREE
 0000              ENDIF ; SYSTEM_LARGE_MEMORY_MODEL
 0000              macro RAM_X_POINTS_TO_STACKPAGE
 0000              IF ( SYSTEM_LARGE_MEMORY_MODEL )
 0000                 or   F, FLAG_PGMODE_01b
 0000              ENDIF ;  SYSTEM_LARGE_MEMORY_MODEL
 0000              macro RAM_X_POINTS_TO_INDEXPAGE
 0000              IF ( SYSTEM_LARGE_MEMORY_MODEL )
 0000                 and  F, ~FLAG_PGMODE_01b
 0000              ENDIF ;  SYSTEM_LARGE_MEMORY_MODEL
 0000              macro RAM_PROLOGUE( ACTUAL_CLASS )
 0000           
 0000              IF ( @ACTUAL_CLASS & RAM_USE_CLASS_1 )
 0000              ; Nothing to do
 0000              ENDIF ; RAM_USE_CLASS_1
 0000           
 0000              IF ( @ACTUAL_CLASS & RAM_USE_CLASS_2 )
 0000                 IF ( SYSTEM_IDXPG_TRACKS_IDX_PP )
 0000                    RAM_X_POINTS_TO_STACKPAGE         ; exit native paging mode!
 0000                 ENDIF
 0000              ENDIF ; RAM_USE_CLASS_2
 0000           
 0000              IF ( @ACTUAL_CLASS & RAM_USE_CLASS_3 )
 0000                 IF ( SYSTEM_IDXPG_TRACKS_STK_PP )
 0000                    RAM_X_POINTS_TO_INDEXPAGE         ; exit native paging mode!
 0000                 ENDIF
 0000              ENDIF ; RAM_USE_CLASS_3
 0000           
 0000              IF ( @ACTUAL_CLASS & RAM_USE_CLASS_4 )
 0000              ; Nothing to do
 0000              ENDIF ; RAM_USE_CLASS_4
 0000           
 0000              macro RAM_EPILOGUE( ACTUAL_CLASS )
 0000           
 0000              IF ( @ACTUAL_CLASS & RAM_USE_CLASS_1 )
 0000              ; Nothing to do
 0000              ENDIF ; RAM_USE_CLASS_1
 0000           
 0000              IF ( @ACTUAL_CLASS & RAM_USE_CLASS_2 )
 0000                 RAM_RESTORE_NATIVE_PAGING
 0000              ENDIF ; RAM_USE_CLASS_2
 0000           
 0000              IF ( @ACTUAL_CLASS & RAM_USE_CLASS_3 )
 0000                 RAM_RESTORE_NATIVE_PAGING
 0000              ENDIF ; RAM_USE_CLASS_3
 0000           
 0000              IF ( @ACTUAL_CLASS & RAM_USE_CLASS_4 )
 0000              ; Nothing to do
 0000              ENDIF ; RAM_USE_CLASS_4
 0000           
 0000              macro REG_PRESERVE( IOReg )
 0000              mov   A, reg[ @IOReg ]
 0000              push  A
 0000              macro REG_RESTORE( IOReg )
 0000              pop   A
 0000              mov   reg[ @IOReg ], A
 0000              macro ISR_PRESERVE_PAGE_POINTERS
 0000              IF ( SYSTEM_LARGE_MEMORY_MODEL )
 0000                 REG_PRESERVE CUR_PP
 0000                 REG_PRESERVE IDX_PP
 0000                 REG_PRESERVE MVR_PP
 0000                 REG_PRESERVE MVW_PP
 0000              ENDIF
 0000              macro ISR_RESTORE_PAGE_POINTERS
 0000              IF ( SYSTEM_LARGE_MEMORY_MODEL )
 0000                 REG_RESTORE MVW_PP
 0000                 REG_RESTORE MVR_PP
 0000                 REG_RESTORE IDX_PP
 0000                 REG_RESTORE CUR_PP
 0000              ENDIF
 0010           FLAG_XIO_MASK:  equ 10h
 0008           FLAG_SUPER:     equ 08h
 0004           FLAG_CARRY:     equ 04h
 0002           FLAG_ZERO:      equ 02h
 0001           FLAG_GLOBAL_IE: equ 01h
 0000           
 0000           
 0000           ;;=============================================================================
 0000           ;;      Register Space, Bank 0
 0000           ;;=============================================================================
 0000           
 0000           ;------------------------------------------------
 0000           ;  Port Registers
 0000           ;  Note: Also see this address range in Bank 1.
 0000           ;------------------------------------------------
 0000           ; Port 0
 0000           PRT0DR:       equ 00h          ; Port 0 Data Register                     (RW)
 0001           PRT0IE:       equ 01h          ; Port 0 Interrupt Enable Register         (RW)
 0002           PRT0GS:       equ 02h          ; Port 0 Global Select Register            (RW)
 0003           PRT0DM2:      equ 03h          ; Port 0 Drive Mode 2                      (RW)
 0000           ; Port 1
 0004           PRT1DR:       equ 04h          ; Port 1 Data Register                     (RW)
 0005           PRT1IE:       equ 05h          ; Port 1 Interrupt Enable Register         (RW)
 0006           PRT1GS:       equ 06h          ; Port 1 Global Select Register            (RW)
 0007           PRT1DM2:      equ 07h          ; Port 1 Drive Mode 2                      (RW)
 0000           ; Port 2
 0008           PRT2DR:       equ 08h          ; Port 2 Data Register                     (RW)
 0009           PRT2IE:       equ 09h          ; Port 2 Interrupt Enable Register         (RW)
 000A           PRT2GS:       equ 0Ah          ; Port 2 Global Select Register            (RW)
 000B           PRT2DM2:      equ 0Bh          ; Port 2 Drive Mode 2                      (RW)
 0000           
 0000           ;------------------------------------------------
 0000           ;  Digital PSoC(tm) block Registers
 0000           ;  Note: Also see this address range in Bank 1.
 0000           ;------------------------------------------------
 0000           ; Digital PSoC block 00, Basic Type B
 0020           DBB00DR0:     equ 20h          ; data register 0                          (#)
 0021           DBB00DR1:     equ 21h          ; data register 1                          (W)
 0022           DBB00DR2:     equ 22h          ; data register 2                          (RW)
 0023           DBB00CR0:     equ 23h          ; control & status register 0              (#)
 0000           
 0000           ; Digital PSoC block 01, Basic Type B
 0024           DBB01DR0:     equ 24h          ; data register 0                          (#)
 0025           DBB01DR1:     equ 25h          ; data register 1                          (W)
 0026           DBB01DR2:     equ 26h          ; data register 2                          (RW)
 0027           DBB01CR0:     equ 27h          ; control & status register 0              (#)
 0000           
 0000           ; Digital PSoC block 02, Communications Type B
 0028           DCB02DR0:     equ 28h          ; data register 0                          (#)
 0029           DCB02DR1:     equ 29h          ; data register 1                          (W)
 002A           DCB02DR2:     equ 2Ah          ; data register 2                          (RW)
 002B           DCB02CR0:     equ 2Bh          ; control & status register 0              (#)
 0000           
 0000           ; Digital PSoC block 03, Communications Type B
 002C           DCB03DR0:     equ 2Ch          ; data register 0                          (#)
 002D           DCB03DR1:     equ 2Dh          ; data register 1                          (W)
 002E           DCB03DR2:     equ 2Eh          ; data register 2                          (RW)
 002F           DCB03CR0:     equ 2Fh          ; control & status register 0              (#)
 0000           
 0000           ;-------------------------------------
 0000           ;  Analog Resource Control Registers
 0000           ;-------------------------------------
 0060           AMX_IN:       equ 60h          ; Analog Input Multiplexor Control         (RW)
 000C           AMX_IN_ACI1:          equ 0Ch    ; MASK: column 1 input mux
 0003           AMX_IN_ACI0:          equ 03h    ; MASK: column 0 input mux
 0000           
 0063           ARF_CR:       equ 63h          ; Analog Reference Control Register        (RW)
 0040           ARF_CR_HBE:           equ 40h    ; MASK: Bias level control
 0038           ARF_CR_REF:           equ 38h    ; MASK: Analog Reference controls
 0007           ARF_CR_REFPWR:        equ 07h    ; MASK: Analog Reference power
 0004           ARF_CR_APWR:          equ 04h    ; MASK: use deprecated; see datasheet
 0003           ARF_CR_SCPWR:         equ 03h    ; MASK: Switched Cap block power
 0000           
 0064           CMP_CR0:      equ 64h          ; Analog Comparator Bus 0 Register         (#)
 0020           CMP_CR0_COMP1:        equ 20h    ; MASK: Column 1 comparator state        (R)
 0010           CMP_CR0_COMP0:        equ 10h    ; MASK: Column 0 comparator state        (R)
 0002           CMP_CR0_AINT1:        equ 02h    ; MASK: Column 1 interrupt source        (RW)
 0001           CMP_CR0_AINT0:        equ 01h    ; MASK: Column 0 interrupt source        (RW)
 0000           
 0065           ASY_CR:       equ 65h          ; Analog Synchronizaton Control            (#)
 0070           ASY_CR_SARCOUNT:      equ 70h    ; MASK: SAR support: resolution count    (W)
 0008           ASY_CR_SARSIGN:       equ 08h    ; MASK: SAR support: sign                (RW)
 0006           ASY_CR_SARCOL:        equ 06h    ; MASK: SAR support: column spec         (RW)
 0001           ASY_CR_SYNCEN:        equ 01h    ; MASK: Stall bit                        (RW)
 0000           
 0066           CMP_CR1:      equ 66h          ; Analog Comparator Bus 1 Register         (RW)
 0020           CMP_CR1_ASYNCH1:      equ 20h    ; MASK: Column 1 comparator bus synch
 0010           CMP_CR1_ASYNCH0:      equ 10h    ; MASK: Column 0 comparator bus synch
 0000           
 0000           ;---------------------------------------------------
 0000           ;  Analog PSoC block Registers
 0000           ;
 0000           ;  Note: the following registers are mapped into
 0000           ;  both register bank 0 AND register bank 1.
 0000           ;---------------------------------------------------
 0000           
 0000           ; Continuous Time PSoC block Type B Row 0 Col 0
 0070           ACB00CR3:     equ 70h          ; Control register 3                       (RW)
 0071           ACB00CR0:     equ 71h          ; Control register 0                       (RW)
 0072           ACB00CR1:     equ 72h          ; Control register 1                       (RW)
 0073           ACB00CR2:     equ 73h          ; Control register 2                       (RW)
 0000           
 0000           ; Continuous Time PSoC block Type B Row 0 Col 1
 0074           ACB01CR3:     equ 74h          ; Control register 3                       (RW)
 0075           ACB01CR0:     equ 75h          ; Control register 0                       (RW)
 0076           ACB01CR1:     equ 76h          ; Control register 1                       (RW)
 0077           ACB01CR2:     equ 77h          ; Control register 2                       (RW)
 0000           
 0000           ; Switched Cap PSoC blockType C Row 1 Col 0
 0080           ASC10CR0:     equ 80h          ; Control register 0                       (RW)
 0081           ASC10CR1:     equ 81h          ; Control register 1                       (RW)
 0082           ASC10CR2:     equ 82h          ; Control register 2                       (RW)
 0083           ASC10CR3:     equ 83h          ; Control register 3                       (RW)
 0000           
 0000           ; Switched Cap PSoC blockType D Row 1 Col 1
 0084           ASD11CR0:     equ 84h          ; Control register 0                       (RW)
 0085           ASD11CR1:     equ 85h          ; Control register 1                       (RW)
 0086           ASD11CR2:     equ 86h          ; Control register 2                       (RW)
 0087           ASD11CR3:     equ 87h          ; Control register 3                       (RW)
 0000           
 0000           ; Switched Cap PSoC blockType D Row 2 Col 0
 0090           ASD20CR0:     equ 90h          ; Control register 0                       (RW)
 0091           ASD20CR1:     equ 91h          ; Control register 1                       (RW)
 0092           ASD20CR2:     equ 92h          ; Control register 2                       (RW)
 0093           ASD20CR3:     equ 93h          ; Control register 3                       (RW)
 0000           
 0000           ; Switched Cap PSoC blockType C Row 2 Col 1
 0094           ASC21CR0:     equ 94h          ; Control register 0                       (RW)
 0095           ASC21CR1:     equ 95h          ; Control register 1                       (RW)
 0096           ASC21CR2:     equ 96h          ; Control register 2                       (RW)
 0097           ASC21CR3:     equ 97h          ; Control register 3                       (RW)
 0000           
 0000           ;------------------------------------------------
 0000           ;  Row Digital Interconnects
 0000           ;
 0000           ;  Note: the following registers are mapped into
 0000           ;  both register bank 0 AND register bank 1.
 0000           ;------------------------------------------------
 0000           
 00B0           RDI0RI:       equ B0h          ; Row Digital Interconnect Row 0 Input Reg (RW)
 00B1           RDI0SYN:      equ B1h          ; Row Digital Interconnect Row 0 Sync Reg  (RW)
 00B2           RDI0IS:       equ B2h          ; Row 0 Input Select Register              (RW)
 00B3           RDI0LT0:      equ B3h          ; Row 0 Look Up Table Register 0           (RW)
 00B4           RDI0LT1:      equ B4h          ; Row 0 Look Up Table Register 1           (RW)
 00B5           RDI0RO0:      equ B5h          ; Row 0 Output Register 0                  (RW)
 00B6           RDI0RO1:      equ B6h          ; Row 0 Output Register 1                  (RW)
 0000           
 0000           ;------------------------------------------------
 0000           ;  I2C Configuration Registers
 0000           ;------------------------------------------------
 00D6           I2C_CFG:      equ D6h          ; I2C Configuration Register               (RW)
 0040           I2C_CFG_PINSEL:         equ 40h  ; MASK: Select P1[0] and P1[1] for I2C
 0020           I2C_CFG_BUSERR_IE:      equ 20h  ; MASK: Enable interrupt on Bus Error
 0010           I2C_CFG_STOP_IE:        equ 10h  ; MASK: Enable interrupt on Stop
 0000           I2C_CFG_CLK_RATE_100K:  equ 00h  ; MASK: I2C clock set at 100K
 0004           I2C_CFG_CLK_RATE_400K:  equ 04h  ; MASK: I2C clock set at 400K
 0008           I2C_CFG_CLK_RATE_50K:   equ 08h  ; MASK: I2C clock set at 50K
 000C           I2C_CFG_CLK_RATE_1M6:   equ 0Ch  ; MASK: I2C clock set at 1.6M
 000C           I2C_CFG_CLK_RATE:       equ 0Ch  ; MASK: I2C clock rate setting mask
 0002           I2C_CFG_PSELECT_MASTER: equ 02h  ; MASK: Enable I2C Master
 0001           I2C_CFG_PSELECT_SLAVE:  equ 01h  ; MASK: Enable I2C Slave
 0000           
 00D7           I2C_SCR:      equ D7h          ; I2C Status and Control Register          (#)
 0080           I2C_SCR_BUSERR:        equ 80h   ; MASK: I2C Bus Error detected           (RC)
 0040           I2C_SCR_LOSTARB:       equ 40h   ; MASK: I2C Arbitration lost             (RC)
 0020           I2C_SCR_STOP:          equ 20h   ; MASK: I2C Stop detected                (RC)
 0010           I2C_SCR_ACK:           equ 10h   ; MASK: ACK the last byte                (RW)
 0008           I2C_SCR_ADDR:          equ 08h   ; MASK: Address rcv'd is Slave address   (RC)
 0004           I2C_SCR_XMIT:          equ 04h   ; MASK: Set transfer to tranmit mode     (RW)
 0002           I2C_SCR_LRB:           equ 02h   ; MASK: Last recieved bit                (RC)
 0001           I2C_SCR_BYTECOMPLETE:  equ 01h   ; MASK: Transfer of byte complete        (RC)
 0000           
 00D8           I2C_DR:       equ D8h          ; I2C Data Register                        (RW)
 0000           
 00D9           I2C_MSCR:     equ D9h          ; I2C Master Status and Control Register   (#)
 0008           I2C_MSCR_BUSY:         equ 08h   ; MASK: I2C Busy (Start detected)        (R)
 0004           I2C_MSCR_MODE:         equ 04h   ; MASK: Start has been generated         (R)
 0002           I2C_MSCR_RESTART:      equ 02h   ; MASK: Generate a Restart condition     (RW)
 0001           I2C_MSCR_START:        equ 01h   ; MASK: Generate a Start condition       (RW)
 0000           
 0000           ;------------------------------------------------
 0000           ;  System and Global Resource Registers
 0000           ;------------------------------------------------
 00DA           INT_CLR0:     equ DAh          ; Interrupt Clear Register 0               (RW)
 0000                                          ; Use INT_MSK0 bit field masks
 00DB           INT_CLR1:     equ DBh          ; Interrupt Clear Register 1               (RW)
 0000                                          ; Use INT_MSK1 bit field masks
 00DD           INT_CLR3:     equ DDh          ; Interrupt Clear Register 3               (RW)
 0000                                          ; Use INT_MSK3 bit field masks
 0000           
 00DE           INT_MSK3:     equ DEh          ; I2C and Software Mask Register           (RW)
 0080           INT_MSK3_ENSWINT:          equ 80h ; MASK: enable/disable SW interrupt
 0001           INT_MSK3_I2C:              equ 01h ; MASK: enable/disable I2C interrupt
 0000           
 00E0           INT_MSK0:     equ E0h          ; General Interrupt Mask Register          (RW)
 0080           INT_MSK0_VC3:              equ 80h ; MASK: enable/disable VC3 interrupt
 0040           INT_MSK0_SLEEP:            equ 40h ; MASK: enable/disable sleep interrupt
 0020           INT_MSK0_GPIO:             equ 20h ; MASK: enable/disable GPIO  interrupt
 0004           INT_MSK0_ACOLUMN_1:        equ 04h ; MASK: enable/disable Analog col 1 interrupt
 0002           INT_MSK0_ACOLUMN_0:        equ 02h ; MASK: enable/disable Analog col 0 interrupt
 0001           INT_MSK0_VOLTAGE_MONITOR:  equ 01h ; MASK: enable/disable Volts interrupt
 0000           
 00E1           INT_MSK1:     equ E1h          ; Digital PSoC block Mask Register         (RW)
 0008           INT_MSK1_DCB03:            equ 08h ; MASK: enable/disable DCB03 block interrupt
 0004           INT_MSK1_DCB02:            equ 04h ; MASK: enable/disable DCB02 block interrupt
 0002           INT_MSK1_DBB01:            equ 02h ; MASK: enable/disable DBB01 block interrupt
 0001           INT_MSK1_DBB00:            equ 01h ; MASK: enable/disable DBB00 block interrupt
 0000           
 00E2           INT_VC:       equ E2h          ; Interrupt vector register                (RC)
 00E3           RES_WDT:      equ E3h          ; Watch Dog Timer Register                 (W)
 0000           
 0000           ; DECIMATOR Registers
 00E4           DEC_DH:       equ E4h          ; Data Register (high byte)                (RC)
 00E5           DEC_DL:       equ E5h          ; Data Register ( low byte)                (RC)
 00E6           DEC_CR0:      equ E6h          ; Data Control Register 0                  (RW)
 00E7           DEC_CR1:      equ E7h          ; Data Control Register 1                  (RW)
 0000           
 0000           ; Multiplier and MAC (Multiply/Accumulate) Unit
 00E8           MUL_X:        equ E8h          ; Multiplier X Register (write)            (W)
 00E9           MUL_Y:        equ E9h          ; Multiplier Y Register (write)            (W)
 00EA           MUL_DH:       equ EAh          ; Multiplier Result Data (high byte read)  (R)
 00EB           MUL_DL:       equ EBh          ; Multiplier Result Data ( low byte read)  (R)
 00EC           MAC_X:        equ ECh          ; write = MAC X register [also see ACC_DR1]
 00EC           ACC_DR1:      equ MAC_X        ; read =  MAC Accumulator, byte 1          (RW)
 00ED           MAC_Y:        equ EDh          ; write = MAC Y register [also see ACC_DR0]
 00ED           ACC_DR0:      equ MAC_Y        ; read =  MAC Accumulator, byte 0          (RW)
 00EE           MAC_CL0:      equ EEh          ; write = MAC Clear Accum [also see ACC_DR3]
 00EE           ACC_DR3:      equ MAC_CL0      ; read =  MAC Accumulator, byte 3          (RW)
 00EF           MAC_CL1:      equ EFh          ; write = MAC Clear Accum [also see ACC_DR2]
 00EF           ACC_DR2:      equ MAC_CL1      ; read =  MAC Accumulator, byte 2          (RW)
 0000           
 0000           ;------------------------------------------------------
 0000           ;  System Status and Control Registers
 0000           ;
 0000           ;  Note: The following registers are mapped into both
 0000           ;        register bank 0 AND register bank 1.
 0000           ;------------------------------------------------------
 00F7           CPU_F:        equ F7h          ; CPU Flag Register Access                 (RO)
 0000                                              ; Use FLAG_ masks defined at top of file
 0000           
 00FE           CPU_SCR1:     equ FEh          ; CPU Status and Control Register #1       (#)
 0010           CPU_SCR1_SLIMO:         equ 10h	   ; MASK: Slow IMO (internal main osc) enable
 0080           CPU_SCR1_IRESS:         equ 80h    ; MASK: flag, Internal Reset Status bit
 0008           CPU_SCR1_ECO_ALWD_WR:   equ 08h    ; MASK: flag, ECO allowed has been written
 0004           CPU_SCR1_ECO_ALLOWED:   equ 04h    ; MASK: ECO allowed to be enabled
 0001           CPU_SCR1_IRAMDIS:       equ 01h    ; MASK: Disable RAM initialization on WDR
 0000           
 00FF           CPU_SCR0:     equ FFh          ; CPU Status and Control Register #2       (#)
 0080           CPU_SCR0_GIE_MASK:      equ 80h    ; MASK: Global Interrupt Enable shadow
 0020           CPU_SCR0_WDRS_MASK:     equ 20h    ; MASK: Watch Dog Timer Reset
 0010           CPU_SCR0_PORS_MASK:     equ 10h    ; MASK: power-on reset bit PORS
 0008           CPU_SCR0_SLEEP_MASK:    equ 08h    ; MASK: Enable Sleep
 0001           CPU_SCR0_STOP_MASK:     equ 01h    ; MASK: Halt CPU bit
 0000           
 0000           
 0000           ;;=============================================================================
 0000           ;;      Register Space, Bank 1
 0000           ;;=============================================================================
 0000           
 0000           ;------------------------------------------------
 0000           ;  Port Registers
 0000           ;  Note: Also see this address range in Bank 0.
 0000           ;------------------------------------------------
 0000           ; Port 0
 0000           PRT0DM0:      equ 00h          ; Port 0 Drive Mode 0                      (RW)
 0001           PRT0DM1:      equ 01h          ; Port 0 Drive Mode 1                      (RW)
 0002           PRT0IC0:      equ 02h          ; Port 0 Interrupt Control 0               (RW)
 0003           PRT0IC1:      equ 03h          ; Port 0 Interrupt Control 1               (RW)
 0000           
 0000           ; Port 1
 0004           PRT1DM0:      equ 04h          ; Port 1 Drive Mode 0                      (RW)
 0005           PRT1DM1:      equ 05h          ; Port 1 Drive Mode 1                      (RW)
 0006           PRT1IC0:      equ 06h          ; Port 1 Interrupt Control 0               (RW)
 0007           PRT1IC1:      equ 07h          ; Port 1 Interrupt Control 1               (RW)
 0000           
 0000           ; Port 2
 0008           PRT2DM0:      equ 08h          ; Port 2 Drive Mode 0                      (RW)
 0009           PRT2DM1:      equ 09h          ; Port 2 Drive Mode 1                      (RW)
 000A           PRT2IC0:      equ 0Ah          ; Port 2 Interrupt Control 0               (RW)
 000B           PRT2IC1:      equ 0Bh          ; Port 2 Interrupt Control 1               (RW)
 0000           
 0000           ;------------------------------------------------
 0000           ;  Digital PSoC(tm) block Registers
 0000           ;  Note: Also see this address range in Bank 0.
 0000           ;------------------------------------------------
 0000           
 0000           ; Digital PSoC block 00, Basic Type B
 0020           DBB00FN:      equ 20h          ; Function Register                        (RW)
 0021           DBB00IN:      equ 21h          ;    Input Register                        (RW)
 0022           DBB00OU:      equ 22h          ;   Output Register                        (RW)
 0000           
 0000           ; Digital PSoC block 01, Basic Type B
 0024           DBB01FN:      equ 24h          ; Function Register                        (RW)
 0025           DBB01IN:      equ 25h          ;    Input Register                        (RW)
 0026           DBB01OU:      equ 26h          ;   Output Register                        (RW)
 0000           
 0000           ; Digital PSoC block 02, Communications Type B
 0028           DCB02FN:      equ 28h          ; Function Register                        (RW)
 0029           DCB02IN:      equ 29h          ;    Input Register                        (RW)
 002A           DCB02OU:      equ 2Ah          ;   Output Register                        (RW)
 0000           
 0000           ; Digital PSoC block 03, Communications Type B
 002C           DCB03FN:      equ 2Ch          ; Function Register                        (RW)
 002D           DCB03IN:      equ 2Dh          ;    Input Register                        (RW)
 002E           DCB03OU:      equ 2Eh          ;   Output Register                        (RW)
 0000           
 0000           ;------------------------------------------------
 0000           ;  System and Global Resource Registers
 0000           ;  Note: Also see this address range in Bank 0.
 0000           ;------------------------------------------------
 0000           
 0060           CLK_CR0:      equ 60h          ; Analog Column Clock Select Register 0    (RW)
 000C           CLK_CR0_ACOLUMN_1:    equ 0Ch    ; MASK: Specify clock for analog cloumn
 0003           CLK_CR0_ACOLUMN_0:    equ 03h    ; MASK: Specify clock for analog cloumn
 0000           
 0061           CLK_CR1:      equ 61h          ; Analog Clock Source Select Register 1    (RW)
 0040           CLK_CR1_SHDIS:        equ 40h    ; MASK: Sample and Hold Disable (all Columns)
 0038           CLK_CR1_ACLK1:        equ 38h    ; MASK: Digital PSoC block for analog source
 0007           CLK_CR1_ACLK2:        equ 07h    ; MASK: Digital PSoC block for analog source
 0000           
 0062           ABF_CR0:      equ 62h          ; Analog Output Buffer Control Register 0  (RW)
 0080           ABF_CR0_ACOL1MUX:     equ 80h    ; MASK: Analog Column 1 Mux control
 0020           ABF_CR0_ABUF1EN:      equ 20h    ; MASK: Enable ACol 1 analog buffer (P0[5])
 0008           ABF_CR0_ABUF0EN:      equ 08h    ; MASK: Enable ACol 0 analog buffer (P0[3])
 0002           ABF_CR0_BYPASS:       equ 02h    ; MASK: Bypass the analog buffers
 0001           ABF_CR0_PWR:          equ 01h    ; MASK: High power mode on all analog buffers
 0000           
 0063           AMD_CR0:      equ 63h          ; Analog Modulator Control Register 0      (RW)
 0070           AMD_CR0_AMOD2:        equ 70h    ; MASK: Modulation source for analog column 2
 0007           AMD_CR0_AMOD0:        equ 07h    ; MASK: Modulation source for analog column 1
 0000           
 0066           AMD_CR1:      equ 66h          ; Analog Modulator Control Register 1      (RW)
 0070           AMD_CR1_AMOD3:        equ 70h    ; MASK: Modulation ctrl for analog column 3
 0007           AMD_CR1_AMOD1:        equ 07h    ; MASK: Modulation ctrl for analog column 1
 0000           
 0067           ALT_CR0:      equ 67h          ; Analog Look Up Table (LUT) Register 0    (RW)
 00F0           ALT_CR0_LUT1:         equ F0h    ; MASK: Look up table 1 selection
 000F           ALT_CR0_LUT0:         equ 0Fh    ; MASK: Look up table 0 selection
 0000           
 0068           ALT_CR1:      equ 68h          ; Analog Look Up Table (LUT) Register 1    (RW)
 00F0           ALT_CR1_LUT3:         equ F0h    ; MASK: Look up table 3 selection
 000F           ALT_CR1_LUT2:         equ 0Fh    ; MASK: Look up table 2 selection
 0000           
 0069           CLK_CR2:      equ 69h          ; Analog Clock Source Control Register 2   (RW)
 0008           CLK_CR2_ACLK1R:       equ 08h    ; MASK: Analog Clock 1 selection range
 0001           CLK_CR2_ACLK0R:       equ 01h    ; MASK: Analog Clock 0 selection range
 0000           
 0000           ;------------------------------------------------
 0000           ;  Global Digital Interconnects
 0000           ;------------------------------------------------
 0000           
 00D0           GDI_O_IN:     equ D0h          ; Global Dig Interconnect Odd Inputs Reg   (RW)
 00D1           GDI_E_IN:     equ D1h          ; Global Dig Interconnect Even Inputs Reg  (RW)
 00D2           GDI_O_OU:     equ D2h          ; Global Dig Interconnect Odd Outputs Reg  (RW)
 00D3           GDI_E_OU:     equ D3h          ; Global Dig Interconnect Even Outputs Reg (RW)
 0000           
 0000           ;------------------------------------------------
 0000           ;  Clock and System Control Registers
 0000           ;------------------------------------------------
 0000           
 00DD           OSC_GO_EN:    equ DDh          ; Oscillator to Global Outputs Enable Register (RW)
 0080           OSC_GOEN_SLPINT:      equ 80h	 ; Enable Sleep Timer onto GOE[7]
 0040           OSC_GOEN_VC3:         equ 40h    ; Enable VC3 onto GOE[6]
 0020           OSC_GOEN_VC2:         equ 20h    ; Enable VC2 onto GOE[5]
 0010           OSC_GOEN_VC1:         equ 10h    ; Enable VC1 onto GOE[4]
 0008           OSC_GOEN_SYSCLKX2:    equ 08h    ; Enable 2X SysClk onto GOE[3]
 0004           OSC_GOEN_SYSCLK:      equ 04h    ; Enable 1X SysClk onto GOE[2]
 0002           OSC_GOEN_CLK24M:      equ 02h    ; Enable 24 MHz clock onto GOE[1]
 0001           OSC_GOEN_CLK32K:      equ 01h    ; Enable 32 kHz clock onto GOE[0]
 0000           
 00DE           OSC_CR4:      equ DEh          ; Oscillator Control Register 4            (RW)
 0003           OSC_CR4_VC3:          equ 03h    ; MASK: System VC3 Clock source
 0000           
 00DF           OSC_CR3:      equ DFh          ; Oscillator Control Register 3            (RW)
 0000           
 00E0           OSC_CR0:      equ E0h          ; System Oscillator Control Register 0     (RW)
 0080           OSC_CR0_32K_SELECT:   equ 80h    ; MASK: Enable/Disable External XTAL Osc
 0040           OSC_CR0_PLL_MODE:     equ 40h    ; MASK: Enable/Disable PLL
 0020           OSC_CR0_NO_BUZZ:      equ 20h    ; MASK: Bandgap always powered/BUZZ bandgap
 0018           OSC_CR0_SLEEP:        equ 18h    ; MASK: Set Sleep timer freq/period
 0000           OSC_CR0_SLEEP_512Hz:  equ 00h    ;     Set sleep bits for 1.95ms period
 0008           OSC_CR0_SLEEP_64Hz:   equ 08h    ;     Set sleep bits for 15.6ms period
 0010           OSC_CR0_SLEEP_8Hz:    equ 10h    ;     Set sleep bits for 125ms period
 0018           OSC_CR0_SLEEP_1Hz:    equ 18h    ;     Set sleep bits for 1 sec period
 0007           OSC_CR0_CPU:          equ 07h    ; MASK: Set CPU Frequency
 0000           OSC_CR0_CPU_3MHz:     equ 00h    ;     set CPU Freq bits for 3MHz Operation
 0001           OSC_CR0_CPU_6MHz:     equ 01h    ;     set CPU Freq bits for 6MHz Operation
 0002           OSC_CR0_CPU_12MHz:    equ 02h    ;     set CPU Freq bits for 12MHz Operation
 0003           OSC_CR0_CPU_24MHz:    equ 03h    ;     set CPU Freq bits for 24MHz Operation
 0004           OSC_CR0_CPU_1d5MHz:   equ 04h    ;     set CPU Freq bits for 1.5MHz Operation
 0005           OSC_CR0_CPU_750kHz:   equ 05h    ;     set CPU Freq bits for 750kHz Operation
 0006           OSC_CR0_CPU_187d5kHz: equ 06h    ;     set CPU Freq bits for 187.5kHz Operation
 0007           OSC_CR0_CPU_93d7kHz:  equ 07h    ;     set CPU Freq bits for 93.7kHz Operation
 0000           
 00E1           OSC_CR1:      equ E1h          ; System VC1/VC2 Divider Control Register  (RW)
 00F0           OSC_CR1_VC1:          equ F0h    ; MASK: System VC1 24MHz/External Clk divider
 000F           OSC_CR1_VC2:          equ 0Fh    ; MASK: System VC2 24MHz/External Clk divider
 0000           
 00E2           OSC_CR2:      equ E2h          ; Oscillator Control Register 2            (RW)
 0080           OSC_CR2_PLLGAIN:      equ 80h    ; MASK: High/Low gain
 0004           OSC_CR2_EXTCLKEN:     equ 04h    ; MASK: Enable/Disable External Clock
 0002           OSC_CR2_IMODIS:       equ 02h    ; MASK: Enable/Disable System (IMO) Clock Net
 0001           OSC_CR2_SYSCLKX2DIS:  equ 01h    ; MASK: Enable/Disable 48MHz clock source
 0000           
 00E3           VLT_CR:       equ E3h          ; Voltage Monitor Control Register         (RW)
 0080           VLT_CR_SMP:           equ 80h    ; MASK: Enable Switch Mode Pump
 0030           VLT_CR_PORLEV:        equ 30h    ; MASK: Mask for Power on Reset level control
 0000           VLT_CR_POR_LOW:       equ 00h    ;   Lowest  Precision Power-on Reset trip point
 0010           VLT_CR_POR_MID:       equ 10h    ;   Middle  Precision Power-on Reset trip point
 0020           VLT_CR_POR_HIGH:      equ 20h    ;   Highest Precision Power-on Reset trip point
 0008           VLT_CR_LVDTBEN:       equ 08h    ; MASK: Enable the CPU Throttle Back on LVD
 0007           VLT_CR_VM:            equ 07h    ; MASK: Mask for Voltage Monitor level setting
 0000           VLT_CR_3V0_POR:       equ 00h    ; -- deprecated symbols --
 0010           VLT_CR_4V5_POR:       equ 10h    ;    deprecated
 0020           VLT_CR_4V75_POR:      equ 20h    ;    deprecated
 0030           VLT_CR_DISABLE:       equ 30h    ;    deprecated
 0000           
 00E4           VLT_CMP:      equ E4h          ; Voltage Monitor Comparators Register     (R)
 0004           VLT_CMP_PUMP:         equ 04h    ; MASK: Vcc below SMP trip level
 0002           VLT_CMP_LVD:          equ 02h    ; MASK: Vcc below LVD trip level
 0001           VLT_CMP_PPOR:         equ 01h    ; MASK: Vcc below PPOR trip level
 0000           
 00E8           IMO_TR:       equ E8h          ; Internal Main Oscillator Trim Register   (W)
 00E9           ILO_TR:       equ E9h          ; Internal Low-speed Oscillator Trim       (W)
 00EA           BDG_TR:       equ EAh          ; Band Gap Trim Register                   (W)
 00EB           ECO_TR:       equ EBh          ; External Oscillator Trim Register        (W)
 0000           
 0000           ;;=============================================================================
 0000           ;;      M8C System Macros
 0000           ;;  These macros should be used when their functions are needed.
 0000           ;;=============================================================================
 0000           
 0000           ;----------------------------------------------------
 0000           ;  Swapping Register Banks
 0000           ;----------------------------------------------------
 0000               macro M8C_SetBank0
 0000               and   F, ~FLAG_XIO_MASK
 0000               macro M8C_SetBank1
 0000               or    F, FLAG_XIO_MASK
 0000               macro M8C_EnableGInt
 0000               or    F, FLAG_GLOBAL_IE
 0000               macro M8C_DisableGInt
 0000               and   F, ~FLAG_GLOBAL_IE
 0000               macro M8C_DisableIntMask
 0000               and   reg[@0], ~@1              ; disable specified interrupt enable bit
 0000               macro M8C_EnableIntMask
 0000               or    reg[@0], @1               ; enable specified interrupt enable bit
 0000               macro M8C_ClearIntFlag
 0000               mov   reg[@0], ~@1              ; clear specified interrupt enable bit
 0000               macro M8C_EnableWatchDog
 0000               and   reg[CPU_SCR0], ~CPU_SCR0_PORS_MASK
 0000               macro M8C_ClearWDT
 0000               mov   reg[RES_WDT], 00h
 0000               macro M8C_ClearWDTAndSleep
 0000               mov   reg[RES_WDT], 38h
 0000               macro M8C_Stall
 0000               or    reg[ASY_CR], ASY_CR_SYNCEN
 0000               macro M8C_Unstall
 0000               and   reg[ASY_CR], ~ASY_CR_SYNCEN
 0000               macro M8C_Sleep
 0000               or    reg[CPU_SCR0], CPU_SCR0_SLEEP_MASK
 0000               ; The next instruction to be executed depends on the state of the
 0000               ; various interrupt enable bits. If some interrupts are enabled
 0000               ; and the global interrupts are disabled, the next instruction will
 0000               ; be the one that follows the invocation of this macro. If global
 0000               ; interrupts are also enabled then the next instruction will be
 0000               ; from the interrupt vector table. If no interrupts are enabled
 0000               ; then the CPU sleeps forever.
 0000               macro M8C_Stop
 0000               ; In general, you probably don't want to do this, but here's how:
 0000               or    reg[CPU_SCR0], CPU_SCR0_STOP_MASK
 0000               ; Next instruction to be executed is located in the interrupt
 0000               ; vector table entry for Power-On Reset.
 0000               macro M8C_Reset
 0000               ; Restore CPU to the power-on reset state.
 0000               mov A, 0
 0000               SSC
 0000               ; Next non-supervisor instruction will be at interrupt vector 0.
 0000               macro Suspend_CodeCompressor
 0000               or   F, 0
 0000               macro Resume_CodeCompressor
 0000               add  SP, 0
                export  _UART_TX_ISR
                export  _UART_RX_ISR
                
                IF (UART_RXBUF_ENABLE)
                export  UART_aRxBuffer
                export _UART_aRxBuffer
                export  UART_bRxCnt
                export _UART_bRxCnt
                export  UART_fStatus
                export _UART_fStatus
                ENDIF
                
                
                ;-----------------------------------------------
                ; Variable Allocation
                ;-----------------------------------------------
                AREA InterruptRAM (RAM, REL, CON)
                
                IF (UART_RXBUF_ENABLE)
                 UART_fStatus:
                _UART_fStatus:      BLK  1
                 UART_bRxCnt:
                _UART_bRxCnt:       BLK  1
                AREA UART_RAM (RAM, REL, CON)
                 UART_aRxBuffer:
                _UART_aRxBuffer:    BLK UART_RX_BUFFER_SIZE
                ENDIF
                
                AREA InterruptRAM (RAM, REL, CON)
                
                ;@PSoC_UserCode_INIT@ (Do not change this line.)
                ;---------------------------------------------------
                ; Insert your custom declarations below this banner
                ;---------------------------------------------------
                
                ;------------------------
                ;  Includes
                ;------------------------
                
                
                ;------------------------
                ;  Constant Definitions
                ;------------------------
                
                
                ;------------------------
                ; Variable Allocation
                ;------------------------
                
                
                ;---------------------------------------------------
                ; Insert your custom declarations above this banner
                ;---------------------------------------------------
                ;@PSoC_UserCode_END@ (Do not change this line.)
                
                
                AREA UserModules (ROM, REL, CON)
                
                ;-----------------------------------------------------------------------------
                ;  FUNCTION NAME: _UART_TX_ISR
                ;
                ;  DESCRIPTION:
                ;     UART TX interrupt handler for instance UART.
                ;
                ;     This is a place holder function.  If the user requires use of an interrupt
                ;     handler for this function, then place code where specified.
                ;-----------------------------------------------------------------------------
                
 0000           _UART_TX_ISR:
 0000              ;@PSoC_UserCode_BODY_1@ (Do not change this line.)
 0000              ;---------------------------------------------------
 0000              ; Insert your custom code below this banner
 0000              ;---------------------------------------------------
 0000              ;   NOTE: interrupt service routines must preserve
 0000              ;   the values of the A and X CPU registers.
 0000              
 0000              ;---------------------------------------------------
 0000              ; Insert your custom code above this banner
 0000              ;---------------------------------------------------
 0000              ;@PSoC_UserCode_END@ (Do not change this line.)
 0000 7E           reti
 0001           
 0001           
 0001           ;-----------------------------------------------------------------------------
 0001           ;  FUNCTION NAME: _UART_RX_ISR
 0001           ;
 0001           ;  DESCRIPTION:
 0001           ;     UART RX interrupt handler for instance UART.
 0001           ;     This ISR handles the background processing of received characters if
 0001           ;     the buffer is enabled.
 0001           ;
 0001           ;
 0001           ;  The following assumes that the RX buffer feature has been enabled.
 0001           ;
 0001           ;  SIDE EFFECTS:
 0001           ;     There are 3 posible errors that may occur with the serial port.
 0001           ;      1) Parity Error
 0001           ;      2) Framing Error
 0001           ;      3) OverRun Error
 0001           ;
 0001           ;  This user module check for parity and framing error.  If either of these
 0001           ;  two errors are detected, the data is read and ignored.  When an overRun
 0001           ;  error occurs, the last byte was lost, but the current byte is valid.  For
 0001           ;  this reason this error is ignored at this time.  Code could be added to
 0001           ;  this ISR to set a flag if an error condition occurs.
 0001           ;
 0001           ;  THEORY of OPERATION:
 0001           ;     When using the RX buffer feature, the ISR collects received characters
 0001           ;     in a buffer until the user defined command terminator is detected.  After
 0001           ;     the command terminator is detected, the command bit is set and all other
 0001           ;     characters will be ignored until the command bit is reset.  Up to
 0001           ;     buffer_size - 1 characters will be collected waiting for a command
 0001           ;     terminator.  After that, the characters will be discarded, although
 0001           ;     a command determinator will still cause the command bit to be set.
 0001           ;
 0001           ;-----------------------------------------------------------------------------
 0001           _UART_RX_ISR:
 0001           
 0001              ;@PSoC_UserCode_BODY_2@ (Do not change this line.)
 0001              ;---------------------------------------------------
 0001              ; Insert your custom code below this banner
 0001              ;---------------------------------------------------
 0001              ;   NOTE: interrupt service routines must preserve
 0001              ;   the values of the A and X CPU registers.
 0001           
 0001              ;---------------------------------------------------
 0001              ; Insert your custom code above this banner
 0001              ;---------------------------------------------------
 0001              ;@PSoC_UserCode_END@ (Do not change this line.)
 0001           
                IF (UART_RXBUF_ENABLE)
                   push A
                   push X
                   
                   IF SYSTEM_LARGE_MEMORY_MODEL
                   mov   A, reg[ IDX_PP ]
                   push  A
                   ENDIF
                   
                   mov  X,[UART_bRxCnt]                                    ; Load X with byte counter
                   mov  A,REG[UART_RX_CONTROL_REG]                         ; Read the control register
                   push A                                                  ; Store copy for later test
                                                                           ; IF real RX interrupt
                   and  A,UART_RX_REG_FULL                                 ; Did really really get an IRQ
                   jnz  .UARTRX_ReadRx                                     ; Data ready, go get it
                   pop  A                                                  ; Restore stack
                   jmp  .RESTORE_IDX_PP
                
                .UARTRX_ReadRx:
                   pop  A                                                  ; Restore status flags
                                                                           ; IF there is no error, get data
                                                                           ; Check for parity or framing error
                   and  A,UART_RX_ERROR
                   jz   .UARTRX_NO_ERROR                                   ; If there is not an Error go read data
                
                   or   [UART_fStatus],A                                   ; Set error flags (parity,framing,overrun) bits
                   mov  A,REG[UART_RX_BUFFER_REG ]                         ; Read the data buffer to clear it.
                   and  A,UART_RX_FRAMING_ERROR                            ; Check for framing error special case
                   jz   .RESTORE_IDX_PP                                    ; Not framing error, all done
                
                                                                           ; Disable and re-enable RX to reset after
                                                                           ; framing error.
                   and   REG[UART_RX_CONTROL_REG], ~UART_RX_ENABLE         ; Disable RX
                   or    REG[UART_RX_CONTROL_REG],  UART_RX_ENABLE         ; Enable RX
                   jmp  .RESTORE_IDX_PP                                    ; Done with framing error, leave.
                
                
                .UARTRX_NO_ERROR:
                   mov  A,REG[UART_RX_BUFFER_REG ]                         ; Read the data buffer
                
                                                                           ; IF buffer not full
                   tst  [UART_fStatus],UART_RX_BUF_CMDTERM                 ; Check for buffer full
                   jnz  .RESTORE_IDX_PP                                    ; All done
                
                   cmp  A,UART_CMD_TERM                                    ; Check for End of command
                   jnz  .UARTRX_CHK_BACKSPACE
                   or   [UART_fStatus],UART_RX_BUF_CMDTERM                 ; Set command ready bit
                
                
                
                   IF ( SYSTEM_LARGE_MEMORY_MODEL )
                      mov reg[IDX_PP], >UART_aRxBuffer
                   ENDIF
                   IF ( SYSTEM_LARGE_MEMORY_MODEL )
                      and   F, ~FLAG_PGMODE_MASK        ; NOTE: transition thru 00b state
                      or    F,  FLAG_PGMODE_MASK & FLAG_PGMODE_10b
                   ENDIF
                   mov  [X + UART_aRxBuffer],00h                           ; Zero out last data
                   IF ( SYSTEM_LARGE_MEMORY_MODEL )
                      and   F, ~FLAG_PGMODE_MASK        ; NOTE: transition thru 00b state
                      or    F,  FLAG_PGMODE_MASK & FLAG_PGMODE_00b
                   ENDIF
                   jmp  .RESTORE_IDX_PP
                
                .UARTRX_CHK_BACKSPACE:                                     ; 
                IF(UART_BACKSPACE_ENABLE)                                  ; Enable if backspace/delete mode
                   cmp  A,UART_BACKSPACE_ENABLE                            ; Check for backspace character
                   jnz  .UARTRX_IGNORE                                     ; If not, skip the backspace stuff
                   cmp  [UART_bRxCnt],00h                                  ; Check if buffer empty
                   jz   .RESTORE_IDX_PP                                    ; 
                   dec  [UART_bRxCnt]                                      ; Decrement buffer count by one.
                   jmp  .RESTORE_IDX_PP
                ENDIF                                                      ; 
                
                .UARTRX_IGNORE:
                IF(UART_RX_IGNORE_BELOW)                                   ; Ignore charaters below this value
                   cmp  A,UART_RX_IGNORE_BELOW                             ; If ignore char is set to 0x00, do not
                   jc   .RESTORE_IDX_PP                                    ; ignore any characters.
                ENDIF
                
                .UARTRX_CHK_OVFL:                                          ; Check for MAX String here
                        
                   IF ( SYSTEM_LARGE_MEMORY_MODEL )
                      mov reg[IDX_PP], >UART_aRxBuffer
                   ENDIF
                   cmp  [UART_bRxCnt],(UART_RX_BUFFER_SIZE - 1)
                   jc   .UARTRX_ISR_GETDATA
                   IF ( SYSTEM_LARGE_MEMORY_MODEL )
                      and   F, ~FLAG_PGMODE_MASK        ; NOTE: transition thru 00b state
                      or    F,  FLAG_PGMODE_MASK & FLAG_PGMODE_10b
                   ENDIF
                   mov  [X + UART_aRxBuffer],00h                           ; Zero out last data in the buffer
                   IF ( SYSTEM_LARGE_MEMORY_MODEL )
                      and   F, ~FLAG_PGMODE_MASK        ; NOTE: transition thru 00b state
                      or    F,  FLAG_PGMODE_MASK & FLAG_PGMODE_00b
                   ENDIF
                   or   [UART_fStatus],UART_RX_BUF_OVERRUN                 ; Set error flags (parity,framing,overrun) bits
                   jmp  .RESTORE_IDX_PP
                
                .UARTRX_ISR_GETDATA:                                       ; IF input data == "CR", then end of command
                                                                           ; X is already loaded with pointer
                   IF ( SYSTEM_LARGE_MEMORY_MODEL )
                      and   F, ~FLAG_PGMODE_MASK        ; NOTE: transition thru 00b state
                      or    F,  FLAG_PGMODE_MASK & FLAG_PGMODE_10b
                   ENDIF
                   mov  [X+UART_aRxBuffer],A                               ; store data in array
                   IF ( SYSTEM_LARGE_MEMORY_MODEL )
                      and   F, ~FLAG_PGMODE_MASK        ; NOTE: transition thru 00b state
                      or    F,  FLAG_PGMODE_MASK & FLAG_PGMODE_00b
                   ENDIF
                   inc  X                                                  ; Inc the pointer
                   mov  [UART_bRxCnt],X                                    ; Restore the pointer
                                                                           ; ENDIF max string size
                .RESTORE_IDX_PP:
                   IF SYSTEM_LARGE_MEMORY_MODEL
                   pop   A
                   mov   reg[ IDX_PP ], A
                   ENDIF
                
                .END_UARTRX_ISR:
                   pop  X
                   pop  A
                
                ENDIF
                
 0001           UART_RX_ISR_END:
 0001 7E           reti
 0002           
 0002           ; end of file UARTINT.asm
 0002           
