Flow report for CPLD001
Sat May 30 08:28:06 2015
Quartus II 64-Bit Version 15.0.0 Build 145 04/22/2015 SJ Full Version


---------------------
; Table of Contents ;
---------------------
  1. Legal Notice
  2. Flow Summary
  3. Flow Settings
  4. Flow Non-Default Global Settings
  5. Flow Elapsed Time
  6. Flow OS Summary
  7. Flow Log
  8. Flow Messages
  9. Flow Suppressed Messages



----------------
; Legal Notice ;
----------------
Copyright (C) 1991-2015 Altera Corporation. All rights reserved.
Your use of Altera Corporation's design tools, logic functions 
and other software and tools, and its AMPP partner logic 
functions, and any output files from any of the foregoing 
(including device programming or simulation files), and any 
associated documentation or information are expressly subject 
to the terms and conditions of the Altera Program License 
Subscription Agreement, the Altera Quartus II License Agreement,
the Altera MegaCore Function License Agreement, or other 
applicable license agreement, including, without limitation, 
that your use is for the sole purpose of programming logic 
devices manufactured by Altera and sold by Altera or its 
authorized distributors.  Please refer to the applicable 
agreement for further details.



+-------------------------------------------------------------------------+
; Flow Summary                                                            ;
+---------------------------+---------------------------------------------+
; Flow Status               ; Successful - Sat May 30 08:28:06 2015       ;
; Quartus II 64-Bit Version ; 15.0.0 Build 145 04/22/2015 SJ Full Version ;
; Revision Name             ; CPLD001                                     ;
; Top-level Entity Name     ; CPLD001                                     ;
; Family                    ; MAX V                                       ;
; Device                    ; 5M160ZT100C5                                ;
; Timing Models             ; Final                                       ;
; Total logic elements      ; 1 / 160 ( < 1 % )                           ;
; Total pins                ; 3 / 79 ( 4 % )                              ;
; Total virtual pins        ; 0                                           ;
; UFM blocks                ; 0 / 1 ( 0 % )                               ;
+---------------------------+---------------------------------------------+


+-----------------------------------------+
; Flow Settings                           ;
+-------------------+---------------------+
; Option            ; Setting             ;
+-------------------+---------------------+
; Start date & time ; 05/30/2015 08:24:28 ;
; Main task         ; Compilation         ;
; Revision Name     ; CPLD001             ;
+-------------------+---------------------+


+-----------------------------------------------------------------------------------------------------+
; Flow Non-Default Global Settings                                                                    ;
+--------------------------+-------------------------------+---------------+-------------+------------+
; Assignment Name          ; Value                         ; Default Value ; Entity Name ; Section Id ;
+--------------------------+-------------------------------+---------------+-------------+------------+
; COMPILER_SIGNATURE_ID    ; 2546684713728.143298866707404 ; --            ; --          ; --         ;
; MAX_CORE_JUNCTION_TEMP   ; 85                            ; --            ; --          ; --         ;
; MIN_CORE_JUNCTION_TEMP   ; 0                             ; --            ; --          ; --         ;
; PROJECT_OUTPUT_DIRECTORY ; output_files                  ; --            ; --          ; --         ;
+--------------------------+-------------------------------+---------------+-------------+------------+


+-------------------------------------------------------------------------------------------------------------------------------+
; Flow Elapsed Time                                                                                                             ;
+---------------------------+--------------+-------------------------+---------------------+------------------------------------+
; Module Name               ; Elapsed Time ; Average Processors Used ; Peak Virtual Memory ; Total CPU Time (on all processors) ;
+---------------------------+--------------+-------------------------+---------------------+------------------------------------+
; Analysis & Synthesis      ; 00:00:55     ; 1.0                     ; 636 MB              ; 00:01:00                           ;
; Fitter                    ; 00:00:09     ; 1.0                     ; 962 MB              ; 00:00:03                           ;
; Assembler                 ; 00:00:04     ; 1.0                     ; 577 MB              ; 00:00:01                           ;
; TimeQuest Timing Analyzer ; 00:00:07     ; 1.0                     ; 608 MB              ; 00:00:03                           ;
; I/O Assignment Analysis   ; 00:00:04     ; 1.0                     ; 801 MB              ; 00:00:03                           ;
; Total                     ; 00:01:19     ; --                      ; --                  ; 00:01:10                           ;
+---------------------------+--------------+-------------------------+---------------------+------------------------------------+


+----------------------------------------------------------------------------------------+
; Flow OS Summary                                                                        ;
+---------------------------+------------------+-----------+------------+----------------+
; Module Name               ; Machine Hostname ; OS Name   ; OS Version ; Processor type ;
+---------------------------+------------------+-----------+------------+----------------+
; Analysis & Synthesis      ; dougs17in-2      ; Windows 7 ; 6.2        ; x86_64         ;
; Fitter                    ; dougs17in-2      ; Windows 7 ; 6.2        ; x86_64         ;
; Assembler                 ; dougs17in-2      ; Windows 7 ; 6.2        ; x86_64         ;
; TimeQuest Timing Analyzer ; dougs17in-2      ; Windows 7 ; 6.2        ; x86_64         ;
; I/O Assignment Analysis   ; dougs17in-2      ; Windows 7 ; 6.2        ; x86_64         ;
+---------------------------+------------------+-----------+------------+----------------+


------------
; Flow Log ;
------------
quartus_map --read_settings_files=on --write_settings_files=off CPLD001 -c CPLD001
quartus_fit --read_settings_files=off --write_settings_files=off CPLD001 -c CPLD001
quartus_asm --read_settings_files=off --write_settings_files=off CPLD001 -c CPLD001
quartus_sta CPLD001 -c CPLD001
quartus_fit --read_settings_files=on --write_settings_files=off CPLD001 -c CPLD001 --plan



